<?xml version="1.0" encoding="UTF-8"?>
<testsuite xmlns:xsi="http://www.w3.org/2001/XMLSchema-instance" xsi:noNamespaceSchemaLocation="https://maven.apache.org/surefire/maven-surefire-plugin/xsd/surefire-test-report.xsd" name="TestSuite" time="1,004.511" tests="37" errors="0" skipped="10" failures="3">
  <properties>
    <property name="java.specification.version" value="17"/>
    <property name="sun.cpu.isalist" value="amd64"/>
    <property name="sun.jnu.encoding" value="Cp1252"/>
    <property name="java.class.path" value="D:\newWorkspaceStaging\AutomationStaging\target\test-classes;D:\newWorkspaceStaging\AutomationStaging\target\classes;C:\Users\nitein.kurane\.m2\repository\org\testng\testng\7.4.0\testng-7.4.0.jar;C:\Users\nitein.kurane\.m2\repository\com\beust\jcommander\1.78\jcommander-1.78.jar;C:\Users\nitein.kurane\.m2\repository\org\webjars\jquery\3.5.1\jquery-3.5.1.jar;C:\Users\nitein.kurane\.m2\repository\org\seleniumhq\selenium\selenium-java\4.0.0\selenium-java-4.0.0.jar;C:\Users\nitein.kurane\.m2\repository\org\seleniumhq\selenium\selenium-api\4.0.0\selenium-api-4.0.0.jar;C:\Users\nitein.kurane\.m2\repository\org\seleniumhq\selenium\selenium-chrome-driver\4.0.0\selenium-chrome-driver-4.0.0.jar;C:\Users\nitein.kurane\.m2\repository\com\google\auto\service\auto-service-annotations\1.0\auto-service-annotations-1.0.jar;C:\Users\nitein.kurane\.m2\repository\com\google\auto\service\auto-service\1.0\auto-service-1.0.jar;C:\Users\nitein.kurane\.m2\repository\com\google\auto\auto-common\1.0\auto-common-1.0.jar;C:\Users\nitein.kurane\.m2\repository\org\seleniumhq\selenium\selenium-chromium-driver\4.0.0\selenium-chromium-driver-4.0.0.jar;C:\Users\nitein.kurane\.m2\repository\org\seleniumhq\selenium\selenium-json\4.0.0\selenium-json-4.0.0.jar;C:\Users\nitein.kurane\.m2\repository\org\seleniumhq\selenium\selenium-devtools-v85\4.0.0\selenium-devtools-v85-4.0.0.jar;C:\Users\nitein.kurane\.m2\repository\org\seleniumhq\selenium\selenium-devtools-v93\4.0.0\selenium-devtools-v93-4.0.0.jar;C:\Users\nitein.kurane\.m2\repository\org\seleniumhq\selenium\selenium-devtools-v94\4.0.0\selenium-devtools-v94-4.0.0.jar;C:\Users\nitein.kurane\.m2\repository\org\seleniumhq\selenium\selenium-devtools-v95\4.0.0\selenium-devtools-v95-4.0.0.jar;C:\Users\nitein.kurane\.m2\repository\org\seleniumhq\selenium\selenium-edge-driver\4.0.0\selenium-edge-driver-4.0.0.jar;C:\Users\nitein.kurane\.m2\repository\org\seleniumhq\selenium\selenium-firefox-driver\4.0.0\selenium-firefox-driver-4.0.0.jar;C:\Users\nitein.kurane\.m2\repository\org\seleniumhq\selenium\selenium-firefox-xpi-driver\4.0.0\selenium-firefox-xpi-driver-4.0.0.jar;C:\Users\nitein.kurane\.m2\repository\org\seleniumhq\selenium\selenium-ie-driver\4.0.0\selenium-ie-driver-4.0.0.jar;C:\Users\nitein.kurane\.m2\repository\org\seleniumhq\selenium\selenium-opera-driver\4.0.0\selenium-opera-driver-4.0.0.jar;C:\Users\nitein.kurane\.m2\repository\org\seleniumhq\selenium\selenium-remote-driver\4.0.0\selenium-remote-driver-4.0.0.jar;C:\Users\nitein.kurane\.m2\repository\io\netty\netty-buffer\4.1.68.Final\netty-buffer-4.1.68.Final.jar;C:\Users\nitein.kurane\.m2\repository\io\netty\netty-codec-http\4.1.67.Final\netty-codec-http-4.1.67.Final.jar;C:\Users\nitein.kurane\.m2\repository\io\netty\netty-codec\4.1.67.Final\netty-codec-4.1.67.Final.jar;C:\Users\nitein.kurane\.m2\repository\io\netty\netty-handler\4.1.67.Final\netty-handler-4.1.67.Final.jar;C:\Users\nitein.kurane\.m2\repository\io\netty\netty-common\4.1.68.Final\netty-common-4.1.68.Final.jar;C:\Users\nitein.kurane\.m2\repository\io\netty\netty-transport-native-epoll\4.1.67.Final\netty-transport-native-epoll-4.1.67.Final.jar;C:\Users\nitein.kurane\.m2\repository\io\netty\netty-transport-native-kqueue\4.1.67.Final\netty-transport-native-kqueue-4.1.67.Final.jar;C:\Users\nitein.kurane\.m2\repository\io\netty\netty-transport-native-unix-common\4.1.67.Final\netty-transport-native-unix-common-4.1.67.Final.jar;C:\Users\nitein.kurane\.m2\repository\io\netty\netty-transport\4.1.68.Final\netty-transport-4.1.68.Final.jar;C:\Users\nitein.kurane\.m2\repository\io\netty\netty-resolver\4.1.68.Final\netty-resolver-4.1.68.Final.jar;C:\Users\nitein.kurane\.m2\repository\io\opentelemetry\opentelemetry-api\1.6.0\opentelemetry-api-1.6.0.jar;C:\Users\nitein.kurane\.m2\repository\io\opentelemetry\opentelemetry-context\1.6.0\opentelemetry-context-1.6.0.jar;C:\Users\nitein.kurane\.m2\repository\io\opentelemetry\opentelemetry-exporter-logging\1.6.0\opentelemetry-exporter-logging-1.6.0.jar;C:\Users\nitein.kurane\.m2\repository\io\opentelemetry\opentelemetry-sdk-metrics\1.6.0-alpha\opentelemetry-sdk-metrics-1.6.0-alpha.jar;C:\Users\nitein.kurane\.m2\repository\io\opentelemetry\opentelemetry-sdk-common\1.6.0\opentelemetry-sdk-common-1.6.0.jar;C:\Users\nitein.kurane\.m2\repository\io\opentelemetry\opentelemetry-sdk-extension-autoconfigure-spi\1.6.0\opentelemetry-sdk-extension-autoconfigure-spi-1.6.0.jar;C:\Users\nitein.kurane\.m2\repository\io\opentelemetry\opentelemetry-sdk-extension-autoconfigure\1.6.0-alpha\opentelemetry-sdk-extension-autoconfigure-1.6.0-alpha.jar;C:\Users\nitein.kurane\.m2\repository\io\opentelemetry\opentelemetry-sdk-trace\1.6.0\opentelemetry-sdk-trace-1.6.0.jar;C:\Users\nitein.kurane\.m2\repository\io\opentelemetry\opentelemetry-api-metrics\1.6.0-alpha\opentelemetry-api-metrics-1.6.0-alpha.jar;C:\Users\nitein.kurane\.m2\repository\io\opentelemetry\opentelemetry-sdk\1.6.0\opentelemetry-sdk-1.6.0.jar;C:\Users\nitein.kurane\.m2\repository\io\opentelemetry\opentelemetry-semconv\1.6.0-alpha\opentelemetry-semconv-1.6.0-alpha.jar;C:\Users\nitein.kurane\.m2\repository\io\ous\jtoml\2.0.0\jtoml-2.0.0.jar;C:\Users\nitein.kurane\.m2\repository\net\bytebuddy\byte-buddy\1.11.19\byte-buddy-1.11.19.jar;C:\Users\nitein.kurane\.m2\repository\org\apache\commons\commons-exec\1.3\commons-exec-1.3.jar;C:\Users\nitein.kurane\.m2\repository\org\asynchttpclient\async-http-client\2.12.3\async-http-client-2.12.3.jar;C:\Users\nitein.kurane\.m2\repository\org\asynchttpclient\async-http-client-netty-utils\2.12.3\async-http-client-netty-utils-2.12.3.jar;C:\Users\nitein.kurane\.m2\repository\io\netty\netty-codec-socks\4.1.60.Final\netty-codec-socks-4.1.60.Final.jar;C:\Users\nitein.kurane\.m2\repository\io\netty\netty-handler-proxy\4.1.60.Final\netty-handler-proxy-4.1.60.Final.jar;C:\Users\nitein.kurane\.m2\repository\io\netty\netty-transport-native-epoll\4.1.60.Final\netty-transport-native-epoll-4.1.60.Final-linux-x86_64.jar;C:\Users\nitein.kurane\.m2\repository\io\netty\netty-transport-native-kqueue\4.1.60.Final\netty-transport-native-kqueue-4.1.60.Final-osx-x86_64.jar;C:\Users\nitein.kurane\.m2\repository\org\reactivestreams\reactive-streams\1.0.3\reactive-streams-1.0.3.jar;C:\Users\nitein.kurane\.m2\repository\com\typesafe\netty\netty-reactive-streams\2.0.4\netty-reactive-streams-2.0.4.jar;C:\Users\nitein.kurane\.m2\repository\com\sun\activation\jakarta.activation\1.2.2\jakarta.activation-1.2.2.jar;C:\Users\nitein.kurane\.m2\repository\org\seleniumhq\selenium\selenium-http\4.0.0\selenium-http-4.0.0.jar;C:\Users\nitein.kurane\.m2\repository\org\seleniumhq\selenium\selenium-safari-driver\4.0.0\selenium-safari-driver-4.0.0.jar;C:\Users\nitein.kurane\.m2\repository\org\seleniumhq\selenium\selenium-support\4.0.0\selenium-support-4.0.0.jar;C:\Users\nitein.kurane\.m2\repository\org\uncommons\reportng\1.1.4\reportng-1.1.4.jar;C:\Users\nitein.kurane\.m2\repository\velocity\velocity\1.4\velocity-1.4.jar;C:\Users\nitein.kurane\.m2\repository\velocity\velocity-dep\1.4\velocity-dep-1.4.jar;C:\Users\nitein.kurane\.m2\repository\io\github\bonigarcia\webdrivermanager\5.3.0\webdrivermanager-5.3.0.jar;C:\Users\nitein.kurane\.m2\repository\org\slf4j\slf4j-api\1.7.36\slf4j-api-1.7.36.jar;C:\Users\nitein.kurane\.m2\repository\com\google\code\gson\gson\2.9.1\gson-2.9.1.jar;C:\Users\nitein.kurane\.m2\repository\com\github\docker-java\docker-java\3.2.13\docker-java-3.2.13.jar;C:\Users\nitein.kurane\.m2\repository\com\github\docker-java\docker-java-core\3.2.13\docker-java-core-3.2.13.jar;C:\Users\nitein.kurane\.m2\repository\com\github\docker-java\docker-java-api\3.2.13\docker-java-api-3.2.13.jar;C:\Users\nitein.kurane\.m2\repository\com\fasterxml\jackson\core\jackson-annotations\2.10.3\jackson-annotations-2.10.3.jar;C:\Users\nitein.kurane\.m2\repository\com\fasterxml\jackson\core\jackson-databind\2.10.3\jackson-databind-2.10.3.jar;C:\Users\nitein.kurane\.m2\repository\com\fasterxml\jackson\core\jackson-core\2.10.3\jackson-core-2.10.3.jar;C:\Users\nitein.kurane\.m2\repository\org\bouncycastle\bcpkix-jdk15on\1.64\bcpkix-jdk15on-1.64.jar;C:\Users\nitein.kurane\.m2\repository\org\bouncycastle\bcprov-jdk15on\1.64\bcprov-jdk15on-1.64.jar;C:\Users\nitein.kurane\.m2\repository\org\slf4j\jcl-over-slf4j\1.7.30\jcl-over-slf4j-1.7.30.jar;C:\Users\nitein.kurane\.m2\repository\com\github\docker-java\docker-java-transport-httpclient5\3.2.13\docker-java-transport-httpclient5-3.2.13.jar;C:\Users\nitein.kurane\.m2\repository\com\github\docker-java\docker-java-transport\3.2.13\docker-java-transport-3.2.13.jar;C:\Users\nitein.kurane\.m2\repository\net\java\dev\jna\jna\5.8.0\jna-5.8.0.jar;C:\Users\nitein.kurane\.m2\repository\org\brotli\dec\0.1.2\dec-0.1.2.jar;C:\Users\nitein.kurane\.m2\repository\org\apache\commons\commons-lang3\3.12.0\commons-lang3-3.12.0.jar;C:\Users\nitein.kurane\.m2\repository\org\apache\httpcomponents\client5\httpclient5\5.1.3\httpclient5-5.1.3.jar;C:\Users\nitein.kurane\.m2\repository\org\apache\httpcomponents\core5\httpcore5\5.1.3\httpcore5-5.1.3.jar;C:\Users\nitein.kurane\.m2\repository\org\apache\httpcomponents\core5\httpcore5-h2\5.1.3\httpcore5-h2-5.1.3.jar;C:\Users\nitein.kurane\.m2\repository\commons-codec\commons-codec\1.15\commons-codec-1.15.jar;C:\Users\nitein.kurane\.m2\repository\org\apache\poi\poi-ooxml\5.2.3\poi-ooxml-5.2.3.jar;C:\Users\nitein.kurane\.m2\repository\org\apache\poi\poi\5.2.3\poi-5.2.3.jar;C:\Users\nitein.kurane\.m2\repository\org\apache\commons\commons-math3\3.6.1\commons-math3-3.6.1.jar;C:\Users\nitein.kurane\.m2\repository\com\zaxxer\SparseBitSet\1.2\SparseBitSet-1.2.jar;C:\Users\nitein.kurane\.m2\repository\org\apache\poi\poi-ooxml-lite\5.2.3\poi-ooxml-lite-5.2.3.jar;C:\Users\nitein.kurane\.m2\repository\org\apache\xmlbeans\xmlbeans\5.1.1\xmlbeans-5.1.1.jar;C:\Users\nitein.kurane\.m2\repository\org\apache\commons\commons-compress\1.21\commons-compress-1.21.jar;C:\Users\nitein.kurane\.m2\repository\commons-io\commons-io\2.11.0\commons-io-2.11.0.jar;C:\Users\nitein.kurane\.m2\repository\com\github\virtuald\curvesapi\1.07\curvesapi-1.07.jar;C:\Users\nitein.kurane\.m2\repository\org\apache\logging\log4j\log4j-api\2.18.0\log4j-api-2.18.0.jar;C:\Users\nitein.kurane\.m2\repository\org\apache\commons\commons-collections4\4.4\commons-collections4-4.4.jar;C:\Users\nitein.kurane\.m2\repository\com\google\inject\guice\4.2.3\guice-4.2.3.jar;C:\Users\nitein.kurane\.m2\repository\javax\inject\javax.inject\1\javax.inject-1.jar;C:\Users\nitein.kurane\.m2\repository\aopalliance\aopalliance\1.0\aopalliance-1.0.jar;C:\Users\nitein.kurane\.m2\repository\com\google\guava\guava\27.1-jre\guava-27.1-jre.jar;C:\Users\nitein.kurane\.m2\repository\com\google\guava\failureaccess\1.0.1\failureaccess-1.0.1.jar;C:\Users\nitein.kurane\.m2\repository\com\google\guava\listenablefuture\9999.0-empty-to-avoid-conflict-with-guava\listenablefuture-9999.0-empty-to-avoid-conflict-with-guava.jar;C:\Users\nitein.kurane\.m2\repository\com\google\code\findbugs\jsr305\3.0.2\jsr305-3.0.2.jar;C:\Users\nitein.kurane\.m2\repository\org\checkerframework\checker-qual\2.5.2\checker-qual-2.5.2.jar;C:\Users\nitein.kurane\.m2\repository\com\google\errorprone\error_prone_annotations\2.2.0\error_prone_annotations-2.2.0.jar;C:\Users\nitein.kurane\.m2\repository\com\google\j2objc\j2objc-annotations\1.1\j2objc-annotations-1.1.jar;C:\Users\nitein.kurane\.m2\repository\org\codehaus\mojo\animal-sniffer-annotations\1.17\animal-sniffer-annotations-1.17.jar;C:\Users\nitein.kurane\.m2\repository\org\libreoffice\libreoffice\7.3.6\libreoffice-7.3.6.jar;C:\Users\nitein.kurane\.m2\repository\org\libreoffice\ridl\7.4.1\ridl-7.4.1.jar;"/>
    <property name="java.vm.vendor" value="Eclipse Adoptium"/>
    <property name="sun.arch.data.model" value="64"/>
    <property name="user.variant" value=""/>
    <property name="java.vendor.url" value="https://adoptium.net/"/>
    <property name="user.timezone" value="Asia/Calcutta"/>
    <property name="os.name" value="Windows 10"/>
    <property name="java.vm.specification.version" value="17"/>
    <property name="sun.java.launcher" value="SUN_STANDARD"/>
    <property name="user.country" value="US"/>
    <property name="sun.boot.library.path" value="C:\Users\nitein.kurane\.p2\pool\plugins\org.eclipse.justj.openjdk.hotspot.jre.full.win32.x86_64_17.0.4.v20220903-1038\jre\bin"/>
    <property name="sun.java.command" value="C:\Users\NITEIN~1.KUR\AppData\Local\Temp\surefire9894399805364631668\surefirebooter18037847049084644946.jar C:\Users\nitein.kurane\AppData\Local\Temp\surefire9894399805364631668 2022-11-10T11-40-37_291-jvmRun1 surefire12975207860734706956tmp surefire_09080159624514044819tmp"/>
    <property name="jdk.debug" value="release"/>
    <property name="surefire.test.class.path" value="D:\newWorkspaceStaging\AutomationStaging\target\test-classes;D:\newWorkspaceStaging\AutomationStaging\target\classes;C:\Users\nitein.kurane\.m2\repository\org\testng\testng\7.4.0\testng-7.4.0.jar;C:\Users\nitein.kurane\.m2\repository\com\beust\jcommander\1.78\jcommander-1.78.jar;C:\Users\nitein.kurane\.m2\repository\org\webjars\jquery\3.5.1\jquery-3.5.1.jar;C:\Users\nitein.kurane\.m2\repository\org\seleniumhq\selenium\selenium-java\4.0.0\selenium-java-4.0.0.jar;C:\Users\nitein.kurane\.m2\repository\org\seleniumhq\selenium\selenium-api\4.0.0\selenium-api-4.0.0.jar;C:\Users\nitein.kurane\.m2\repository\org\seleniumhq\selenium\selenium-chrome-driver\4.0.0\selenium-chrome-driver-4.0.0.jar;C:\Users\nitein.kurane\.m2\repository\com\google\auto\service\auto-service-annotations\1.0\auto-service-annotations-1.0.jar;C:\Users\nitein.kurane\.m2\repository\com\google\auto\service\auto-service\1.0\auto-service-1.0.jar;C:\Users\nitein.kurane\.m2\repository\com\google\auto\auto-common\1.0\auto-common-1.0.jar;C:\Users\nitein.kurane\.m2\repository\org\seleniumhq\selenium\selenium-chromium-driver\4.0.0\selenium-chromium-driver-4.0.0.jar;C:\Users\nitein.kurane\.m2\repository\org\seleniumhq\selenium\selenium-json\4.0.0\selenium-json-4.0.0.jar;C:\Users\nitein.kurane\.m2\repository\org\seleniumhq\selenium\selenium-devtools-v85\4.0.0\selenium-devtools-v85-4.0.0.jar;C:\Users\nitein.kurane\.m2\repository\org\seleniumhq\selenium\selenium-devtools-v93\4.0.0\selenium-devtools-v93-4.0.0.jar;C:\Users\nitein.kurane\.m2\repository\org\seleniumhq\selenium\selenium-devtools-v94\4.0.0\selenium-devtools-v94-4.0.0.jar;C:\Users\nitein.kurane\.m2\repository\org\seleniumhq\selenium\selenium-devtools-v95\4.0.0\selenium-devtools-v95-4.0.0.jar;C:\Users\nitein.kurane\.m2\repository\org\seleniumhq\selenium\selenium-edge-driver\4.0.0\selenium-edge-driver-4.0.0.jar;C:\Users\nitein.kurane\.m2\repository\org\seleniumhq\selenium\selenium-firefox-driver\4.0.0\selenium-firefox-driver-4.0.0.jar;C:\Users\nitein.kurane\.m2\repository\org\seleniumhq\selenium\selenium-firefox-xpi-driver\4.0.0\selenium-firefox-xpi-driver-4.0.0.jar;C:\Users\nitein.kurane\.m2\repository\org\seleniumhq\selenium\selenium-ie-driver\4.0.0\selenium-ie-driver-4.0.0.jar;C:\Users\nitein.kurane\.m2\repository\org\seleniumhq\selenium\selenium-opera-driver\4.0.0\selenium-opera-driver-4.0.0.jar;C:\Users\nitein.kurane\.m2\repository\org\seleniumhq\selenium\selenium-remote-driver\4.0.0\selenium-remote-driver-4.0.0.jar;C:\Users\nitein.kurane\.m2\repository\io\netty\netty-buffer\4.1.68.Final\netty-buffer-4.1.68.Final.jar;C:\Users\nitein.kurane\.m2\repository\io\netty\netty-codec-http\4.1.67.Final\netty-codec-http-4.1.67.Final.jar;C:\Users\nitein.kurane\.m2\repository\io\netty\netty-codec\4.1.67.Final\netty-codec-4.1.67.Final.jar;C:\Users\nitein.kurane\.m2\repository\io\netty\netty-handler\4.1.67.Final\netty-handler-4.1.67.Final.jar;C:\Users\nitein.kurane\.m2\repository\io\netty\netty-common\4.1.68.Final\netty-common-4.1.68.Final.jar;C:\Users\nitein.kurane\.m2\repository\io\netty\netty-transport-native-epoll\4.1.67.Final\netty-transport-native-epoll-4.1.67.Final.jar;C:\Users\nitein.kurane\.m2\repository\io\netty\netty-transport-native-kqueue\4.1.67.Final\netty-transport-native-kqueue-4.1.67.Final.jar;C:\Users\nitein.kurane\.m2\repository\io\netty\netty-transport-native-unix-common\4.1.67.Final\netty-transport-native-unix-common-4.1.67.Final.jar;C:\Users\nitein.kurane\.m2\repository\io\netty\netty-transport\4.1.68.Final\netty-transport-4.1.68.Final.jar;C:\Users\nitein.kurane\.m2\repository\io\netty\netty-resolver\4.1.68.Final\netty-resolver-4.1.68.Final.jar;C:\Users\nitein.kurane\.m2\repository\io\opentelemetry\opentelemetry-api\1.6.0\opentelemetry-api-1.6.0.jar;C:\Users\nitein.kurane\.m2\repository\io\opentelemetry\opentelemetry-context\1.6.0\opentelemetry-context-1.6.0.jar;C:\Users\nitein.kurane\.m2\repository\io\opentelemetry\opentelemetry-exporter-logging\1.6.0\opentelemetry-exporter-logging-1.6.0.jar;C:\Users\nitein.kurane\.m2\repository\io\opentelemetry\opentelemetry-sdk-metrics\1.6.0-alpha\opentelemetry-sdk-metrics-1.6.0-alpha.jar;C:\Users\nitein.kurane\.m2\repository\io\opentelemetry\opentelemetry-sdk-common\1.6.0\opentelemetry-sdk-common-1.6.0.jar;C:\Users\nitein.kurane\.m2\repository\io\opentelemetry\opentelemetry-sdk-extension-autoconfigure-spi\1.6.0\opentelemetry-sdk-extension-autoconfigure-spi-1.6.0.jar;C:\Users\nitein.kurane\.m2\repository\io\opentelemetry\opentelemetry-sdk-extension-autoconfigure\1.6.0-alpha\opentelemetry-sdk-extension-autoconfigure-1.6.0-alpha.jar;C:\Users\nitein.kurane\.m2\repository\io\opentelemetry\opentelemetry-sdk-trace\1.6.0\opentelemetry-sdk-trace-1.6.0.jar;C:\Users\nitein.kurane\.m2\repository\io\opentelemetry\opentelemetry-api-metrics\1.6.0-alpha\opentelemetry-api-metrics-1.6.0-alpha.jar;C:\Users\nitein.kurane\.m2\repository\io\opentelemetry\opentelemetry-sdk\1.6.0\opentelemetry-sdk-1.6.0.jar;C:\Users\nitein.kurane\.m2\repository\io\opentelemetry\opentelemetry-semconv\1.6.0-alpha\opentelemetry-semconv-1.6.0-alpha.jar;C:\Users\nitein.kurane\.m2\repository\io\ous\jtoml\2.0.0\jtoml-2.0.0.jar;C:\Users\nitein.kurane\.m2\repository\net\bytebuddy\byte-buddy\1.11.19\byte-buddy-1.11.19.jar;C:\Users\nitein.kurane\.m2\repository\org\apache\commons\commons-exec\1.3\commons-exec-1.3.jar;C:\Users\nitein.kurane\.m2\repository\org\asynchttpclient\async-http-client\2.12.3\async-http-client-2.12.3.jar;C:\Users\nitein.kurane\.m2\repository\org\asynchttpclient\async-http-client-netty-utils\2.12.3\async-http-client-netty-utils-2.12.3.jar;C:\Users\nitein.kurane\.m2\repository\io\netty\netty-codec-socks\4.1.60.Final\netty-codec-socks-4.1.60.Final.jar;C:\Users\nitein.kurane\.m2\repository\io\netty\netty-handler-proxy\4.1.60.Final\netty-handler-proxy-4.1.60.Final.jar;C:\Users\nitein.kurane\.m2\repository\io\netty\netty-transport-native-epoll\4.1.60.Final\netty-transport-native-epoll-4.1.60.Final-linux-x86_64.jar;C:\Users\nitein.kurane\.m2\repository\io\netty\netty-transport-native-kqueue\4.1.60.Final\netty-transport-native-kqueue-4.1.60.Final-osx-x86_64.jar;C:\Users\nitein.kurane\.m2\repository\org\reactivestreams\reactive-streams\1.0.3\reactive-streams-1.0.3.jar;C:\Users\nitein.kurane\.m2\repository\com\typesafe\netty\netty-reactive-streams\2.0.4\netty-reactive-streams-2.0.4.jar;C:\Users\nitein.kurane\.m2\repository\com\sun\activation\jakarta.activation\1.2.2\jakarta.activation-1.2.2.jar;C:\Users\nitein.kurane\.m2\repository\org\seleniumhq\selenium\selenium-http\4.0.0\selenium-http-4.0.0.jar;C:\Users\nitein.kurane\.m2\repository\org\seleniumhq\selenium\selenium-safari-driver\4.0.0\selenium-safari-driver-4.0.0.jar;C:\Users\nitein.kurane\.m2\repository\org\seleniumhq\selenium\selenium-support\4.0.0\selenium-support-4.0.0.jar;C:\Users\nitein.kurane\.m2\repository\org\uncommons\reportng\1.1.4\reportng-1.1.4.jar;C:\Users\nitein.kurane\.m2\repository\velocity\velocity\1.4\velocity-1.4.jar;C:\Users\nitein.kurane\.m2\repository\velocity\velocity-dep\1.4\velocity-dep-1.4.jar;C:\Users\nitein.kurane\.m2\repository\io\github\bonigarcia\webdrivermanager\5.3.0\webdrivermanager-5.3.0.jar;C:\Users\nitein.kurane\.m2\repository\org\slf4j\slf4j-api\1.7.36\slf4j-api-1.7.36.jar;C:\Users\nitein.kurane\.m2\repository\com\google\code\gson\gson\2.9.1\gson-2.9.1.jar;C:\Users\nitein.kurane\.m2\repository\com\github\docker-java\docker-java\3.2.13\docker-java-3.2.13.jar;C:\Users\nitein.kurane\.m2\repository\com\github\docker-java\docker-java-core\3.2.13\docker-java-core-3.2.13.jar;C:\Users\nitein.kurane\.m2\repository\com\github\docker-java\docker-java-api\3.2.13\docker-java-api-3.2.13.jar;C:\Users\nitein.kurane\.m2\repository\com\fasterxml\jackson\core\jackson-annotations\2.10.3\jackson-annotations-2.10.3.jar;C:\Users\nitein.kurane\.m2\repository\com\fasterxml\jackson\core\jackson-databind\2.10.3\jackson-databind-2.10.3.jar;C:\Users\nitein.kurane\.m2\repository\com\fasterxml\jackson\core\jackson-core\2.10.3\jackson-core-2.10.3.jar;C:\Users\nitein.kurane\.m2\repository\org\bouncycastle\bcpkix-jdk15on\1.64\bcpkix-jdk15on-1.64.jar;C:\Users\nitein.kurane\.m2\repository\org\bouncycastle\bcprov-jdk15on\1.64\bcprov-jdk15on-1.64.jar;C:\Users\nitein.kurane\.m2\repository\org\slf4j\jcl-over-slf4j\1.7.30\jcl-over-slf4j-1.7.30.jar;C:\Users\nitein.kurane\.m2\repository\com\github\docker-java\docker-java-transport-httpclient5\3.2.13\docker-java-transport-httpclient5-3.2.13.jar;C:\Users\nitein.kurane\.m2\repository\com\github\docker-java\docker-java-transport\3.2.13\docker-java-transport-3.2.13.jar;C:\Users\nitein.kurane\.m2\repository\net\java\dev\jna\jna\5.8.0\jna-5.8.0.jar;C:\Users\nitein.kurane\.m2\repository\org\brotli\dec\0.1.2\dec-0.1.2.jar;C:\Users\nitein.kurane\.m2\repository\org\apache\commons\commons-lang3\3.12.0\commons-lang3-3.12.0.jar;C:\Users\nitein.kurane\.m2\repository\org\apache\httpcomponents\client5\httpclient5\5.1.3\httpclient5-5.1.3.jar;C:\Users\nitein.kurane\.m2\repository\org\apache\httpcomponents\core5\httpcore5\5.1.3\httpcore5-5.1.3.jar;C:\Users\nitein.kurane\.m2\repository\org\apache\httpcomponents\core5\httpcore5-h2\5.1.3\httpcore5-h2-5.1.3.jar;C:\Users\nitein.kurane\.m2\repository\commons-codec\commons-codec\1.15\commons-codec-1.15.jar;C:\Users\nitein.kurane\.m2\repository\org\apache\poi\poi-ooxml\5.2.3\poi-ooxml-5.2.3.jar;C:\Users\nitein.kurane\.m2\repository\org\apache\poi\poi\5.2.3\poi-5.2.3.jar;C:\Users\nitein.kurane\.m2\repository\org\apache\commons\commons-math3\3.6.1\commons-math3-3.6.1.jar;C:\Users\nitein.kurane\.m2\repository\com\zaxxer\SparseBitSet\1.2\SparseBitSet-1.2.jar;C:\Users\nitein.kurane\.m2\repository\org\apache\poi\poi-ooxml-lite\5.2.3\poi-ooxml-lite-5.2.3.jar;C:\Users\nitein.kurane\.m2\repository\org\apache\xmlbeans\xmlbeans\5.1.1\xmlbeans-5.1.1.jar;C:\Users\nitein.kurane\.m2\repository\org\apache\commons\commons-compress\1.21\commons-compress-1.21.jar;C:\Users\nitein.kurane\.m2\repository\commons-io\commons-io\2.11.0\commons-io-2.11.0.jar;C:\Users\nitein.kurane\.m2\repository\com\github\virtuald\curvesapi\1.07\curvesapi-1.07.jar;C:\Users\nitein.kurane\.m2\repository\org\apache\logging\log4j\log4j-api\2.18.0\log4j-api-2.18.0.jar;C:\Users\nitein.kurane\.m2\repository\org\apache\commons\commons-collections4\4.4\commons-collections4-4.4.jar;C:\Users\nitein.kurane\.m2\repository\com\google\inject\guice\4.2.3\guice-4.2.3.jar;C:\Users\nitein.kurane\.m2\repository\javax\inject\javax.inject\1\javax.inject-1.jar;C:\Users\nitein.kurane\.m2\repository\aopalliance\aopalliance\1.0\aopalliance-1.0.jar;C:\Users\nitein.kurane\.m2\repository\com\google\guava\guava\27.1-jre\guava-27.1-jre.jar;C:\Users\nitein.kurane\.m2\repository\com\google\guava\failureaccess\1.0.1\failureaccess-1.0.1.jar;C:\Users\nitein.kurane\.m2\repository\com\google\guava\listenablefuture\9999.0-empty-to-avoid-conflict-with-guava\listenablefuture-9999.0-empty-to-avoid-conflict-with-guava.jar;C:\Users\nitein.kurane\.m2\repository\com\google\code\findbugs\jsr305\3.0.2\jsr305-3.0.2.jar;C:\Users\nitein.kurane\.m2\repository\org\checkerframework\checker-qual\2.5.2\checker-qual-2.5.2.jar;C:\Users\nitein.kurane\.m2\repository\com\google\errorprone\error_prone_annotations\2.2.0\error_prone_annotations-2.2.0.jar;C:\Users\nitein.kurane\.m2\repository\com\google\j2objc\j2objc-annotations\1.1\j2objc-annotations-1.1.jar;C:\Users\nitein.kurane\.m2\repository\org\codehaus\mojo\animal-sniffer-annotations\1.17\animal-sniffer-annotations-1.17.jar;C:\Users\nitein.kurane\.m2\repository\org\libreoffice\libreoffice\7.3.6\libreoffice-7.3.6.jar;C:\Users\nitein.kurane\.m2\repository\org\libreoffice\ridl\7.4.1\ridl-7.4.1.jar;"/>
    <property name="sun.cpu.endian" value="little"/>
    <property name="user.home" value="C:\Users\nitein.kurane"/>
    <property name="user.language" value="en"/>
    <property name="java.specification.vendor" value="Oracle Corporation"/>
    <property name="java.version.date" value="2022-08-12"/>
    <property name="java.home" value="C:\Users\nitein.kurane\.p2\pool\plugins\org.eclipse.justj.openjdk.hotspot.jre.full.win32.x86_64_17.0.4.v20220903-1038\jre"/>
    <property name="file.separator" value="\"/>
    <property name="style.color" value="always"/>
    <property name="basedir" value="D:\newWorkspaceStaging\AutomationStaging"/>
    <property name="java.vm.compressedOopsMode" value="32-bit"/>
    <property name="line.separator" value="&#10;"/>
    <property name="java.vm.specification.vendor" value="Oracle Corporation"/>
    <property name="java.specification.name" value="Java Platform API Specification"/>
    <property name="surefire.real.class.path" value="C:\Users\NITEIN~1.KUR\AppData\Local\Temp\surefire9894399805364631668\surefirebooter18037847049084644946.jar"/>
    <property name="user.script" value=""/>
    <property name="sun.management.compiler" value="HotSpot 64-Bit Tiered Compilers"/>
    <property name="java.runtime.version" value="17.0.4.1+1"/>
    <property name="user.name" value="nitein.kurane"/>
    <property name="path.separator" value=";"/>
    <property name="os.version" value="10.0"/>
    <property name="java.runtime.name" value="OpenJDK Runtime Environment"/>
    <property name="file.encoding" value="Cp1252"/>
    <property name="java.vm.name" value="OpenJDK 64-Bit Server VM"/>
    <property name="java.vendor.version" value="Temurin-17.0.4.1+1"/>
    <property name="localRepository" value="C:\Users\nitein.kurane\.m2\repository"/>
    <property name="java.vendor.url.bug" value="https://github.com/adoptium/adoptium-support/issues"/>
    <property name="java.io.tmpdir" value="C:\Users\NITEIN~1.KUR\AppData\Local\Temp\"/>
    <property name="java.version" value="17.0.4.1"/>
    <property name="user.dir" value="D:\newWorkspaceStaging\AutomationStaging"/>
    <property name="os.arch" value="amd64"/>
    <property name="java.vm.specification.name" value="Java Virtual Machine Specification"/>
    <property name="sun.os.patch.level" value=""/>
    <property name="native.encoding" value="Cp1252"/>
    <property name="java.library.path" value="C:\Users\nitein.kurane\.p2\pool\plugins\org.eclipse.justj.openjdk.hotspot.jre.full.win32.x86_64_17.0.4.v20220903-1038\jre\bin;C:\Windows\Sun\Java\bin;C:\Windows\system32;C:\Windows;C:/Users/nitein.kurane/.p2/pool/plugins/org.eclipse.justj.openjdk.hotspot.jre.full.win32.x86_64_17.0.4.v20220903-1038/jre/bin/server;C:/Users/nitein.kurane/.p2/pool/plugins/org.eclipse.justj.openjdk.hotspot.jre.full.win32.x86_64_17.0.4.v20220903-1038/jre/bin;C:\Windows\system32;C:\Windows;C:\Windows\System32\Wbem;C:\Windows\System32\WindowsPowerShell\v1.0\;C:\Windows\System32\OpenSSH\;C:\Program Files\Microsoft VS Code\bin;C:\Program Files\TortoiseSVN\bin;C:\Users\nitein.kurane\AppData\Local\Microsoft\WindowsApps;C:\Users\nitein.kurane\AppData\Local\Programs\Git\cmd;C:\Users\nitein.kurane\Desktop;;."/>
    <property name="java.vm.info" value="mixed mode"/>
    <property name="java.vendor" value="Eclipse Adoptium"/>
    <property name="java.vm.version" value="17.0.4.1+1"/>
    <property name="sun.io.unicode.encoding" value="UnicodeLittle"/>
    <property name="java.class.version" value="61.0"/>
  </properties>
  <testcase name="aquisition_quotes_outright_PCH_OTR_calculation_with_maintenance_test" classname="com.amt.test.Acquisition_Quotes_Outright_PCH_with_maintenance_Test" time="88.876"/>
  <testcase name="aquisition_quotes_outright_PCH_after_discount_calculations_with_maintenance_test" classname="com.amt.test.Acquisition_Quotes_Outright_PCH_with_maintenance_Test" time="1.071"/>
  <testcase name="aquisition_quotes_outright_PCH_holding_cost_calculations_with_maintenance_test" classname="com.amt.test.Acquisition_Quotes_Outright_PCH_with_maintenance_Test" time="5.348"/>
  <testcase name="aquisition_quotes_outright_PCH_customer_quote_payment_profile_calculations_with_maintenance_test" classname="com.amt.test.Acquisition_Quotes_Outright_PCH_with_maintenance_Test" time="19.762"/>
  <testcase name="aquisition_quotes_outright_PCH_quote_summary_values_verification_with_maintenance_test" classname="com.amt.test.Acquisition_Quotes_Outright_PCH_with_maintenance_Test" time="36.996"/>
  <testcase name="aquisition_quotes_outright_FL_OTR_calculation_without_maintenance_test" classname="com.amt.test.Acquisition_Quotes_Outright_FL_without_maintenance_Test" time="75.458"/>
  <testcase name="aquisition_quotes_outright_FL_after_discount_calculations_without_maintenance_test" classname="com.amt.test.Acquisition_Quotes_Outright_FL_without_maintenance_Test" time="0.752"/>
  <testcase name="aquisition_quotes_outright_FL_holding_cost_calculations_without_maintenance_test" classname="com.amt.test.Acquisition_Quotes_Outright_FL_without_maintenance_Test" time="5.242"/>
  <testcase name="aquisition_quotes_outright_FL_customer_quote_payment_profile_calculations_without_maintenance_test" classname="com.amt.test.Acquisition_Quotes_Outright_FL_without_maintenance_Test" time="17.276"/>
  <testcase name="aquisition_quotes_outright_FL_quote_summary_values_verification_without_maintenance_test" classname="com.amt.test.Acquisition_Quotes_Outright_FL_without_maintenance_Test" time="37.45"/>
  <testcase name="aquisition_quotes_user_flow_broker_bch_OTR_calculation_with_maintenance_test" classname="com.amt.test.Acquisition_Quotes_Broker_BCH_with_maintenance_Test" time="74.007"/>
  <testcase name="aquisition_quotes_user_flow_broker_bch_after_discount_calculations_with_maintenance_test" classname="com.amt.test.Acquisition_Quotes_Broker_BCH_with_maintenance_Test" time="0.683"/>
  <testcase name="aquisition_quotes_user_flow_broker_bch_funder_quote_addition_with_maintenance_test" classname="com.amt.test.Acquisition_Quotes_Broker_BCH_with_maintenance_Test" time="81.376">
    <failure message="Expected condition failed: waiting for visibility of Proxy element for: DefaultElementLocator &apos;By.xpath: //input[@id=&apos;initialMaintenanceRental&apos;]&apos; (tried for 60 second(s) with 500 milliseconds interval)" type="org.openqa.selenium.TimeoutException">org.openqa.selenium.TimeoutException: Expected condition failed: waiting for visibility of Proxy element for: DefaultElementLocator 'By.xpath: //input[@id='initialMaintenanceRental']' (tried for 60 second(s) with 500 milliseconds interval)
	at com.amt.test.Acquisition_Quotes_Broker_BCH_with_maintenance_Test.aquisition_quotes_user_flow_broker_bch_funder_quote_addition_with_maintenance_test(Acquisition_Quotes_Broker_BCH_with_maintenance_Test.java:80)
Caused by: org.openqa.selenium.NoSuchElementException: 
no such element: Unable to locate element: {"method":"xpath","selector":"//input[@id='initialMaintenanceRental']"}
  (Session info: chrome=107.0.5304.106)
For documentation on this error, please visit: https://selenium.dev/exceptions/#no_such_element
Build info: version: '4.0.0', revision: '3a21814679'
System info: host: 'DSK-951', ip: '10.0.3.253', os.name: 'Windows 10', os.arch: 'amd64', os.version: '10.0', java.version: '17.0.4.1'
Driver info: org.openqa.selenium.chrome.ChromeDriver
Command: [ad233353a41510885a61cde434214cc0, findElement {using=xpath, value=//input[@id='initialMaintenanceRental']}]
Capabilities {acceptInsecureCerts: false, browserName: chrome, browserVersion: 107.0.5304.106, chrome: {chromedriverVersion: 107.0.5304.62 (1eec40d3a576..., userDataDir: C:\Users\NITEIN~1.KUR\AppDa...}, goog:chromeOptions: {debuggerAddress: localhost:58722}, javascriptEnabled: true, networkConnectionEnabled: false, pageLoadStrategy: normal, platform: WINDOWS, platformName: WINDOWS, proxy: Proxy(), se:cdp: ws://localhost:58722/devtoo..., se:cdpVersion: 107.0.5304.106, setWindowRect: true, strictFileInteractability: false, timeouts: {implicit: 0, pageLoad: 300000, script: 30000}, unhandledPromptBehavior: dismiss and notify, webauthn:extension:credBlob: true, webauthn:extension:largeBlob: true, webauthn:virtualAuthenticators: true}
Session ID: ad233353a41510885a61cde434214cc0
	at com.amt.test.Acquisition_Quotes_Broker_BCH_with_maintenance_Test.aquisition_quotes_user_flow_broker_bch_funder_quote_addition_with_maintenance_test(Acquisition_Quotes_Broker_BCH_with_maintenance_Test.java:80)
</failure>
    <system-out><![CDATA[dropdown_lenth10
1 Monthly in advance
2 Spread rentals initial payment
]]></system-out>
  </testcase>
  <testcase name="aquisition_quotes_user_flow_broker_bch_quote_summary_values_verification_with_maintenance_test" classname="com.amt.test.Acquisition_Quotes_Broker_BCH_with_maintenance_Test" time="0">
    <skipped message="Method Acquisition_Quotes_Broker_BCH_with_maintenance_Test.aquisition_quotes_user_flow_broker_bch_quote_summary_values_verification_with_maintenance_test(java.lang.String,java.lang.String,java.lang.String,java.lang.String,java.lang.String,java.lang.String,java.lang.String,java.lang.String,java.lang.String,java.lang.String,java.lang.String,java.lang.String,java.lang.String,java.lang.String)[pri:4, instance:com.amt.test.Acquisition_Quotes_Broker_BCH_with_maintenance_Test@33065d67] depends on not successfully finished methods"/>
  </testcase>
  <testcase name="aquisition_quotes_outright_BCH_OTR_calculation_without_maintenance_test" classname="com.amt.test.Acquisition_Quotes_Outright_BCH_without_maintenance_Test" time="75.642"/>
  <testcase name="aquisition_quotes_outright_BCH_after_discount_calculations_without_maintenance_test" classname="com.amt.test.Acquisition_Quotes_Outright_BCH_without_maintenance_Test" time="0.663"/>
  <testcase name="aquisition_quotes_outright_BCH_holding_cost_calculations_without_maintenance_test" classname="com.amt.test.Acquisition_Quotes_Outright_BCH_without_maintenance_Test" time="5.753"/>
  <testcase name="aquisition_quotes_outright_BCH_customer_quote_payment_profile_calculations_without_maintenance_test" classname="com.amt.test.Acquisition_Quotes_Outright_BCH_without_maintenance_Test" time="2.97">
    <failure message="element click intercepted: Element &lt;div _ngcontent-afy-c18=&quot;&quot; class=&quot;acc-head&quot;&gt;...&lt;/div&gt; is not clickable at point (695, 297). Other element would receive the click: &lt;div _ngcontent-afy-c0=&quot;&quot; class=&quot;loader_div&quot;&gt;...&lt;/div&gt;&#10;  (Session info: chrome=107.0.5304.106)&#10;Build info: version: &apos;4.0.0&apos;, revision: &apos;3a21814679&apos;&#10;System info: host: &apos;DSK-951&apos;, ip: &apos;10.0.3.253&apos;, os.name: &apos;Windows 10&apos;, os.arch: &apos;amd64&apos;, os.version: &apos;10.0&apos;, java.version: &apos;17.0.4.1&apos;&#10;Driver info: org.openqa.selenium.chrome.ChromeDriver&#10;Command: [213249452dc241f53da99067fd89fe0f, clickElement {id=91fea7aa-5a4d-462f-b5f2-040436e5c5b1}]&#10;Capabilities {acceptInsecureCerts: false, browserName: chrome, browserVersion: 107.0.5304.106, chrome: {chromedriverVersion: 107.0.5304.62 (1eec40d3a576..., userDataDir: C:\Users\NITEIN~1.KUR\AppDa...}, goog:chromeOptions: {debuggerAddress: localhost:59010}, javascriptEnabled: true, networkConnectionEnabled: false, pageLoadStrategy: normal, platform: WINDOWS, platformName: WINDOWS, proxy: Proxy(), se:cdp: ws://localhost:59010/devtoo..., se:cdpVersion: 107.0.5304.106, setWindowRect: true, strictFileInteractability: false, timeouts: {implicit: 0, pageLoad: 300000, script: 30000}, unhandledPromptBehavior: dismiss and notify, webauthn:extension:credBlob: true, webauthn:extension:largeBlob: true, webauthn:virtualAuthenticators: true}&#10;Element: [[ChromeDriver: chrome on WINDOWS (213249452dc241f53da99067fd89fe0f)] -&gt; xpath: //*[@id=&apos;partExchange_1&apos;]/button/div]&#10;Session ID: 213249452dc241f53da99067fd89fe0f" type="org.openqa.selenium.ElementClickInterceptedException"><![CDATA[org.openqa.selenium.ElementClickInterceptedException: 
element click intercepted: Element <div _ngcontent-afy-c18="" class="acc-head">...</div> is not clickable at point (695, 297). Other element would receive the click: <div _ngcontent-afy-c0="" class="loader_div">...</div>
  (Session info: chrome=107.0.5304.106)
Build info: version: '4.0.0', revision: '3a21814679'
System info: host: 'DSK-951', ip: '10.0.3.253', os.name: 'Windows 10', os.arch: 'amd64', os.version: '10.0', java.version: '17.0.4.1'
Driver info: org.openqa.selenium.chrome.ChromeDriver
Command: [213249452dc241f53da99067fd89fe0f, clickElement {id=91fea7aa-5a4d-462f-b5f2-040436e5c5b1}]
Capabilities {acceptInsecureCerts: false, browserName: chrome, browserVersion: 107.0.5304.106, chrome: {chromedriverVersion: 107.0.5304.62 (1eec40d3a576..., userDataDir: C:\Users\NITEIN~1.KUR\AppDa...}, goog:chromeOptions: {debuggerAddress: localhost:59010}, javascriptEnabled: true, networkConnectionEnabled: false, pageLoadStrategy: normal, platform: WINDOWS, platformName: WINDOWS, proxy: Proxy(), se:cdp: ws://localhost:59010/devtoo..., se:cdpVersion: 107.0.5304.106, setWindowRect: true, strictFileInteractability: false, timeouts: {implicit: 0, pageLoad: 300000, script: 30000}, unhandledPromptBehavior: dismiss and notify, webauthn:extension:credBlob: true, webauthn:extension:largeBlob: true, webauthn:virtualAuthenticators: true}
Element: [[ChromeDriver: chrome on WINDOWS (213249452dc241f53da99067fd89fe0f)] -> xpath: //*[@id='partExchange_1']/button/div]
Session ID: 213249452dc241f53da99067fd89fe0f
	at com.amt.test.Acquisition_Quotes_Outright_BCH_without_maintenance_Test.aquisition_quotes_outright_BCH_customer_quote_payment_profile_calculations_without_maintenance_test(Acquisition_Quotes_Outright_BCH_without_maintenance_Test.java:115)
]]></failure>
    <system-out><![CDATA[Writing configuration values from property file to Excel for customer quote calculation -started
Writing configuration values from property file to Excel for customer quote calculation -completed
************Calculations for Customer Quote Page has been started***********
Payment Profile Monthly in Advance option has been selected
]]></system-out>
  </testcase>
  <testcase name="aquisition_quotes_outright_BCH_quote_summary_values_verification_without_maintenance_test" classname="com.amt.test.Acquisition_Quotes_Outright_BCH_without_maintenance_Test" time="0">
    <skipped message="Method Acquisition_Quotes_Outright_BCH_without_maintenance_Test.aquisition_quotes_outright_BCH_quote_summary_values_verification_without_maintenance_test(java.lang.String,java.lang.String,java.lang.String,java.lang.String,java.lang.String,java.lang.String,java.lang.String,java.lang.String,java.lang.String,java.lang.String,java.lang.String,java.lang.String,java.lang.String,java.lang.String,java.lang.String,java.lang.String,java.lang.String,java.lang.String)[pri:5, instance:com.amt.test.Acquisition_Quotes_Outright_BCH_without_maintenance_Test@4c60d6e9] depends on not successfully finished methods"/>
  </testcase>
  <testcase name="aquisition_quotes_user_flow_broker_bch_OTR_calculation_without_maintenance_test" classname="com.amt.test.Acquisition_Quotes_Broker_BCH_without_maintenance_Test" time="77.719"/>
  <testcase name="aquisition_quotes_user_flow_broker_bch_after_discount_calculation_without_maintenance_test" classname="com.amt.test.Acquisition_Quotes_Broker_BCH_without_maintenance_Test" time="0.761"/>
  <testcase name="aquisition_quotes_user_flow_broker_bch_funder_quote_addition_without_maintenance_test" classname="com.amt.test.Acquisition_Quotes_Broker_BCH_without_maintenance_Test" time="64.044"/>
  <testcase name="aquisition_quotes_user_flow_broker_bch_quote_summary_values_verification_without_maintenance_test" classname="com.amt.test.Acquisition_Quotes_Broker_BCH_without_maintenance_Test" time="33.123"/>
  <testcase name="aquisition_quotes_outright_BCH_OTR_calculation_with_maintenance_test" classname="com.amt.test.Acquisition_Quotes_Outright_BCH_with_maintenance_Test" time="75.376"/>
  <testcase name="aquisition_quotes_outright_BCH_after_discount_calculations_with_maintenance_test" classname="com.amt.test.Acquisition_Quotes_Outright_BCH_with_maintenance_Test" time="1.077"/>
  <testcase name="aquisition_quotes_outright_BCH_holding_cost_calculations_with_maintenance_test" classname="com.amt.test.Acquisition_Quotes_Outright_BCH_with_maintenance_Test" time="6.921"/>
  <testcase name="aquisition_quotes_outright_BCH_customer_quote_payment_profile_calculations_with_maintenance_test" classname="com.amt.test.Acquisition_Quotes_Outright_BCH_with_maintenance_Test" time="26.718"/>
  <testcase name="aquisition_quotes_outright_BCH_quote_summary_values_verification_with_maintenance_test" classname="com.amt.test.Acquisition_Quotes_Outright_BCH_with_maintenance_Test" time="38.421"/>
  <testcase name="setup" classname="com.amt.test.LoginTest" time="38.633">
    <failure message="Cannot invoke &quot;String.equalsIgnoreCase(String)&quot; because &quot;browser&quot; is null" type="java.lang.NullPointerException">java.lang.NullPointerException: Cannot invoke "String.equalsIgnoreCase(String)" because "browser" is null
	at com.amt.test.LoginTest.setup(LoginTest.java:29)
</failure>
  </testcase>
  <testcase name="setup" classname="com.amt.test.LoginTest" time="0">
    <skipped/>
  </testcase>
  <testcase name="setup" classname="com.amt.test.LoginTest" time="0">
    <skipped/>
  </testcase>
  <testcase name="login_Test" classname="com.amt.test.LoginTest" time="0">
    <skipped message="Cannot invoke &quot;String.equalsIgnoreCase(String)&quot; because &quot;browser&quot; is null"/>
  </testcase>
  <testcase name="tearDown" classname="com.amt.test.LoginTest" time="0">
    <skipped/>
  </testcase>
  <testcase name="tearDown" classname="com.amt.test.LoginTest" time="0">
    <skipped/>
  </testcase>
  <testcase name="tearDown" classname="com.amt.test.LoginTest" time="0">
    <skipped/>
  </testcase>
  <testcase name="pageTitle_Test" classname="com.amt.test.LoginTest" time="0">
    <skipped message="Cannot invoke &quot;String.equalsIgnoreCase(String)&quot; because &quot;browser&quot; is null"/>
  </testcase>
  <testcase name="amt_Logo_display_Test" classname="com.amt.test.LoginTest" time="0">
    <skipped message="Cannot invoke &quot;String.equalsIgnoreCase(String)&quot; because &quot;browser&quot; is null"/>
  </testcase>
</testsuite>