<?xml version="1.0" encoding="UTF-8"?>
<testsuite xmlns:xsi="http://www.w3.org/2001/XMLSchema-instance" xsi:noNamespaceSchemaLocation="https://maven.apache.org/surefire/maven-surefire-plugin/xsd/surefire-test-report.xsd" name="TestSuite" time="2,860.655" tests="81" errors="0" skipped="17" failures="9">
  <properties>
    <property name="java.specification.version" value="17"/>
    <property name="sun.cpu.isalist" value="amd64"/>
    <property name="sun.jnu.encoding" value="Cp1252"/>
    <property name="java.class.path" value="D:\newWorkspaceStaging\AutomationStaging\target\test-classes;D:\newWorkspaceStaging\AutomationStaging\target\classes;C:\Users\nitein.kurane\.m2\repository\org\testng\testng\7.4.0\testng-7.4.0.jar;C:\Users\nitein.kurane\.m2\repository\com\beust\jcommander\1.78\jcommander-1.78.jar;C:\Users\nitein.kurane\.m2\repository\org\webjars\jquery\3.5.1\jquery-3.5.1.jar;C:\Users\nitein.kurane\.m2\repository\org\seleniumhq\selenium\selenium-java\4.0.0\selenium-java-4.0.0.jar;C:\Users\nitein.kurane\.m2\repository\org\seleniumhq\selenium\selenium-api\4.0.0\selenium-api-4.0.0.jar;C:\Users\nitein.kurane\.m2\repository\org\seleniumhq\selenium\selenium-chrome-driver\4.0.0\selenium-chrome-driver-4.0.0.jar;C:\Users\nitein.kurane\.m2\repository\com\google\auto\service\auto-service-annotations\1.0\auto-service-annotations-1.0.jar;C:\Users\nitein.kurane\.m2\repository\com\google\auto\service\auto-service\1.0\auto-service-1.0.jar;C:\Users\nitein.kurane\.m2\repository\com\google\auto\auto-common\1.0\auto-common-1.0.jar;C:\Users\nitein.kurane\.m2\repository\org\seleniumhq\selenium\selenium-chromium-driver\4.0.0\selenium-chromium-driver-4.0.0.jar;C:\Users\nitein.kurane\.m2\repository\org\seleniumhq\selenium\selenium-json\4.0.0\selenium-json-4.0.0.jar;C:\Users\nitein.kurane\.m2\repository\org\seleniumhq\selenium\selenium-devtools-v85\4.0.0\selenium-devtools-v85-4.0.0.jar;C:\Users\nitein.kurane\.m2\repository\org\seleniumhq\selenium\selenium-devtools-v93\4.0.0\selenium-devtools-v93-4.0.0.jar;C:\Users\nitein.kurane\.m2\repository\org\seleniumhq\selenium\selenium-devtools-v94\4.0.0\selenium-devtools-v94-4.0.0.jar;C:\Users\nitein.kurane\.m2\repository\org\seleniumhq\selenium\selenium-devtools-v95\4.0.0\selenium-devtools-v95-4.0.0.jar;C:\Users\nitein.kurane\.m2\repository\org\seleniumhq\selenium\selenium-edge-driver\4.0.0\selenium-edge-driver-4.0.0.jar;C:\Users\nitein.kurane\.m2\repository\org\seleniumhq\selenium\selenium-firefox-driver\4.0.0\selenium-firefox-driver-4.0.0.jar;C:\Users\nitein.kurane\.m2\repository\org\seleniumhq\selenium\selenium-firefox-xpi-driver\4.0.0\selenium-firefox-xpi-driver-4.0.0.jar;C:\Users\nitein.kurane\.m2\repository\org\seleniumhq\selenium\selenium-ie-driver\4.0.0\selenium-ie-driver-4.0.0.jar;C:\Users\nitein.kurane\.m2\repository\org\seleniumhq\selenium\selenium-opera-driver\4.0.0\selenium-opera-driver-4.0.0.jar;C:\Users\nitein.kurane\.m2\repository\org\seleniumhq\selenium\selenium-remote-driver\4.0.0\selenium-remote-driver-4.0.0.jar;C:\Users\nitein.kurane\.m2\repository\io\netty\netty-buffer\4.1.68.Final\netty-buffer-4.1.68.Final.jar;C:\Users\nitein.kurane\.m2\repository\io\netty\netty-codec-http\4.1.67.Final\netty-codec-http-4.1.67.Final.jar;C:\Users\nitein.kurane\.m2\repository\io\netty\netty-codec\4.1.67.Final\netty-codec-4.1.67.Final.jar;C:\Users\nitein.kurane\.m2\repository\io\netty\netty-handler\4.1.67.Final\netty-handler-4.1.67.Final.jar;C:\Users\nitein.kurane\.m2\repository\io\netty\netty-common\4.1.68.Final\netty-common-4.1.68.Final.jar;C:\Users\nitein.kurane\.m2\repository\io\netty\netty-transport-native-epoll\4.1.67.Final\netty-transport-native-epoll-4.1.67.Final.jar;C:\Users\nitein.kurane\.m2\repository\io\netty\netty-transport-native-kqueue\4.1.67.Final\netty-transport-native-kqueue-4.1.67.Final.jar;C:\Users\nitein.kurane\.m2\repository\io\netty\netty-transport-native-unix-common\4.1.67.Final\netty-transport-native-unix-common-4.1.67.Final.jar;C:\Users\nitein.kurane\.m2\repository\io\netty\netty-transport\4.1.68.Final\netty-transport-4.1.68.Final.jar;C:\Users\nitein.kurane\.m2\repository\io\netty\netty-resolver\4.1.68.Final\netty-resolver-4.1.68.Final.jar;C:\Users\nitein.kurane\.m2\repository\io\opentelemetry\opentelemetry-api\1.6.0\opentelemetry-api-1.6.0.jar;C:\Users\nitein.kurane\.m2\repository\io\opentelemetry\opentelemetry-context\1.6.0\opentelemetry-context-1.6.0.jar;C:\Users\nitein.kurane\.m2\repository\io\opentelemetry\opentelemetry-exporter-logging\1.6.0\opentelemetry-exporter-logging-1.6.0.jar;C:\Users\nitein.kurane\.m2\repository\io\opentelemetry\opentelemetry-sdk-metrics\1.6.0-alpha\opentelemetry-sdk-metrics-1.6.0-alpha.jar;C:\Users\nitein.kurane\.m2\repository\io\opentelemetry\opentelemetry-sdk-common\1.6.0\opentelemetry-sdk-common-1.6.0.jar;C:\Users\nitein.kurane\.m2\repository\io\opentelemetry\opentelemetry-sdk-extension-autoconfigure-spi\1.6.0\opentelemetry-sdk-extension-autoconfigure-spi-1.6.0.jar;C:\Users\nitein.kurane\.m2\repository\io\opentelemetry\opentelemetry-sdk-extension-autoconfigure\1.6.0-alpha\opentelemetry-sdk-extension-autoconfigure-1.6.0-alpha.jar;C:\Users\nitein.kurane\.m2\repository\io\opentelemetry\opentelemetry-sdk-trace\1.6.0\opentelemetry-sdk-trace-1.6.0.jar;C:\Users\nitein.kurane\.m2\repository\io\opentelemetry\opentelemetry-api-metrics\1.6.0-alpha\opentelemetry-api-metrics-1.6.0-alpha.jar;C:\Users\nitein.kurane\.m2\repository\io\opentelemetry\opentelemetry-sdk\1.6.0\opentelemetry-sdk-1.6.0.jar;C:\Users\nitein.kurane\.m2\repository\io\opentelemetry\opentelemetry-semconv\1.6.0-alpha\opentelemetry-semconv-1.6.0-alpha.jar;C:\Users\nitein.kurane\.m2\repository\io\ous\jtoml\2.0.0\jtoml-2.0.0.jar;C:\Users\nitein.kurane\.m2\repository\net\bytebuddy\byte-buddy\1.11.19\byte-buddy-1.11.19.jar;C:\Users\nitein.kurane\.m2\repository\org\apache\commons\commons-exec\1.3\commons-exec-1.3.jar;C:\Users\nitein.kurane\.m2\repository\org\asynchttpclient\async-http-client\2.12.3\async-http-client-2.12.3.jar;C:\Users\nitein.kurane\.m2\repository\org\asynchttpclient\async-http-client-netty-utils\2.12.3\async-http-client-netty-utils-2.12.3.jar;C:\Users\nitein.kurane\.m2\repository\io\netty\netty-codec-socks\4.1.60.Final\netty-codec-socks-4.1.60.Final.jar;C:\Users\nitein.kurane\.m2\repository\io\netty\netty-handler-proxy\4.1.60.Final\netty-handler-proxy-4.1.60.Final.jar;C:\Users\nitein.kurane\.m2\repository\io\netty\netty-transport-native-epoll\4.1.60.Final\netty-transport-native-epoll-4.1.60.Final-linux-x86_64.jar;C:\Users\nitein.kurane\.m2\repository\io\netty\netty-transport-native-kqueue\4.1.60.Final\netty-transport-native-kqueue-4.1.60.Final-osx-x86_64.jar;C:\Users\nitein.kurane\.m2\repository\org\reactivestreams\reactive-streams\1.0.3\reactive-streams-1.0.3.jar;C:\Users\nitein.kurane\.m2\repository\com\typesafe\netty\netty-reactive-streams\2.0.4\netty-reactive-streams-2.0.4.jar;C:\Users\nitein.kurane\.m2\repository\com\sun\activation\jakarta.activation\1.2.2\jakarta.activation-1.2.2.jar;C:\Users\nitein.kurane\.m2\repository\org\seleniumhq\selenium\selenium-http\4.0.0\selenium-http-4.0.0.jar;C:\Users\nitein.kurane\.m2\repository\org\seleniumhq\selenium\selenium-safari-driver\4.0.0\selenium-safari-driver-4.0.0.jar;C:\Users\nitein.kurane\.m2\repository\org\seleniumhq\selenium\selenium-support\4.0.0\selenium-support-4.0.0.jar;C:\Users\nitein.kurane\.m2\repository\org\uncommons\reportng\1.1.4\reportng-1.1.4.jar;C:\Users\nitein.kurane\.m2\repository\velocity\velocity\1.4\velocity-1.4.jar;C:\Users\nitein.kurane\.m2\repository\velocity\velocity-dep\1.4\velocity-dep-1.4.jar;C:\Users\nitein.kurane\.m2\repository\io\github\bonigarcia\webdrivermanager\5.3.0\webdrivermanager-5.3.0.jar;C:\Users\nitein.kurane\.m2\repository\org\slf4j\slf4j-api\1.7.36\slf4j-api-1.7.36.jar;C:\Users\nitein.kurane\.m2\repository\com\google\code\gson\gson\2.9.1\gson-2.9.1.jar;C:\Users\nitein.kurane\.m2\repository\com\github\docker-java\docker-java\3.2.13\docker-java-3.2.13.jar;C:\Users\nitein.kurane\.m2\repository\com\github\docker-java\docker-java-core\3.2.13\docker-java-core-3.2.13.jar;C:\Users\nitein.kurane\.m2\repository\com\github\docker-java\docker-java-api\3.2.13\docker-java-api-3.2.13.jar;C:\Users\nitein.kurane\.m2\repository\com\fasterxml\jackson\core\jackson-annotations\2.10.3\jackson-annotations-2.10.3.jar;C:\Users\nitein.kurane\.m2\repository\com\fasterxml\jackson\core\jackson-databind\2.10.3\jackson-databind-2.10.3.jar;C:\Users\nitein.kurane\.m2\repository\com\fasterxml\jackson\core\jackson-core\2.10.3\jackson-core-2.10.3.jar;C:\Users\nitein.kurane\.m2\repository\org\bouncycastle\bcpkix-jdk15on\1.64\bcpkix-jdk15on-1.64.jar;C:\Users\nitein.kurane\.m2\repository\org\bouncycastle\bcprov-jdk15on\1.64\bcprov-jdk15on-1.64.jar;C:\Users\nitein.kurane\.m2\repository\org\slf4j\jcl-over-slf4j\1.7.30\jcl-over-slf4j-1.7.30.jar;C:\Users\nitein.kurane\.m2\repository\com\github\docker-java\docker-java-transport-httpclient5\3.2.13\docker-java-transport-httpclient5-3.2.13.jar;C:\Users\nitein.kurane\.m2\repository\com\github\docker-java\docker-java-transport\3.2.13\docker-java-transport-3.2.13.jar;C:\Users\nitein.kurane\.m2\repository\net\java\dev\jna\jna\5.8.0\jna-5.8.0.jar;C:\Users\nitein.kurane\.m2\repository\org\brotli\dec\0.1.2\dec-0.1.2.jar;C:\Users\nitein.kurane\.m2\repository\org\apache\commons\commons-lang3\3.12.0\commons-lang3-3.12.0.jar;C:\Users\nitein.kurane\.m2\repository\org\apache\httpcomponents\client5\httpclient5\5.1.3\httpclient5-5.1.3.jar;C:\Users\nitein.kurane\.m2\repository\org\apache\httpcomponents\core5\httpcore5\5.1.3\httpcore5-5.1.3.jar;C:\Users\nitein.kurane\.m2\repository\org\apache\httpcomponents\core5\httpcore5-h2\5.1.3\httpcore5-h2-5.1.3.jar;C:\Users\nitein.kurane\.m2\repository\commons-codec\commons-codec\1.15\commons-codec-1.15.jar;C:\Users\nitein.kurane\.m2\repository\org\apache\poi\poi-ooxml\5.2.3\poi-ooxml-5.2.3.jar;C:\Users\nitein.kurane\.m2\repository\org\apache\poi\poi\5.2.3\poi-5.2.3.jar;C:\Users\nitein.kurane\.m2\repository\org\apache\commons\commons-math3\3.6.1\commons-math3-3.6.1.jar;C:\Users\nitein.kurane\.m2\repository\com\zaxxer\SparseBitSet\1.2\SparseBitSet-1.2.jar;C:\Users\nitein.kurane\.m2\repository\org\apache\poi\poi-ooxml-lite\5.2.3\poi-ooxml-lite-5.2.3.jar;C:\Users\nitein.kurane\.m2\repository\org\apache\xmlbeans\xmlbeans\5.1.1\xmlbeans-5.1.1.jar;C:\Users\nitein.kurane\.m2\repository\org\apache\commons\commons-compress\1.21\commons-compress-1.21.jar;C:\Users\nitein.kurane\.m2\repository\commons-io\commons-io\2.11.0\commons-io-2.11.0.jar;C:\Users\nitein.kurane\.m2\repository\com\github\virtuald\curvesapi\1.07\curvesapi-1.07.jar;C:\Users\nitein.kurane\.m2\repository\org\apache\logging\log4j\log4j-api\2.18.0\log4j-api-2.18.0.jar;C:\Users\nitein.kurane\.m2\repository\org\apache\commons\commons-collections4\4.4\commons-collections4-4.4.jar;C:\Users\nitein.kurane\.m2\repository\com\google\inject\guice\4.2.3\guice-4.2.3.jar;C:\Users\nitein.kurane\.m2\repository\javax\inject\javax.inject\1\javax.inject-1.jar;C:\Users\nitein.kurane\.m2\repository\aopalliance\aopalliance\1.0\aopalliance-1.0.jar;C:\Users\nitein.kurane\.m2\repository\com\google\guava\guava\27.1-jre\guava-27.1-jre.jar;C:\Users\nitein.kurane\.m2\repository\com\google\guava\failureaccess\1.0.1\failureaccess-1.0.1.jar;C:\Users\nitein.kurane\.m2\repository\com\google\guava\listenablefuture\9999.0-empty-to-avoid-conflict-with-guava\listenablefuture-9999.0-empty-to-avoid-conflict-with-guava.jar;C:\Users\nitein.kurane\.m2\repository\com\google\code\findbugs\jsr305\3.0.2\jsr305-3.0.2.jar;C:\Users\nitein.kurane\.m2\repository\org\checkerframework\checker-qual\2.5.2\checker-qual-2.5.2.jar;C:\Users\nitein.kurane\.m2\repository\com\google\errorprone\error_prone_annotations\2.2.0\error_prone_annotations-2.2.0.jar;C:\Users\nitein.kurane\.m2\repository\com\google\j2objc\j2objc-annotations\1.1\j2objc-annotations-1.1.jar;C:\Users\nitein.kurane\.m2\repository\org\codehaus\mojo\animal-sniffer-annotations\1.17\animal-sniffer-annotations-1.17.jar;C:\Users\nitein.kurane\.m2\repository\org\libreoffice\libreoffice\7.3.6\libreoffice-7.3.6.jar;C:\Users\nitein.kurane\.m2\repository\org\libreoffice\ridl\7.4.1\ridl-7.4.1.jar;"/>
    <property name="java.vm.vendor" value="Eclipse Adoptium"/>
    <property name="sun.arch.data.model" value="64"/>
    <property name="user.variant" value=""/>
    <property name="java.vendor.url" value="https://adoptium.net/"/>
    <property name="user.timezone" value="Asia/Calcutta"/>
    <property name="os.name" value="Windows 10"/>
    <property name="java.vm.specification.version" value="17"/>
    <property name="sun.java.launcher" value="SUN_STANDARD"/>
    <property name="user.country" value="US"/>
    <property name="sun.boot.library.path" value="C:\Users\nitein.kurane\.p2\pool\plugins\org.eclipse.justj.openjdk.hotspot.jre.full.win32.x86_64_17.0.4.v20220903-1038\jre\bin"/>
    <property name="sun.java.command" value="C:\Users\NITEIN~1.KUR\AppData\Local\Temp\surefire16542651493211908418\surefirebooter4082100514783265320.jar C:\Users\nitein.kurane\AppData\Local\Temp\surefire16542651493211908418 2022-11-09T13-15-12_835-jvmRun1 surefire3089396915747361393tmp surefire_02043373222955307311tmp"/>
    <property name="jdk.debug" value="release"/>
    <property name="surefire.test.class.path" value="D:\newWorkspaceStaging\AutomationStaging\target\test-classes;D:\newWorkspaceStaging\AutomationStaging\target\classes;C:\Users\nitein.kurane\.m2\repository\org\testng\testng\7.4.0\testng-7.4.0.jar;C:\Users\nitein.kurane\.m2\repository\com\beust\jcommander\1.78\jcommander-1.78.jar;C:\Users\nitein.kurane\.m2\repository\org\webjars\jquery\3.5.1\jquery-3.5.1.jar;C:\Users\nitein.kurane\.m2\repository\org\seleniumhq\selenium\selenium-java\4.0.0\selenium-java-4.0.0.jar;C:\Users\nitein.kurane\.m2\repository\org\seleniumhq\selenium\selenium-api\4.0.0\selenium-api-4.0.0.jar;C:\Users\nitein.kurane\.m2\repository\org\seleniumhq\selenium\selenium-chrome-driver\4.0.0\selenium-chrome-driver-4.0.0.jar;C:\Users\nitein.kurane\.m2\repository\com\google\auto\service\auto-service-annotations\1.0\auto-service-annotations-1.0.jar;C:\Users\nitein.kurane\.m2\repository\com\google\auto\service\auto-service\1.0\auto-service-1.0.jar;C:\Users\nitein.kurane\.m2\repository\com\google\auto\auto-common\1.0\auto-common-1.0.jar;C:\Users\nitein.kurane\.m2\repository\org\seleniumhq\selenium\selenium-chromium-driver\4.0.0\selenium-chromium-driver-4.0.0.jar;C:\Users\nitein.kurane\.m2\repository\org\seleniumhq\selenium\selenium-json\4.0.0\selenium-json-4.0.0.jar;C:\Users\nitein.kurane\.m2\repository\org\seleniumhq\selenium\selenium-devtools-v85\4.0.0\selenium-devtools-v85-4.0.0.jar;C:\Users\nitein.kurane\.m2\repository\org\seleniumhq\selenium\selenium-devtools-v93\4.0.0\selenium-devtools-v93-4.0.0.jar;C:\Users\nitein.kurane\.m2\repository\org\seleniumhq\selenium\selenium-devtools-v94\4.0.0\selenium-devtools-v94-4.0.0.jar;C:\Users\nitein.kurane\.m2\repository\org\seleniumhq\selenium\selenium-devtools-v95\4.0.0\selenium-devtools-v95-4.0.0.jar;C:\Users\nitein.kurane\.m2\repository\org\seleniumhq\selenium\selenium-edge-driver\4.0.0\selenium-edge-driver-4.0.0.jar;C:\Users\nitein.kurane\.m2\repository\org\seleniumhq\selenium\selenium-firefox-driver\4.0.0\selenium-firefox-driver-4.0.0.jar;C:\Users\nitein.kurane\.m2\repository\org\seleniumhq\selenium\selenium-firefox-xpi-driver\4.0.0\selenium-firefox-xpi-driver-4.0.0.jar;C:\Users\nitein.kurane\.m2\repository\org\seleniumhq\selenium\selenium-ie-driver\4.0.0\selenium-ie-driver-4.0.0.jar;C:\Users\nitein.kurane\.m2\repository\org\seleniumhq\selenium\selenium-opera-driver\4.0.0\selenium-opera-driver-4.0.0.jar;C:\Users\nitein.kurane\.m2\repository\org\seleniumhq\selenium\selenium-remote-driver\4.0.0\selenium-remote-driver-4.0.0.jar;C:\Users\nitein.kurane\.m2\repository\io\netty\netty-buffer\4.1.68.Final\netty-buffer-4.1.68.Final.jar;C:\Users\nitein.kurane\.m2\repository\io\netty\netty-codec-http\4.1.67.Final\netty-codec-http-4.1.67.Final.jar;C:\Users\nitein.kurane\.m2\repository\io\netty\netty-codec\4.1.67.Final\netty-codec-4.1.67.Final.jar;C:\Users\nitein.kurane\.m2\repository\io\netty\netty-handler\4.1.67.Final\netty-handler-4.1.67.Final.jar;C:\Users\nitein.kurane\.m2\repository\io\netty\netty-common\4.1.68.Final\netty-common-4.1.68.Final.jar;C:\Users\nitein.kurane\.m2\repository\io\netty\netty-transport-native-epoll\4.1.67.Final\netty-transport-native-epoll-4.1.67.Final.jar;C:\Users\nitein.kurane\.m2\repository\io\netty\netty-transport-native-kqueue\4.1.67.Final\netty-transport-native-kqueue-4.1.67.Final.jar;C:\Users\nitein.kurane\.m2\repository\io\netty\netty-transport-native-unix-common\4.1.67.Final\netty-transport-native-unix-common-4.1.67.Final.jar;C:\Users\nitein.kurane\.m2\repository\io\netty\netty-transport\4.1.68.Final\netty-transport-4.1.68.Final.jar;C:\Users\nitein.kurane\.m2\repository\io\netty\netty-resolver\4.1.68.Final\netty-resolver-4.1.68.Final.jar;C:\Users\nitein.kurane\.m2\repository\io\opentelemetry\opentelemetry-api\1.6.0\opentelemetry-api-1.6.0.jar;C:\Users\nitein.kurane\.m2\repository\io\opentelemetry\opentelemetry-context\1.6.0\opentelemetry-context-1.6.0.jar;C:\Users\nitein.kurane\.m2\repository\io\opentelemetry\opentelemetry-exporter-logging\1.6.0\opentelemetry-exporter-logging-1.6.0.jar;C:\Users\nitein.kurane\.m2\repository\io\opentelemetry\opentelemetry-sdk-metrics\1.6.0-alpha\opentelemetry-sdk-metrics-1.6.0-alpha.jar;C:\Users\nitein.kurane\.m2\repository\io\opentelemetry\opentelemetry-sdk-common\1.6.0\opentelemetry-sdk-common-1.6.0.jar;C:\Users\nitein.kurane\.m2\repository\io\opentelemetry\opentelemetry-sdk-extension-autoconfigure-spi\1.6.0\opentelemetry-sdk-extension-autoconfigure-spi-1.6.0.jar;C:\Users\nitein.kurane\.m2\repository\io\opentelemetry\opentelemetry-sdk-extension-autoconfigure\1.6.0-alpha\opentelemetry-sdk-extension-autoconfigure-1.6.0-alpha.jar;C:\Users\nitein.kurane\.m2\repository\io\opentelemetry\opentelemetry-sdk-trace\1.6.0\opentelemetry-sdk-trace-1.6.0.jar;C:\Users\nitein.kurane\.m2\repository\io\opentelemetry\opentelemetry-api-metrics\1.6.0-alpha\opentelemetry-api-metrics-1.6.0-alpha.jar;C:\Users\nitein.kurane\.m2\repository\io\opentelemetry\opentelemetry-sdk\1.6.0\opentelemetry-sdk-1.6.0.jar;C:\Users\nitein.kurane\.m2\repository\io\opentelemetry\opentelemetry-semconv\1.6.0-alpha\opentelemetry-semconv-1.6.0-alpha.jar;C:\Users\nitein.kurane\.m2\repository\io\ous\jtoml\2.0.0\jtoml-2.0.0.jar;C:\Users\nitein.kurane\.m2\repository\net\bytebuddy\byte-buddy\1.11.19\byte-buddy-1.11.19.jar;C:\Users\nitein.kurane\.m2\repository\org\apache\commons\commons-exec\1.3\commons-exec-1.3.jar;C:\Users\nitein.kurane\.m2\repository\org\asynchttpclient\async-http-client\2.12.3\async-http-client-2.12.3.jar;C:\Users\nitein.kurane\.m2\repository\org\asynchttpclient\async-http-client-netty-utils\2.12.3\async-http-client-netty-utils-2.12.3.jar;C:\Users\nitein.kurane\.m2\repository\io\netty\netty-codec-socks\4.1.60.Final\netty-codec-socks-4.1.60.Final.jar;C:\Users\nitein.kurane\.m2\repository\io\netty\netty-handler-proxy\4.1.60.Final\netty-handler-proxy-4.1.60.Final.jar;C:\Users\nitein.kurane\.m2\repository\io\netty\netty-transport-native-epoll\4.1.60.Final\netty-transport-native-epoll-4.1.60.Final-linux-x86_64.jar;C:\Users\nitein.kurane\.m2\repository\io\netty\netty-transport-native-kqueue\4.1.60.Final\netty-transport-native-kqueue-4.1.60.Final-osx-x86_64.jar;C:\Users\nitein.kurane\.m2\repository\org\reactivestreams\reactive-streams\1.0.3\reactive-streams-1.0.3.jar;C:\Users\nitein.kurane\.m2\repository\com\typesafe\netty\netty-reactive-streams\2.0.4\netty-reactive-streams-2.0.4.jar;C:\Users\nitein.kurane\.m2\repository\com\sun\activation\jakarta.activation\1.2.2\jakarta.activation-1.2.2.jar;C:\Users\nitein.kurane\.m2\repository\org\seleniumhq\selenium\selenium-http\4.0.0\selenium-http-4.0.0.jar;C:\Users\nitein.kurane\.m2\repository\org\seleniumhq\selenium\selenium-safari-driver\4.0.0\selenium-safari-driver-4.0.0.jar;C:\Users\nitein.kurane\.m2\repository\org\seleniumhq\selenium\selenium-support\4.0.0\selenium-support-4.0.0.jar;C:\Users\nitein.kurane\.m2\repository\org\uncommons\reportng\1.1.4\reportng-1.1.4.jar;C:\Users\nitein.kurane\.m2\repository\velocity\velocity\1.4\velocity-1.4.jar;C:\Users\nitein.kurane\.m2\repository\velocity\velocity-dep\1.4\velocity-dep-1.4.jar;C:\Users\nitein.kurane\.m2\repository\io\github\bonigarcia\webdrivermanager\5.3.0\webdrivermanager-5.3.0.jar;C:\Users\nitein.kurane\.m2\repository\org\slf4j\slf4j-api\1.7.36\slf4j-api-1.7.36.jar;C:\Users\nitein.kurane\.m2\repository\com\google\code\gson\gson\2.9.1\gson-2.9.1.jar;C:\Users\nitein.kurane\.m2\repository\com\github\docker-java\docker-java\3.2.13\docker-java-3.2.13.jar;C:\Users\nitein.kurane\.m2\repository\com\github\docker-java\docker-java-core\3.2.13\docker-java-core-3.2.13.jar;C:\Users\nitein.kurane\.m2\repository\com\github\docker-java\docker-java-api\3.2.13\docker-java-api-3.2.13.jar;C:\Users\nitein.kurane\.m2\repository\com\fasterxml\jackson\core\jackson-annotations\2.10.3\jackson-annotations-2.10.3.jar;C:\Users\nitein.kurane\.m2\repository\com\fasterxml\jackson\core\jackson-databind\2.10.3\jackson-databind-2.10.3.jar;C:\Users\nitein.kurane\.m2\repository\com\fasterxml\jackson\core\jackson-core\2.10.3\jackson-core-2.10.3.jar;C:\Users\nitein.kurane\.m2\repository\org\bouncycastle\bcpkix-jdk15on\1.64\bcpkix-jdk15on-1.64.jar;C:\Users\nitein.kurane\.m2\repository\org\bouncycastle\bcprov-jdk15on\1.64\bcprov-jdk15on-1.64.jar;C:\Users\nitein.kurane\.m2\repository\org\slf4j\jcl-over-slf4j\1.7.30\jcl-over-slf4j-1.7.30.jar;C:\Users\nitein.kurane\.m2\repository\com\github\docker-java\docker-java-transport-httpclient5\3.2.13\docker-java-transport-httpclient5-3.2.13.jar;C:\Users\nitein.kurane\.m2\repository\com\github\docker-java\docker-java-transport\3.2.13\docker-java-transport-3.2.13.jar;C:\Users\nitein.kurane\.m2\repository\net\java\dev\jna\jna\5.8.0\jna-5.8.0.jar;C:\Users\nitein.kurane\.m2\repository\org\brotli\dec\0.1.2\dec-0.1.2.jar;C:\Users\nitein.kurane\.m2\repository\org\apache\commons\commons-lang3\3.12.0\commons-lang3-3.12.0.jar;C:\Users\nitein.kurane\.m2\repository\org\apache\httpcomponents\client5\httpclient5\5.1.3\httpclient5-5.1.3.jar;C:\Users\nitein.kurane\.m2\repository\org\apache\httpcomponents\core5\httpcore5\5.1.3\httpcore5-5.1.3.jar;C:\Users\nitein.kurane\.m2\repository\org\apache\httpcomponents\core5\httpcore5-h2\5.1.3\httpcore5-h2-5.1.3.jar;C:\Users\nitein.kurane\.m2\repository\commons-codec\commons-codec\1.15\commons-codec-1.15.jar;C:\Users\nitein.kurane\.m2\repository\org\apache\poi\poi-ooxml\5.2.3\poi-ooxml-5.2.3.jar;C:\Users\nitein.kurane\.m2\repository\org\apache\poi\poi\5.2.3\poi-5.2.3.jar;C:\Users\nitein.kurane\.m2\repository\org\apache\commons\commons-math3\3.6.1\commons-math3-3.6.1.jar;C:\Users\nitein.kurane\.m2\repository\com\zaxxer\SparseBitSet\1.2\SparseBitSet-1.2.jar;C:\Users\nitein.kurane\.m2\repository\org\apache\poi\poi-ooxml-lite\5.2.3\poi-ooxml-lite-5.2.3.jar;C:\Users\nitein.kurane\.m2\repository\org\apache\xmlbeans\xmlbeans\5.1.1\xmlbeans-5.1.1.jar;C:\Users\nitein.kurane\.m2\repository\org\apache\commons\commons-compress\1.21\commons-compress-1.21.jar;C:\Users\nitein.kurane\.m2\repository\commons-io\commons-io\2.11.0\commons-io-2.11.0.jar;C:\Users\nitein.kurane\.m2\repository\com\github\virtuald\curvesapi\1.07\curvesapi-1.07.jar;C:\Users\nitein.kurane\.m2\repository\org\apache\logging\log4j\log4j-api\2.18.0\log4j-api-2.18.0.jar;C:\Users\nitein.kurane\.m2\repository\org\apache\commons\commons-collections4\4.4\commons-collections4-4.4.jar;C:\Users\nitein.kurane\.m2\repository\com\google\inject\guice\4.2.3\guice-4.2.3.jar;C:\Users\nitein.kurane\.m2\repository\javax\inject\javax.inject\1\javax.inject-1.jar;C:\Users\nitein.kurane\.m2\repository\aopalliance\aopalliance\1.0\aopalliance-1.0.jar;C:\Users\nitein.kurane\.m2\repository\com\google\guava\guava\27.1-jre\guava-27.1-jre.jar;C:\Users\nitein.kurane\.m2\repository\com\google\guava\failureaccess\1.0.1\failureaccess-1.0.1.jar;C:\Users\nitein.kurane\.m2\repository\com\google\guava\listenablefuture\9999.0-empty-to-avoid-conflict-with-guava\listenablefuture-9999.0-empty-to-avoid-conflict-with-guava.jar;C:\Users\nitein.kurane\.m2\repository\com\google\code\findbugs\jsr305\3.0.2\jsr305-3.0.2.jar;C:\Users\nitein.kurane\.m2\repository\org\checkerframework\checker-qual\2.5.2\checker-qual-2.5.2.jar;C:\Users\nitein.kurane\.m2\repository\com\google\errorprone\error_prone_annotations\2.2.0\error_prone_annotations-2.2.0.jar;C:\Users\nitein.kurane\.m2\repository\com\google\j2objc\j2objc-annotations\1.1\j2objc-annotations-1.1.jar;C:\Users\nitein.kurane\.m2\repository\org\codehaus\mojo\animal-sniffer-annotations\1.17\animal-sniffer-annotations-1.17.jar;C:\Users\nitein.kurane\.m2\repository\org\libreoffice\libreoffice\7.3.6\libreoffice-7.3.6.jar;C:\Users\nitein.kurane\.m2\repository\org\libreoffice\ridl\7.4.1\ridl-7.4.1.jar;"/>
    <property name="sun.cpu.endian" value="little"/>
    <property name="user.home" value="C:\Users\nitein.kurane"/>
    <property name="user.language" value="en"/>
    <property name="java.specification.vendor" value="Oracle Corporation"/>
    <property name="java.version.date" value="2022-08-12"/>
    <property name="java.home" value="C:\Users\nitein.kurane\.p2\pool\plugins\org.eclipse.justj.openjdk.hotspot.jre.full.win32.x86_64_17.0.4.v20220903-1038\jre"/>
    <property name="file.separator" value="\"/>
    <property name="style.color" value="always"/>
    <property name="basedir" value="D:\newWorkspaceStaging\AutomationStaging"/>
    <property name="java.vm.compressedOopsMode" value="32-bit"/>
    <property name="line.separator" value="&#10;"/>
    <property name="java.vm.specification.vendor" value="Oracle Corporation"/>
    <property name="java.specification.name" value="Java Platform API Specification"/>
    <property name="surefire.real.class.path" value="C:\Users\NITEIN~1.KUR\AppData\Local\Temp\surefire16542651493211908418\surefirebooter4082100514783265320.jar"/>
    <property name="user.script" value=""/>
    <property name="sun.management.compiler" value="HotSpot 64-Bit Tiered Compilers"/>
    <property name="java.runtime.version" value="17.0.4.1+1"/>
    <property name="user.name" value="nitein.kurane"/>
    <property name="path.separator" value=";"/>
    <property name="os.version" value="10.0"/>
    <property name="java.runtime.name" value="OpenJDK Runtime Environment"/>
    <property name="file.encoding" value="Cp1252"/>
    <property name="java.vm.name" value="OpenJDK 64-Bit Server VM"/>
    <property name="java.vendor.version" value="Temurin-17.0.4.1+1"/>
    <property name="localRepository" value="C:\Users\nitein.kurane\.m2\repository"/>
    <property name="java.vendor.url.bug" value="https://github.com/adoptium/adoptium-support/issues"/>
    <property name="java.io.tmpdir" value="C:\Users\NITEIN~1.KUR\AppData\Local\Temp\"/>
    <property name="java.version" value="17.0.4.1"/>
    <property name="user.dir" value="D:\newWorkspaceStaging\AutomationStaging"/>
    <property name="os.arch" value="amd64"/>
    <property name="java.vm.specification.name" value="Java Virtual Machine Specification"/>
    <property name="sun.os.patch.level" value=""/>
    <property name="native.encoding" value="Cp1252"/>
    <property name="java.library.path" value="C:\Users\nitein.kurane\.p2\pool\plugins\org.eclipse.justj.openjdk.hotspot.jre.full.win32.x86_64_17.0.4.v20220903-1038\jre\bin;C:\Windows\Sun\Java\bin;C:\Windows\system32;C:\Windows;C:/Users/nitein.kurane/.p2/pool/plugins/org.eclipse.justj.openjdk.hotspot.jre.full.win32.x86_64_17.0.4.v20220903-1038/jre/bin/server;C:/Users/nitein.kurane/.p2/pool/plugins/org.eclipse.justj.openjdk.hotspot.jre.full.win32.x86_64_17.0.4.v20220903-1038/jre/bin;C:\Windows\system32;C:\Windows;C:\Windows\System32\Wbem;C:\Windows\System32\WindowsPowerShell\v1.0\;C:\Windows\System32\OpenSSH\;C:\Program Files\Microsoft VS Code\bin;C:\Program Files\TortoiseSVN\bin;C:\Users\nitein.kurane\AppData\Local\Microsoft\WindowsApps;C:\Users\nitein.kurane\AppData\Local\Programs\Git\cmd;C:\Users\nitein.kurane\Desktop;;."/>
    <property name="java.vm.info" value="mixed mode"/>
    <property name="java.vendor" value="Eclipse Adoptium"/>
    <property name="java.vm.version" value="17.0.4.1+1"/>
    <property name="sun.io.unicode.encoding" value="UnicodeLittle"/>
    <property name="java.class.version" value="61.0"/>
  </properties>
  <testcase name="aquisition_quotes_outright_PCH_OTR_calculation_with_maintenance_test" classname="com.amt.test.Acquisition_Quotes_Outright_PCH_with_maintenance_Test" time="46.616">
    <failure message="no such element: Unable to locate element: {&quot;method&quot;:&quot;xpath&quot;,&quot;selector&quot;:&quot;//body/app-root[1]/div[1]/div[2]/div[2]/div[1]/app-aquisition-generic[1]/form[1]/div[1]/div[1]/div[1]/app-aquisition-detail[1]/div[1]/div[1]/div[1]/div[1]/div[1]/div[1]/div[1]/div[1]/app-aquisition-optional-extras[1]/div[2]/div[1]/div[2]/div[1]/div[1]/div[1]/div[1]/label[1]&quot;}&#10;  (Session info: chrome=107.0.5304.88)&#10;For documentation on this error, please visit: https://selenium.dev/exceptions/#no_such_element&#10;Build info: version: &apos;4.0.0&apos;, revision: &apos;3a21814679&apos;&#10;System info: host: &apos;DSK-951&apos;, ip: &apos;10.0.3.253&apos;, os.name: &apos;Windows 10&apos;, os.arch: &apos;amd64&apos;, os.version: &apos;10.0&apos;, java.version: &apos;17.0.4.1&apos;&#10;Driver info: org.openqa.selenium.chrome.ChromeDriver&#10;Command: [f289aa6d683fc4638e1fef00ac89785e, findElement {using=xpath, value=//body/app-root[1]/div[1]/div[2]/div[2]/div[1]/app-aquisition-generic[1]/form[1]/div[1]/div[1]/div[1]/app-aquisition-detail[1]/div[1]/div[1]/div[1]/div[1]/div[1]/div[1]/div[1]/div[1]/app-aquisition-optional-extras[1]/div[2]/div[1]/div[2]/div[1]/div[1]/div[1]/div[1]/label[1]}]&#10;Capabilities {acceptInsecureCerts: false, browserName: chrome, browserVersion: 107.0.5304.88, chrome: {chromedriverVersion: 107.0.5304.62 (1eec40d3a576..., userDataDir: C:\Users\NITEIN~1.KUR\AppDa...}, goog:chromeOptions: {debuggerAddress: localhost:57064}, javascriptEnabled: true, networkConnectionEnabled: false, pageLoadStrategy: normal, platform: WINDOWS, platformName: WINDOWS, proxy: Proxy(), se:cdp: ws://localhost:57064/devtoo..., se:cdpVersion: 107.0.5304.88, setWindowRect: true, strictFileInteractability: false, timeouts: {implicit: 0, pageLoad: 300000, script: 30000}, unhandledPromptBehavior: dismiss and notify, webauthn:extension:credBlob: true, webauthn:extension:largeBlob: true, webauthn:virtualAuthenticators: true}&#10;Session ID: f289aa6d683fc4638e1fef00ac89785e" type="org.openqa.selenium.NoSuchElementException">org.openqa.selenium.NoSuchElementException: 
no such element: Unable to locate element: {"method":"xpath","selector":"//body/app-root[1]/div[1]/div[2]/div[2]/div[1]/app-aquisition-generic[1]/form[1]/div[1]/div[1]/div[1]/app-aquisition-detail[1]/div[1]/div[1]/div[1]/div[1]/div[1]/div[1]/div[1]/div[1]/app-aquisition-optional-extras[1]/div[2]/div[1]/div[2]/div[1]/div[1]/div[1]/div[1]/label[1]"}
  (Session info: chrome=107.0.5304.88)
For documentation on this error, please visit: https://selenium.dev/exceptions/#no_such_element
Build info: version: '4.0.0', revision: '3a21814679'
System info: host: 'DSK-951', ip: '10.0.3.253', os.name: 'Windows 10', os.arch: 'amd64', os.version: '10.0', java.version: '17.0.4.1'
Driver info: org.openqa.selenium.chrome.ChromeDriver
Command: [f289aa6d683fc4638e1fef00ac89785e, findElement {using=xpath, value=//body/app-root[1]/div[1]/div[2]/div[2]/div[1]/app-aquisition-generic[1]/form[1]/div[1]/div[1]/div[1]/app-aquisition-detail[1]/div[1]/div[1]/div[1]/div[1]/div[1]/div[1]/div[1]/div[1]/app-aquisition-optional-extras[1]/div[2]/div[1]/div[2]/div[1]/div[1]/div[1]/div[1]/label[1]}]
Capabilities {acceptInsecureCerts: false, browserName: chrome, browserVersion: 107.0.5304.88, chrome: {chromedriverVersion: 107.0.5304.62 (1eec40d3a576..., userDataDir: C:\Users\NITEIN~1.KUR\AppDa...}, goog:chromeOptions: {debuggerAddress: localhost:57064}, javascriptEnabled: true, networkConnectionEnabled: false, pageLoadStrategy: normal, platform: WINDOWS, platformName: WINDOWS, proxy: Proxy(), se:cdp: ws://localhost:57064/devtoo..., se:cdpVersion: 107.0.5304.88, setWindowRect: true, strictFileInteractability: false, timeouts: {implicit: 0, pageLoad: 300000, script: 30000}, unhandledPromptBehavior: dismiss and notify, webauthn:extension:credBlob: true, webauthn:extension:largeBlob: true, webauthn:virtualAuthenticators: true}
Session ID: f289aa6d683fc4638e1fef00ac89785e
	at com.amt.test.Acquisition_Quotes_Outright_PCH_with_maintenance_Test.aquisition_quotes_outright_PCH_OTR_calculation_with_maintenance_test(Acquisition_Quotes_Outright_PCH_with_maintenance_Test.java:57)
</failure>
    <system-out><![CDATA[Manufacture =AUDI has been selected
Model range =A7 has been selected
Vehicle has been selected
Paint option has been selected
]]></system-out>
    <system-err><![CDATA[SLF4J: Failed to load class "org.slf4j.impl.StaticLoggerBinder".
SLF4J: Defaulting to no-operation (NOP) logger implementation
SLF4J: See http://www.slf4j.org/codes.html#StaticLoggerBinder for further details.
ERROR StatusLogger Log4j2 could not find a logging implementation. Please add log4j-core to the classpath. Using SimpleLogger to log to the console...
Starting ChromeDriver 107.0.5304.62 (1eec40d3a5764881c92085aaee66d25075c159aa-refs/branch-heads/5304@{#942}) on port 58858
Only local connections are allowed.
Please see https://chromedriver.chromium.org/security-considerations for suggestions on keeping ChromeDriver safe.
ChromeDriver was started successfully.
Nov 09, 2022 1:15:19 PM org.openqa.selenium.remote.ProtocolHandshake createSession
INFO: Detected dialect: W3C
Nov 09, 2022 1:15:19 PM org.openqa.selenium.devtools.CdpVersionFinder findNearestMatch
WARNING: Unable to find an exact match for CDP version 107, so returning the closest version found: a no-op implementation
Nov 09, 2022 1:15:19 PM org.openqa.selenium.devtools.CdpVersionFinder findNearestMatch
INFO: Unable to find CDP implementation matching 107.
Nov 09, 2022 1:15:19 PM org.openqa.selenium.chromium.ChromiumDriver lambda$new$3
WARNING: Unable to find version of CDP to use for . You may need to include a dependency on a specific version of the CDP using something similar to `org.seleniumhq.selenium:selenium-devtools-v86:4.0.0` where the version ("v86") matches the version of the chromium-based browser you're using and the version number of the artifact is the same as Selenium's.
]]></system-err>
  </testcase>
  <testcase name="aquisition_quotes_outright_PCH_after_discount_calculations_with_maintenance_test" classname="com.amt.test.Acquisition_Quotes_Outright_PCH_with_maintenance_Test" time="0">
    <skipped message="Method Acquisition_Quotes_Outright_PCH_with_maintenance_Test.aquisition_quotes_outright_PCH_after_discount_calculations_with_maintenance_test(java.lang.String,java.lang.String,java.lang.String,java.lang.String,java.lang.String,java.lang.String,java.lang.String,java.lang.String,java.lang.String,java.lang.String,java.lang.String,java.lang.String,java.lang.String,java.lang.String,java.lang.String,java.lang.String,java.lang.String,java.lang.String,java.lang.String,java.lang.String)[pri:2, instance:com.amt.test.Acquisition_Quotes_Outright_PCH_with_maintenance_Test@72035809] depends on not successfully finished methods"/>
  </testcase>
  <testcase name="aquisition_quotes_outright_PCH_holding_cost_calculations_with_maintenance_test" classname="com.amt.test.Acquisition_Quotes_Outright_PCH_with_maintenance_Test" time="0">
    <skipped message="Method Acquisition_Quotes_Outright_PCH_with_maintenance_Test.aquisition_quotes_outright_PCH_holding_cost_calculations_with_maintenance_test(java.lang.String,java.lang.String,java.lang.String,java.lang.String,java.lang.String,java.lang.String,java.lang.String,java.lang.String,java.lang.String,java.lang.String,java.lang.String,java.lang.String,java.lang.String,java.lang.String,java.lang.String,java.lang.String,java.lang.String,java.lang.String,java.lang.String,java.lang.String)[pri:3, instance:com.amt.test.Acquisition_Quotes_Outright_PCH_with_maintenance_Test@72035809] depends on not successfully finished methods"/>
  </testcase>
  <testcase name="aquisition_quotes_outright_PCH_customer_quote_payment_profile_calculations_with_maintenance_test" classname="com.amt.test.Acquisition_Quotes_Outright_PCH_with_maintenance_Test" time="0">
    <skipped message="Method Acquisition_Quotes_Outright_PCH_with_maintenance_Test.aquisition_quotes_outright_PCH_customer_quote_payment_profile_calculations_with_maintenance_test(java.lang.String,java.lang.String,java.lang.String,java.lang.String,java.lang.String,java.lang.String,java.lang.String,java.lang.String,java.lang.String,java.lang.String,java.lang.String,java.lang.String,java.lang.String,java.lang.String,java.lang.String,java.lang.String,java.lang.String,java.lang.String,java.lang.String,java.lang.String)[pri:4, instance:com.amt.test.Acquisition_Quotes_Outright_PCH_with_maintenance_Test@72035809] depends on not successfully finished methods"/>
  </testcase>
  <testcase name="aquisition_quotes_outright_PCH_quote_summary_values_verification_with_maintenance_test" classname="com.amt.test.Acquisition_Quotes_Outright_PCH_with_maintenance_Test" time="0">
    <skipped message="Method Acquisition_Quotes_Outright_PCH_with_maintenance_Test.aquisition_quotes_outright_PCH_quote_summary_values_verification_with_maintenance_test(java.lang.String,java.lang.String,java.lang.String,java.lang.String,java.lang.String,java.lang.String,java.lang.String,java.lang.String,java.lang.String,java.lang.String,java.lang.String,java.lang.String,java.lang.String,java.lang.String,java.lang.String,java.lang.String,java.lang.String,java.lang.String,java.lang.String,java.lang.String)[pri:5, instance:com.amt.test.Acquisition_Quotes_Outright_PCH_with_maintenance_Test@72035809] depends on not successfully finished methods"/>
  </testcase>
  <testcase name="aquisition_quotes_user_flow_broker_fl_with_maintenance_vehicle_price_edited_test" classname="com.amt.test.Acquisition_Quotes_Broker_FL_with_maintenance_edited_Test" time="74.183"/>
  <testcase name="aquisition_quotes_user_flow_broker_fl_with_maintenance_road_tax_for_first_year_edited_test" classname="com.amt.test.Acquisition_Quotes_Broker_FL_with_maintenance_edited_Test" time="1.508"/>
  <testcase name="aquisition_quotes_user_flow_broker_fl_with_maintenance_customer_quote_funder_quote_addition_test" classname="com.amt.test.Acquisition_Quotes_Broker_FL_with_maintenance_edited_Test" time="111.546"/>
  <testcase name="aquisition_quotes_user_flow_broker_fl_with_maintenance_quote_summary_page_value_verification_test" classname="com.amt.test.Acquisition_Quotes_Broker_FL_with_maintenance_edited_Test" time="50.315"/>
  <testcase name="aquisition_quotes_outright_FL_OTR_calculation_without_maintenance_test" classname="com.amt.test.Acquisition_Quotes_Outright_FL_without_maintenance_Test" time="69.556"/>
  <testcase name="aquisition_quotes_outright_FL_after_discount_calculations_without_maintenance_test" classname="com.amt.test.Acquisition_Quotes_Outright_FL_without_maintenance_Test" time="0.725"/>
  <testcase name="aquisition_quotes_outright_FL_holding_cost_calculations_without_maintenance_test" classname="com.amt.test.Acquisition_Quotes_Outright_FL_without_maintenance_Test" time="5.325"/>
  <testcase name="aquisition_quotes_outright_FL_customer_quote_payment_profile_calculations_without_maintenance_test" classname="com.amt.test.Acquisition_Quotes_Outright_FL_without_maintenance_Test" time="16.429"/>
  <testcase name="aquisition_quotes_outright_FL_quote_summary_values_verification_without_maintenance_test" classname="com.amt.test.Acquisition_Quotes_Outright_FL_without_maintenance_Test" time="36.826"/>
  <testcase name="aquisition_quotes_user_flow_broker_bch_with_maintenance_vehicle_price_edited_test" classname="com.amt.test.Acquisition_Quotes_Broker_BCH_with_maintenance_edited_Test" time="73.04"/>
  <testcase name="aquisition_quotes_user_flow_broker_bch_with_maintenance_road_tax_for_first_year_edited_test" classname="com.amt.test.Acquisition_Quotes_Broker_BCH_with_maintenance_edited_Test" time="1.117"/>
  <testcase name="aquisition_quotes_user_flow_broker_bch_with_maintenance_customer_quote_funder_quote_addition_test" classname="com.amt.test.Acquisition_Quotes_Broker_BCH_with_maintenance_edited_Test" time="118.497">
    <failure message="Expected condition failed: waiting for visibility of Proxy element for: DefaultElementLocator &apos;By.xpath: //input[@id=&apos;monthlyMaintenanceRental&apos;]&apos; (tried for 60 second(s) with 500 milliseconds interval)" type="org.openqa.selenium.TimeoutException">org.openqa.selenium.TimeoutException: Expected condition failed: waiting for visibility of Proxy element for: DefaultElementLocator 'By.xpath: //input[@id='monthlyMaintenanceRental']' (tried for 60 second(s) with 500 milliseconds interval)
	at com.amt.test.Acquisition_Quotes_Broker_BCH_with_maintenance_edited_Test.aquisition_quotes_user_flow_broker_bch_with_maintenance_customer_quote_funder_quote_addition_test(Acquisition_Quotes_Broker_BCH_with_maintenance_edited_Test.java:93)
Caused by: org.openqa.selenium.NoSuchElementException: 
no such element: Unable to locate element: {"method":"xpath","selector":"//input[@id='monthlyMaintenanceRental']"}
  (Session info: chrome=107.0.5304.88)
For documentation on this error, please visit: https://selenium.dev/exceptions/#no_such_element
Build info: version: '4.0.0', revision: '3a21814679'
System info: host: 'DSK-951', ip: '10.0.3.253', os.name: 'Windows 10', os.arch: 'amd64', os.version: '10.0', java.version: '17.0.4.1'
Driver info: org.openqa.selenium.chrome.ChromeDriver
Command: [bcc7df16db3feba57f09cd113b945a11, findElement {using=xpath, value=//input[@id='monthlyMaintenanceRental']}]
Capabilities {acceptInsecureCerts: false, browserName: chrome, browserVersion: 107.0.5304.88, chrome: {chromedriverVersion: 107.0.5304.62 (1eec40d3a576..., userDataDir: C:\Users\NITEIN~1.KUR\AppDa...}, goog:chromeOptions: {debuggerAddress: localhost:57607}, javascriptEnabled: true, networkConnectionEnabled: false, pageLoadStrategy: normal, platform: WINDOWS, platformName: WINDOWS, proxy: Proxy(), se:cdp: ws://localhost:57607/devtoo..., se:cdpVersion: 107.0.5304.88, setWindowRect: true, strictFileInteractability: false, timeouts: {implicit: 0, pageLoad: 300000, script: 30000}, unhandledPromptBehavior: dismiss and notify, webauthn:extension:credBlob: true, webauthn:extension:largeBlob: true, webauthn:virtualAuthenticators: true}
Session ID: bcc7df16db3feba57f09cd113b945a11
	at com.amt.test.Acquisition_Quotes_Broker_BCH_with_maintenance_edited_Test.aquisition_quotes_user_flow_broker_bch_with_maintenance_customer_quote_funder_quote_addition_test(Acquisition_Quotes_Broker_BCH_with_maintenance_edited_Test.java:93)
</failure>
    <system-out><![CDATA[dropdown_lenth10
1 Monthly in advance
2 Spread rentals initial payment
3 Spread rentals with 3 down
4 Spread rentals with 6 down
5 Spread rentals with 9 down
6 Spread rentals with 12 down
7 Terminal pause with 3 down
8 Terminal pause with 6 down
]]></system-out>
  </testcase>
  <testcase name="aquisition_quotes_user_flow_broker_bch_with_maintenance_quote_summary_page_value_verification_test" classname="com.amt.test.Acquisition_Quotes_Broker_BCH_with_maintenance_edited_Test" time="0">
    <skipped message="Method Acquisition_Quotes_Broker_BCH_with_maintenance_edited_Test.aquisition_quotes_user_flow_broker_bch_with_maintenance_quote_summary_page_value_verification_test(java.lang.String,java.lang.String,java.lang.String,java.lang.String,java.lang.String,java.lang.String,java.lang.String,java.lang.String,java.lang.String,java.lang.String,java.lang.String,java.lang.String,java.lang.String,java.lang.String,java.lang.String,java.lang.String,java.lang.String,java.lang.String,java.lang.String,java.lang.String,java.lang.String,java.lang.String)[pri:4, instance:com.amt.test.Acquisition_Quotes_Broker_BCH_with_maintenance_edited_Test@6caf0677] depends on not successfully finished methods"/>
  </testcase>
  <testcase name="aquisition_quotes_user_flow_broker_bch_OTR_calculation_with_maintenance_test" classname="com.amt.test.Acquisition_Quotes_Broker_BCH_with_maintenance_Test" time="71.273"/>
  <testcase name="aquisition_quotes_user_flow_broker_bch_after_discount_calculations_with_maintenance_test" classname="com.amt.test.Acquisition_Quotes_Broker_BCH_with_maintenance_Test" time="0.658"/>
  <testcase name="aquisition_quotes_user_flow_broker_bch_funder_quote_addition_with_maintenance_test" classname="com.amt.test.Acquisition_Quotes_Broker_BCH_with_maintenance_Test" time="99.457">
    <failure message="Expected condition failed: waiting for visibility of Proxy element for: DefaultElementLocator &apos;By.xpath: //input[@id=&apos;monthlyMaintenanceRental&apos;]&apos; (tried for 60 second(s) with 500 milliseconds interval)" type="org.openqa.selenium.TimeoutException">org.openqa.selenium.TimeoutException: Expected condition failed: waiting for visibility of Proxy element for: DefaultElementLocator 'By.xpath: //input[@id='monthlyMaintenanceRental']' (tried for 60 second(s) with 500 milliseconds interval)
	at com.amt.test.Acquisition_Quotes_Broker_BCH_with_maintenance_Test.aquisition_quotes_user_flow_broker_bch_funder_quote_addition_with_maintenance_test(Acquisition_Quotes_Broker_BCH_with_maintenance_Test.java:80)
Caused by: org.openqa.selenium.NoSuchElementException: 
no such element: Unable to locate element: {"method":"xpath","selector":"//input[@id='monthlyMaintenanceRental']"}
  (Session info: chrome=107.0.5304.88)
For documentation on this error, please visit: https://selenium.dev/exceptions/#no_such_element
Build info: version: '4.0.0', revision: '3a21814679'
System info: host: 'DSK-951', ip: '10.0.3.253', os.name: 'Windows 10', os.arch: 'amd64', os.version: '10.0', java.version: '17.0.4.1'
Driver info: org.openqa.selenium.chrome.ChromeDriver
Command: [1e4ff8c8f3650626e3d902c7b36fa065, findElement {using=xpath, value=//input[@id='monthlyMaintenanceRental']}]
Capabilities {acceptInsecureCerts: false, browserName: chrome, browserVersion: 107.0.5304.88, chrome: {chromedriverVersion: 107.0.5304.62 (1eec40d3a576..., userDataDir: C:\Users\NITEIN~1.KUR\AppDa...}, goog:chromeOptions: {debuggerAddress: localhost:57828}, javascriptEnabled: true, networkConnectionEnabled: false, pageLoadStrategy: normal, platform: WINDOWS, platformName: WINDOWS, proxy: Proxy(), se:cdp: ws://localhost:57828/devtoo..., se:cdpVersion: 107.0.5304.88, setWindowRect: true, strictFileInteractability: false, timeouts: {implicit: 0, pageLoad: 300000, script: 30000}, unhandledPromptBehavior: dismiss and notify, webauthn:extension:credBlob: true, webauthn:extension:largeBlob: true, webauthn:virtualAuthenticators: true}
Session ID: 1e4ff8c8f3650626e3d902c7b36fa065
	at com.amt.test.Acquisition_Quotes_Broker_BCH_with_maintenance_Test.aquisition_quotes_user_flow_broker_bch_funder_quote_addition_with_maintenance_test(Acquisition_Quotes_Broker_BCH_with_maintenance_Test.java:80)
</failure>
    <system-out><![CDATA[dropdown_lenth10
1 Monthly in advance
2 Spread rentals initial payment
3 Spread rentals with 3 down
4 Spread rentals with 6 down
5 Spread rentals with 9 down
]]></system-out>
  </testcase>
  <testcase name="aquisition_quotes_user_flow_broker_bch_quote_summary_values_verification_with_maintenance_test" classname="com.amt.test.Acquisition_Quotes_Broker_BCH_with_maintenance_Test" time="0">
    <skipped message="Method Acquisition_Quotes_Broker_BCH_with_maintenance_Test.aquisition_quotes_user_flow_broker_bch_quote_summary_values_verification_with_maintenance_test(java.lang.String,java.lang.String,java.lang.String,java.lang.String,java.lang.String,java.lang.String,java.lang.String,java.lang.String,java.lang.String,java.lang.String,java.lang.String,java.lang.String,java.lang.String,java.lang.String)[pri:4, instance:com.amt.test.Acquisition_Quotes_Broker_BCH_with_maintenance_Test@413d1baf] depends on not successfully finished methods"/>
  </testcase>
  <testcase name="aquisition_quotes_user_flow_broker_PCH_without_maintenance_vehicle_price_edited_test" classname="com.amt.test.Acquisition_Quotes_Broker_PCH_without_maintenance_edited_Test" time="71.331"/>
  <testcase name="aquisition_quotes_user_flow_broker_PCH_without_maintenance_road_tax_for_first_year_edited_test" classname="com.amt.test.Acquisition_Quotes_Broker_PCH_without_maintenance_edited_Test" time="1.115"/>
  <testcase name="aquisition_quotes_user_flow_broker_PCH_without_maintenance_customer_quote_funder_quote_addition_test" classname="com.amt.test.Acquisition_Quotes_Broker_PCH_without_maintenance_edited_Test" time="42.992"/>
  <testcase name="aquisition_quotes_user_flow_broker_PCH_without_maintenance_quote_summary_page_value_verification_test" classname="com.amt.test.Acquisition_Quotes_Broker_PCH_without_maintenance_edited_Test" time="34.147"/>
  <testcase name="aquisition_quotes_user_flow_broker_FL_without_maintenance_vehicle_price_edited_test" classname="com.amt.test.Acquisition_Quotes_Broker_FL_without_maintenance_edited_Test" time="81.763"/>
  <testcase name="aquisition_quotes_user_flow_broker_FL_without_maintenance_road_tax_for_first_year_edited_test" classname="com.amt.test.Acquisition_Quotes_Broker_FL_without_maintenance_edited_Test" time="1.224"/>
  <testcase name="aquisition_quotes_user_flow_broker_FL_without_maintenance_customer_quote_funder_quote_addition_test" classname="com.amt.test.Acquisition_Quotes_Broker_FL_without_maintenance_edited_Test" time="105.499"/>
  <testcase name="aquisition_quotes_user_flow_broker_FL_without_maintenance_quote_summary_page_value_verification_test" classname="com.amt.test.Acquisition_Quotes_Broker_FL_without_maintenance_edited_Test" time="34.983"/>
  <testcase name="aquisition_quotes_outright_PCH_OTR_calculation_without_maintenance_test" classname="com.amt.test.Acquisition_Quotes_Outright_PCH_without_maintenance_Test" time="63.413">
    <failure message="element click intercepted: Element &lt;a href=&quot;javascript:;&quot; id=&quot;acqOTRHeader&quot;&gt;...&lt;/a&gt; is not clickable at point (559, 88). Other element would receive the click: &lt;div _ngcontent-bea-c0=&quot;&quot; class=&quot;loader_div&quot;&gt;...&lt;/div&gt;&#10;  (Session info: chrome=107.0.5304.88)&#10;Build info: version: &apos;4.0.0&apos;, revision: &apos;3a21814679&apos;&#10;System info: host: &apos;DSK-951&apos;, ip: &apos;10.0.3.253&apos;, os.name: &apos;Windows 10&apos;, os.arch: &apos;amd64&apos;, os.version: &apos;10.0&apos;, java.version: &apos;17.0.4.1&apos;&#10;Driver info: org.openqa.selenium.chrome.ChromeDriver&#10;Command: [aeeafc7b2c00e4a0d725d98d6ee525da, clickElement {id=2d615103-0598-4ddf-9369-48e8d0da8671}]&#10;Capabilities {acceptInsecureCerts: false, browserName: chrome, browserVersion: 107.0.5304.88, chrome: {chromedriverVersion: 107.0.5304.62 (1eec40d3a576..., userDataDir: C:\Users\NITEIN~1.KUR\AppDa...}, goog:chromeOptions: {debuggerAddress: localhost:58497}, javascriptEnabled: true, networkConnectionEnabled: false, pageLoadStrategy: normal, platform: WINDOWS, platformName: WINDOWS, proxy: Proxy(), se:cdp: ws://localhost:58497/devtoo..., se:cdpVersion: 107.0.5304.88, setWindowRect: true, strictFileInteractability: false, timeouts: {implicit: 0, pageLoad: 300000, script: 30000}, unhandledPromptBehavior: dismiss and notify, webauthn:extension:credBlob: true, webauthn:extension:largeBlob: true, webauthn:virtualAuthenticators: true}&#10;Element: [[ChromeDriver: chrome on WINDOWS (aeeafc7b2c00e4a0d725d98d6ee525da)] -&gt; xpath: //*[@id =&apos;acqOTRHeader&apos;]]&#10;Session ID: aeeafc7b2c00e4a0d725d98d6ee525da" type="org.openqa.selenium.ElementClickInterceptedException"><![CDATA[org.openqa.selenium.ElementClickInterceptedException: 
element click intercepted: Element <a href="javascript:;" id="acqOTRHeader">...</a> is not clickable at point (559, 88). Other element would receive the click: <div _ngcontent-bea-c0="" class="loader_div">...</div>
  (Session info: chrome=107.0.5304.88)
Build info: version: '4.0.0', revision: '3a21814679'
System info: host: 'DSK-951', ip: '10.0.3.253', os.name: 'Windows 10', os.arch: 'amd64', os.version: '10.0', java.version: '17.0.4.1'
Driver info: org.openqa.selenium.chrome.ChromeDriver
Command: [aeeafc7b2c00e4a0d725d98d6ee525da, clickElement {id=2d615103-0598-4ddf-9369-48e8d0da8671}]
Capabilities {acceptInsecureCerts: false, browserName: chrome, browserVersion: 107.0.5304.88, chrome: {chromedriverVersion: 107.0.5304.62 (1eec40d3a576..., userDataDir: C:\Users\NITEIN~1.KUR\AppDa...}, goog:chromeOptions: {debuggerAddress: localhost:58497}, javascriptEnabled: true, networkConnectionEnabled: false, pageLoadStrategy: normal, platform: WINDOWS, platformName: WINDOWS, proxy: Proxy(), se:cdp: ws://localhost:58497/devtoo..., se:cdpVersion: 107.0.5304.88, setWindowRect: true, strictFileInteractability: false, timeouts: {implicit: 0, pageLoad: 300000, script: 30000}, unhandledPromptBehavior: dismiss and notify, webauthn:extension:credBlob: true, webauthn:extension:largeBlob: true, webauthn:virtualAuthenticators: true}
Element: [[ChromeDriver: chrome on WINDOWS (aeeafc7b2c00e4a0d725d98d6ee525da)] -> xpath: //*[@id ='acqOTRHeader']]
Session ID: aeeafc7b2c00e4a0d725d98d6ee525da
	at com.amt.test.Acquisition_Quotes_Outright_PCH_without_maintenance_Test.aquisition_quotes_outright_PCH_OTR_calculation_without_maintenance_test(Acquisition_Quotes_Outright_PCH_without_maintenance_Test.java:60)
]]></failure>
    <system-out><![CDATA[Manufacture =AUDI has been selected
Model range =A7 has been selected
Vehicle has been selected
Paint option has been selected
Interior option has been selected
]]></system-out>
    <system-err><![CDATA[[1667981146.995][WARNING]: Timed out connecting to Chrome, retrying...
[1667981155.071][WARNING]: Timed out connecting to Chrome, retrying...
Starting ChromeDriver 107.0.5304.62 (1eec40d3a5764881c92085aaee66d25075c159aa-refs/branch-heads/5304@{#942}) on port 56206
Only local connections are allowed.
Please see https://chromedriver.chromium.org/security-considerations for suggestions on keeping ChromeDriver safe.
ChromeDriver was started successfully.
Nov 09, 2022 1:36:02 PM org.openqa.selenium.remote.ProtocolHandshake createSession
INFO: Detected dialect: W3C
Nov 09, 2022 1:36:02 PM org.openqa.selenium.devtools.CdpVersionFinder findNearestMatch
WARNING: Unable to find an exact match for CDP version 107, so returning the closest version found: a no-op implementation
Nov 09, 2022 1:36:02 PM org.openqa.selenium.devtools.CdpVersionFinder findNearestMatch
INFO: Unable to find CDP implementation matching 107.
Nov 09, 2022 1:36:02 PM org.openqa.selenium.chromium.ChromiumDriver lambda$new$3
WARNING: Unable to find version of CDP to use for . You may need to include a dependency on a specific version of the CDP using something similar to `org.seleniumhq.selenium:selenium-devtools-v86:4.0.0` where the version ("v86") matches the version of the chromium-based browser you're using and the version number of the artifact is the same as Selenium's.
]]></system-err>
  </testcase>
  <testcase name="aquisition_quotes_outright_PCH_after_discount_calculations_without_maintenance_test" classname="com.amt.test.Acquisition_Quotes_Outright_PCH_without_maintenance_Test" time="0">
    <skipped message="Method Acquisition_Quotes_Outright_PCH_without_maintenance_Test.aquisition_quotes_outright_PCH_after_discount_calculations_without_maintenance_test(java.lang.String,java.lang.String,java.lang.String,java.lang.String,java.lang.String,java.lang.String,java.lang.String,java.lang.String,java.lang.String,java.lang.String,java.lang.String,java.lang.String,java.lang.String,java.lang.String,java.lang.String,java.lang.String,java.lang.String,java.lang.String)[pri:2, instance:com.amt.test.Acquisition_Quotes_Outright_PCH_without_maintenance_Test@33bc72d1] depends on not successfully finished methods"/>
  </testcase>
  <testcase name="aquisition_quotes_outright_PCH_holding_cost_calculations_without_maintenance_test" classname="com.amt.test.Acquisition_Quotes_Outright_PCH_without_maintenance_Test" time="0">
    <skipped message="Method Acquisition_Quotes_Outright_PCH_without_maintenance_Test.aquisition_quotes_outright_PCH_holding_cost_calculations_without_maintenance_test(java.lang.String,java.lang.String,java.lang.String,java.lang.String,java.lang.String,java.lang.String,java.lang.String,java.lang.String,java.lang.String,java.lang.String,java.lang.String,java.lang.String,java.lang.String,java.lang.String,java.lang.String,java.lang.String,java.lang.String,java.lang.String)[pri:3, instance:com.amt.test.Acquisition_Quotes_Outright_PCH_without_maintenance_Test@33bc72d1] depends on not successfully finished methods"/>
  </testcase>
  <testcase name="aquisition_quotes_outright_PCH_customer_quote_payment_profile_calculations_without_maintenance_test" classname="com.amt.test.Acquisition_Quotes_Outright_PCH_without_maintenance_Test" time="0">
    <skipped message="Method Acquisition_Quotes_Outright_PCH_without_maintenance_Test.aquisition_quotes_outright_PCH_customer_quote_payment_profile_calculations_without_maintenance_test(java.lang.String,java.lang.String,java.lang.String,java.lang.String,java.lang.String,java.lang.String,java.lang.String,java.lang.String,java.lang.String,java.lang.String,java.lang.String,java.lang.String,java.lang.String,java.lang.String,java.lang.String,java.lang.String,java.lang.String,java.lang.String)[pri:4, instance:com.amt.test.Acquisition_Quotes_Outright_PCH_without_maintenance_Test@33bc72d1] depends on not successfully finished methods"/>
  </testcase>
  <testcase name="aquisition_quotes_outright_PCH_quote_summary_values_verification_without_maintenance_test" classname="com.amt.test.Acquisition_Quotes_Outright_PCH_without_maintenance_Test" time="0">
    <skipped message="Method Acquisition_Quotes_Outright_PCH_without_maintenance_Test.aquisition_quotes_outright_PCH_quote_summary_values_verification_without_maintenance_test(java.lang.String,java.lang.String,java.lang.String,java.lang.String,java.lang.String,java.lang.String,java.lang.String,java.lang.String,java.lang.String,java.lang.String,java.lang.String,java.lang.String,java.lang.String,java.lang.String,java.lang.String,java.lang.String,java.lang.String,java.lang.String)[pri:5, instance:com.amt.test.Acquisition_Quotes_Outright_PCH_without_maintenance_Test@33bc72d1] depends on not successfully finished methods"/>
  </testcase>
  <testcase name="login_Test" classname="com.amt.test.LoginTest" time="4.653"/>
  <testcase name="pageTitle_Test" classname="com.amt.test.LoginTest" time="0.005"/>
  <testcase name="amt_Logo_display_Test" classname="com.amt.test.LoginTest" time="2.912"/>
  <testcase name="aquisition_quotes_outright_FL_OTR_calculation_with_maintenance_test" classname="com.amt.test.Acquisition_Quotes_Outright_FL_with_maintenance_Test" time="78.664"/>
  <testcase name="aquisition_quotes_outright_FL_after_discount_calculations_with_maintenance_test" classname="com.amt.test.Acquisition_Quotes_Outright_FL_with_maintenance_Test" time="0.668"/>
  <testcase name="aquisition_quotes_outright_FL_holding_cost_calculations_with_maintenance_test" classname="com.amt.test.Acquisition_Quotes_Outright_FL_with_maintenance_Test" time="5.088"/>
  <testcase name="aquisition_quotes_outright_FL_customer_quote_payment_profile_calculations_with_maintenance_test" classname="com.amt.test.Acquisition_Quotes_Outright_FL_with_maintenance_Test" time="18.549"/>
  <testcase name="aquisition_quotes_outright_FL_quote_summary_values_verification_with_maintenance_test" classname="com.amt.test.Acquisition_Quotes_Outright_FL_with_maintenance_Test" time="35.148"/>
  <testcase name="aquisition_quotes_outright_BCH_OTR_calculation_without_maintenance_test" classname="com.amt.test.Acquisition_Quotes_Outright_BCH_without_maintenance_Test" time="73.243"/>
  <testcase name="aquisition_quotes_outright_BCH_after_discount_calculations_without_maintenance_test" classname="com.amt.test.Acquisition_Quotes_Outright_BCH_without_maintenance_Test" time="0.635"/>
  <testcase name="aquisition_quotes_outright_BCH_holding_cost_calculations_without_maintenance_test" classname="com.amt.test.Acquisition_Quotes_Outright_BCH_without_maintenance_Test" time="5.274"/>
  <testcase name="aquisition_quotes_outright_BCH_customer_quote_payment_profile_calculations_without_maintenance_test" classname="com.amt.test.Acquisition_Quotes_Outright_BCH_without_maintenance_Test" time="4.519">
    <failure message="expected [true] but found [false]" type="java.lang.AssertionError">java.lang.AssertionError: expected [true] but found [false]
	at com.amt.test.Acquisition_Quotes_Outright_BCH_without_maintenance_Test.aquisition_quotes_outright_BCH_customer_quote_payment_profile_calculations_without_maintenance_test(Acquisition_Quotes_Outright_BCH_without_maintenance_Test.java:120)
</failure>
    <system-out><![CDATA[Writing configuration values from property file to Excel for customer quote calculation -started
Writing configuration values from property file to Excel for customer quote calculation -completed
************Calculations for Customer Quote Page has been started***********
Payment Profile Monthly in Advance option has been selected
Clicked on Part Exchange panel
Writing values to Excel for customer quote calculation -started
Monthly in advance
Formula1-BCH
Writing values to Excel for customer quote calculation -completed
Reading  Monthly Finance Rental from  Excel   -started
Reading  Monthly Finance Rental from  Excel   -completed
Monthly Finance Rental from Excel is =1079.4386441920722
Monthly Finance Rental from screen is 0.0
]]></system-out>
  </testcase>
  <testcase name="aquisition_quotes_outright_BCH_quote_summary_values_verification_without_maintenance_test" classname="com.amt.test.Acquisition_Quotes_Outright_BCH_without_maintenance_Test" time="0">
    <skipped message="Method Acquisition_Quotes_Outright_BCH_without_maintenance_Test.aquisition_quotes_outright_BCH_quote_summary_values_verification_without_maintenance_test(java.lang.String,java.lang.String,java.lang.String,java.lang.String,java.lang.String,java.lang.String,java.lang.String,java.lang.String,java.lang.String,java.lang.String,java.lang.String,java.lang.String,java.lang.String,java.lang.String,java.lang.String,java.lang.String,java.lang.String,java.lang.String)[pri:5, instance:com.amt.test.Acquisition_Quotes_Outright_BCH_without_maintenance_Test@5032714f] depends on not successfully finished methods"/>
  </testcase>
  <testcase name="aquisition_quotes_user_flow_broker_pch_OTR_calculation_with_maintenance_test" classname="com.amt.test.Acquisition_Quotes_Broker_FL_with_maintenance_Test" time="71.798"/>
  <testcase name="aquisition_quotes_user_flow_broker_pch_after_discount_calculation_with_maintenance_test" classname="com.amt.test.Acquisition_Quotes_Broker_FL_with_maintenance_Test" time="0.708"/>
  <testcase name="aquisition_quotes_user_flow_broker_pch_funder_quote_addition_with_maintenance_test" classname="com.amt.test.Acquisition_Quotes_Broker_FL_with_maintenance_Test" time="111.34"/>
  <testcase name="aquisition_quotes_user_flow_broker_pch_quote_summary_calculation_with_maintenance_test" classname="com.amt.test.Acquisition_Quotes_Broker_FL_with_maintenance_Test" time="35.057"/>
  <testcase name="aquisition_quotes_user_flow_broker_fl_OTR_calculation_without_maintenance_test" classname="com.amt.test.Acquisition_Quotes_Broker_FL_without_maintenance_Test" time="73.127"/>
  <testcase name="aquisition_quotes_user_flow_broker_fl_after_discount_calculation_without_maintenance_test" classname="com.amt.test.Acquisition_Quotes_Broker_FL_without_maintenance_Test" time="0.621"/>
  <testcase name="aquisition_quotes_user_flow_broker_fl_funder_quote_addition_without_maintenance_test" classname="com.amt.test.Acquisition_Quotes_Broker_FL_without_maintenance_Test" time="112.859"/>
  <testcase name="aquisition_quotes_user_flow_broker_fl_quote_summary_values_verification_without_maintenance_test" classname="com.amt.test.Acquisition_Quotes_Broker_FL_without_maintenance_Test" time="34.249"/>
  <testcase name="aquisition_quotes_user_flow_broker_pch_OTR_calculations_without_maintenance_test" classname="com.amt.test.Acquisition_Quotes_Broker_PCH_without_maintenance_Test" time="75.691"/>
  <testcase name="aquisition_quotes_user_flow_broker_pch_after_discount_calculations_without_maintenance_test" classname="com.amt.test.Acquisition_Quotes_Broker_PCH_without_maintenance_Test" time="0.622"/>
  <testcase name="aquisition_quotes_user_flow_broker_pch_funder_quote_addition_without_maintenance_test" classname="com.amt.test.Acquisition_Quotes_Broker_PCH_without_maintenance_Test" time="82.77"/>
  <testcase name="aquisition_quotes_user_flow_broker_pch_quote_summary_values_verification_without_maintenance_test" classname="com.amt.test.Acquisition_Quotes_Broker_PCH_without_maintenance_Test" time="34.133"/>
  <testcase name="aquisition_quotes_user_flow_broker_bch_OTR_calculation_without_maintenance_test" classname="com.amt.test.Acquisition_Quotes_Broker_BCH_without_maintenance_Test" time="77.556"/>
  <testcase name="aquisition_quotes_user_flow_broker_bch_after_discount_calculation_without_maintenance_test" classname="com.amt.test.Acquisition_Quotes_Broker_BCH_without_maintenance_Test" time="0.665"/>
  <testcase name="aquisition_quotes_user_flow_broker_bch_funder_quote_addition_without_maintenance_test" classname="com.amt.test.Acquisition_Quotes_Broker_BCH_without_maintenance_Test" time="46.074"/>
  <testcase name="aquisition_quotes_user_flow_broker_bch_quote_summary_values_verification_without_maintenance_test" classname="com.amt.test.Acquisition_Quotes_Broker_BCH_without_maintenance_Test" time="1.558">
    <failure message="element click intercepted: Element &lt;p&gt;...&lt;/p&gt; is not clickable at point (812, 97). Other element would receive the click: &lt;div _ngcontent-hvu-c0=&quot;&quot; class=&quot;loader_div&quot;&gt;...&lt;/div&gt;&#10;  (Session info: chrome=107.0.5304.88)&#10;Build info: version: &apos;4.0.0&apos;, revision: &apos;3a21814679&apos;&#10;System info: host: &apos;DSK-951&apos;, ip: &apos;10.0.3.253&apos;, os.name: &apos;Windows 10&apos;, os.arch: &apos;amd64&apos;, os.version: &apos;10.0&apos;, java.version: &apos;17.0.4.1&apos;&#10;Driver info: org.openqa.selenium.chrome.ChromeDriver&#10;Command: [39337d3d6a1f44a35170f3c8260a69ca, clickElement {id=86ca3951-44ca-4eea-9075-a780f4b365c1}]&#10;Capabilities {acceptInsecureCerts: false, browserName: chrome, browserVersion: 107.0.5304.88, chrome: {chromedriverVersion: 107.0.5304.62 (1eec40d3a576..., userDataDir: C:\Users\NITEIN~1.KUR\AppDa...}, goog:chromeOptions: {debuggerAddress: localhost:60161}, javascriptEnabled: true, networkConnectionEnabled: false, pageLoadStrategy: normal, platform: WINDOWS, platformName: WINDOWS, proxy: Proxy(), se:cdp: ws://localhost:60161/devtoo..., se:cdpVersion: 107.0.5304.88, setWindowRect: true, strictFileInteractability: false, timeouts: {implicit: 0, pageLoad: 300000, script: 30000}, unhandledPromptBehavior: dismiss and notify, webauthn:extension:credBlob: true, webauthn:extension:largeBlob: true, webauthn:virtualAuthenticators: true}&#10;Element: [[ChromeDriver: chrome on WINDOWS (39337d3d6a1f44a35170f3c8260a69ca)] -&gt; xpath: //p[normalize-space()=&apos;Quote summary&apos;]]&#10;Session ID: 39337d3d6a1f44a35170f3c8260a69ca" type="org.openqa.selenium.ElementClickInterceptedException"><![CDATA[org.openqa.selenium.ElementClickInterceptedException: 
element click intercepted: Element <p>...</p> is not clickable at point (812, 97). Other element would receive the click: <div _ngcontent-hvu-c0="" class="loader_div">...</div>
  (Session info: chrome=107.0.5304.88)
Build info: version: '4.0.0', revision: '3a21814679'
System info: host: 'DSK-951', ip: '10.0.3.253', os.name: 'Windows 10', os.arch: 'amd64', os.version: '10.0', java.version: '17.0.4.1'
Driver info: org.openqa.selenium.chrome.ChromeDriver
Command: [39337d3d6a1f44a35170f3c8260a69ca, clickElement {id=86ca3951-44ca-4eea-9075-a780f4b365c1}]
Capabilities {acceptInsecureCerts: false, browserName: chrome, browserVersion: 107.0.5304.88, chrome: {chromedriverVersion: 107.0.5304.62 (1eec40d3a576..., userDataDir: C:\Users\NITEIN~1.KUR\AppDa...}, goog:chromeOptions: {debuggerAddress: localhost:60161}, javascriptEnabled: true, networkConnectionEnabled: false, pageLoadStrategy: normal, platform: WINDOWS, platformName: WINDOWS, proxy: Proxy(), se:cdp: ws://localhost:60161/devtoo..., se:cdpVersion: 107.0.5304.88, setWindowRect: true, strictFileInteractability: false, timeouts: {implicit: 0, pageLoad: 300000, script: 30000}, unhandledPromptBehavior: dismiss and notify, webauthn:extension:credBlob: true, webauthn:extension:largeBlob: true, webauthn:virtualAuthenticators: true}
Element: [[ChromeDriver: chrome on WINDOWS (39337d3d6a1f44a35170f3c8260a69ca)] -> xpath: //p[normalize-space()='Quote summary']]
Session ID: 39337d3d6a1f44a35170f3c8260a69ca
	at com.amt.test.Acquisition_Quotes_Broker_BCH_without_maintenance_Test.aquisition_quotes_user_flow_broker_bch_quote_summary_values_verification_without_maintenance_test(Acquisition_Quotes_Broker_BCH_without_maintenance_Test.java:93)
]]></failure>
    <system-out><![CDATA[*************Calculations for Quote Summary page gas been started************
]]></system-out>
  </testcase>
  <testcase name="aquisition_quotes_outright_BCH_OTR_calculation_with_maintenance_test" classname="com.amt.test.Acquisition_Quotes_Outright_BCH_with_maintenance_Test" time="73.046"/>
  <testcase name="aquisition_quotes_outright_BCH_after_discount_calculations_with_maintenance_test" classname="com.amt.test.Acquisition_Quotes_Outright_BCH_with_maintenance_Test" time="0.613"/>
  <testcase name="aquisition_quotes_outright_BCH_holding_cost_calculations_with_maintenance_test" classname="com.amt.test.Acquisition_Quotes_Outright_BCH_with_maintenance_Test" time="5.244"/>
  <testcase name="aquisition_quotes_outright_BCH_customer_quote_payment_profile_calculations_with_maintenance_test" classname="com.amt.test.Acquisition_Quotes_Outright_BCH_with_maintenance_Test" time="17.122"/>
  <testcase name="aquisition_quotes_outright_BCH_quote_summary_values_verification_with_maintenance_test" classname="com.amt.test.Acquisition_Quotes_Outright_BCH_with_maintenance_Test" time="36.623"/>
  <testcase name="aquisition_quotes_user_flow_broker_bch_without_maintenance_vehicle_price_edited_test" classname="com.amt.test.Acquisition_Quotes_Broker_BCH_without_maintenance_edited_Test" time="72.024"/>
  <testcase name="aquisition_quotes_user_flow_broker_bch_without_maintenance_road_tax_for_first_year_edited_test" classname="com.amt.test.Acquisition_Quotes_Broker_BCH_without_maintenance_edited_Test" time="1.1"/>
  <testcase name="aquisition_quotes_user_flow_broker_bch_without_maintenance_customer_quote_funder_quote_addition_test" classname="com.amt.test.Acquisition_Quotes_Broker_BCH_without_maintenance_edited_Test" time="51.33"/>
  <testcase name="aquisition_quotes_user_flow_broker_bch_without_maintenance_quote_summary_page_value_verification_test" classname="com.amt.test.Acquisition_Quotes_Broker_BCH_without_maintenance_edited_Test" time="1.557">
    <failure message="element click intercepted: Element &lt;p&gt;...&lt;/p&gt; is not clickable at point (812, 97). Other element would receive the click: &lt;div _ngcontent-fxa-c0=&quot;&quot; class=&quot;loader_div&quot;&gt;...&lt;/div&gt;&#10;  (Session info: chrome=107.0.5304.88)&#10;Build info: version: &apos;4.0.0&apos;, revision: &apos;3a21814679&apos;&#10;System info: host: &apos;DSK-951&apos;, ip: &apos;10.0.3.253&apos;, os.name: &apos;Windows 10&apos;, os.arch: &apos;amd64&apos;, os.version: &apos;10.0&apos;, java.version: &apos;17.0.4.1&apos;&#10;Driver info: org.openqa.selenium.chrome.ChromeDriver&#10;Command: [061f66f6f8617bf8a9738156f038c0c4, clickElement {id=e4f85986-1ffb-4c98-af5f-8193022fccc4}]&#10;Capabilities {acceptInsecureCerts: false, browserName: chrome, browserVersion: 107.0.5304.88, chrome: {chromedriverVersion: 107.0.5304.62 (1eec40d3a576..., userDataDir: C:\Users\NITEIN~1.KUR\AppDa...}, goog:chromeOptions: {debuggerAddress: localhost:60688}, javascriptEnabled: true, networkConnectionEnabled: false, pageLoadStrategy: normal, platform: WINDOWS, platformName: WINDOWS, proxy: Proxy(), se:cdp: ws://localhost:60688/devtoo..., se:cdpVersion: 107.0.5304.88, setWindowRect: true, strictFileInteractability: false, timeouts: {implicit: 0, pageLoad: 300000, script: 30000}, unhandledPromptBehavior: dismiss and notify, webauthn:extension:credBlob: true, webauthn:extension:largeBlob: true, webauthn:virtualAuthenticators: true}&#10;Element: [[ChromeDriver: chrome on WINDOWS (061f66f6f8617bf8a9738156f038c0c4)] -&gt; xpath: //p[normalize-space()=&apos;Quote summary&apos;]]&#10;Session ID: 061f66f6f8617bf8a9738156f038c0c4" type="org.openqa.selenium.ElementClickInterceptedException"><![CDATA[org.openqa.selenium.ElementClickInterceptedException: 
element click intercepted: Element <p>...</p> is not clickable at point (812, 97). Other element would receive the click: <div _ngcontent-fxa-c0="" class="loader_div">...</div>
  (Session info: chrome=107.0.5304.88)
Build info: version: '4.0.0', revision: '3a21814679'
System info: host: 'DSK-951', ip: '10.0.3.253', os.name: 'Windows 10', os.arch: 'amd64', os.version: '10.0', java.version: '17.0.4.1'
Driver info: org.openqa.selenium.chrome.ChromeDriver
Command: [061f66f6f8617bf8a9738156f038c0c4, clickElement {id=e4f85986-1ffb-4c98-af5f-8193022fccc4}]
Capabilities {acceptInsecureCerts: false, browserName: chrome, browserVersion: 107.0.5304.88, chrome: {chromedriverVersion: 107.0.5304.62 (1eec40d3a576..., userDataDir: C:\Users\NITEIN~1.KUR\AppDa...}, goog:chromeOptions: {debuggerAddress: localhost:60688}, javascriptEnabled: true, networkConnectionEnabled: false, pageLoadStrategy: normal, platform: WINDOWS, platformName: WINDOWS, proxy: Proxy(), se:cdp: ws://localhost:60688/devtoo..., se:cdpVersion: 107.0.5304.88, setWindowRect: true, strictFileInteractability: false, timeouts: {implicit: 0, pageLoad: 300000, script: 30000}, unhandledPromptBehavior: dismiss and notify, webauthn:extension:credBlob: true, webauthn:extension:largeBlob: true, webauthn:virtualAuthenticators: true}
Element: [[ChromeDriver: chrome on WINDOWS (061f66f6f8617bf8a9738156f038c0c4)] -> xpath: //p[normalize-space()='Quote summary']]
Session ID: 061f66f6f8617bf8a9738156f038c0c4
	at com.amt.test.Acquisition_Quotes_Broker_BCH_without_maintenance_edited_Test.aquisition_quotes_user_flow_broker_bch_without_maintenance_quote_summary_page_value_verification_test(Acquisition_Quotes_Broker_BCH_without_maintenance_edited_Test.java:93)
]]></failure>
    <system-out><![CDATA[*************Calculations for Quote Summary page gas been started************
]]></system-out>
  </testcase>
  <testcase name="aquisition_quotes_user_flow_broker_pch_with_maintenance_vehicle_price_edited_test" classname="com.amt.test.Acquisition_Quotes_Broker_PCH_with_maintenance_edited_Test" time="42.268">
    <failure message="element click intercepted: Element &lt;input autocomplete=&quot;off&quot; type=&quot;text&quot; placeholder=&quot;Select model&quot; class=&quot;ng-untouched ng-pristine ng-valid&quot;&gt; is not clickable at point (1077, 303). Other element would receive the click: &lt;div _ngcontent-xln-c0=&quot;&quot; class=&quot;loader_div&quot;&gt;...&lt;/div&gt;&#10;  (Session info: chrome=107.0.5304.88)&#10;Build info: version: &apos;4.0.0&apos;, revision: &apos;3a21814679&apos;&#10;System info: host: &apos;DSK-951&apos;, ip: &apos;10.0.3.253&apos;, os.name: &apos;Windows 10&apos;, os.arch: &apos;amd64&apos;, os.version: &apos;10.0&apos;, java.version: &apos;17.0.4.1&apos;&#10;Driver info: org.openqa.selenium.chrome.ChromeDriver&#10;Command: [541d4095da6b338b01065f436005a568, clickElement {id=53130a64-6994-49bf-9ee2-e77d7a605d56}]&#10;Capabilities {acceptInsecureCerts: false, browserName: chrome, browserVersion: 107.0.5304.88, chrome: {chromedriverVersion: 107.0.5304.62 (1eec40d3a576..., userDataDir: C:\Users\NITEIN~1.KUR\AppDa...}, goog:chromeOptions: {debuggerAddress: localhost:60921}, javascriptEnabled: true, networkConnectionEnabled: false, pageLoadStrategy: normal, platform: WINDOWS, platformName: WINDOWS, proxy: Proxy(), se:cdp: ws://localhost:60921/devtoo..., se:cdpVersion: 107.0.5304.88, setWindowRect: true, strictFileInteractability: false, timeouts: {implicit: 0, pageLoad: 300000, script: 30000}, unhandledPromptBehavior: dismiss and notify, webauthn:extension:credBlob: true, webauthn:extension:largeBlob: true, webauthn:virtualAuthenticators: true}&#10;Element: [[ChromeDriver: chrome on WINDOWS (541d4095da6b338b01065f436005a568)] -&gt; xpath: //*[@placeholder=&apos;Select model&apos;]]&#10;Session ID: 541d4095da6b338b01065f436005a568" type="org.openqa.selenium.ElementClickInterceptedException"><![CDATA[org.openqa.selenium.ElementClickInterceptedException: 
element click intercepted: Element <input autocomplete="off" type="text" placeholder="Select model" class="ng-untouched ng-pristine ng-valid"> is not clickable at point (1077, 303). Other element would receive the click: <div _ngcontent-xln-c0="" class="loader_div">...</div>
  (Session info: chrome=107.0.5304.88)
Build info: version: '4.0.0', revision: '3a21814679'
System info: host: 'DSK-951', ip: '10.0.3.253', os.name: 'Windows 10', os.arch: 'amd64', os.version: '10.0', java.version: '17.0.4.1'
Driver info: org.openqa.selenium.chrome.ChromeDriver
Command: [541d4095da6b338b01065f436005a568, clickElement {id=53130a64-6994-49bf-9ee2-e77d7a605d56}]
Capabilities {acceptInsecureCerts: false, browserName: chrome, browserVersion: 107.0.5304.88, chrome: {chromedriverVersion: 107.0.5304.62 (1eec40d3a576..., userDataDir: C:\Users\NITEIN~1.KUR\AppDa...}, goog:chromeOptions: {debuggerAddress: localhost:60921}, javascriptEnabled: true, networkConnectionEnabled: false, pageLoadStrategy: normal, platform: WINDOWS, platformName: WINDOWS, proxy: Proxy(), se:cdp: ws://localhost:60921/devtoo..., se:cdpVersion: 107.0.5304.88, setWindowRect: true, strictFileInteractability: false, timeouts: {implicit: 0, pageLoad: 300000, script: 30000}, unhandledPromptBehavior: dismiss and notify, webauthn:extension:credBlob: true, webauthn:extension:largeBlob: true, webauthn:virtualAuthenticators: true}
Element: [[ChromeDriver: chrome on WINDOWS (541d4095da6b338b01065f436005a568)] -> xpath: //*[@placeholder='Select model']]
Session ID: 541d4095da6b338b01065f436005a568
	at com.amt.test.Acquisition_Quotes_Broker_PCH_with_maintenance_edited_Test.aquisition_quotes_user_flow_broker_pch_with_maintenance_vehicle_price_edited_test(Acquisition_Quotes_Broker_PCH_with_maintenance_edited_Test.java:50)
]]></failure>
    <system-out><![CDATA[Manufacture =AUDI has been selected
Model range =A7 has been selected
]]></system-out>
    <system-err><![CDATA[Nov 09, 2022 2:00:49 PM org.openqa.selenium.remote.http.WebSocket$Listener onError
WARNING: Connection reset
java.net.SocketException: Connection reset
	at java.base/sun.nio.ch.SocketChannelImpl.throwConnectionReset(SocketChannelImpl.java:394)
	at java.base/sun.nio.ch.SocketChannelImpl.read(SocketChannelImpl.java:426)
	at io.netty.buffer.PooledByteBuf.setBytes(PooledByteBuf.java:253)
	at io.netty.buffer.AbstractByteBuf.writeBytes(AbstractByteBuf.java:1132)
	at io.netty.channel.socket.nio.NioSocketChannel.doReadBytes(NioSocketChannel.java:350)
	at io.netty.channel.nio.AbstractNioByteChannel$NioByteUnsafe.read(AbstractNioByteChannel.java:151)
	at io.netty.channel.nio.NioEventLoop.processSelectedKey(NioEventLoop.java:719)
	at io.netty.channel.nio.NioEventLoop.processSelectedKeysOptimized(NioEventLoop.java:655)
	at io.netty.channel.nio.NioEventLoop.processSelectedKeys(NioEventLoop.java:581)
	at io.netty.channel.nio.NioEventLoop.run(NioEventLoop.java:493)
	at io.netty.util.concurrent.SingleThreadEventExecutor$4.run(SingleThreadEventExecutor.java:986)
	at io.netty.util.internal.ThreadExecutorMap$2.run(ThreadExecutorMap.java:74)
	at io.netty.util.concurrent.FastThreadLocalRunnable.run(FastThreadLocalRunnable.java:30)
	at java.base/java.lang.Thread.run(Thread.java:833)

Starting ChromeDriver 107.0.5304.62 (1eec40d3a5764881c92085aaee66d25075c159aa-refs/branch-heads/5304@{#942}) on port 61624
Only local connections are allowed.
Please see https://chromedriver.chromium.org/security-considerations for suggestions on keeping ChromeDriver safe.
ChromeDriver was started successfully.
Nov 09, 2022 2:00:53 PM org.openqa.selenium.remote.ProtocolHandshake createSession
INFO: Detected dialect: W3C
Nov 09, 2022 2:00:53 PM org.openqa.selenium.devtools.CdpVersionFinder findNearestMatch
WARNING: Unable to find an exact match for CDP version 107, so returning the closest version found: a no-op implementation
Nov 09, 2022 2:00:53 PM org.openqa.selenium.devtools.CdpVersionFinder findNearestMatch
INFO: Unable to find CDP implementation matching 107.
Nov 09, 2022 2:00:53 PM org.openqa.selenium.chromium.ChromiumDriver lambda$new$3
WARNING: Unable to find version of CDP to use for . You may need to include a dependency on a specific version of the CDP using something similar to `org.seleniumhq.selenium:selenium-devtools-v86:4.0.0` where the version ("v86") matches the version of the chromium-based browser you're using and the version number of the artifact is the same as Selenium's.
]]></system-err>
  </testcase>
  <testcase name="aquisition_quotes_user_flow_broker_pch_with_maintenance_road_tax_for_first_year_edited_test" classname="com.amt.test.Acquisition_Quotes_Broker_PCH_with_maintenance_edited_Test" time="0">
    <skipped message="Method Acquisition_Quotes_Broker_PCH_with_maintenance_edited_Test.aquisition_quotes_user_flow_broker_pch_with_maintenance_road_tax_for_first_year_edited_test(java.lang.String,java.lang.String,java.lang.String,java.lang.String,java.lang.String,java.lang.String,java.lang.String,java.lang.String,java.lang.String,java.lang.String,java.lang.String,java.lang.String,java.lang.String,java.lang.String,java.lang.String,java.lang.String,java.lang.String,java.lang.String,java.lang.String,java.lang.String,java.lang.String,java.lang.String)[pri:2, instance:com.amt.test.Acquisition_Quotes_Broker_PCH_with_maintenance_edited_Test@2767e23c] depends on not successfully finished methods"/>
  </testcase>
  <testcase name="aquisition_quotes_user_flow_broker_pch_with_maintenance_customer_quote_funder_quote_addition_test" classname="com.amt.test.Acquisition_Quotes_Broker_PCH_with_maintenance_edited_Test" time="0">
    <skipped message="Method Acquisition_Quotes_Broker_PCH_with_maintenance_edited_Test.aquisition_quotes_user_flow_broker_pch_with_maintenance_customer_quote_funder_quote_addition_test(java.lang.String,java.lang.String,java.lang.String,java.lang.String,java.lang.String,java.lang.String,java.lang.String,java.lang.String,java.lang.String,java.lang.String,java.lang.String,java.lang.String,java.lang.String,java.lang.String,java.lang.String,java.lang.String,java.lang.String,java.lang.String,java.lang.String,java.lang.String,java.lang.String,java.lang.String)[pri:3, instance:com.amt.test.Acquisition_Quotes_Broker_PCH_with_maintenance_edited_Test@2767e23c] depends on not successfully finished methods"/>
  </testcase>
  <testcase name="aquisition_quotes_user_flow_broker_pch_with_maintenance_quote_summary_page_value_verification_test" classname="com.amt.test.Acquisition_Quotes_Broker_PCH_with_maintenance_edited_Test" time="0">
    <skipped message="Method Acquisition_Quotes_Broker_PCH_with_maintenance_edited_Test.aquisition_quotes_user_flow_broker_pch_with_maintenance_quote_summary_page_value_verification_test(java.lang.String,java.lang.String,java.lang.String,java.lang.String,java.lang.String,java.lang.String,java.lang.String,java.lang.String,java.lang.String,java.lang.String,java.lang.String,java.lang.String,java.lang.String,java.lang.String,java.lang.String,java.lang.String,java.lang.String,java.lang.String,java.lang.String,java.lang.String,java.lang.String,java.lang.String)[pri:4, instance:com.amt.test.Acquisition_Quotes_Broker_PCH_with_maintenance_edited_Test@2767e23c] depends on not successfully finished methods"/>
  </testcase>
  <testcase name="aquisition_quotes_user_flow_broker_pch_OTR_calculation_with_maintenance_test" classname="com.amt.test.Acquisition_Quotes_Broker_PCH_with_maintenance_Test" time="40.235">
    <failure message="Expected condition failed: waiting for element to be clickable: Proxy element for: DefaultElementLocator &apos;By.xpath: //*[@id =&apos;acqOTRHeader&apos;]&apos; (tried for 40 second(s) with 500 milliseconds interval)" type="org.openqa.selenium.TimeoutException">org.openqa.selenium.TimeoutException: Expected condition failed: waiting for element to be clickable: Proxy element for: DefaultElementLocator 'By.xpath: //*[@id ='acqOTRHeader']' (tried for 40 second(s) with 500 milliseconds interval)
	at com.amt.test.Acquisition_Quotes_Broker_PCH_with_maintenance_Test.aquisition_quotes_user_flow_broker_pch_OTR_calculation_with_maintenance_test(Acquisition_Quotes_Broker_PCH_with_maintenance_Test.java:45)
Caused by: org.openqa.selenium.NoSuchElementException: 
no such element: Unable to locate element: {"method":"xpath","selector":"//*[@id ='acqOTRHeader']"}
  (Session info: chrome=107.0.5304.88)
For documentation on this error, please visit: https://selenium.dev/exceptions/#no_such_element
Build info: version: '4.0.0', revision: '3a21814679'
System info: host: 'DSK-951', ip: '10.0.3.253', os.name: 'Windows 10', os.arch: 'amd64', os.version: '10.0', java.version: '17.0.4.1'
Driver info: org.openqa.selenium.chrome.ChromeDriver
Command: [ff095606e38dae7b154b49961b413777, findElement {using=xpath, value=//*[@id ='acqOTRHeader']}]
Capabilities {acceptInsecureCerts: false, browserName: chrome, browserVersion: 107.0.5304.88, chrome: {chromedriverVersion: 107.0.5304.62 (1eec40d3a576..., userDataDir: C:\Users\NITEIN~1.KUR\AppDa...}, goog:chromeOptions: {debuggerAddress: localhost:61058}, javascriptEnabled: true, networkConnectionEnabled: false, pageLoadStrategy: normal, platform: WINDOWS, platformName: WINDOWS, proxy: Proxy(), se:cdp: ws://localhost:61058/devtoo..., se:cdpVersion: 107.0.5304.88, setWindowRect: true, strictFileInteractability: false, timeouts: {implicit: 0, pageLoad: 300000, script: 30000}, unhandledPromptBehavior: dismiss and notify, webauthn:extension:credBlob: true, webauthn:extension:largeBlob: true, webauthn:virtualAuthenticators: true}
Session ID: ff095606e38dae7b154b49961b413777
	at com.amt.test.Acquisition_Quotes_Broker_PCH_with_maintenance_Test.aquisition_quotes_user_flow_broker_pch_OTR_calculation_with_maintenance_test(Acquisition_Quotes_Broker_PCH_with_maintenance_Test.java:45)
</failure>
    <system-err><![CDATA[Nov 09, 2022 2:01:59 PM org.openqa.selenium.remote.http.WebSocket$Listener onError
WARNING: Connection reset
java.net.SocketException: Connection reset
	at java.base/sun.nio.ch.SocketChannelImpl.throwConnectionReset(SocketChannelImpl.java:394)
	at java.base/sun.nio.ch.SocketChannelImpl.read(SocketChannelImpl.java:426)
	at io.netty.buffer.PooledByteBuf.setBytes(PooledByteBuf.java:253)
	at io.netty.buffer.AbstractByteBuf.writeBytes(AbstractByteBuf.java:1132)
	at io.netty.channel.socket.nio.NioSocketChannel.doReadBytes(NioSocketChannel.java:350)
	at io.netty.channel.nio.AbstractNioByteChannel$NioByteUnsafe.read(AbstractNioByteChannel.java:151)
	at io.netty.channel.nio.NioEventLoop.processSelectedKey(NioEventLoop.java:719)
	at io.netty.channel.nio.NioEventLoop.processSelectedKeysOptimized(NioEventLoop.java:655)
	at io.netty.channel.nio.NioEventLoop.processSelectedKeys(NioEventLoop.java:581)
	at io.netty.channel.nio.NioEventLoop.run(NioEventLoop.java:493)
	at io.netty.util.concurrent.SingleThreadEventExecutor$4.run(SingleThreadEventExecutor.java:986)
	at io.netty.util.internal.ThreadExecutorMap$2.run(ThreadExecutorMap.java:74)
	at io.netty.util.concurrent.FastThreadLocalRunnable.run(FastThreadLocalRunnable.java:30)
	at java.base/java.lang.Thread.run(Thread.java:833)

Starting ChromeDriver 107.0.5304.62 (1eec40d3a5764881c92085aaee66d25075c159aa-refs/branch-heads/5304@{#942}) on port 62606
Only local connections are allowed.
Please see https://chromedriver.chromium.org/security-considerations for suggestions on keeping ChromeDriver safe.
ChromeDriver was started successfully.
Nov 09, 2022 2:02:00 PM org.openqa.selenium.remote.ProtocolHandshake createSession
INFO: Detected dialect: W3C
Nov 09, 2022 2:02:00 PM org.openqa.selenium.devtools.CdpVersionFinder findNearestMatch
WARNING: Unable to find an exact match for CDP version 107, so returning the closest version found: a no-op implementation
Nov 09, 2022 2:02:00 PM org.openqa.selenium.devtools.CdpVersionFinder findNearestMatch
INFO: Unable to find CDP implementation matching 107.
Nov 09, 2022 2:02:00 PM org.openqa.selenium.chromium.ChromiumDriver lambda$new$3
WARNING: Unable to find version of CDP to use for . You may need to include a dependency on a specific version of the CDP using something similar to `org.seleniumhq.selenium:selenium-devtools-v86:4.0.0` where the version ("v86") matches the version of the chromium-based browser you're using and the version number of the artifact is the same as Selenium's.
]]></system-err>
  </testcase>
  <testcase name="aquisition_quotes_user_flow_broker_pch_after_discount_calculation_with_maintenance_test" classname="com.amt.test.Acquisition_Quotes_Broker_PCH_with_maintenance_Test" time="0">
    <skipped message="Method Acquisition_Quotes_Broker_PCH_with_maintenance_Test.aquisition_quotes_user_flow_broker_pch_after_discount_calculation_with_maintenance_test(java.lang.String,java.lang.String,java.lang.String,java.lang.String,java.lang.String,java.lang.String,java.lang.String,java.lang.String,java.lang.String,java.lang.String,java.lang.String,java.lang.String,java.lang.String,java.lang.String)[pri:2, instance:com.amt.test.Acquisition_Quotes_Broker_PCH_with_maintenance_Test@710c2b53] depends on not successfully finished methods"/>
  </testcase>
  <testcase name="aquisition_quotes_user_flow_broker_pch_funder_quote_addition_with_maintenance_test" classname="com.amt.test.Acquisition_Quotes_Broker_PCH_with_maintenance_Test" time="0">
    <skipped message="Method Acquisition_Quotes_Broker_PCH_with_maintenance_Test.aquisition_quotes_user_flow_broker_pch_funder_quote_addition_with_maintenance_test(java.lang.String,java.lang.String,java.lang.String,java.lang.String,java.lang.String,java.lang.String,java.lang.String,java.lang.String,java.lang.String,java.lang.String,java.lang.String,java.lang.String,java.lang.String,java.lang.String)[pri:3, instance:com.amt.test.Acquisition_Quotes_Broker_PCH_with_maintenance_Test@710c2b53] depends on not successfully finished methods"/>
  </testcase>
  <testcase name="aquisition_quotes_user_flow_broker_pch_quote_summary_values_verification_with_maintenance_test" classname="com.amt.test.Acquisition_Quotes_Broker_PCH_with_maintenance_Test" time="0">
    <skipped message="Method Acquisition_Quotes_Broker_PCH_with_maintenance_Test.aquisition_quotes_user_flow_broker_pch_quote_summary_values_verification_with_maintenance_test(java.lang.String,java.lang.String,java.lang.String,java.lang.String,java.lang.String,java.lang.String,java.lang.String,java.lang.String,java.lang.String,java.lang.String,java.lang.String,java.lang.String,java.lang.String,java.lang.String)[pri:4, instance:com.amt.test.Acquisition_Quotes_Broker_PCH_with_maintenance_Test@710c2b53] depends on not successfully finished methods"/>
  </testcase>
</testsuite>