<?xml version="1.0" encoding="UTF-8"?>
<!-- Generated by org.testng.reporters.JUnitReportReporter -->
<testsuite hostname="DSK-4052" failures="0" tests="5" name="usedLCV.CP.Acquisition_Quotes_CP_BCH_used_LCV_with_maintenance_Test" time="471.612" errors="1" timestamp="2024-03-02T19:15:08 IST" skipped="0">
  <testcase classname="usedLCV.CP.Acquisition_Quotes_CP_BCH_used_LCV_with_maintenance_Test" name="aquisition_quotes_used_LCV_OTR_calculation_with_maintenance_test" time="79.067"/>
  <system-out>
    <![CDATA[<b>Clicked on Quote button </b> <br />
<b>Selecting used vehicle with registration no. = HK21YPJ and mileage = 10000</b> <br />
<b>Vehicle selected</b> <br />
<b>Paint option has been selected</b> <br />
<b>Interior option has been selected</b> <br />
<b> Acquisition Contract type option = Contract Purchase has been selected</b> <br />
<b> Customer Contract type option = Business Contract Hire(BCH) has been selected</b> <br />
<b>Cost Price ex VAT and RFL from screen is 16708.33</b> <br />
<b>VAT from screen is 3341.67</b> <br />
<b>Cost Price ex VAT and RFL calculated is 16708.33</b> <br />
<b>Cost Price ex VAT and RFL verified and found OK</b> <br />]]>
  </system-out>
  <testcase classname="usedLCV.CP.Acquisition_Quotes_CP_BCH_used_LCV_with_maintenance_Test" name="aquisition_quotes_used_LCV_edit_cost_price_and_check_OTR_with_maintenance_test" time="0.002"/>
  <system-out/>
  <testcase classname="usedLCV.CP.Acquisition_Quotes_CP_BCH_used_LCV_with_maintenance_Test" name="aquisition_quotes_used_LCV_holding_cost_calculations_with_maintenance_test" time="107.582"/>
  <system-out>
    <![CDATA[<b>***********Entered in holding cost page ***********</b> <br />
<b>Clicked on holding cost summary</b> <br />
<b>Clicked on holding_cost_maintenance_toggle_button</b> <br />
<b></b> <br />
<b>***Verifying Holding Cost before editing CAP data*** </b> <br />
<b>Getting on screen values from Holding Cost Page</b> <br />
<b>Duration(Terms) =36.0</b> <br />
<b>Annual_mileage =10000.0</b> <br />
<b>Residual_value_from_screen =0.0</b> <br />
<b>Writing Holding Cost Summary values to excel has been started</b> <br />
<b>Writing Holding Cost Summary values to excel has been completed</b> <br />
<b>Reading Monthly Holding Cost value from excel has been started</b> <br />
<b>Reading Monthly Holding Cost value from excel has been completed</b> <br />
<b>Total_monthly_holding_cost_from_screen =512.09</b> <br />
<b>Total_monthly_holding_cost_from_excel =512.0936542316819</b> <br />
<b>Total Monthly Holding Cost based on CAP data is Verified and Found OK</b> <br />
<b></b> <br />
<b>Editing % CAP Residual Value and % CAP Maintenance cost used</b> <br />
<b>Changing % CAP Residual Value (from test  data) to 30</b> <br />
<b>Changing % CAP Maintenance cost (from test  data) to 30</b> <br />
<b>Writing Holding Cost Summary values to excel has been started</b> <br />
<b>Writing Holding Cost Summary values to excel has been completed</b> <br />
<b>Reading Monthly Holding Cost value from excel has been started</b> <br />
<b>Reading Monthly Holding Cost value from excel has been completed</b> <br />
<b>Total_monthly_holding_cost_from_screen =512.09</b> <br />
<b>Total_monthly_holding_cost_from_excel =512.0936542316819</b> <br />
<b>Total Monthly Holding Cost After Editing % Residual Value and % Maintenance Cost is Verified and Found OK</b> <br />
<b></b> <br />
<b>Editing Residual value and Maintenance cost used</b> <br />
<b>Changing Residual Value (from test data) to  =20000</b> <br />
<b>Changing Maintenance Cost used (from test data) to =50</b> <br />
<b>Writing Holding Cost Summary values to excel has been started</b> <br />
<b>Writing Holding Cost Summary values to excel has been completed</b> <br />
<b>Reading Monthly Holding Cost value from excel has been started</b> <br />
<b>Reading Monthly Holding Cost value from excel has been completed</b> <br />
<b>Total_monthly_holding_cost_from_screen =60.17</b> <br />
<b>Total_monthly_holding_cost_from_excel =60.16570641879879</b> <br />
<b>Total Monthly Holding Cost After Editing Residual Value and Maintenance Cost is Verified and Found OK</b> <br />
<b></b> <br />
<b>Editing additional terms and mileage</b> <br />
<b>Updated Residual Value from screen  (to be sent to calculation excel) is =0.00</b> <br />
<b>Updated Maintenance Cost from screen  (to be sent to calculation excel) is =0.00</b> <br />
<b>Writing Holding Cost Summary values to excel has been started</b> <br />
<b>Writing Holding Cost Summary values to excel has been completed</b> <br />
<b>Reading Monthly Holding Cost value from excel has been started</b> <br />
<b>Reading Monthly Holding Cost value from excel has been completed</b> <br />
<b>Total_monthly_holding_cost_from_screen =525.35</b> <br />
<b>Total_monthly_holding_cost_from_excel =525.3494481346722</b> <br />
<b>Total Monthly Holding Cost After Editing Additional terms and mileage is Verified and Found OK</b> <br />]]>
  </system-out>
  <testcase classname="usedLCV.CP.Acquisition_Quotes_CP_BCH_used_LCV_with_maintenance_Test" name="aquisition_quotes_customer_quote_payment_profile_calculations_with_maintenance_test" time="168.670"/>
  <system-out>
    <![CDATA[<b>Writing configuration values from property file to Excel for customer quote calculation -started</b> <br />
<b>Writing configuration values from property file to Excel for customer quote calculation -completed</b> <br />
<b>************Calculations for Customer Quote Page has been started***********</b> <br />
<b>Payment Profile Monthly in Advance option has been selected</b> <br />
<b>Writing values to Excel for customer quote calculation -started</b> <br />
<b>Writing values to Excel for customer quote calculation -completed</b> <br />
<b>Reading  Monthly Finance Rental and monthly maintenance cost from  Excel   -started</b> <br />
<b>Reading  Monthly Finance Rental and monthly maintenance cost from  Excel  -completed</b> <br />
<b>Monthly Finance Rental from Excel is =114.82933524224111</b> <br />
<b>Monthly maintenance Rental from Excel is =60.0</b> <br />
<b>Monthly Finance Rental from screen is =114.83</b> <br />
<b>Monthly maintenance Rental from screen is =60.0</b> <br />
<b>Started verifying monthly payments with upsell values</b> <br />
<b>Monthly Finance Rental from screen (after submitting upsell values) is 127.28</b> <br />
<b>Writing upsell values to excel</b> <br />
<b>Monthly Finance Rental from Excel (after submitting upsell values) is 127.27959644872111</b> <br />
<b>Monthly finance (after submitting upsell values) is found OK</b> <br />
<b>Clicked on Part Exchange panel</b> <br />
<b>Monthly Finance Rental from screen (with part exchange values) is 127.28</b> <br />
<b>Monthly Mainte. Rental from screen (with part exchange values) is 60.0</b> <br />
<b>Writing part exchange values to excel</b> <br />
<b>Monthly Finance Rental from Excel (with part exchange values) is 127.27959644872111</b> <br />
<b>Monthly Mainte. Rental from Excel (with part exchange values) is 60.0</b> <br />
<b>Monthly finance and maint. rental (with part exchange values) is found OK</b> <br />
<b></b> <br />
<b>Balance Due value started verifying</b> <br />
<b>Balance due value Actual from screen is -2760.01</b> <br />
<b></b> <br />
<b>Balance due value Expected from Excel is -2760.0119999999997</b> <br />
<b></b> <br />
<b>Balance due value (with part exchange values) is verified and found ok</b> <br />
<b>Monthly Finance Rental from screen (after updating customer quote summary upsell value) is 133.51</b> <br />
<b>Writing upsell values to excel</b> <br />
<b>Monthly Finance Rental from Excel (after updating customer quote summary upsell value) is 133.5047270519611</b> <br />
<b>Monthly finance rental (after updating customer quote summary upsell value) is found OK</b> <br />]]>
  </system-out>
  <testcase classname="usedLCV.CP.Acquisition_Quotes_CP_BCH_used_LCV_with_maintenance_Test" name="aquisition_quotes_quote_summary_values_verification_with_maintenance_test" time="116.291">
    <error message="element click intercepted: Element &lt;p style=&quot; border: 1px solid white;&quot;&gt;...&lt;/p&gt; is not clickable at point (784, 98). Other element would receive the click: &lt;div _ngcontent-axr-c0=&quot;&quot; class=&quot;loader_div&quot;&gt;...&lt;/div&gt;
  (Session info: chrome=122.0.6261.95)
Build info: version: &#039;4.1.0&#039;, revision: &#039;87802e897b&#039;
System info: host: &#039;DSK-4052&#039;, ip: &#039;172.16.1.80&#039;, os.name: &#039;Windows 10&#039;, os.arch: &#039;amd64&#039;, os.version: &#039;10.0&#039;, java.version: &#039;19.0.1&#039;
Driver info: org.openqa.selenium.chrome.ChromeDriver
Command: [22491928ff4093a6ba6a4309fda15981, clickElement {id=6F1BB5E78CECDD474311E28F223F91D5_element_2201}]
Capabilities {acceptInsecureCerts: false, browserName: chrome, browserVersion: 122.0.6261.95, chrome: {chromedriverVersion: 121.0.6167.85 (3f98d690ad7e..., userDataDir: C:\Users\NITEIN~1.KUR\AppDa...}, fedcm:accounts: true, goog:chromeOptions: {debuggerAddress: localhost:52285}, javascriptEnabled: true, networkConnectionEnabled: false, pageLoadStrategy: normal, platform: WINDOWS, platformName: WINDOWS, proxy: Proxy(), se:cdp: ws://localhost:52285/devtoo..., se:cdpVersion: 122.0.6261.95, setWindowRect: true, strictFileInteractability: false, timeouts: {implicit: 0, pageLoad: 300000, script: 30000}, unhandledPromptBehavior: dismiss and notify, webauthn:extension:credBlob: true, webauthn:extension:largeBlob: true, webauthn:extension:minPinLength: true, webauthn:extension:prf: true, webauthn:virtualAuthenticators: true}
Element: [[ChromeDriver: chrome on WINDOWS (22491928ff4093a6ba6a4309fda15981)] -&gt; xpath: //p[normalize-space()=&#039;Quote summary&#039;]]
Session ID: 22491928ff4093a6ba6a4309fda15981" type="org.openqa.selenium.ElementClickInterceptedException">
      <![CDATA[org.openqa.selenium.ElementClickInterceptedException: element click intercepted: Element <p style=" border: 1px solid white;">...</p> is not clickable at point (784, 98). Other element would receive the click: <div _ngcontent-axr-c0="" class="loader_div">...</div>
  (Session info: chrome=122.0.6261.95)
Build info: version: '4.1.0', revision: '87802e897b'
System info: host: 'DSK-4052', ip: '172.16.1.80', os.name: 'Windows 10', os.arch: 'amd64', os.version: '10.0', java.version: '19.0.1'
Driver info: org.openqa.selenium.chrome.ChromeDriver
Command: [22491928ff4093a6ba6a4309fda15981, clickElement {id=6F1BB5E78CECDD474311E28F223F91D5_element_2201}]
Capabilities {acceptInsecureCerts: false, browserName: chrome, browserVersion: 122.0.6261.95, chrome: {chromedriverVersion: 121.0.6167.85 (3f98d690ad7e..., userDataDir: C:\Users\NITEIN~1.KUR\AppDa...}, fedcm:accounts: true, goog:chromeOptions: {debuggerAddress: localhost:52285}, javascriptEnabled: true, networkConnectionEnabled: false, pageLoadStrategy: normal, platform: WINDOWS, platformName: WINDOWS, proxy: Proxy(), se:cdp: ws://localhost:52285/devtoo..., se:cdpVersion: 122.0.6261.95, setWindowRect: true, strictFileInteractability: false, timeouts: {implicit: 0, pageLoad: 300000, script: 30000}, unhandledPromptBehavior: dismiss and notify, webauthn:extension:credBlob: true, webauthn:extension:largeBlob: true, webauthn:extension:minPinLength: true, webauthn:extension:prf: true, webauthn:virtualAuthenticators: true}
Element: [[ChromeDriver: chrome on WINDOWS (22491928ff4093a6ba6a4309fda15981)] -> xpath: //p[normalize-space()='Quote summary']]
Session ID: 22491928ff4093a6ba6a4309fda15981
at java.base/jdk.internal.reflect.DirectConstructorHandleAccessor.newInstance(DirectConstructorHandleAccessor.java:67)
at java.base/java.lang.reflect.Constructor.newInstanceWithCaller(Constructor.java:500)
at java.base/java.lang.reflect.Constructor.newInstance(Constructor.java:484)
at org.openqa.selenium.remote.codec.w3c.W3CHttpResponseCodec.createException(W3CHttpResponseCodec.java:200)
at org.openqa.selenium.remote.codec.w3c.W3CHttpResponseCodec.decode(W3CHttpResponseCodec.java:133)
at org.openqa.selenium.remote.codec.w3c.W3CHttpResponseCodec.decode(W3CHttpResponseCodec.java:53)
at org.openqa.selenium.remote.HttpCommandExecutor.execute(HttpCommandExecutor.java:184)
at org.openqa.selenium.remote.service.DriverCommandExecutor.invokeExecute(DriverCommandExecutor.java:164)
at org.openqa.selenium.remote.service.DriverCommandExecutor.execute(DriverCommandExecutor.java:139)
at org.openqa.selenium.remote.RemoteWebDriver.execute(RemoteWebDriver.java:559)
at org.openqa.selenium.remote.RemoteWebElement.execute(RemoteWebElement.java:251)
at org.openqa.selenium.remote.RemoteWebElement.click(RemoteWebElement.java:77)
at java.base/jdk.internal.reflect.DirectMethodHandleAccessor.invoke(DirectMethodHandleAccessor.java:104)
at java.base/java.lang.reflect.Method.invoke(Method.java:578)
at org.openqa.selenium.support.pagefactory.internal.LocatingElementHandler.invoke(LocatingElementHandler.java:52)
at jdk.proxy2/jdk.proxy2.$Proxy22.click(Unknown Source)
at com.amt.testUtil.Click.on(Click.java:22)
at com.amt.QuoteSummaryPages.QuoteSummary_HPNR_BCHPage.quote_summary_OTR_calculation_for_used_vehicle(QuoteSummary_HPNR_BCHPage.java:474)
at usedLCV.CP.Acquisition_Quotes_CP_BCH_used_LCV_with_maintenance_Test.aquisition_quotes_quote_summary_values_verification_with_maintenance_test(Acquisition_Quotes_CP_BCH_used_LCV_with_maintenance_Test.java:211)
at java.base/jdk.internal.reflect.DirectMethodHandleAccessor.invoke(DirectMethodHandleAccessor.java:104)
at java.base/java.lang.reflect.Method.invoke(Method.java:578)
at org.testng.internal.MethodInvocationHelper.invokeMethod(MethodInvocationHelper.java:133)
at org.testng.internal.TestInvoker.invokeMethod(TestInvoker.java:598)
at org.testng.internal.TestInvoker.invokeTestMethod(TestInvoker.java:173)
at org.testng.internal.MethodRunner.runInSequence(MethodRunner.java:46)
at org.testng.internal.TestInvoker$MethodInvocationAgent.invoke(TestInvoker.java:824)
at org.testng.internal.TestInvoker.invokeTestMethods(TestInvoker.java:146)
at org.testng.internal.TestMethodWorker.invokeTestMethods(TestMethodWorker.java:146)
at org.testng.internal.TestMethodWorker.run(TestMethodWorker.java:128)
at java.base/java.util.ArrayList.forEach(ArrayList.java:1511)
at org.testng.TestRunner.privateRun(TestRunner.java:794)
at org.testng.TestRunner.run(TestRunner.java:596)
at org.testng.SuiteRunner.runTest(SuiteRunner.java:377)
at org.testng.SuiteRunner.runSequentially(SuiteRunner.java:371)
at org.testng.SuiteRunner.privateRun(SuiteRunner.java:332)
at org.testng.SuiteRunner.run(SuiteRunner.java:276)
at org.testng.SuiteRunnerWorker.runSuite(SuiteRunnerWorker.java:53)
at org.testng.SuiteRunnerWorker.run(SuiteRunnerWorker.java:96)
at org.testng.TestNG.runSuitesSequentially(TestNG.java:1212)
at org.testng.TestNG.runSuitesLocally(TestNG.java:1134)
at org.testng.TestNG.runSuites(TestNG.java:1063)
at org.testng.TestNG.run(TestNG.java:1031)
at org.testng.remote.AbstractRemoteTestNG.run(AbstractRemoteTestNG.java:115)
at org.testng.remote.RemoteTestNG.initAndRun(RemoteTestNG.java:251)
at org.testng.remote.RemoteTestNG.main(RemoteTestNG.java:77)
]]>
    </error>
  </testcase> <!-- aquisition_quotes_quote_summary_values_verification_with_maintenance_test -->
  <system-out>
    <![CDATA[<b>*************OTR Calulation on quote summary page has been started************</b> <br />
<b>Reading values from OTR calculation -Quote Summary Page</b> <br />
<b></b> <br />
<b>Cost otr price from screen is 20050.0</b> <br />
<b>Cost price ex vat and rfl from screen is 16708.33</b> <br />
<b>Otr Vat from screen is 3341.67</b> <br />
<b></b> <br />
<b>Cost otr price from excel is 20049.996000000003</b> <br />
<b>Cost price ex vat and rfl from excel is 16708.33</b> <br />
<b>Otr Vat from excel is 3341.666</b> <br />
<b>OTR price compared</b> <br />
<b>Cost price ex vat and rfl compared</b> <br />
<b>VAT compared</b> <br />
<b>*************Holding Cost Calulation on quote summary page has been started************</b> <br />
<b>Reading values from Holding Cost summary -Quote Summary Page</b> <br />
<b></b> <br />
<b>Holding cost Terms from screen36.0</b> <br />
<b>Holding cost miles per annum from screen is 10000.0</b> <br />
<b>Holding cost monthly finance cost from screen is 10.17</b> <br />
<b>Holding cost monthly maint cost used from screen is 50.0</b> <br />
<b>Holding cost total monthly holding cost from screen is 60.17</b> <br />
<b></b> <br />
<b>Holding cost Terms from excel is 36.0</b> <br />
<b>Holding cost miles per annum from excel is 10000.0</b> <br />
<b>Holding cost monthly finance cost from excel is 10.165706418798793</b> <br />
<b>Holding cost monthly maint cost used from excel is 50.0000000000001</b> <br />
<b>Holding cost total monthly holding cost from excel is 60.16570641879889</b> <br />
<b>terms compared</b> <br />
<b>Miles per annum compared</b> <br />
<b>Finance cost compared</b> <br />
<b>Maint cost used  compared</b> <br />
<b>Total Monthly Holding Cost compared</b> <br />
<b></b> <br />
<b>********Balance Due value started verifying**********</b> <br />
<b>Balance due value Actual from screen is -2760.01</b> <br />
<b></b> <br />
<b>Balance due value Expected from Excel is -2760.0119999999997</b> <br />
<b></b> <br />
<b>Balance due value (with part exchange values) is verified and found ok</b> <br />
<b>*************Customer Quote Calulation on quote summary page has been started************</b> <br />
<b>Terms found OK</b> <br />
<b>miles found OK</b> <br />
<b>Monthly Finance Rental found OK</b> <br />
<b>Monthly Maintenance Rental found OK</b> <br />
<b>Initial Finance Rental found OK</b> <br />
<b>Initial Maint Rental found OK</b> <br />
<b>Initial Total Rental found OK</b> <br />
<b>Part Exchange Value - found OK</b> <br />
<b>Followed By months - found OK</b> <br />
<b>Pence per excess mile finance - found OK</b> <br />
<b>Pence per excess mile Maintenance - found OK</b> <br />
<b>Pence per excess mile total - found OK</b> <br />
<b>Document Fee - found OK</b> <br />
<b>Upsell - found OK</b> <br />
<b>Default Finance Commission - found OK</b> <br />
<b>Upsell Commission - found OK</b> <br />
<b>Maintenance Commission - found OK</b> <br />
<b>Document Fee Commission - found OK</b> <br />
<b>Total Commission - found OK</b> <br />
<b>Referrer Commission - found OK</b> <br />
<b>*************Configuration Values Verification on quote summary page has been started************</b> <br />
<b>Base Interest Rate found OK</b> <br />
<b>Finance Margin found OK</b> <br />
<b>Deductions found OK</b> <br />
<b>Additional Margin found OK</b> <br />
<b>Total Margin found OK</b> <br />
<b>Default Broker Margin percentage found OK</b> <br />
<b>Broker Upsell Margin percentage found OK</b> <br />
<b>Broker Upsell Margin  found OK</b> <br />
<b>Maintenance Margin  found OK</b> <br />
<b>Document Fee Margin  found OK</b> <br />
<b>Refferer Margin  found OK</b> <br />
<b>*********Customer Quote generated successfully and Quote_ref_no is=FGJ06371</b> <br />
<b>*************OTR Calulation on quote summary page has been started************</b> <br />
<br>----------Screenshot---------<br>
<img src="D:\Acquisition\AMT_Automation_Acquisition\target\surefire-reports\html\failure_screenshots\aquisition_quotes_quote_summary_values_verification_with_maintenance_test_02_03_2024_07_15_08.png" height="800" width="1000">]]>
  </system-out>
</testsuite> <!-- usedLCV.CP.Acquisition_Quotes_CP_BCH_used_LCV_with_maintenance_Test -->
