<?xml version="1.0" encoding="UTF-8"?>
<!-- Generated by org.testng.reporters.JUnitReportReporter -->
<testsuite hostname="DSK-4052" failures="0" tests="3" name="newCar.BROKER.Acquisition_Quotes_Broker_BCH_used_car_without_maintenance_Test" time="52.938" errors="1" timestamp="2023-03-17T15:35:50 IST" skipped="2">
  <testcase classname="newCar.BROKER.Acquisition_Quotes_Broker_BCH_used_car_without_maintenance_Test" name="aquisition_quotes_user_flow_broker_bch_OTR_calculation_without_maintenance_test" time="52.938">
    <error message="For input string: &quot;Vehicle&quot;" type="java.lang.NumberFormatException">
      <![CDATA[java.lang.NumberFormatException: For input string: "Vehicle"
at java.base/jdk.internal.math.FloatingDecimal.readJavaFormatString(FloatingDecimal.java:2054)
at java.base/jdk.internal.math.FloatingDecimal.parseDouble(FloatingDecimal.java:110)
at java.base/java.lang.Double.parseDouble(Double.java:651)
at com.amt.testUtil.GetExcelFormulaValue.get_string_value(GetExcelFormulaValue.java:62)
at com.amt.pages.ContractTypesAndOTRPages.ContractTypesAndOTR_Broker_BCH_Page.contractTypes_selection_and_OTR_calculation(ContractTypesAndOTR_Broker_BCH_Page.java:193)
at newCar.BROKER.Acquisition_Quotes_Broker_BCH_used_car_without_maintenance_Test.aquisition_quotes_user_flow_broker_bch_OTR_calculation_without_maintenance_test(Acquisition_Quotes_Broker_BCH_used_car_without_maintenance_Test.java:50)
at java.base/jdk.internal.reflect.NativeMethodAccessorImpl.invoke0(Native Method)
at java.base/jdk.internal.reflect.NativeMethodAccessorImpl.invoke(NativeMethodAccessorImpl.java:77)
at java.base/jdk.internal.reflect.DelegatingMethodAccessorImpl.invoke(DelegatingMethodAccessorImpl.java:43)
at java.base/java.lang.reflect.Method.invoke(Method.java:568)
at org.testng.internal.MethodInvocationHelper.invokeMethod(MethodInvocationHelper.java:133)
at org.testng.internal.TestInvoker.invokeMethod(TestInvoker.java:598)
at org.testng.internal.TestInvoker.invokeTestMethod(TestInvoker.java:173)
at org.testng.internal.MethodRunner.runInSequence(MethodRunner.java:46)
at org.testng.internal.TestInvoker$MethodInvocationAgent.invoke(TestInvoker.java:824)
at org.testng.internal.TestInvoker.invokeTestMethods(TestInvoker.java:146)
at org.testng.internal.TestMethodWorker.invokeTestMethods(TestMethodWorker.java:146)
at org.testng.internal.TestMethodWorker.run(TestMethodWorker.java:128)
at java.base/java.util.ArrayList.forEach(ArrayList.java:1511)
at org.testng.TestRunner.privateRun(TestRunner.java:794)
at org.testng.TestRunner.run(TestRunner.java:596)
at org.testng.SuiteRunner.runTest(SuiteRunner.java:377)
at org.testng.SuiteRunner.runSequentially(SuiteRunner.java:371)
at org.testng.SuiteRunner.privateRun(SuiteRunner.java:332)
at org.testng.SuiteRunner.run(SuiteRunner.java:276)
at org.testng.SuiteRunnerWorker.runSuite(SuiteRunnerWorker.java:53)
at org.testng.SuiteRunnerWorker.run(SuiteRunnerWorker.java:96)
at org.testng.TestNG.runSuitesSequentially(TestNG.java:1212)
at org.testng.TestNG.runSuitesLocally(TestNG.java:1134)
at org.testng.TestNG.runSuites(TestNG.java:1063)
at org.testng.TestNG.run(TestNG.java:1031)
at org.testng.remote.AbstractRemoteTestNG.run(AbstractRemoteTestNG.java:115)
at org.testng.remote.RemoteTestNG.initAndRun(RemoteTestNG.java:251)
at org.testng.remote.RemoteTestNG.main(RemoteTestNG.java:77)
]]>
    </error>
  </testcase> <!-- aquisition_quotes_user_flow_broker_bch_OTR_calculation_without_maintenance_test -->
  <system-out>
    <![CDATA[<b>Clicked on Quote button </b> <br />
<b>Selecting used vehicle with registration no. = GY19XAG and mileage = 1000</b> <br />
<b>Vehicle selected</b> <br />
<b>Paint option has been selected</b> <br />
<b>Interior option has been selected</b> <br />
<b>Acquisition Contract type option selected = Broker </b> <br />
<b> Customer Contract type option = Business Contract Hire(BCH) has been selected</b> <br />
<b>Cost Price ex VAT and RFL from screen is 23958.33</b> <br />
<b>VAT from screen is 4791.67</b> <br />
<br>----------Screenshot---------<br>
<img src="D:\StagingNew\AMT_Automation\target\surefire-reports\html\failure_screenshots\aquisition_quotes_user_flow_broker_bch_OTR_calculation_without_maintenance_test_17_03_2023_03_35_50.png" height="800" width="1000">]]>
  </system-out>
  <testcase classname="newCar.BROKER.Acquisition_Quotes_Broker_BCH_used_car_without_maintenance_Test" name="aquisition_quotes_user_flow_broker_bch_without_maintenance_test" time="0.000">
    <skipped/>
  </testcase> <!-- aquisition_quotes_user_flow_broker_bch_without_maintenance_test -->
  <system-out/>
  <testcase classname="newCar.BROKER.Acquisition_Quotes_Broker_BCH_used_car_without_maintenance_Test" name="aquisition_quotes_user_flow_broker_bch_quote_summary_values_verification_without_maintenance_test" time="0.000">
    <skipped/>
  </testcase> <!-- aquisition_quotes_user_flow_broker_bch_quote_summary_values_verification_without_maintenance_test -->
  <system-out/>
</testsuite> <!-- newCar.BROKER.Acquisition_Quotes_Broker_BCH_used_car_without_maintenance_Test -->
