<?xml version="1.0" encoding="UTF-8"?>
<!-- Generated by org.testng.reporters.JUnitReportReporter -->
<testsuite hostname="DSK-4052" failures="0" tests="5" name="newLCV.BROKER.Acquisition_Quotes_Broker_PCP_LCV_with_maintenance_Test" time="86.264" errors="1" timestamp="2023-10-12T06:10:05 IST" skipped="4">
  <testcase classname="newLCV.BROKER.Acquisition_Quotes_Broker_PCP_LCV_with_maintenance_Test" name="aquisition_quotes_user_flow_broker_PCP_OTR_calculation_with_maintenance_test" time="86.264">
    <error message="element click intercepted: Element &lt;a data-toggle=&quot;tab&quot; href=&quot;aquision_option_interior_tab_&quot;&gt;...&lt;/a&gt; is not clickable at point (706, 154). Other element would receive the click: &lt;div _ngcontent-rta-c0=&quot;&quot; class=&quot;loader_div&quot;&gt;...&lt;/div&gt;
  (Session info: chrome=117.0.5938.150)
Build info: version: &#039;4.1.0&#039;, revision: &#039;87802e897b&#039;
System info: host: &#039;DSK-4052&#039;, ip: &#039;172.16.1.80&#039;, os.name: &#039;Windows 10&#039;, os.arch: &#039;amd64&#039;, os.version: &#039;10.0&#039;, java.version: &#039;19.0.1&#039;
Driver info: org.openqa.selenium.chrome.ChromeDriver
Command: [2f5cc7343d108549d9edf4e3ca660dc6, clickElement {id=A3A22A06DF0D3BF4675C2BA84A9BA2FA_element_386}]
Capabilities {acceptInsecureCerts: false, browserName: chrome, browserVersion: 117.0.5938.150, chrome: {chromedriverVersion: 116.0.5845.96 (1a3918166880..., userDataDir: C:\Users\NITEIN~1.KUR\AppDa...}, fedcm:accounts: true, goog:chromeOptions: {debuggerAddress: localhost:61576}, javascriptEnabled: true, networkConnectionEnabled: false, pageLoadStrategy: normal, platform: WINDOWS, platformName: WINDOWS, proxy: Proxy(), se:cdp: ws://localhost:61576/devtoo..., se:cdpVersion: 117.0.5938.150, setWindowRect: true, strictFileInteractability: false, timeouts: {implicit: 0, pageLoad: 300000, script: 30000}, unhandledPromptBehavior: dismiss and notify, webauthn:extension:credBlob: true, webauthn:extension:largeBlob: true, webauthn:extension:minPinLength: true, webauthn:extension:prf: true, webauthn:virtualAuthenticators: true}
Element: [[ChromeDriver: chrome on WINDOWS (2f5cc7343d108549d9edf4e3ca660dc6)] -&gt; link text: Interior]
Session ID: 2f5cc7343d108549d9edf4e3ca660dc6" type="org.openqa.selenium.ElementClickInterceptedException">
      <![CDATA[org.openqa.selenium.ElementClickInterceptedException: element click intercepted: Element <a data-toggle="tab" href="aquision_option_interior_tab_">...</a> is not clickable at point (706, 154). Other element would receive the click: <div _ngcontent-rta-c0="" class="loader_div">...</div>
  (Session info: chrome=117.0.5938.150)
Build info: version: '4.1.0', revision: '87802e897b'
System info: host: 'DSK-4052', ip: '172.16.1.80', os.name: 'Windows 10', os.arch: 'amd64', os.version: '10.0', java.version: '19.0.1'
Driver info: org.openqa.selenium.chrome.ChromeDriver
Command: [2f5cc7343d108549d9edf4e3ca660dc6, clickElement {id=A3A22A06DF0D3BF4675C2BA84A9BA2FA_element_386}]
Capabilities {acceptInsecureCerts: false, browserName: chrome, browserVersion: 117.0.5938.150, chrome: {chromedriverVersion: 116.0.5845.96 (1a3918166880..., userDataDir: C:\Users\NITEIN~1.KUR\AppDa...}, fedcm:accounts: true, goog:chromeOptions: {debuggerAddress: localhost:61576}, javascriptEnabled: true, networkConnectionEnabled: false, pageLoadStrategy: normal, platform: WINDOWS, platformName: WINDOWS, proxy: Proxy(), se:cdp: ws://localhost:61576/devtoo..., se:cdpVersion: 117.0.5938.150, setWindowRect: true, strictFileInteractability: false, timeouts: {implicit: 0, pageLoad: 300000, script: 30000}, unhandledPromptBehavior: dismiss and notify, webauthn:extension:credBlob: true, webauthn:extension:largeBlob: true, webauthn:extension:minPinLength: true, webauthn:extension:prf: true, webauthn:virtualAuthenticators: true}
Element: [[ChromeDriver: chrome on WINDOWS (2f5cc7343d108549d9edf4e3ca660dc6)] -> link text: Interior]
Session ID: 2f5cc7343d108549d9edf4e3ca660dc6
at java.base/jdk.internal.reflect.DirectConstructorHandleAccessor.newInstance(DirectConstructorHandleAccessor.java:67)
at java.base/java.lang.reflect.Constructor.newInstanceWithCaller(Constructor.java:500)
at java.base/java.lang.reflect.Constructor.newInstance(Constructor.java:484)
at org.openqa.selenium.remote.codec.w3c.W3CHttpResponseCodec.createException(W3CHttpResponseCodec.java:200)
at org.openqa.selenium.remote.codec.w3c.W3CHttpResponseCodec.decode(W3CHttpResponseCodec.java:133)
at org.openqa.selenium.remote.codec.w3c.W3CHttpResponseCodec.decode(W3CHttpResponseCodec.java:53)
at org.openqa.selenium.remote.HttpCommandExecutor.execute(HttpCommandExecutor.java:184)
at org.openqa.selenium.remote.service.DriverCommandExecutor.invokeExecute(DriverCommandExecutor.java:164)
at org.openqa.selenium.remote.service.DriverCommandExecutor.execute(DriverCommandExecutor.java:139)
at org.openqa.selenium.remote.RemoteWebDriver.execute(RemoteWebDriver.java:559)
at org.openqa.selenium.remote.RemoteWebElement.execute(RemoteWebElement.java:251)
at org.openqa.selenium.remote.RemoteWebElement.click(RemoteWebElement.java:77)
at java.base/jdk.internal.reflect.DirectMethodHandleAccessor.invoke(DirectMethodHandleAccessor.java:104)
at java.base/java.lang.reflect.Method.invoke(Method.java:578)
at org.openqa.selenium.support.pagefactory.internal.LocatingElementHandler.invoke(LocatingElementHandler.java:52)
at jdk.proxy2/jdk.proxy2.$Proxy23.click(Unknown Source)
at com.amt.testUtil.Click.on(Click.java:18)
at com.amt.pages.OptionsAccessoriesPage.options_And_Accessories_selection(OptionsAccessoriesPage.java:109)
at newLCV.BROKER.Acquisition_Quotes_Broker_PCP_LCV_with_maintenance_Test.aquisition_quotes_user_flow_broker_PCP_OTR_calculation_with_maintenance_test(Acquisition_Quotes_Broker_PCP_LCV_with_maintenance_Test.java:48)
at java.base/jdk.internal.reflect.DirectMethodHandleAccessor.invoke(DirectMethodHandleAccessor.java:104)
at java.base/java.lang.reflect.Method.invoke(Method.java:578)
at org.testng.internal.MethodInvocationHelper.invokeMethod(MethodInvocationHelper.java:133)
at org.testng.internal.TestInvoker.invokeMethod(TestInvoker.java:598)
at org.testng.internal.TestInvoker.invokeTestMethod(TestInvoker.java:173)
at org.testng.internal.MethodRunner.runInSequence(MethodRunner.java:46)
at org.testng.internal.TestInvoker$MethodInvocationAgent.invoke(TestInvoker.java:824)
at org.testng.internal.TestInvoker.invokeTestMethods(TestInvoker.java:146)
at org.testng.internal.TestMethodWorker.invokeTestMethods(TestMethodWorker.java:146)
at org.testng.internal.TestMethodWorker.run(TestMethodWorker.java:128)
at java.base/java.util.ArrayList.forEach(ArrayList.java:1511)
at org.testng.TestRunner.privateRun(TestRunner.java:794)
at org.testng.TestRunner.run(TestRunner.java:596)
at org.testng.SuiteRunner.runTest(SuiteRunner.java:377)
at org.testng.SuiteRunner.runSequentially(SuiteRunner.java:371)
at org.testng.SuiteRunner.privateRun(SuiteRunner.java:332)
at org.testng.SuiteRunner.run(SuiteRunner.java:276)
at org.testng.SuiteRunnerWorker.runSuite(SuiteRunnerWorker.java:53)
at org.testng.SuiteRunnerWorker.run(SuiteRunnerWorker.java:96)
at org.testng.TestNG.runSuitesSequentially(TestNG.java:1212)
at org.testng.TestNG.runSuitesLocally(TestNG.java:1134)
at org.testng.TestNG.runSuites(TestNG.java:1063)
at org.testng.TestNG.run(TestNG.java:1031)
at org.testng.remote.AbstractRemoteTestNG.run(AbstractRemoteTestNG.java:115)
at org.testng.remote.RemoteTestNG.initAndRun(RemoteTestNG.java:251)
at org.testng.remote.RemoteTestNG.main(RemoteTestNG.java:77)
]]>
    </error>
  </testcase> <!-- aquisition_quotes_user_flow_broker_PCP_OTR_calculation_with_maintenance_test -->
  <system-out>
    <![CDATA[<b>Clicked on Quote button </b> <br />
<b>Manufacture =FIAT has been selected</b> <br />
<b>Model range =FIORINO has been selected</b> <br />
<b>Vehicle has been selected</b> <br />
<b>Paint option has been selected</b> <br />
<br>----------Screenshot---------<br>
<img src="D:\Acquisition\AMT_Automation_Acquisition\target\surefire-reports\html\failure_screenshots\aquisition_quotes_user_flow_broker_PCP_OTR_calculation_with_maintenance_test_11_10_2023_11_04_47.png" height="800" width="1000">]]>
  </system-out>
  <testcase classname="newLCV.BROKER.Acquisition_Quotes_Broker_PCP_LCV_with_maintenance_Test" name="aquisition_quotes_user_flow_broker_PCP_after_discount_calculations_with_maintenance_test" time="0.000">
    <skipped/>
  </testcase> <!-- aquisition_quotes_user_flow_broker_PCP_after_discount_calculations_with_maintenance_test -->
  <system-out/>
  <testcase classname="newLCV.BROKER.Acquisition_Quotes_Broker_PCP_LCV_with_maintenance_Test" name="aquisition_quotes_user_flow_broker_PCP_vehicle_profit_check_with_maintenance_test" time="0.000">
    <skipped/>
  </testcase> <!-- aquisition_quotes_user_flow_broker_PCP_vehicle_profit_check_with_maintenance_test -->
  <system-out/>
  <testcase classname="newLCV.BROKER.Acquisition_Quotes_Broker_PCP_LCV_with_maintenance_Test" name="aquisition_quotes_user_flow_broker_PCP_balance_to_finance_check_with_maintenance_test" time="0.000">
    <skipped/>
  </testcase> <!-- aquisition_quotes_user_flow_broker_PCP_balance_to_finance_check_with_maintenance_test -->
  <system-out/>
  <testcase classname="newLCV.BROKER.Acquisition_Quotes_Broker_PCP_LCV_with_maintenance_Test" name="aquisition_quotes_user_flow_broker_PCP_quote_summary_values_verification_with_maintenance_test" time="0.000">
    <skipped/>
  </testcase> <!-- aquisition_quotes_user_flow_broker_PCP_quote_summary_values_verification_with_maintenance_test -->
  <system-out/>
</testsuite> <!-- newLCV.BROKER.Acquisition_Quotes_Broker_PCP_LCV_with_maintenance_Test -->
