<?xml version="1.0" encoding="UTF-8"?>
<!-- Generated by org.testng.reporters.JUnitReportReporter -->
<testsuite hostname="DSK-951" failures="0" tests="3" name="com.amt.test.LoginTest" time="48.886" errors="0" timestamp="2022-10-06T16:56:39 IST" skipped="0">
  <testcase classname="com.amt.test.LoginTest" name="login" time="29.398"/>
  <system-out/>
  <testcase classname="com.amt.test.LoginTest" name="pageTitleTest" time="10.984"/>
  <system-out/>
  <testcase classname="com.amt.test.LoginTest" name="verify_Logo_isDisplayed" time="8.504"/>
  <system-out/>
</testsuite> <!-- com.amt.test.LoginTest -->
