<?xml version="1.0" encoding="UTF-8"?>
<!-- Generated by org.testng.reporters.JUnitReportReporter -->
<testsuite hostname="DSK-951" failures="0" tests="8" name="com.amt.test.HPNR.Acquisition_Quotes_HPNR_HPNR_with_maintenance_Test" time="272.106" errors="0" timestamp="2023-01-31T15:17:12 IST" skipped="0">
  <testcase classname="com.amt.test.HPNR.Acquisition_Quotes_HPNR_HPNR_with_maintenance_Test" name="aquisition_quotes_HPNR_HPNR_OTR_calculation_with_maintenance_test" time="55.577"/>
  <system-out>
    <![CDATA[<b>Clicked on Quote button </b> <br />
<b>Manufacture =AUDI has been selected</b> <br />
<b>Model range =A7 has been selected</b> <br />
<b>Vehicle has been selected</b> <br />
<b>Paint option has been selected</b> <br />
<b>Interior option has been selected</b> <br />
<b> Acquisition Contract type option = Hire Purchase Non regulated (HPNR) has been selected</b> <br />
<b> Customer Contract type option = Hire Purchase Non regulated (HPNR) has been selected</b> <br />
<b>Getting Basic Price- Vehicle value is  =46854.17</b> <br />
<b>Getting Basic Price - Paint  value is  =0.00</b> <br />
<b>Getting  Basic Price - Options value is   =833.33</b> <br />
<b>Getting Discount- Vehicle value is  =0.00</b> <br />
<b>Getting   Discount - Paint value is   =0.00</b> <br />
<b>Getting  Discount- Options value is   =0.00</b> <br />
<b>Getting Additional Discount- Vehicle value is  =0.00</b> <br />
<b>Getting  Additional Discount - paint value is  =0.00</b> <br />
<b>Getting  Additional Discount - Options value is  =0.00</b> <br />
<b>Writing OTR table values to excel sheet -Started </b> <br />
<b>Writing OTR table values to excel sheet -Completed </b> <br />
<b>Reading Subtotal After Discount from excel sheet -Started </b> <br />
<b>Reading Subtotal After Discount from excel sheet -Started </b> <br />
<b>Subtotal After Discount from excel sheet is =47687.5</b> <br />
<b>Subtotal after discount actual value from screen =Â£ 47,687.50</b> <br />]]>
  </system-out>
  <testcase classname="com.amt.test.HPNR.Acquisition_Quotes_HPNR_HPNR_with_maintenance_Test" name="aquisition_quotes_HPNR_HPNR_after_discount_calculations_with_maintenance_test" time="2.550"/>
  <system-out>
    <![CDATA[<b>*********Calculations for On Road Price has been started***********</b> <br />
<b>Started getting On screen values from after discount table </b> <br />
<b>Manufacture_delivery_charges =550.00</b> <br />
<b>Road_tax_first_year =585.00</b> <br />
<b>First_registration_fee =55.00</b> <br />
<b>Rebate =0.00</b> <br />
<b>Writing After discount values to excel has been started</b> <br />
<b>Writing After discount values to excel has been completed</b> <br />
<b>Reading On Road Price for invoice from excel has been Started</b> <br />
<b>Reading On Road Price for invoice from excel has been completed</b> <br />
<b>Expected on the road price from excel is =58525.0</b> <br />
<b>Actual on the road price from screen is =58525.00</b> <br />]]>
  </system-out>
  <testcase classname="com.amt.test.HPNR.Acquisition_Quotes_HPNR_HPNR_with_maintenance_Test" name="aquisition_quotes_HPNR_HPNR_holding_cost_calculations_with_maintenance_test" time="11.665"/>
  <system-out>
    <![CDATA[<b>***********Entered in holding cost page ***********</b> <br />
<b>Clicked on holding cost summary</b> <br />
<b>Clicked on holding_cost_maintenance_toggle_button</b> <br />
<b>***********Holding Cost Calculations has been Started*************</b> <br />
<b>Getting on screen values from Holding Cost Page</b> <br />
<b>Duration(Terms) =36.0</b> <br />
<b>Annual_mileage =10000.0</b> <br />
<b>Cap_residual_value =27500.0</b> <br />
<b>Writing Holding Cost Summary values to excel has been started</b> <br />
<b>Writing Holding Cost Summary values to excel has been completed</b> <br />
<b>Reading Monthly Holding Cost value from excel has been started</b> <br />
<b>Reading Monthly Holding Cost value from excel has been completed</b> <br />
<b>Total_monthly_holding_cost_from_screen =951.53</b> <br />
<b>Total_monthly_holding_cost_from_excel =951.5319756721427</b> <br />]]>
  </system-out>
  <testcase classname="com.amt.test.HPNR.Acquisition_Quotes_HPNR_HPNR_with_maintenance_Test" name="aquisition_quotes_HPNR_HPNR_customer_quote_calculations_check_monthly_finance_payment_with_maintenance_test" time="28.499"/>
  <system-out>
    <![CDATA[<b>***********Entered in Customer Quote page ***********</b> <br />
<b>Matrix credit type A1 Credit has been selected</b> <br />
<b>Writing configuration values from property file to Excel for customer quote calculation -started</b> <br />
<b>Writing configuration values from property file to Excel for customer quote calculation -completed</b> <br />
<b>Actual Monthly total Payment from screen is 1254.08</b> <br />
<b>Writing screen values to Excel for customer quote calculation -started</b> <br />
<b>Writing screen values to Excel for customer quote calculation -completed</b> <br />
<b>Expected Monthly Total Rental from excel is 1254.0764768174856</b> <br />]]>
  </system-out>
  <testcase classname="com.amt.test.HPNR.Acquisition_Quotes_HPNR_HPNR_with_maintenance_Test" name="aquisition_quotes_HPNR_HPNR_customer_quote_vehicle_profit_edit_check_with_maintenance_test" time="4.809"/>
  <system-out>
    <![CDATA[<b>Monthly Total Payment verified after editing vehicle profit</b> <br />]]>
  </system-out>
  <testcase classname="com.amt.test.HPNR.Acquisition_Quotes_HPNR_HPNR_with_maintenance_Test" name="aquisition_quotes_HPNR_HPNR_customer_quote_part_exchange_value_edit_check_with_maintenance_test" time="15.749"/>
  <system-out>
    <![CDATA[<b>Monthly total Payment verified after editing part exchange values and deposit values</b> <br />]]>
  </system-out>
  <testcase classname="com.amt.test.HPNR.Acquisition_Quotes_HPNR_HPNR_with_maintenance_Test" name="aquisition_quotes_HPNR_HPNR_customer_quote_monthly_finance_payment_after_balloon_payment_off_with_maintenance_test" time="9.840"/>
  <system-out>
    <![CDATA[<b>Monthly Total Payment verified after making balloon payment toggle button off</b> <br />]]>
  </system-out>
  <testcase classname="com.amt.test.HPNR.Acquisition_Quotes_HPNR_HPNR_with_maintenance_Test" name="aquisition_quotes_HPNR_HPNR_quote_summary_values_verification_with_maintenance_test" time="143.417"/>
  <system-out>
    <![CDATA[<b>*************OTR Calulation on quote summary page has been started************</b> <br />
<b>Reading values from OTR calculation -Quote Summary Page</b> <br />
<b>OTR_calculation_cost_otr_price_from_screen =58525.0</b> <br />
<b>OTR_calculation_cost_price_ex_vat_and_rfl_from_screen =48237.5</b> <br />
<b>OTR_calculation_otr_vat_from_screen =9647.5</b> <br />
<b>OTR_calculation_otr_rfl_and_frf_from_screen =640.0</b> <br />
<b>OTR price compared</b> <br />
<b>Cost price ex vat and rfl compared</b> <br />
<b>VAT compared</b> <br />
<b>RFL & FRF compared</b> <br />
<b>*************Holding Cost Calulation on quote summary page has been started************</b> <br />
<b>Reading values from Holding Cost summary -Quote Summary Page</b> <br />
<b>holding_cost_terms_from_screen36.0</b> <br />
<b>holding_cost_miles_per_annum_from_screen10000.0</b> <br />
<b>holding_cost_monthly_finance_cost_from_screen922.92</b> <br />
<b>holding_cost_monthly_maint_cost_used_from_screen28.61</b> <br />
<b>holding_cost_CAP_monthly_maint_cost_from_screen28.61</b> <br />
<b>holding_cost_total_monthly_holding_cost_from_screen =951.53</b> <br />
<b>terms compared</b> <br />
<b>Miles per annum compared</b> <br />
<b>Finance cost compared</b> <br />
<b>Maint cost used  compared</b> <br />
<b>CAP monthly cost compared</b> <br />
<b>Total Monthly Holding Cost compared</b> <br />
<b>*************Customer Quote Calulation on quote summary page has been started************</b> <br />
<b>Terms found OK</b> <br />
<b>miles found OK</b> <br />
<b>Basic Cash Price found OK</b> <br />
<b>VAT found OK</b> <br />
<b>Non VAT Items Value found OK</b> <br />
<b>Total Cash Price found OK</b> <br />
<b>Order Deposit found OK</b> <br />
<b>Finance Deposit found OK</b> <br />
<b>Total Deposit found OK</b> <br />
<b>Part Exchange Value - found OK</b> <br />
<b>Balance to Finance found OK</b> <br />
<b>Finance Charges - found wrong</b> <br />
<b>Document Fee - found OK</b> <br />
<b>Balance Payable - found wrong</b> <br />
<b>Option To Purchase Fee - found OK</b> <br />
<b>Initial Cash Payment - found OK</b> <br />
<b>Followed By months - found OK</b> <br />
<b>Monthly Finance Payment - found OK</b> <br />
<b>Monthly Maint Payment - found OK</b> <br />
<b>Monthly Total Payment - found OK</b> <br />
<b>Balloon Value - found OK</b> <br />
<b>Final Payment - found OK</b> <br />
<b>Pence Per Excess Mile Maintenance - found OK</b> <br />
<b>Vehicle Commission - found OK</b> <br />
<b>Default Finance Commission - found OK</b> <br />
<b>Maintenance Commission - found OK</b> <br />
<b>Document Fee Commission - found OK</b> <br />
<b>Total Commission - found OK</b> <br />
<b>*************Configuration Values Verification on quote summary page has been started************</b> <br />
<b>Base Interest Rate found OK</b> <br />
<b>Finance Margin found wrong</b> <br />
<b>Deductions found wrong</b> <br />
<b>Additional Margin found OK</b> <br />
<b>Total Margin found wrong</b> <br />
<b>Default Broker Margin percentage found OK</b> <br />
<b>Customer Interest Rate found OK</b> <br />
<b>Maintenance Margin found OK</b> <br />
<b>Document Fee Margin found OK</b> <br />
<b>*********Customer Quote generated successfully and Quote_ref_no is=HEI91007</b> <br />
<b>*************OTR Calulation on quote summary page has been started************</b> <br />
<b>Reading values from OTR calculation -Quote Summary Page</b> <br />
<b>OTR_calculation_cost_otr_price_from_screen =58525.0</b> <br />
<b>OTR_calculation_cost_price_ex_vat_and_rfl_from_screen =48237.5</b> <br />
<b>OTR_calculation_otr_vat_from_screen =9647.5</b> <br />
<b>OTR_calculation_otr_rfl_and_frf_from_screen =640.0</b> <br />
<b>OTR price compared</b> <br />
<b>Cost price ex vat and rfl compared</b> <br />
<b>VAT compared</b> <br />
<b>RFL & FRF compared</b> <br />
<b>*************Holding Cost Calulation on quote summary page has been started************</b> <br />
<b>Reading values from Holding Cost summary -Quote Summary Page</b> <br />
<b>holding_cost_terms_from_screen36.0</b> <br />
<b>holding_cost_miles_per_annum_from_screen10000.0</b> <br />
<b>holding_cost_monthly_finance_cost_from_screen922.92</b> <br />
<b>holding_cost_monthly_maint_cost_used_from_screen28.61</b> <br />
<b>holding_cost_CAP_monthly_maint_cost_from_screen28.61</b> <br />
<b>holding_cost_total_monthly_holding_cost_from_screen =951.53</b> <br />
<b>terms compared</b> <br />
<b>Miles per annum compared</b> <br />
<b>Finance cost compared</b> <br />
<b>Maint cost used  compared</b> <br />
<b>CAP monthly cost compared</b> <br />
<b>Total Monthly Holding Cost compared</b> <br />
<b>*************Customer Quote Calulation on quote summary page has been started************</b> <br />
<b>Terms found OK</b> <br />
<b>miles found OK</b> <br />
<b>Basic Cash Price found OK</b> <br />
<b>VAT found OK</b> <br />
<b>Non VAT Items Value found OK</b> <br />
<b>Total Cash Price found OK</b> <br />
<b>Order Deposit found OK</b> <br />
<b>Finance Deposit found OK</b> <br />
<b>Total Deposit found OK</b> <br />
<b>Part Exchange Value - found OK</b> <br />
<b>Balance to Finance found OK</b> <br />
<b>Finance Charges - found wrong</b> <br />
<b>Document Fee - found OK</b> <br />
<b>Balance Payable - found wrong</b> <br />
<b>Option To Purchase Fee - found OK</b> <br />
<b>Initial Cash Payment - found OK</b> <br />
<b>Followed By months - found OK</b> <br />
<b>Monthly Finance Payment - found OK</b> <br />
<b>Monthly Maint Payment - found OK</b> <br />
<b>Monthly Total Payment - found OK</b> <br />
<b>Balloon Value - found OK</b> <br />
<b>Final Payment - found OK</b> <br />
<b>Pence Per Excess Mile Maintenance - found OK</b> <br />
<b>Vehicle Commission - found OK</b> <br />
<b>Default Finance Commission - found OK</b> <br />
<b>Maintenance Commission - found OK</b> <br />
<b>Document Fee Commission - found OK</b> <br />
<b>Total Commission - found OK</b> <br />
<b>*************Configuration Values Verification on quote summary page has been started************</b> <br />
<b>Base Interest Rate found OK</b> <br />
<b>Finance Margin found wrong</b> <br />
<b>Deductions found wrong</b> <br />
<b>Additional Margin found OK</b> <br />
<b>Total Margin found wrong</b> <br />
<b>Default Broker Margin percentage found OK</b> <br />
<b>Customer Interest Rate found OK</b> <br />
<b>Maintenance Margin found OK</b> <br />
<b>Document Fee Margin found OK</b> <br />
<b>*************Editing Base Interest Rate and Verifying  Values on quote summary page has been started************</b> <br />
<b>Base Interest Rate changed to 7.0 %</b> <br />
<b>Holding Cost after changing Base Int. Rate -  found OK</b> <br />
<b>Monthly Finance Rental after changing Base Int. Rate -  found OK</b> <br />
<b>Monthly Maint Rental after changing Base Int. Rate -  found OK</b> <br />
<b>Finance Charges - found OK</b> <br />
<b>Balance Payable - found wrong</b> <br />
<b>Base Interest Rate changed to 6.5 %</b> <br />
<b>*************Editing Customer Rate Over Base and Verifying Values on quote summary page has been started************</b> <br />
<b>Customer Base Over Rate changed to 5.0 %</b> <br />
<b>Monthly Finance Rental after changing Customer Base Over Rate -  found OK</b> <br />
<b>Finance Charges - found OK</b> <br />
<b>Balance Payable - found wrong</b> <br />
<b>*************Editing Maintenance Margin and Verifying Values on quote summary page has been started************</b> <br />
<b>Maintenance margin changed to 30 %</b> <br />
<b>Monthly Maint Rental after changing Maintenance margin -  found OK</b> <br />]]>
  </system-out>
</testsuite> <!-- com.amt.test.HPNR.Acquisition_Quotes_HPNR_HPNR_with_maintenance_Test -->
