<?xml version="1.0" encoding="UTF-8"?>
<!-- Generated by org.testng.reporters.JUnitReportReporter -->
<testsuite hostname="DSK-951" failures="0" tests="1" name="com.amt.test.lou.Lead_opportunity_broker_Test" time="37.299" errors="0" timestamp="2022-12-16T16:53:51 IST" skipped="0">
  <testcase classname="com.amt.test.lou.Lead_opportunity_broker_Test" name="Lead_opportunity_broker_Test" time="37.299"/>
  <system-out/>
</testsuite> <!-- com.amt.test.lou.Lead_opportunity_broker_Test -->
