<?xml version="1.0" encoding="UTF-8"?>
<!-- Generated by org.testng.reporters.JUnitReportReporter -->
<testsuite hostname="DSK-4052" failures="0" tests="3" name="usedCar.BROKER.Acquisition_Quotes_Broker_PCH_used_car_without_maintenance_Test" time="167.112" errors="0" timestamp="2023-10-11T06:07:18 IST" skipped="0">
  <testcase classname="usedCar.BROKER.Acquisition_Quotes_Broker_PCH_used_car_without_maintenance_Test" name="aquisition_quotes_user_flow_broker_bch_OTR_calculation_without_maintenance_test" time="115.457"/>
  <system-out>
    <![CDATA[<b>Clicked on Quote button </b> <br />
<b>Selecting used vehicle with registration no. = GY19XAG and mileage = 15000</b> <br />
<b>Vehicle selected</b> <br />
<b>Paint option has been selected</b> <br />
<b>Interior option has been selected</b> <br />
<b>Acquisition Contract type option selected = Broker </b> <br />
<b> Customer Contract type option = Personal Contract Hire(PCH) has been selected</b> <br />
<b>Cost Price ex VAT and RFL from screen is 20958.33</b> <br />
<b>VAT from screen is 4191.67</b> <br />
<b>Cost Price ex VAT and RFL calculated is 20958.33</b> <br />
<b>Cost Price ex VAT and RFL verified and found OK</b> <br />]]>
  </system-out>
  <testcase classname="usedCar.BROKER.Acquisition_Quotes_Broker_PCH_used_car_without_maintenance_Test" name="aquisition_quotes_user_flow_broker_pch_without_maintenance_test" time="36.464"/>
  <system-out>
    <![CDATA[<b>Funder quote added successfully</b> <br />
<b></b> <br />
<b>Started verifying Balance Due Value</b> <br />
<b>Clicked on Part Exchange panel</b> <br />
<b>Balance Due Value Expected = 339.99</b> <br />
<b>Balance Due Value Actual from screen = 339.99</b> <br />
<b>Balance Due Value verified and found OK</b> <br />]]>
  </system-out>
  <testcase classname="usedCar.BROKER.Acquisition_Quotes_Broker_PCH_used_car_without_maintenance_Test" name="aquisition_quotes_user_flow_broker_pch_quote_summary_values_verification_without_maintenance_test" time="15.191"/>
  <system-out>
    <![CDATA[<b>*************OTR Calulation on quote summary page has been started************</b> <br />
<b>Reading values from OTR calculation -Quote Summary Page</b> <br />
<b>OTR_calculation_cost_otr_price_from_screen =25150.0</b> <br />
<b>OTR_calculation_cost_price_ex_vat_and_rfl_from_screen =20958.33</b> <br />
<b>OTR_calculation_otr_vat_from_screen =4191.67</b> <br />
<b>OTR_calculation_cost_otr_price_from_excel =25149.996000000003</b> <br />
<b>OTR_calculation_cost_price_ex_vat_and_rfl_from_excel =20958.33</b> <br />
<b>OTR_calculation_otr_vat_from_excel =4191.666</b> <br />
<b>OTR_calculation_otr_rfl_and_frf_from_excel =0.0</b> <br />
<b>OTR price compared</b> <br />
<b>Cost price ex vat and rfl compared</b> <br />
<b>VAT compared</b> <br />]]>
  </system-out>
</testsuite> <!-- usedCar.BROKER.Acquisition_Quotes_Broker_PCH_used_car_without_maintenance_Test -->
