<?xml version="1.0" encoding="UTF-8"?>
<!-- Generated by org.testng.reporters.JUnitReportReporter -->
<testsuite hostname="DSK-4052" failures="0" tests="5" name="usedLCV.CP.Acquisition_Quotes_CP_PCH_used_LCV_with_funder_quote_addition_without_maintenance_Test" time="350.396" errors="0" timestamp="2023-09-24T20:12:20 IST" skipped="0">
  <testcase classname="usedLCV.CP.Acquisition_Quotes_CP_PCH_used_LCV_with_funder_quote_addition_without_maintenance_Test" name="aquisition_quotes_used_LCV_OTR_calculation_with_maintenance_test" time="80.192"/>
  <system-out>
    <![CDATA[<b>Clicked on Quote button </b> <br />
<b>Selecting used vehicle with registration no. = HK21YPJ and mileage = 10000</b> <br />
<b>Vehicle selected</b> <br />
<b>Paint option has been selected</b> <br />
<b>Interior option has been selected</b> <br />
<b> Acquisition Contract type option = Contract Purchase has been selected</b> <br />
<b> Customer Contract type option = Personal Contract Hire(BCH) has been selected</b> <br />
<b>Cost Price ex VAT and RFL from screen is 19458.33</b> <br />
<b>VAT from screen is 3891.67</b> <br />
<b>Cost Price ex VAT and RFL calculated is 19458.33</b> <br />
<b>Cost Price ex VAT and RFL verified and found OK</b> <br />]]>
  </system-out>
  <testcase classname="usedLCV.CP.Acquisition_Quotes_CP_PCH_used_LCV_with_funder_quote_addition_without_maintenance_Test" name="aquisition_quotes_used_LCV_edit_cost_price_and_check_OTR_with_maintenance_test" time="0.001"/>
  <system-out/>
  <testcase classname="usedLCV.CP.Acquisition_Quotes_CP_PCH_used_LCV_with_funder_quote_addition_without_maintenance_Test" name="aquisition_quotes_holding_cost_calculations_without_maintenance_test" time="29.385"/>
  <system-out>
    <![CDATA[<b>***********Entered in holding cost page ***********</b> <br />
<b>***********Holding Cost Calculations has been Started*************</b> <br />
<b>Writing Holding Cost Summary values to excel has been completed</b> <br />
<b>Reading Monthly Holding Cost value from excel</b> <br />
<b>Total_monthly_holding_cost_from_screen =261.70</b> <br />
<b>Total_monthly_holding_cost_from_excel =261.6945</b> <br />]]>
  </system-out>
  <testcase classname="usedLCV.CP.Acquisition_Quotes_CP_PCH_used_LCV_with_funder_quote_addition_without_maintenance_Test" name="aquisition_quotes_customer_quote_payment_profile_calculations_without_maintenance_test" time="69.600"/>
  <system-out>
    <![CDATA[<b>Writing configuration values from property file to Excel for customer quote calculation -started</b> <br />
<b>Writing configuration values from property file to Excel for customer quote calculation -completed</b> <br />
<b>************Calculations for Customer Quote Page has been started***********</b> <br />
<b>Payment Profile Monthly in Advance option has been selected</b> <br />
<b>Writing values to Excel for customer quote calculation -started</b> <br />
<b>Writing values to Excel for customer quote calculation -completed</b> <br />
<b>Reading  Monthly Finance Rental from  Excel   -started</b> <br />
<b>Reading  Monthly Finance Rental from  Excel   -completed</b> <br />
<b>Monthly Finance Rental from Excel is =577.32195806024</b> <br />
<b>Monthly Finance Rental from screen is 577.33</b> <br />
<b>Monthly Finance Rental from screen (after submitting upsell values) is 622.09</b> <br />
<b>Writing upsell values to excel</b> <br />
<b>Monthly Finance Rental from Excel (after submitting upsell values) is 622.0801490870866</b> <br />
<b>Monthly finance (after submitting upsell values) is found OK</b> <br />
<b>Clicked on Part Exchange panel</b> <br />
<b>Expected Monthly Finance Rental From Excel is =622.0801490870866</b> <br />
<b>Actuacl Monthly Finance Rental From screen is =622.09</b> <br />
<b></b> <br />
<b>Balance Due value started verifying</b> <br />
<b>Balance due value Actual from screen is -2760.01</b> <br />
<b></b> <br />
<b>Balance due value Expected from Excel is -2760.01</b> <br />
<b></b> <br />
<b>Balance due value (with part exchange values) is verified and found ok</b> <br />
<b>Monthly Finance Rental from screen (after updating customer quote summary upsell value) is 644.47</b> <br />
<b>Writing upsell values to excel</b> <br />
<b>Monthly Finance Rental from Excel (after submitting upsell values) is 644.4592446005108</b> <br />
<b>Monthly finance rental (after updating customer quote summary upsell value) is found OK</b> <br />]]>
  </system-out>
  <testcase classname="usedLCV.CP.Acquisition_Quotes_CP_PCH_used_LCV_with_funder_quote_addition_without_maintenance_Test" name="aquisition_quotes_quote_summary_values_verification_without_maintenance_test" time="171.218"/>
  <system-out>
    <![CDATA[<b>*************OTR Calulation on quote summary page has been started************</b> <br />
<b>Reading values from OTR calculation -Quote Summary Page</b> <br />
<b></b> <br />
<b>Cost otr price from screen is 23350.0</b> <br />
<b>Cost price ex vat and rfl from screen is 19458.33</b> <br />
<b>Otr Vat from screen is 3891.67</b> <br />
<b></b> <br />
<b>Cost otr price from excel is 23349.996000000003</b> <br />
<b>Cost price ex vat and rfl from excel is 19458.33</b> <br />
<b>Otr Vat from excel is 3891.666</b> <br />
<b>OTR price compared</b> <br />
<b>Cost price ex vat and rfl compared</b> <br />
<b>VAT compared</b> <br />
<b>*************Holding Cost Calulation on quote summary page has been started************</b> <br />
<b>Reading values from Holding Cost summary -Quote Summary Page</b> <br />
<b>holding_cost_terms_from_screen12.0</b> <br />
<b>holding_cost_miles_per_annum_from_screen5000.0</b> <br />
<b>holding_cost_monthly_finance_cost_from_screen261.7</b> <br />
<b>holding_cost_total_monthly_holding_cost_from_screen =261.7</b> <br />
<b>terms compared</b> <br />
<b>Miles per annum compared</b> <br />
<b>Finance cost compared</b> <br />
<b>Total Monthly Holding Cost compared</b> <br />
<b></b> <br />
<b>********Balance Due value started verifying**********</b> <br />
<b>Balance due value Actual from screen is -2760.01</b> <br />
<b></b> <br />
<b>Balance due value Expected from Excel is -2760.01</b> <br />
<b></b> <br />
<b>Balance due value (with part exchange values) is verified and found ok</b> <br />
<b>*************Customer Quote Calulation on quote summary page has been started************</b> <br />
<b>Terms found OK</b> <br />
<b>miles found OK</b> <br />
<b>Monthly Finance Rental found OK</b> <br />
<b>Initial Finance Rental found OK</b> <br />
<b>Followed By months - found OK</b> <br />
<b>Part Exchange Value - found OK</b> <br />
<b>Pence per excess mile finance - found OK</b> <br />
<b>Document Fee - found OK</b> <br />
<b>Upsell - found OK</b> <br />
<b>Default Finance Commission - found OK</b> <br />
<b>Upsell Commission - found OK</b> <br />
<b>Document Fee Commission - found OK</b> <br />
<b>Total Commission - found OK</b> <br />
<b>Referrer Commission - found OK</b> <br />
<b>*************Configuration Values Verification on quote summary page has been started************</b> <br />
<b>Finance Margin found OK</b> <br />
<b>Deductions found OK</b> <br />
<b>Additional Margin found OK</b> <br />
<b>Total Margin found OK</b> <br />
<b>Default Broker Margin percentage found OK</b> <br />
<b>Broker Upsell Margin percentage found OK</b> <br />
<b>Broker Upsell Margin  found OK</b> <br />
<b>Document Fee Margin  found OK</b> <br />
<b>Refferer Margin  found OK</b> <br />
<b>*********Customer Quote generated successfully and Quote_ref_no is=MFP97924</b> <br />
<b>*************OTR Calulation on quote summary page has been started************</b> <br />
<b>Reading values from OTR calculation -Quote Summary Page</b> <br />
<b></b> <br />
<b>Cost otr price from screen is 23350.0</b> <br />
<b>Cost price ex vat and rfl from screen is 19458.33</b> <br />
<b>Otr Vat from screen is 3891.67</b> <br />
<b></b> <br />
<b>Cost otr price from excel is 23349.996000000003</b> <br />
<b>Cost price ex vat and rfl from excel is 19458.33</b> <br />
<b>Otr Vat from excel is 3891.666</b> <br />
<b>OTR price compared</b> <br />
<b>Cost price ex vat and rfl compared</b> <br />
<b>VAT compared</b> <br />
<b>*************Holding Cost Calulation on quote summary page has been started************</b> <br />
<b>Reading values from Holding Cost summary -Quote Summary Page</b> <br />
<b>holding_cost_terms_from_screen12.0</b> <br />
<b>holding_cost_miles_per_annum_from_screen5000.0</b> <br />
<b>holding_cost_monthly_finance_cost_from_screen261.7</b> <br />
<b>holding_cost_total_monthly_holding_cost_from_screen =261.7</b> <br />
<b>terms compared</b> <br />
<b>Miles per annum compared</b> <br />
<b>Finance cost compared</b> <br />
<b>Total Monthly Holding Cost compared</b> <br />
<b></b> <br />
<b>********Balance Due value started verifying**********</b> <br />
<b>Balance due value Actual from screen is -2760.01</b> <br />
<b></b> <br />
<b>Balance due value Expected from Excel is -2760.01</b> <br />
<b></b> <br />
<b>Balance due value (with part exchange values) is verified and found ok</b> <br />
<b>*************Customer Quote Calulation on quote summary page has been started************</b> <br />
<b>Terms found OK</b> <br />
<b>miles found OK</b> <br />
<b>Monthly Finance Rental found OK</b> <br />
<b>Initial Finance Rental found OK</b> <br />
<b>Followed By months - found OK</b> <br />
<b>Part Exchange Value - found OK</b> <br />
<b>Pence per excess mile finance - found OK</b> <br />
<b>Document Fee - found OK</b> <br />
<b>Upsell - found OK</b> <br />
<b>Default Finance Commission - found OK</b> <br />
<b>Upsell Commission - found OK</b> <br />
<b>Document Fee Commission - found OK</b> <br />
<b>Total Commission - found OK</b> <br />
<b>Referrer Commission - found OK</b> <br />
<b>*************Configuration Values Verification on quote summary page has been started************</b> <br />
<b>Finance Margin found OK</b> <br />
<b>Deductions found OK</b> <br />
<b>Additional Margin found OK</b> <br />
<b>Total Margin found OK</b> <br />
<b>Default Broker Margin percentage found OK</b> <br />
<b>Broker Upsell Margin percentage found OK</b> <br />
<b>Broker Upsell Margin  found OK</b> <br />
<b>Document Fee Margin  found OK</b> <br />
<b>Refferer Margin  found OK</b> <br />
<b>*************Editing Finance Margin and Verifying Values on quote summary page has been started************</b> <br />
<b>Finance margin changed to 10000</b> <br />
<b>Monthly Finance Rental after changing finance margin -  found OK</b> <br />
<b>Initial Finance Rental found OK</b> <br />]]>
  </system-out>
</testsuite> <!-- usedLCV.CP.Acquisition_Quotes_CP_PCH_used_LCV_with_funder_quote_addition_without_maintenance_Test -->
