<?xml version="1.0" encoding="UTF-8"?>
<!-- Generated by org.testng.reporters.JUnitReportReporter -->
<testsuite hostname="DSK-951" failures="0" tests="5" name="com.amt.test.OP.Acquisition_Quotes_Outright_FL_without_maintenance_Test" time="191.012" errors="0" timestamp="2023-01-02T15:22:05 IST" skipped="0">
  <testcase classname="com.amt.test.OP.Acquisition_Quotes_Outright_FL_without_maintenance_Test" name="aquisition_quotes_outright_FL_OTR_calculation_without_maintenance_test" time="55.728"/>
  <system-out>
    <![CDATA[<b>Clicked on Quote button </b> <br />
<b>Manufacture =AUDI has been selected</b> <br />
<b>Model range =A7 has been selected</b> <br />
<b>Vehicle has been selected</b> <br />
<b>Paint option has been selected</b> <br />
<b>Interior option has been selected</b> <br />
<b> Acquisition Contract type option = Outright has been selected</b> <br />
<b> Customer Contract type option = Finance Lease(FL) has been selected</b> <br />
<b>Getting Basic Price- Vehicle value is  =46854.17</b> <br />
<b>Getting Basic Price - Paint  value is  =0.00</b> <br />
<b>Getting  Basic Price - Options value is   =833.33</b> <br />
<b>Getting Discount- Vehicle value is  =0.00</b> <br />
<b>Getting   Discount - Paint value is   =0.00</b> <br />
<b>Getting  Discount- Options value is   =0.00</b> <br />
<b>Getting Additional Discount- Vehicle value is  =0.00</b> <br />
<b>Getting  Additional Discount - paint value is  =0.00</b> <br />
<b>Getting  Additional Discount - Options value is  =0.00</b> <br />
<b>Writing OTR table values to excel sheet -Started </b> <br />
<b>Writing OTR table values to excel sheet -Completed </b> <br />
<b>Reading Subtotal After Discount from excel sheet -Started </b> <br />
<b>Reading Subtotal After Discount from excel sheet -Started </b> <br />
<b>Subtotal After Discount from excel sheet is =47687.5</b> <br />
<b>Subtotal after discount actual value from screen =Â£ 47,687.50</b> <br />]]>
  </system-out>
  <testcase classname="com.amt.test.OP.Acquisition_Quotes_Outright_FL_without_maintenance_Test" name="aquisition_quotes_outright_FL_after_discount_calculations_without_maintenance_test" time="2.486"/>
  <system-out>
    <![CDATA[<b>*********Calculations for On Road Price has been started***********</b> <br />
<b>Started getting On screen values from after discount table </b> <br />
<b>Manufacture_delivery_charges =550.00</b> <br />
<b>Road_tax_first_year =585.00</b> <br />
<b>First_registration_fee =55.00</b> <br />
<b>Rebate =0.00</b> <br />
<b>Writing After discount values to excel has been started</b> <br />
<b>Writing After discount values to excel has been completed</b> <br />
<b>Reading On Road Price for invoice from excel has been Started</b> <br />
<b>Reading On Road Price for invoice from excel has been completed</b> <br />
<b>Expected on the road price from excel is =58525.0</b> <br />
<b>Actual on the road price from screen is =58525.00</b> <br />]]>
  </system-out>
  <testcase classname="com.amt.test.OP.Acquisition_Quotes_Outright_FL_without_maintenance_Test" name="aquisition_quotes_outright_FL_holding_cost_calculations_without_maintenance_test" time="12.946"/>
  <system-out>
    <![CDATA[<b>***********Entered in holding cost page ***********</b> <br />
<b>Clicked on holding cost summary</b> <br />
<b>***********Holding Cost Calculations has been Started*************</b> <br />
<b>Getting on screen values from Holding Cost Page</b> <br />
<b>Duration(Terms) =36.0</b> <br />
<b>Annual_mileage =10000.0</b> <br />
<b>Cap_residual_value =27500.0</b> <br />
<b>Writing Holding Cost Summary values to excel has been started</b> <br />
<b>Writing Holding Cost Summary values to excel has been completed</b> <br />
<b>Reading Monthly Holding Cost value from excel has been started</b> <br />
<b>Reading Monthly Holding Cost value from excel has been completed</b> <br />
<b>Total_monthly_holding_cost_from_screen =922.92</b> <br />
<b>Total_monthly_holding_cost_from_excel =922.9208645610316</b> <br />]]>
  </system-out>
  <testcase classname="com.amt.test.OP.Acquisition_Quotes_Outright_FL_without_maintenance_Test" name="aquisition_quotes_outright_FL_customer_quote_payment_profile_calculations_without_maintenance_test" time="106.444"/>
  <system-out>
    <![CDATA[<b>Writing configuration values from property file to Excel for customer quote calculation -started</b> <br />
<b>Writing configuration values from property file to Excel for customer quote calculation -completed</b> <br />
<b>************Calculations for Customer Quote Page has been started***********</b> <br />
<b>Payment Profile Monthly in Advance option has been selected</b> <br />
<b>Clicked on Part Exchange panel</b> <br />
<b>Writing values to Excel for customer quote calculation -started</b> <br />
<b>Writing values to Excel for customer quote calculation -completed</b> <br />
<b>Reading  Monthly Finance Rental from  Excel   -started</b> <br />
<b>Reading  Monthly Finance Rental from  Excel   -completed</b> <br />
<b>Monthly Finance Rental from Excel is =1122.8507273373334</b> <br />
<b>Started verifying Balance Due value</b> <br />
<b>Balance due value (when part exchange toggle is OFF) is verified and found ok</b> <br />
<b>Balance due value (when part exchange toggle is ON) is verified and found ok</b> <br />
<b>Calculations with different payment profiles for customer quote has been started</b> <br />
<b>Calculations with different payment profiles for customer quote has been ended</b> <br />]]>
  </system-out>
  <testcase classname="com.amt.test.OP.Acquisition_Quotes_Outright_FL_without_maintenance_Test" name="aquisition_quotes_outright_FL_quote_summary_values_verification_without_maintenance_test" time="13.408"/>
  <system-out>
    <![CDATA[<b>*************OTR Calulation on quote summary page has been started************</b> <br />
<b>Reading values from OTR calculation -Quote Summary Page</b> <br />
<b>OTR_calculation_cost_otr_price_from_screen =58525.0</b> <br />
<b>OTR_calculation_cost_price_ex_vat_and_rfl_from_screen =48237.5</b> <br />
<b>OTR_calculation_otr_vat_from_screen =9647.5</b> <br />
<b>OTR_calculation_otr_rfl_and_frf_from_screen =640.0</b> <br />
<b>OTR price compared</b> <br />
<b>Cost price ex vat and rfl compared</b> <br />
<b>VAT compared</b> <br />
<b>RFL & FRF compared</b> <br />
<b>*************Holding Cost Calulation on quote summary page has been started************</b> <br />
<b>Reading values from Holding Cost summary -Quote Summary Page</b> <br />
<b>holding_cost_terms_from_screen36.0</b> <br />
<b>holding_cost_miles_per_annum_from_screen10000.0</b> <br />
<b>holding_cost_monthly_finance_cost_from_screen922.92</b> <br />
<b>holding_cost_total_monthly_holding_cost_from_screen =922.92</b> <br />
<b>terms compared</b> <br />
<b>Miles per annum compared</b> <br />
<b>Finance cost compared</b> <br />
<b>Total Monthly Holding Cost compared</b> <br />]]>
  </system-out>
</testsuite> <!-- com.amt.test.OP.Acquisition_Quotes_Outright_FL_without_maintenance_Test -->
