<?xml version="1.0" encoding="UTF-8"?>
<!-- Generated by org.testng.reporters.JUnitReportReporter -->
<testsuite hostname="DSK-4052" failures="0" tests="5" name="usedCar.HPNR.Acquisition_Quotes_HPNR_FL_used_LCV_with_maintenance_Test" time="471.214" errors="0" timestamp="2023-04-10T14:22:31 IST" skipped="0">
  <testcase classname="usedCar.HPNR.Acquisition_Quotes_HPNR_FL_used_LCV_with_maintenance_Test" name="aquisition_quotes_used_LCV_OTR_calculation_with_maintenance_test" time="89.076"/>
  <system-out>
    <![CDATA[<b>Clicked on Quote button </b> <br />
<b>Selecting used vehicle with registration no. = HK21YPJ and mileage = 10000</b> <br />
<b>Vehicle selected</b> <br />
<b>Paint option has been selected</b> <br />
<b>Interior option has been selected</b> <br />
<b> Acquisition Contract type option = HPNR has been selected</b> <br />
<b> Customer Contract type option = Finance Lease (FL) has been selected</b> <br />
<b>Cost Price ex VAT and RFL from screen is 21125.0</b> <br />
<b>VAT from screen is 4225.0</b> <br />
<b>Cost Price ex VAT and RFL calculated is 21125.0</b> <br />
<b>Cost Price ex VAT and RFL verified and found OK</b> <br />]]>
  </system-out>
  <testcase classname="usedCar.HPNR.Acquisition_Quotes_HPNR_FL_used_LCV_with_maintenance_Test" name="aquisition_quotes_used_LCV_edit_cost_price_and_check_OTR_with_maintenance_test" time="0.001"/>
  <system-out/>
  <testcase classname="usedCar.HPNR.Acquisition_Quotes_HPNR_FL_used_LCV_with_maintenance_Test" name="aquisition_quotes_used_LCV_holding_cost_calculations_with_maintenance_test" time="112.171"/>
  <system-out>
    <![CDATA[<b>***********Entered in holding cost page ***********</b> <br />
<b>Clicked on holding cost summary</b> <br />
<b>Clicked on holding_cost_maintenance_toggle_button</b> <br />
<b>***********Holding Cost Calculations has been Started*************</b> <br />
<b>Getting on screen values from Holding Cost Page</b> <br />
<b>Duration(Terms) =36.0</b> <br />
<b>Annual_mileage =10000.0</b> <br />
<b>Cap_residual_value =0.0</b> <br />
<b>Writing Holding Cost Summary values to excel has been started</b> <br />
<b>maintenance_cost_used_test_data converted =50.0</b> <br />
<b>Writing Holding Cost Summary values to excel has been completed</b> <br />
<b>Reading Monthly Holding Cost value from excel has been started</b> <br />
<b>Reading Monthly Holding Cost value from excel has been completed</b> <br />
<b>Total_monthly_holding_cost_from_screen =647.46</b> <br />
<b>Total_monthly_holding_cost_from_excel =647.4601857662782</b> <br />
<b></b> <br />
<b>Editing % CAP Residual Value and % CAP Maintenance cost used</b> <br />
<b>Changing % CAP Residual Value (from test  data) to 30</b> <br />
<b>Changing % CAP Maintenance cost (from test  data) to 30</b> <br />
<b>Writing Holding Cost Summary values to excel has been started</b> <br />
<b>Writing Holding Cost Summary values to excel has been completed</b> <br />
<b>Reading Monthly Holding Cost value from excel has been started</b> <br />
<b>Reading Monthly Holding Cost value from excel has been completed</b> <br />
<b>Total_monthly_holding_cost_from_screen =647.46</b> <br />
<b>Total_monthly_holding_cost_from_excel =647.4601857662782</b> <br />
<b>Total Monthly Holding Cost After Editing % Residual Value and % Maintenance Cost is Verified and Found OK</b> <br />
<b></b> <br />
<b>Editing Residual value and Maintenance cost used</b> <br />
<b>Changing Residual Value (from test data) to  =20000</b> <br />
<b>Changing Maintenance Cost used (from test data) to =50</b> <br />
<b>Writing Holding Cost Summary values to excel has been started</b> <br />
<b>Writing Holding Cost Summary values to excel has been completed</b> <br />
<b>Reading Monthly Holding Cost value from excel has been started</b> <br />
<b>Reading Monthly Holding Cost value from excel has been completed</b> <br />
<b>Total_monthly_holding_cost_from_screen =195.53</b> <br />
<b>Total_monthly_holding_cost_from_excel =195.53223795339517</b> <br />
<b>Total Monthly Holding Cost After Editing Residual Value and Maintenance Cost is Verified and Found OK</b> <br />
<b></b> <br />
<b>Editing additional terms and mileage</b> <br />
<b>Updated Residual Value from screen  (to be sent to calculation excel) is =0.00</b> <br />
<b>Updated Maintenance Cost from screen  (to be sent to calculation excel) is =32.16</b> <br />
<b>Writing Holding Cost Summary values to excel has been started</b> <br />
<b>Writing Holding Cost Summary values to excel has been completed</b> <br />
<b>Reading Monthly Holding Cost value from excel has been started</b> <br />
<b>Reading Monthly Holding Cost value from excel has been completed</b> <br />
<b>Total_monthly_holding_cost_from_screen =696.38</b> <br />
<b>Total_monthly_holding_cost_from_excel =696.380008333864</b> <br />
<b>Total Monthly Holding Cost After Editing Additional terms and mileage is Verified and Found OK</b> <br />]]>
  </system-out>
  <testcase classname="usedCar.HPNR.Acquisition_Quotes_HPNR_FL_used_LCV_with_maintenance_Test" name="aquisition_quotes_customer_quote_payment_profile_calculations_with_maintenance_test" time="84.599"/>
  <system-out>
    <![CDATA[<b>Writing configuration values from property file to Excel for customer quote calculation -started</b> <br />
<b>Writing configuration values from property file to Excel for customer quote calculation -completed</b> <br />
<b>************Calculations for Customer Quote Page has been started***********</b> <br />
<b>Payment Profile Monthly in Advance option has been selected</b> <br />
<b>Writing values to Excel for customer quote calculation -started</b> <br />
<b>Writing values to Excel for customer quote calculation -completed</b> <br />
<b>Reading  Monthly Finance Rental and monthly maintenance cost from  Excel   -started</b> <br />
<b>Reading  Monthly Finance Rental and monthly maintenance cost from  Excel  -completed</b> <br />
<b>Monthly Finance Rental from Excel is =2043.0484149718</b> <br />
<b>Monthly maintenance Rental from Excel is =28.53</b> <br />
<b>Monthly Finance Rental from screen is =2043.05</b> <br />
<b>Monthly maintenance Rental from screen is =28.52</b> <br />
<b>Monthly Finance Rental from screen (after submitting upsell values) is 2080.4</b> <br />
<b>Monthly Mainte. Rental from screen ((after submitting upsell values) is 28.52</b> <br />
<b>Writing upsell values to excel</b> <br />
<b>Monthly Finance Rental from Excel (after submitting upsell values) is 2080.3991985912417</b> <br />
<b>Monthly Mainte. Rental from Excel ((after submitting upsell values) is 28.53</b> <br />
<b>Monthly finance and maint. rental (after submitting upsell values) is found OK</b> <br />
<b>Clicked on Part Exchange panel</b> <br />
<b>Monthly Finance Rental from screen (after making part exchange toggle on) is 1747.06</b> <br />
<b>Monthly Mainte. Rental from screen (after making part exchange toggle on) is 28.52</b> <br />
<b>Writing part exchange values to excel</b> <br />
<b>Monthly Finance Rental from Excel (after making part exchange toggle on) is 1747.0658652579084</b> <br />
<b>Monthly Mainte. Rental from Excel (after making part exchange toggle on) is 28.53</b> <br />
<b>Monthly finance and maint. rental (after makking part exchage toggle on) is found OK</b> <br />
<b>Monthly Finance Rental from screen (after updating customer quote summary upsell value) is 2099.07</b> <br />
<b>Monthly Mainte. Rental from screen (after updating customer quote summary upsell value) is 28.52</b> <br />
<b>Writing upsell values to excel</b> <br />
<b>Monthly Finance Rental from Excel (after updating customer quote summary upsell value) is 2099.074590400967</b> <br />
<b>Monthly Mainte. Rental from Excel (after updating customer quote summary upsell value) is 28.53</b> <br />
<b>Monthly finance and maint. rental (after updating customer quote summary upsell value) is found OK</b> <br />]]>
  </system-out>
  <testcase classname="usedCar.HPNR.Acquisition_Quotes_HPNR_FL_used_LCV_with_maintenance_Test" name="aquisition_quotes_quote_summary_values_verification_with_maintenance_test" time="185.367"/>
  <system-out>
    <![CDATA[<b>*************OTR Calulation on quote summary page has been started************</b> <br />
<b>Reading values from OTR calculation -Quote Summary Page</b> <br />
<b></b> <br />
<b>Cost otr price from screen is 25350.0</b> <br />
<b>Cost price ex vat and rfl from screen is 21125.0</b> <br />
<b>Otr Vat from screen is 4225.0</b> <br />
<b></b> <br />
<b>Cost otr price from excel is 25350.0</b> <br />
<b>Cost price ex vat and rfl from excel is 21125.0</b> <br />
<b>Otr Vat from excel is 4225.0</b> <br />
<b>OTR price compared</b> <br />
<b>Cost price ex vat and rfl compared</b> <br />
<b>VAT compared</b> <br />
<b>*************Holding Cost Calulation on quote summary page has been started************</b> <br />
<b>Reading values from Holding Cost summary -Quote Summary Page</b> <br />
<b>holding_cost_terms_from_screen12.0</b> <br />
<b>holding_cost_miles_per_annum_from_screen35000.0</b> <br />
<b>holding_cost_monthly_finance_cost_from_screen1823.01</b> <br />
<b>holding_cost_monthly_maint_cost_used_from_screen23.77</b> <br />
<b>holding_cost_total_monthly_holding_cost_from_screen =1846.79</b> <br />
<b>terms compared</b> <br />
<b>Miles per annum compared</b> <br />
<b>Finance cost compared</b> <br />
<b>Maint cost used  compared</b> <br />
<b>Total Monthly Holding Cost compared</b> <br />
<b>*************Customer Quote Calulation on quote summary page has been started************</b> <br />
<b>Terms found OK</b> <br />
<b>miles found OK</b> <br />
<b>Monthly Finance Rental found OK</b> <br />
<b>Monthly Maintenance Rental found OK</b> <br />
<b>Initial Finance Rental found OK</b> <br />
<b>Initial Maint Rental found OK</b> <br />
<b>Initial Total Rental found OK</b> <br />
<b>Part Exchange Value - found OK</b> <br />
<b>Followed By months - found OK</b> <br />
<b>Pence per excess mile finance - found OK</b> <br />
<b>Pence per excess mile Maintenance - found OK</b> <br />
<b>Pence per excess mile total - found OK</b> <br />
<b>Document Fee - found OK</b> <br />
<b>Upsell - found OK</b> <br />
<b>Default Finance Commission - found OK</b> <br />
<b>Upsell Commission - found OK</b> <br />
<b>Maintenance Commission - found OK</b> <br />
<b>Document Fee Commission - found OK</b> <br />
<b>Total Commission - found OK</b> <br />
<b>Referrer Commission - found OK</b> <br />
<b>*************Configuration Values Verification on quote summary page has been started************</b> <br />
<b>Base Interest Rate found OK</b> <br />
<b>Finance Margin found OK</b> <br />
<b>Deductions found OK</b> <br />
<b>Additional Margin found OK</b> <br />
<b>Total Margin found OK</b> <br />
<b>Default Broker Margin percentage found OK</b> <br />
<b>Broker Upsell Margin percentage found OK</b> <br />
<b>Broker Upsell Margin  found OK</b> <br />
<b>Maintenance Margin  found OK</b> <br />
<b>Document Fee Margin  found OK</b> <br />
<b>Refferer Margin  found OK</b> <br />
<b>*********Customer Quote generated successfully and Quote_ref_no is=EGS03821</b> <br />
<b>*************OTR Calulation on quote summary page has been started************</b> <br />
<b>Reading values from OTR calculation -Quote Summary Page</b> <br />
<b></b> <br />
<b>Cost otr price from screen is 25350.0</b> <br />
<b>Cost price ex vat and rfl from screen is 21125.0</b> <br />
<b>Otr Vat from screen is 4225.0</b> <br />
<b></b> <br />
<b>Cost otr price from excel is 25350.0</b> <br />
<b>Cost price ex vat and rfl from excel is 21125.0</b> <br />
<b>Otr Vat from excel is 4225.0</b> <br />
<b>OTR price compared</b> <br />
<b>Cost price ex vat and rfl compared</b> <br />
<b>VAT compared</b> <br />
<b>*************Holding Cost Calulation on quote summary page has been started************</b> <br />
<b>Reading values from Holding Cost summary -Quote Summary Page</b> <br />
<b>holding_cost_terms_from_screen12.0</b> <br />
<b>holding_cost_miles_per_annum_from_screen35000.0</b> <br />
<b>holding_cost_monthly_finance_cost_from_screen1823.01</b> <br />
<b>holding_cost_monthly_maint_cost_used_from_screen23.77</b> <br />
<b>holding_cost_total_monthly_holding_cost_from_screen =1846.79</b> <br />
<b>terms compared</b> <br />
<b>Miles per annum compared</b> <br />
<b>Finance cost compared</b> <br />
<b>Maint cost used  compared</b> <br />
<b>Total Monthly Holding Cost compared</b> <br />
<b>*************Customer Quote Calulation on quote summary page has been started************</b> <br />
<b>Terms found OK</b> <br />
<b>miles found OK</b> <br />
<b>Monthly Finance Rental found OK</b> <br />
<b>Monthly Maintenance Rental found OK</b> <br />
<b>Initial Finance Rental found OK</b> <br />
<b>Initial Maint Rental found OK</b> <br />
<b>Initial Total Rental found OK</b> <br />
<b>Part Exchange Value - found OK</b> <br />
<b>Followed By months - found OK</b> <br />
<b>Pence per excess mile finance - found OK</b> <br />
<b>Pence per excess mile Maintenance - found OK</b> <br />
<b>Pence per excess mile total - found OK</b> <br />
<b>Document Fee - found OK</b> <br />
<b>Upsell - found OK</b> <br />
<b>Default Finance Commission - found OK</b> <br />
<b>Upsell Commission - found OK</b> <br />
<b>Maintenance Commission - found OK</b> <br />
<b>Document Fee Commission - found OK</b> <br />
<b>Total Commission - found OK</b> <br />
<b>Referrer Commission - found OK</b> <br />
<b>*************Configuration Values Verification on quote summary page has been started************</b> <br />
<b>Base Interest Rate found OK</b> <br />
<b>Finance Margin found OK</b> <br />
<b>Deductions found OK</b> <br />
<b>Additional Margin found OK</b> <br />
<b>Total Margin found OK</b> <br />
<b>Default Broker Margin percentage found OK</b> <br />
<b>Broker Upsell Margin percentage found OK</b> <br />
<b>Broker Upsell Margin  found OK</b> <br />
<b>Maintenance Margin  found OK</b> <br />
<b>Document Fee Margin  found OK</b> <br />
<b>Refferer Margin  found OK</b> <br />
<b>*************Editing Base Interest Rate and Verifying  Values on quote summary page has been started************</b> <br />
<b>Base Interest Rate changed to 7.0 %</b> <br />
<b>Holding Cost after changing Base Int. Rate -  found OK</b> <br />
<b>Monthly Finance Rental after changing Base Int. Rate -  found OK</b> <br />
<b>Initial Finance Rental found OK</b> <br />
<b>Base Interest Rate changed to 6.5 %</b> <br />
<b>*************Editing Fianance Margin and Verifying Values on quote summary page has been started************</b> <br />
<b>Finance margin changed to 10000</b> <br />
<b>Monthly Finance Rental after changing finance margin -  found OK</b> <br />
<b>Initial Finance Rental found OK</b> <br />
<b>*************Editing Maintenance Margin and Verifying Values on quote summary page has been started************</b> <br />
<b>Maintenance margin changed to 30 %</b> <br />
<b>Monthly Maint Rental after changing Maintenance margin -  found OK</b> <br />
<b>Initial Maint Rental found OK</b> <br />]]>
  </system-out>
</testsuite> <!-- usedCar.HPNR.Acquisition_Quotes_HPNR_FL_used_LCV_with_maintenance_Test -->
