<?xml version="1.0" encoding="UTF-8"?>
<!-- Generated by org.testng.reporters.JUnitReportReporter -->
<testsuite hostname="DSK-4052" failures="0" tests="3" name="usedLCV.BROKER.Acquisition_Quotes_Broker_BCH_used_LCV_with_maintenance_Test" time="162.441" errors="0" timestamp="2023-10-30T14:44:04 IST" skipped="0">
  <testcase classname="usedLCV.BROKER.Acquisition_Quotes_Broker_BCH_used_LCV_with_maintenance_Test" name="aquisition_quotes_user_flow_broker_bch_OTR_calculation_with_maintenance_test" time="96.002"/>
  <system-out>
    <![CDATA[<b>Clicking on New quote</b> <br />
<b>Clicked on Quote button </b> <br />
<b>Selecting used vehicle with registration no. = HK21YPJ and mileage = 10000</b> <br />
<b>Vehicle selected</b> <br />
<b>Paint option has been selected</b> <br />
<b>Interior option has been selected</b> <br />
<b>Acquisition Contract type option selected = Broker </b> <br />
<b> Customer Contract type option = Business Contract Hire(BCH) has been selected</b> <br />
<b>Cost Price ex VAT and RFL from screen is 19083.33</b> <br />
<b>VAT from screen is 3816.67</b> <br />
<b>Cost Price ex VAT and RFL calculated is 19083.33</b> <br />
<b>Cost Price ex VAT and RFL verified and found OK</b> <br />]]>
  </system-out>
  <testcase classname="usedLCV.BROKER.Acquisition_Quotes_Broker_BCH_used_LCV_with_maintenance_Test" name="aquisition_quotes_user_flow_broker_bch_with_maintenance_test" time="43.755"/>
  <system-out>
    <![CDATA[<b>Funder quote added successfully</b> <br />
<b></b> <br />
<b>Started verifying Balance Due Value</b> <br />
<b>Clicked on Part Exchange panel</b> <br />
<b>Balance Due Value Expected = 339.988</b> <br />
<b>Balance Due Value Actual from screen = 339.99</b> <br />
<b>Balance Due Value verified and found OK</b> <br />]]>
  </system-out>
  <testcase classname="usedLCV.BROKER.Acquisition_Quotes_Broker_BCH_used_LCV_with_maintenance_Test" name="aquisition_quotes_user_flow_broker_bch_quote_summary_values_verification_with_maintenance_test" time="22.684"/>
  <system-out>
    <![CDATA[<b>*************OTR Calulation on quote summary page has been started************</b> <br />
<b>Reading values from OTR calculation -Quote Summary Page</b> <br />
<b>OTR_calculation_cost_otr_price_from_screen =22900.0</b> <br />
<b>OTR_calculation_cost_price_ex_vat_and_rfl_from_screen =19083.33</b> <br />
<b>OTR_calculation_otr_vat_from_screen =3816.67</b> <br />
<b>OTR_calculation_cost_otr_price_from_excel =22899.996000000003</b> <br />
<b>OTR_calculation_cost_price_ex_vat_and_rfl_from_excel =19083.33</b> <br />
<b>OTR_calculation_otr_vat_from_excel =3816.666</b> <br />
<b>OTR_calculation_otr_rfl_and_frf_from_excel =0.0</b> <br />
<b>OTR price compared</b> <br />
<b>Cost price ex vat and rfl compared</b> <br />
<b>VAT compared</b> <br />]]>
  </system-out>
</testsuite> <!-- usedLCV.BROKER.Acquisition_Quotes_Broker_BCH_used_LCV_with_maintenance_Test -->
