<?xml version="1.0" encoding="UTF-8"?>
<!-- Generated by org.testng.reporters.JUnitReportReporter -->
<testsuite hostname="DSK-4052" failures="1" tests="7" name="newLCV.OP.Acquisition_Quotes_Outright_CP_LCV_without_maintenance_Test" time="441.198" errors="0" timestamp="2024-02-08T08:40:17 IST" skipped="1">
  <testcase classname="newLCV.OP.Acquisition_Quotes_Outright_CP_LCV_without_maintenance_Test" name="aquisition_quotes_outright_CP_OTR_calculation_without_maintenance_test" time="119.273"/>
  <system-out>
    <![CDATA[<b>Clicked on Quote button </b> <br />
<b>Manufacture =FIAT has been selected</b> <br />
<b>Model range =FIORINO has been selected</b> <br />
<b>Vehicle has been selected</b> <br />
<b>Paint option has been selected</b> <br />
<b>Interior option has been selected</b> <br />
<b> Acquisition Contract type option = Outright has been selected</b> <br />
<b> Customer Contract type option = Contract Purchase (CP) has been selected</b> <br />
<b>Getting Basic Price- Vehicle value is  =17895.00</b> <br />
<b>Getting Basic Price - Paint  value is  =0.00</b> <br />
<b>Getting  Basic Price - Options value is   =0.00</b> <br />
<b>Getting Discount- Vehicle value is  =0.00</b> <br />
<b>Getting   Discount - Paint value is   =0.00</b> <br />
<b>Getting  Discount- Options value is   =0.00</b> <br />
<b>Getting Additional Discount- Vehicle value is  =0.00</b> <br />
<b>Getting  Additional Discount - paint value is  =0.00</b> <br />
<b>Getting  Additional Discount - Options value is  =0.00</b> <br />
<b>Writing OTR table values to excel sheet -Started </b> <br />
<b>Writing OTR table values to excel sheet -Completed </b> <br />
<b>Reading Subtotal After Discount from excel sheet -Started </b> <br />
<b>Reading Subtotal After Discount from excel sheet -Started </b> <br />
<b>Subtotal After Discount from excel sheet is =17895.0</b> <br />
<b>Subtotal after discount actual value from screen =Â£ 17,895.00</b> <br />]]>
  </system-out>
  <testcase classname="newLCV.OP.Acquisition_Quotes_Outright_CP_LCV_without_maintenance_Test" name="aquisition_quotes_outright_CP_after_discount_calculations_without_maintenance_test" time="4.532"/>
  <system-out>
    <![CDATA[<b>*********Calculations for On Road Price has been started***********</b> <br />
<b>Started getting On screen values from after discount table </b> <br />
<b>Manufacture_delivery_charges =695.00</b> <br />
<b>Road_tax_first_year =290.00</b> <br />
<b>First_registration_fee =55.00</b> <br />
<b>Rebate =0.00</b> <br />
<b>Writing After discount values to excel has been started</b> <br />
<b>Writing After discount values to excel has been completed</b> <br />
<b>Reading On Road Price for invoice from excel has been Started</b> <br />
<b>Reading On Road Price for invoice from excel has been completed</b> <br />
<b>Expected on the road price from excel is =22653.0</b> <br />
<b>Actual on the road price from screen is =22653.00</b> <br />]]>
  </system-out>
  <testcase classname="newLCV.OP.Acquisition_Quotes_Outright_CP_LCV_without_maintenance_Test" name="aquisition_quotes_outright_CP_holding_cost_calculations_without_maintenance_test" time="40.180"/>
  <system-out>
    <![CDATA[<b>***********Entered in holding cost page ***********</b> <br />
<b>Clicked on holding cost summary</b> <br />
<b></b> <br />
<b>Verifying Holding Cost Based on CAP data</b> <br />
<b>Getting on screen values from Holding Cost Page</b> <br />
<b>Duration(Terms) =24.0</b> <br />
<b>Annual_mileage =12000.0</b> <br />
<b>Cap_residual_value_from_screen =7125.0</b> <br />
<b>Writing Holding Cost Summary values to excel has been started</b> <br />
<b>Writing Holding Cost Summary values to excel has been completed</b> <br />
<b>Reading Monthly Holding Cost value from excel has been started</b> <br />
<b>Reading Monthly Holding Cost value from excel has been completed</b> <br />
<b>Total_monthly_holding_cost_from_screen =617.01</b> <br />
<b>Total_monthly_holding_cost_from_excel =617.012873968212</b> <br />
<b>Total Monthly Holding Cost based on CAP data is Verified and Found OK</b> <br />
<b></b> <br />
<b>Editing % CAP Residual Value used</b> <br />
<b>Changing % CAP Residual Value (from test  data) to 30</b> <br />
<b>Writing Holding Cost Summary values to excel has been started</b> <br />
<b>Writing Holding Cost Summary values to excel has been completed</b> <br />
<b>Reading Monthly Holding Cost value from excel has been started</b> <br />
<b>Reading Monthly Holding Cost value from excel has been completed</b> <br />
<b>Total_monthly_holding_cost_from_screen =802.25</b> <br />
<b>Total_monthly_holding_cost_from_excel =802.2522621466294</b> <br />
<b>Total Monthly Holding Cost After Editing % Residual Value is Verified and Found OK</b> <br />
<b></b> <br />
<b>Editing Residual value used</b> <br />
<b>Changing Residual value used to =20000</b> <br />
<b>Writing Holding Cost Summary values to excel has been started</b> <br />
<b>Writing Holding Cost Summary values to excel has been completed</b> <br />
<b>Reading Monthly Holding Cost value from excel has been started</b> <br />
<b>Reading Monthly Holding Cost value from excel has been completed</b> <br />
<b>Total_monthly_holding_cost_from_screen =138.83</b> <br />
<b>Total_monthly_holding_cost_from_excel =138.82598217931343</b> <br />
<b>Total Monthly Holding Cost After Editing Residual Value is Verified and Found OK</b> <br />
<b></b> <br />
<b>Editing additional terms and mileage</b> <br />
<b>Updated Residual Value from screen  (to be sent to calculation excel) is =1245.00</b> <br />
<b>Writing Holding Cost Summary values to excel has been started</b> <br />
<b>Writing Holding Cost Summary values to excel has been completed</b> <br />
<b>Reading Monthly Holding Cost value from excel has been started</b> <br />
<b>Reading Monthly Holding Cost value from excel has been completed</b> <br />
<b>Total_monthly_holding_cost_from_screen =603.88</b> <br />
<b>Total_monthly_holding_cost_from_excel =603.8756055535484</b> <br />
<b>Total Monthly Holding Cost After Editing Additional terms and mileage is Verified and Found OK</b> <br />]]>
  </system-out>
  <testcase classname="newLCV.OP.Acquisition_Quotes_Outright_CP_LCV_without_maintenance_Test" name="aquisition_quotes_outright_CP_customer_quote_calculations_check_monthly_finance_payment_without_maintenance_test" time="91.771"/>
  <system-out>
    <![CDATA[<b>***********Entered in Customer Quote page ***********</b> <br />
<b>Matrix credit type Limited Credit has been selected</b> <br />
<b>Writing configuration values from property file to Excel for customer quote calculation -started</b> <br />
<b>Writing configuration values from property file to Excel for customer quote calculation -completed</b> <br />
<b>Actual Monthly Finance Payment from screen is 823.69</b> <br />
<b>Writing screen values to Excel for customer quote calculation -started</b> <br />
<b>Writing screen values to Excel for customer quote calculation -completed</b> <br />
<b>Expected Monthly Finannce Rental from excel is 823.6885218831441</b> <br />
<b></b> <br />
<b>Started Verifying Sales price discount not to be greater than cost price discount</b> <br />
<b>Sales discount price entered greater than Cost discount prices and verified that sales discount input field doesn't accept greater values than cost discount prices</b> <br />
<b></b> <br />
<b>Started Updating Sales price discount</b> <br />
<b>Actual Sales Total Price from screen (on updating sales discount prices) is 22653.0</b> <br />
<b>Expected Sales Total Price from excel (on updating sales discount prices) is 22653.0</b> <br />
<b>Actual Vehicle Profit from screen (on updating sales discount prices) is 0.0</b> <br />
<b>Expected Vehicle Profit from excel (on updating sales discount prices) is 0.0</b> <br />
<b>Actual Monthly Finance Payment from screen is 823.69</b> <br />
<b>Expected Monthly Finance Payment from excel is 823.6885218831441</b> <br />
<b>1. Sales Total Price , 2.Vehicel Profit , 3.Monthly Finance Rental , Verified on updating sales discount and found OK</b> <br />]]>
  </system-out>
  <testcase classname="newLCV.OP.Acquisition_Quotes_Outright_CP_LCV_without_maintenance_Test" name="aquisition_quotes_outright_CP_customer_quote_vehicle_profit_edit_check_without_maintenance_test" time="71.319"/>
  <system-out>
    <![CDATA[<b></b> <br />
<b>Actual Monthly Finance Payment after editing vehicle profit = 869.09</b> <br />
<b>Expected  Monthly Finance Payment after editing vehicle profit = 869.0925320056559</b> <br />
<b></b> <br />
<b>Monthly Finance Payment verified after editing vehicle profit</b> <br />
<b></b> <br />
<b>Verifying Vehicle profit and Total Monthly Payment on editing Vehicle Sales Price</b> <br />
<b>Sending 27183.6 to sales total input field</b> <br />
<b></b> <br />
<b>Vehicle Profit Expected is 3775.499999999999</b> <br />
<b>Vehicle Profit Actual is 3775.5</b> <br />
<b></b> <br />
<b>Monthly Total Payment Expected is 995.1113621006853</b> <br />
<b>Monthly Total Payment Actual is 995.11</b> <br />
<b></b> <br />
<b>Vehicle profit and Total Monthly Payment verified on editing Vehicle Sales Price</b> <br />]]>
  </system-out>
  <testcase classname="newLCV.OP.Acquisition_Quotes_Outright_CP_LCV_without_maintenance_Test" name="aquisition_quotes_outright_CP_customer_quote_part_exchange_value_edit_check_without_maintenance_test" time="114.123">
    <failure message="expected [true] but found [false]" type="java.lang.AssertionError">
      <![CDATA[java.lang.AssertionError: expected [true] but found [false]
at org.testng.Assert.fail(Assert.java:99)
at org.testng.Assert.failNotEquals(Assert.java:1037)
at org.testng.Assert.assertTrue(Assert.java:45)
at org.testng.Assert.assertTrue(Assert.java:55)
at newLCV.OP.Acquisition_Quotes_Outright_CP_LCV_without_maintenance_Test.aquisition_quotes_outright_CP_customer_quote_part_exchange_value_edit_check_without_maintenance_test(Acquisition_Quotes_Outright_CP_LCV_without_maintenance_Test.java:160)
at java.base/jdk.internal.reflect.DirectMethodHandleAccessor.invoke(DirectMethodHandleAccessor.java:104)
at java.base/java.lang.reflect.Method.invoke(Method.java:578)
at org.testng.internal.MethodInvocationHelper.invokeMethod(MethodInvocationHelper.java:133)
at org.testng.internal.TestInvoker.invokeMethod(TestInvoker.java:598)
at org.testng.internal.TestInvoker.invokeTestMethod(TestInvoker.java:173)
at org.testng.internal.MethodRunner.runInSequence(MethodRunner.java:46)
at org.testng.internal.TestInvoker$MethodInvocationAgent.invoke(TestInvoker.java:824)
at org.testng.internal.TestInvoker.invokeTestMethods(TestInvoker.java:146)
at org.testng.internal.TestMethodWorker.invokeTestMethods(TestMethodWorker.java:146)
at org.testng.internal.TestMethodWorker.run(TestMethodWorker.java:128)
at java.base/java.util.ArrayList.forEach(ArrayList.java:1511)
at org.testng.TestRunner.privateRun(TestRunner.java:794)
at org.testng.TestRunner.run(TestRunner.java:596)
at org.testng.SuiteRunner.runTest(SuiteRunner.java:377)
at org.testng.SuiteRunner.runSequentially(SuiteRunner.java:371)
at org.testng.SuiteRunner.privateRun(SuiteRunner.java:332)
at org.testng.SuiteRunner.run(SuiteRunner.java:276)
at org.testng.SuiteRunnerWorker.runSuite(SuiteRunnerWorker.java:53)
at org.testng.SuiteRunnerWorker.run(SuiteRunnerWorker.java:96)
at org.testng.TestNG.runSuitesSequentially(TestNG.java:1212)
at org.testng.TestNG.runSuitesLocally(TestNG.java:1134)
at org.testng.TestNG.runSuites(TestNG.java:1063)
at org.testng.TestNG.run(TestNG.java:1031)
at org.testng.remote.AbstractRemoteTestNG.run(AbstractRemoteTestNG.java:115)
at org.testng.remote.RemoteTestNG.initAndRun(RemoteTestNG.java:251)
at org.testng.remote.RemoteTestNG.main(RemoteTestNG.java:77)
]]>
    </failure>
  </testcase> <!-- aquisition_quotes_outright_CP_customer_quote_part_exchange_value_edit_check_without_maintenance_test -->
  <system-out>
    <![CDATA[<b>Clicked on Part Exchange panel</b> <br />
<b></b> <br />
<b>Balance To Finance Expected is 24683.6</b> <br />
<b>Balance To Finance Actual is 24683.6</b> <br />
<b></b> <br />
<b>Monthly Finance Payment Expected is 900.5196743454529</b> <br />
<b>Monthly Finance Payment Actual is 995.11</b> <br />
<b></b> <br />
<br>----------Screenshot---------<br>
<img src="D:\Acquisition\AMT_Automation_Acquisition\target\surefire-reports\html\failure_screenshots\aquisition_quotes_outright_CP_customer_quote_part_exchange_value_edit_check_without_maintenance_test_07_02_2024_10_16_21.png" height="800" width="1000">]]>
  </system-out>
  <testcase classname="newLCV.OP.Acquisition_Quotes_Outright_CP_LCV_without_maintenance_Test" name="aquisition_quotes_outright_CP_quote_summary_values_verification_without_maintenance_test" time="0.000">
    <skipped/>
  </testcase> <!-- aquisition_quotes_outright_CP_quote_summary_values_verification_without_maintenance_test -->
  <system-out/>
</testsuite> <!-- newLCV.OP.Acquisition_Quotes_Outright_CP_LCV_without_maintenance_Test -->
