<?xml version="1.0" encoding="UTF-8"?>
<!-- Generated by org.testng.reporters.JUnitReportReporter -->
<testsuite hostname="DSK-4052" failures="0" tests="3" name="usedLCV.CP.Acquisition_Quotes_CP_PCP_used_LCV_without_maintenance_Test" time="130.879" errors="0" timestamp="2023-10-12T14:48:38 IST" skipped="0">
  <testcase classname="usedLCV.CP.Acquisition_Quotes_CP_PCP_used_LCV_without_maintenance_Test" name="aquisition_quotes_OTR_calculation_without_maintenance_test" time="71.171"/>
  <system-out>
    <![CDATA[<b>Clicked on Quote button </b> <br />
<b>Selecting used vehicle with registration no. = HK21YPJ and mileage = 10000</b> <br />
<b>Vehicle selected</b> <br />
<b>Paint option has been selected</b> <br />
<b>Interior option has been selected</b> <br />
<b> Acquisition Contract type option = CP has been selected</b> <br />
<b> Customer Contract type option = PCP has been selected</b> <br />
<b>Cost Price ex VAT and RFL from screen is 19083.33</b> <br />
<b>VAT from screen is 3816.67</b> <br />
<b>Cost Price ex VAT and RFL calculated is 19083.33</b> <br />
<b>Cost Price ex VAT and RFL verified and found OK</b> <br />]]>
  </system-out>
  <testcase classname="usedLCV.CP.Acquisition_Quotes_CP_PCP_used_LCV_without_maintenance_Test" name="aquisition_quotes_holding_cost_calculations_without_maintenance_test" time="16.407"/>
  <system-out>
    <![CDATA[<b>***********Entered in holding cost page ***********</b> <br />
<b>Clicked on holding cost summary</b> <br />
<b></b> <br />
<b>Verifying Holding Cost Based on CAP data</b> <br />
<b>Getting on screen values from Holding Cost Page</b> <br />
<b>Duration(Terms) =36.0</b> <br />
<b>Annual_mileage =10000.0</b> <br />
<b>Cap_residual_value_from_screen =10575.0</b> <br />
<b>Writing Holding Cost Summary values to excel has been started</b> <br />
<b>Writing Holding Cost Summary values to excel has been completed</b> <br />
<b>Reading Monthly Holding Cost value from excel has been started</b> <br />
<b>Reading Monthly Holding Cost value from excel has been completed</b> <br />
<b>Total_monthly_holding_cost_from_screen =319.49</b> <br />
<b>Total_monthly_holding_cost_from_excel =319.4906336573331</b> <br />
<b>Total Monthly Holding Cost based on CAP data is Verified and Found OK</b> <br />]]>
  </system-out>
  <testcase classname="usedLCV.CP.Acquisition_Quotes_CP_PCP_used_LCV_without_maintenance_Test" name="aquisition_quotes_customer_quote_calculations_check_monthly_finance_payment_without_maintenance_test" time="43.301"/>
  <system-out>
    <![CDATA[<b>***********Entered in Customer Quote page ***********</b> <br />
<b>Matrix credit type Limited Credit has been selected</b> <br />
<b>Writing configuration values from property file to Excel for customer quote calculation -started</b> <br />
<b>Writing configuration values from property file to Excel for customer quote calculation -completed</b> <br />
<b>Actual Monthly Finance Payment from screen is 585.56</b> <br />
<b>Expected Monthly Finannce Rental from excel is 585.5636341536257</b> <br />]]>
  </system-out>
</testsuite> <!-- usedLCV.CP.Acquisition_Quotes_CP_PCP_used_LCV_without_maintenance_Test -->
