<?xml version="1.0" encoding="UTF-8"?>
<!-- Generated by org.testng.reporters.JUnitReportReporter -->
<testsuite hostname="DSK-4052" failures="0" tests="4" name="usedLCV.OP.Acquisition_Quotes_OP_OP_used_LCV_Test" time="93.341" errors="0" timestamp="2023-11-30T03:11:55 IST" skipped="0">
  <testcase classname="usedLCV.OP.Acquisition_Quotes_OP_OP_used_LCV_Test" name="aquisition_quotes_OP_OP_OTR_calculation_test" time="52.135"/>
  <system-out>
    <![CDATA[<b>Clicked on Quote button </b> <br />
<b>Selecting used vehicle with registration no. = HK21YPJ and mileage = 15000</b> <br />
<b>Vehicle selected</b> <br />
<b>Paint option has been selected</b> <br />
<b>Interior option has been selected</b> <br />
<b> Acquisition Contract type option = Outright Purchase has been selected</b> <br />
<b> Customer Contract type option = Outright Purchase has been selected</b> <br />
<b>Cost Price ex VAT and RFL from screen is 18083.33</b> <br />
<b>VAT from screen is 3616.67</b> <br />
<b>Cost Price ex VAT and RFL calculated is 18083.33</b> <br />
<b>Cost Price ex VAT and RFL verified and found OK</b> <br />]]>
  </system-out>
  <testcase classname="usedLCV.OP.Acquisition_Quotes_OP_OP_used_LCV_Test" name="aquisition_quotes_OP_OP_customer_quote_vehicle_profit_edit_test" time="4.157"/>
  <system-out>
    <![CDATA[<b>***********Entered in Customer Quote page ***********</b> <br />
<b>Vehicle profit 1000.0 added to OTR price 21700.0and sales price updated is 22900.0 i.e. true</b> <br />]]>
  </system-out>
  <testcase classname="usedLCV.OP.Acquisition_Quotes_OP_OP_used_LCV_Test" name="aquisition_quotes_OP_OP_customer_quote_part_exchange_value_edit_test" time="13.549"/>
  <system-out>
    <![CDATA[<b>Pending Amount from screen 21640.0 Verified Successfully with applied formula 21640.0 i.e. true</b> <br />]]>
  </system-out>
  <testcase classname="usedLCV.OP.Acquisition_Quotes_OP_OP_used_LCV_Test" name="aquisition_quotes_OP_OP_quote_summary_values_verification_with_maintenance_test" time="23.500"/>
  <system-out>
    <![CDATA[<b>*************OTR Calulation on quote summary page has been started************</b> <br />
<b>Reading values from OTR calculation -Quote Summary Page</b> <br />
<b>Cost otr price from screen =21700.0</b> <br />
<b>Cost price ex vat and rfl from screen =18083.33</b> <br />
<b>OTR vat from screen =3616.67</b> <br />
<b>Cost price compared</b> <br />
<b>Quote no. PSA42004 generated successfully after saving the quote </b> <br />]]>
  </system-out>
</testsuite> <!-- usedLCV.OP.Acquisition_Quotes_OP_OP_used_LCV_Test -->
