<?xml version="1.0" encoding="UTF-8"?>
<!-- Generated by org.testng.reporters.JUnitReportReporter -->
<testsuite hostname="DSK-4052" failures="0" tests="4" name="usedLCV.OP.Acquisition_Quotes_OP_OP_used_LCV_Test" time="69.236" errors="0" timestamp="2023-05-22T15:52:56 IST" skipped="0">
  <testcase classname="usedLCV.OP.Acquisition_Quotes_OP_OP_used_LCV_Test" name="aquisition_quotes_OP_OP_OTR_calculation_test" time="44.466"/>
  <system-out>
    <![CDATA[<b>Clicked on Quote button </b> <br />
<b>Selecting used vehicle with registration no. = HK21YPJ and mileage = 15000</b> <br />
<b>Vehicle selected</b> <br />
<b>Paint option has been selected</b> <br />
<b>Interior option has been selected</b> <br />
<b> Acquisition Contract type option = Outright Purchase has been selected</b> <br />
<b> Customer Contract type option = Outright Purchase has been selected</b> <br />
<b>Cost Price ex VAT and RFL from screen is 20333.33</b> <br />
<b>VAT from screen is 4066.67</b> <br />
<b>Cost Price ex VAT and RFL calculated is 20333.33</b> <br />
<b>Cost Price ex VAT and RFL verified and found OK</b> <br />]]>
  </system-out>
  <testcase classname="usedLCV.OP.Acquisition_Quotes_OP_OP_used_LCV_Test" name="aquisition_quotes_OP_OP_customer_quote_vehicle_profit_edit_test" time="3.858"/>
  <system-out>
    <![CDATA[<b>***********Entered in Customer Quote page ***********</b> <br />
<b>Vehicle profit 1000.0 added to OTR price 24400.0and sales price updated is 25600.0 i.e. true</b> <br />]]>
  </system-out>
  <testcase classname="usedLCV.OP.Acquisition_Quotes_OP_OP_used_LCV_Test" name="aquisition_quotes_OP_OP_customer_quote_part_exchange_value_edit_test" time="12.118"/>
  <system-out>
    <![CDATA[<b>Pending Amount from screen 24340.0 Verified Successfully with applied formula 24340.0 i.e. true</b> <br />]]>
  </system-out>
  <testcase classname="usedLCV.OP.Acquisition_Quotes_OP_OP_used_LCV_Test" name="aquisition_quotes_OP_OP_quote_summary_values_verification_with_maintenance_test" time="8.794"/>
  <system-out>
    <![CDATA[<b>*************OTR Calulation on quote summary page has been started************</b> <br />
<b>Reading values from OTR calculation -Quote Summary Page</b> <br />
<b>Cost otr price from screen =24400.0</b> <br />
<b>Cost price ex vat and rfl from screen =20333.33</b> <br />
<b>OTR vat from screen =4066.67</b> <br />
<b>Cost price compared</b> <br />]]>
  </system-out>
</testsuite> <!-- usedLCV.OP.Acquisition_Quotes_OP_OP_used_LCV_Test -->
