<?xml version="1.0" encoding="UTF-8"?>
<!-- Generated by org.testng.reporters.JUnitReportReporter -->
<testsuite hostname="DSK-4052" failures="0" tests="5" name="newCar.BROKER.Acquisition_Quotes_Broker_CP_used_car_without_maintenance_Test" time="114.966" errors="0" timestamp="2023-04-14T12:20:32 IST" skipped="0">
  <testcase classname="newCar.BROKER.Acquisition_Quotes_Broker_CP_used_car_without_maintenance_Test" name="aquisition_quotes_user_flow_broker_CP_OTR_calculation_without_maintenance_test" time="53.187"/>
  <system-out>
    <![CDATA[<b>Clicked on Quote button </b> <br />
<b>Selecting used vehicle with registration no. = GY19XAG and mileage = 1000</b> <br />
<b>Vehicle selected</b> <br />
<b>Paint option has been selected</b> <br />
<b>Interior option has been selected</b> <br />
<b>Acquisition Contract type option selected = Broker </b> <br />
<b>Customer Contract type option selected = Contrct Purchase (CP)</b> <br />
<b>Cost Price ex VAT and RFL from screen is 24458.33</b> <br />
<b>VAT from screen is 4891.67</b> <br />
<b>Cost Price ex VAT and RFL calculated is 24458.33</b> <br />
<b>Cost Price ex VAT and RFL verified and found OK</b> <br />]]>
  </system-out>
  <testcase classname="newCar.BROKER.Acquisition_Quotes_Broker_CP_used_car_without_maintenance_Test" name="aquisition_quotes_used_car_edit_cost_price_and_check_OTR_with_maintenance_test" time="0.002"/>
  <system-out/>
  <testcase classname="newCar.BROKER.Acquisition_Quotes_Broker_CP_used_car_without_maintenance_Test" name="aquisition_quotes_user_flow_broker_CP_vehicle_profit_check_without_maintenance_test" time="11.106"/>
  <system-out>
    <![CDATA[<b>Vehicle profit from test data 1200.0 added to otr cost price 29350.0</b> <br />
<b>After adding profit to cost price 29350.0 sales price is shown as (considering VAT%) 30790.0</b> <br />
<b>Vehicle profit verified</b> <br />
<b></b> <br />
<b>Verifying Vehicle profit and Total Monthly Payment on editing Vehicle Sales Price</b> <br />
<b>Sending 35220.0 to sales total input field</b> <br />
<b>Vehicle profit verified on editing Vehicle Sales Price</b> <br />]]>
  </system-out>
  <testcase classname="newCar.BROKER.Acquisition_Quotes_Broker_CP_used_car_without_maintenance_Test" name="aquisition_quotes_user_flow_broker_CP_balance_to_finance_check_without_maintenance_test" time="14.674"/>
  <system-out>
    <![CDATA[<b></b> <br />
<b>Adding Funder Quote Values to Screen</b> <br />
<b>Funder Quote Added Successfully</b> <br />
<b></b> <br />
<b>Entering Part Exchange Values to screen</b> <br />
<b></b> <br />
<b>Started verifying Balance To Finance</b> <br />
<b>Funder quote added successfully</b> <br />
<b>Balance To Finance Expected is =28050.0</b> <br />
<b>Balance To Finance Actual From Screen is =28050.0</b> <br />
<b>Balance to finance value from customer quote summary - verified</b> <br />]]>
  </system-out>
  <testcase classname="newCar.BROKER.Acquisition_Quotes_Broker_CP_used_car_without_maintenance_Test" name="aquisition_quotes_user_flow_broker_CP_quote_summary_values_verification_without_maintenance_test" time="35.997"/>
  <system-out>
    <![CDATA[<b>*************Calculations for Quote Summary page has been started************</b> <br />
<b>Reading values from sceen -Quote Summary Page</b> <br />
<b>Getting values from screen</b> <br />
<b>Quote_summary_cost_otr_price =29,350.00</b> <br />
<b>Customer contract_type =Contract Purchase</b> <br />
<b>Customer Quote generated successfully and Quote_ref_no =UMZ23332</b> <br />
<b>Reading values from excel sheet to compare it with quote summary on screen values</b> <br />
<b>Comparing excel values with actual values on screen</b> <br />
<b>OTR price compared</b> <br />]]>
  </system-out>
</testsuite> <!-- newCar.BROKER.Acquisition_Quotes_Broker_CP_used_car_without_maintenance_Test -->
