<?xml version="1.0" encoding="UTF-8"?>
<!-- Generated by org.testng.reporters.JUnitReportReporter -->
<testsuite hostname="DSK-4052" failures="0" tests="1" name="usedCar.CP.Acquisition_Quotes_CP_BCH_used_car_with_funder_quote_addition_with_maintenance_Test" time="46.234" errors="0" timestamp="2023-08-17T20:39:36 IST" skipped="0">
  <testcase classname="usedCar.CP.Acquisition_Quotes_CP_BCH_used_car_with_funder_quote_addition_with_maintenance_Test" name="aquisition_quotes_used_car_OTR_calculation_with_maintenance_test" time="46.234"/>
  <system-out>
    <![CDATA[<b>Clicked on Quote button </b> <br />
<b>Selecting used vehicle with registration no. = GY19XAG and mileage = 15000</b> <br />
<b>Vehicle selected</b> <br />
<b>Paint option has been selected</b> <br />
<b>Interior option has been selected</b> <br />
<b> Acquisition Contract type option = Contract Purchase has been selected</b> <br />
<b> Customer Contract type option = Business Contract Hire(BCH) has been selected</b> <br />
<b>Cost Price ex VAT and RFL from screen is 22000.0</b> <br />
<b>VAT from screen is 4400.0</b> <br />
<b>Cost Price ex VAT and RFL calculated is 22000.0</b> <br />
<b>Cost Price ex VAT and RFL verified and found OK</b> <br />]]>
  </system-out>
</testsuite> <!-- usedCar.CP.Acquisition_Quotes_CP_BCH_used_car_with_funder_quote_addition_with_maintenance_Test -->
