<?xml version="1.0" encoding="UTF-8"?>
<!-- Generated by org.testng.reporters.JUnitReportReporter -->
<testsuite hostname="DSK-4052" failures="0" tests="4" name="usedCar.OP.Acquisition_Quotes_OP_OP_used_car_Test" time="123.881" errors="0" timestamp="2023-10-11T06:07:18 IST" skipped="0">
  <testcase classname="usedCar.OP.Acquisition_Quotes_OP_OP_used_car_Test" name="aquisition_quotes_OP_OP_OTR_calculation_test" time="86.137"/>
  <system-out>
    <![CDATA[<b>Clicked on Quote button </b> <br />
<b>Selecting used vehicle with registration no. = GY12RZB and mileage = 10000</b> <br />
<b>Vehicle selected</b> <br />
<b>Paint option has been selected</b> <br />
<b>Interior option has been selected</b> <br />
<b> Acquisition Contract type option = Outright Purchase has been selected</b> <br />
<b> Customer Contract type option = Outright Purchase has been selected</b> <br />
<b>Cost Price ex VAT and RFL from screen is 7729.17</b> <br />
<b>VAT from screen is 1545.83</b> <br />
<b>Cost Price ex VAT and RFL calculated is 7729.17</b> <br />
<b>Cost Price ex VAT and RFL verified and found OK</b> <br />]]>
  </system-out>
  <testcase classname="usedCar.OP.Acquisition_Quotes_OP_OP_used_car_Test" name="aquisition_quotes_OP_OP_customer_quote_vehicle_profit_edit_test" time="3.727"/>
  <system-out>
    <![CDATA[<b>***********Entered in Customer Quote page ***********</b> <br />
<b>Vehicle profit 1000.0 added to OTR price 9275.0and sales price updated is 10475.0 i.e. true</b> <br />]]>
  </system-out>
  <testcase classname="usedCar.OP.Acquisition_Quotes_OP_OP_used_car_Test" name="aquisition_quotes_OP_OP_customer_quote_part_exchange_value_edit_test" time="11.903"/>
  <system-out>
    <![CDATA[<b>Pending Amount from screen 9215.0 Verified Successfully with applied formula 9215.0 i.e. true</b> <br />]]>
  </system-out>
  <testcase classname="usedCar.OP.Acquisition_Quotes_OP_OP_used_car_Test" name="aquisition_quotes_OP_OP_quote_summary_values_verification_with_maintenance_test" time="22.114"/>
  <system-out>
    <![CDATA[<b>*************OTR Calulation on quote summary page has been started************</b> <br />
<b>Reading values from OTR calculation -Quote Summary Page</b> <br />
<b>Cost otr price from screen =9275.0</b> <br />
<b>Cost price ex vat and rfl from screen =7729.17</b> <br />
<b>OTR vat from screen =1545.83</b> <br />
<b>Cost price compared</b> <br />
<b>Quote no. YUM57622 generated successfully after saving the quote </b> <br />]]>
  </system-out>
</testsuite> <!-- usedCar.OP.Acquisition_Quotes_OP_OP_used_car_Test -->
