<?xml version="1.0" encoding="UTF-8"?>
<!-- Generated by org.testng.reporters.JUnitReportReporter -->
<testsuite hostname="DSK-4052" failures="0" tests="6" name="usedCar.HPNR.Acquisition_Quotes_HPNR_HPR_used_car_with_funder_quote_addition_with_maintenance_Test" time="38.557" errors="1" timestamp="2023-04-26T14:17:46 IST" skipped="5">
  <testcase classname="usedCar.HPNR.Acquisition_Quotes_HPNR_HPR_used_car_with_funder_quote_addition_with_maintenance_Test" name="aquisition_quotes_OTR_calculation_with_maintenance_test" time="38.556">
    <error message="The supplied file was empty (zero bytes long)" type="org.apache.poi.EmptyFileException">
      <![CDATA[org.apache.poi.EmptyFileException: The supplied file was empty (zero bytes long)
at org.apache.poi.util.IOUtils.peekFirstNBytes(IOUtils.java:144)
at org.apache.poi.poifs.filesystem.FileMagic.valueOf(FileMagic.java:209)
at org.apache.poi.openxml4j.opc.internal.ZipHelper.verifyZipHeader(ZipHelper.java:143)
at org.apache.poi.openxml4j.opc.internal.ZipHelper.openZipStream(ZipHelper.java:175)
at org.apache.poi.openxml4j.opc.ZipPackage.<init>(ZipPackage.java:130)
at org.apache.poi.openxml4j.opc.OPCPackage.open(OPCPackage.java:319)
at org.apache.poi.ooxml.util.PackageHelper.open(PackageHelper.java:59)
at org.apache.poi.xssf.usermodel.XSSFWorkbook.<init>(XSSFWorkbook.java:290)
at org.apache.poi.xssf.usermodel.XSSFWorkbook.<init>(XSSFWorkbook.java:286)
at com.amt.testUtil.ReadExcelCalculationForPurchaseAgreement.write_vehicle_cost_Price_to_excel_for_used_car(ReadExcelCalculationForPurchaseAgreement.java:90)
at com.amt.pages.ContractTypesAndOTRPages.ContractTypesAndOTR_HPNR_HPR_Page.contractTypes_selection_and_OTR_calculation(ContractTypesAndOTR_HPNR_HPR_Page.java:175)
at usedCar.HPNR.Acquisition_Quotes_HPNR_HPR_used_car_with_funder_quote_addition_with_maintenance_Test.aquisition_quotes_OTR_calculation_with_maintenance_test(Acquisition_Quotes_HPNR_HPR_used_car_with_funder_quote_addition_with_maintenance_Test.java:55)
at java.base/jdk.internal.reflect.NativeMethodAccessorImpl.invoke0(Native Method)
at java.base/jdk.internal.reflect.NativeMethodAccessorImpl.invoke(NativeMethodAccessorImpl.java:77)
at java.base/jdk.internal.reflect.DelegatingMethodAccessorImpl.invoke(DelegatingMethodAccessorImpl.java:43)
at java.base/java.lang.reflect.Method.invoke(Method.java:568)
at org.testng.internal.MethodInvocationHelper.invokeMethod(MethodInvocationHelper.java:133)
at org.testng.internal.TestInvoker.invokeMethod(TestInvoker.java:598)
at org.testng.internal.TestInvoker.invokeTestMethod(TestInvoker.java:173)
at org.testng.internal.MethodRunner.runInSequence(MethodRunner.java:46)
at org.testng.internal.TestInvoker$MethodInvocationAgent.invoke(TestInvoker.java:824)
at org.testng.internal.TestInvoker.invokeTestMethods(TestInvoker.java:146)
at org.testng.internal.TestMethodWorker.invokeTestMethods(TestMethodWorker.java:146)
at org.testng.internal.TestMethodWorker.run(TestMethodWorker.java:128)
at java.base/java.util.ArrayList.forEach(ArrayList.java:1511)
at org.testng.TestRunner.privateRun(TestRunner.java:794)
at org.testng.TestRunner.run(TestRunner.java:596)
at org.testng.SuiteRunner.runTest(SuiteRunner.java:377)
at org.testng.SuiteRunner.runSequentially(SuiteRunner.java:371)
at org.testng.SuiteRunner.privateRun(SuiteRunner.java:332)
at org.testng.SuiteRunner.run(SuiteRunner.java:276)
at org.testng.SuiteRunnerWorker.runSuite(SuiteRunnerWorker.java:53)
at org.testng.SuiteRunnerWorker.run(SuiteRunnerWorker.java:96)
at org.testng.TestNG.runSuitesSequentially(TestNG.java:1212)
at org.testng.TestNG.runSuitesLocally(TestNG.java:1134)
at org.testng.TestNG.runSuites(TestNG.java:1063)
at org.testng.TestNG.run(TestNG.java:1031)
at org.testng.remote.AbstractRemoteTestNG.run(AbstractRemoteTestNG.java:115)
at org.testng.remote.RemoteTestNG.initAndRun(RemoteTestNG.java:251)
at org.testng.remote.RemoteTestNG.main(RemoteTestNG.java:77)
]]>
    </error>
  </testcase> <!-- aquisition_quotes_OTR_calculation_with_maintenance_test -->
  <system-out>
    <![CDATA[<b>Clicked on Quote button </b> <br />
<b>Selecting used vehicle with registration no. = GY19XAG and mileage = 10000</b> <br />
<b>Vehicle selected</b> <br />
<b>Paint option has been selected</b> <br />
<b>Interior option has been selected</b> <br />
<b> Acquisition Contract type option = HPNR has been selected</b> <br />
<b> Customer Contract type option = HPR has been selected</b> <br />
<b>Cost Price ex VAT and RFL from screen is 23625.0</b> <br />
<b>VAT from screen is 4725.0</b> <br />
<br>----------Screenshot---------<br>
<img src="D:\StagingNew\AMT_Automation\target\surefire-reports\html\failure_screenshots\aquisition_quotes_OTR_calculation_with_maintenance_test_26_04_2023_02_17_45.png" height="800" width="1000">]]>
  </system-out>
  <testcase classname="usedCar.HPNR.Acquisition_Quotes_HPNR_HPR_used_car_with_funder_quote_addition_with_maintenance_Test" name="aquisition_quotes_used_car_edit_cost_price_and_check_OTR_with_maintenance_test" time="0.000">
    <skipped/>
  </testcase> <!-- aquisition_quotes_used_car_edit_cost_price_and_check_OTR_with_maintenance_test -->
  <system-out/>
  <testcase classname="usedCar.HPNR.Acquisition_Quotes_HPNR_HPR_used_car_with_funder_quote_addition_with_maintenance_Test" name="aquisition_quotes_holding_cost_calculations_with_maintenance_test" time="0.001">
    <skipped/>
  </testcase> <!-- aquisition_quotes_holding_cost_calculations_with_maintenance_test -->
  <system-out/>
  <testcase classname="usedCar.HPNR.Acquisition_Quotes_HPNR_HPR_used_car_with_funder_quote_addition_with_maintenance_Test" name="aquisition_quotes_customer_quote_calculations_check_monthly_finance_payment_with_maintenance_test" time="0.000">
    <skipped/>
  </testcase> <!-- aquisition_quotes_customer_quote_calculations_check_monthly_finance_payment_with_maintenance_test -->
  <system-out/>
  <testcase classname="usedCar.HPNR.Acquisition_Quotes_HPNR_HPR_used_car_with_funder_quote_addition_with_maintenance_Test" name="aquisition_quotes_quote_summary_values_verification_with_maintenance_test" time="0.000">
    <skipped/>
  </testcase> <!-- aquisition_quotes_quote_summary_values_verification_with_maintenance_test -->
  <system-out/>
  <testcase classname="usedCar.HPNR.Acquisition_Quotes_HPNR_HPR_used_car_with_funder_quote_addition_with_maintenance_Test" name="aquisition_quotes_customer_quote_monthly_total_payment_after_balloon_payment_off_with_maintenance_test" time="0.000">
    <skipped/>
  </testcase> <!-- aquisition_quotes_customer_quote_monthly_total_payment_after_balloon_payment_off_with_maintenance_test -->
  <system-out/>
</testsuite> <!-- usedCar.HPNR.Acquisition_Quotes_HPNR_HPR_used_car_with_funder_quote_addition_with_maintenance_Test -->
