<?xml version="1.0" encoding="UTF-8"?>
<!-- Generated by org.testng.reporters.JUnitReportReporter -->
<testsuite hostname="DSK-4052" failures="0" tests="5" name="newCar.BROKER.Acquisition_Quotes_Broker_CP_without_maintenance_Test" time="170.005" errors="0" timestamp="2023-10-03T04:53:35 IST" skipped="0">
  <testcase classname="newCar.BROKER.Acquisition_Quotes_Broker_CP_without_maintenance_Test" name="aquisition_quotes_user_flow_broker_CP_OTR_calculation_without_maintenance_test" time="98.891"/>
  <system-out>
    <![CDATA[<b>Clicked on Quote button </b> <br />
<b>Manufacture =AUDI has been selected</b> <br />
<b>Model range =A7 has been selected</b> <br />
<b>Vehicle has been selected</b> <br />
<b>Paint option has been selected</b> <br />
<b>Interior option has been selected</b> <br />
<b>Acquisition Contract type option selected = Broker </b> <br />
<b>Customer Contract type option selected = Contract Purchase(CP)</b> <br />
<b>Getting Basic Price- Vehicle value is  =46854.17</b> <br />
<b>Getting Basic Price - Paint  value is  =0.00</b> <br />
<b>Getting  Basic Price - Options value is   =833.33</b> <br />
<b>Getting Discount- Vehicle value is  =0.00</b> <br />
<b>Getting   Discount - Paint value is   =0.00</b> <br />
<b>Getting  Discount- Options value is   =0.00</b> <br />
<b>Getting Additional Discount- Vehicle value is  =0.00</b> <br />
<b>Getting  Additional Discount - paint value is  =0.00</b> <br />
<b>Getting  Additional Discount - Options value is  =0.00</b> <br />
<b>Writing OTR table values to excel sheet -Started </b> <br />
<b>Writing OTR table values to excel sheet -Completed </b> <br />
<b>Reading Subtotal After Discount from excel sheet -Started </b> <br />
<b>Reading Subtotal After Discount from excel sheet -Started </b> <br />
<b>Subtotal After Discount from excel sheet is =47687.5</b> <br />
<b>Subtotal after discount actual value from screen =Â£ 47,687.50</b> <br />]]>
  </system-out>
  <testcase classname="newCar.BROKER.Acquisition_Quotes_Broker_CP_without_maintenance_Test" name="aquisition_quotes_user_flow_broker_CP_after_discount_calculations_without_maintenance_test" time="4.363"/>
  <system-out>
    <![CDATA[<b>*********Calculations for On Road Price has been started***********</b> <br />
<b>Started getting On screen values from after discount table </b> <br />
<b>Manufacture_delivery_charges =550.0</b> <br />
<b>Road_tax_first_year =585.0</b> <br />
<b>First_registration_fee =65.0</b> <br />
<b>Rebate =0.0</b> <br />
<b>Writing After discount values to excel has been started</b> <br />
<b>Writing After discount values to excel has been completed</b> <br />
<b>Reading On Road Price for invoice from excel has been Started</b> <br />
<b>Reading On Road Price for invoice from excel has been completed</b> <br />
<b>Expected on the road price from excel is =58535.0</b> <br />
<b>Actual on the road price from screen is =58535.00</b> <br />]]>
  </system-out>
  <testcase classname="newCar.BROKER.Acquisition_Quotes_Broker_CP_without_maintenance_Test" name="aquisition_quotes_user_flow_broker_CP_vehicle_profit_check_without_maintenance_test" time="15.825"/>
  <system-out>
    <![CDATA[<b>Vehicle profit from test data 1200.0 added to otr cost price 58535.0</b> <br />
<b>After adding profit to cost price 58535.0 sales price is shown as (considering VAT%) 59975.0</b> <br />
<b>Vehicle profit verified</b> <br />
<b></b> <br />
<b>Verifying Vehicle profit and Total Monthly Payment on editing Vehicle Sales Price</b> <br />
<b>Sending 70242.0 to sales total input field</b> <br />
<b>Vehicle profit verified on editing Vehicle Sales Price</b> <br />]]>
  </system-out>
  <testcase classname="newCar.BROKER.Acquisition_Quotes_Broker_CP_without_maintenance_Test" name="aquisition_quotes_user_flow_broker_CP_balance_to_finance_check_without_maintenance_test" time="30.232"/>
  <system-out>
    <![CDATA[<b></b> <br />
<b>Adding Funder Quote Values to Screen</b> <br />
<b>Funder Quote Added Successfully</b> <br />
<b></b> <br />
<b>Entering Part Exchange Values to screen</b> <br />
<b>Clicked on Part Exchange panel</b> <br />
<b></b> <br />
<b>Started verifying Balance To Finance</b> <br />
<b>Funder quote added successfully</b> <br />
<b>Balance To Finance Expected is =68942.0</b> <br />
<b>Balance To Finance Actual From Screen is =68942.0</b> <br />
<b>Balance to finance value from customer quote summary - verified</b> <br />]]>
  </system-out>
  <testcase classname="newCar.BROKER.Acquisition_Quotes_Broker_CP_without_maintenance_Test" name="aquisition_quotes_user_flow_broker_CP_quote_summary_values_verification_without_maintenance_test" time="20.694"/>
  <system-out>
    <![CDATA[<b>*************Calculations for Quote Summary page has been started************</b> <br />
<b>Clicking on Save</b> <br />
<b>Reading values from sceen -Quote Summary Page</b> <br />
<b>Getting values from screen</b> <br />
<b>Quote_summary_cost_otr_price =58,535.00</b> <br />
<b>Customer contract_type =Contract Purchase</b> <br />
<b>Reading values from excel sheet to compare it with quote summary on screen values</b> <br />
<b>Comparing excel values with actual values on screen</b> <br />
<b>OTR price compared</b> <br />]]>
  </system-out>
</testsuite> <!-- newCar.BROKER.Acquisition_Quotes_Broker_CP_without_maintenance_Test -->
