<?xml version="1.0" encoding="UTF-8"?>
<!-- Generated by org.testng.reporters.JUnitReportReporter -->
<testsuite hostname="DSK-969" failures="0" tests="1" name="com.amt.test.LOU.Lead_opportunity_broker_Test2" time="218.508" errors="0" timestamp="2023-01-06T19:33:07 IST" skipped="0">
  <testcase classname="com.amt.test.LOU.Lead_opportunity_broker_Test2" name="broker_create_lead_individual" time="218.508"/>
  <system-out>
    <![CDATA[<b>Clicked on Leads on Side Menu</b> <br />
<b>Clicked on add lead</b> <br />
<b>Lead is assigned</b> <br />
<b>Added data in General Notes</b> <br />
<b>Customer type - Individual selected</b> <br />
<b>Clicked on Communication_Add note</b> <br />
<b>Clicked on Communication_Log_a_call</b> <br />
<b>Clicked on Add new vehicle request</b> <br />
<b>Clicked on broker channel</b> <br />
<b>Vehicle request for broker has been saved</b> <br />
<b>Click on Map New Quote icon</b> <br />
<b>Click on acquisition contract type icon</b> <br />
<b>Click on customer contract type icon</b> <br />
<b>Click on search button</b> <br />
<b>Click on created date button 1st </b> <br />
<b>Click on created date button 2nd</b> <br />
<b>click ok button on Map  new quote </b> <br />
<b>click on OK button for copy quote </b> <br />
<b>Click on Lead save and Convert button</b> <br />
<b>Clicked on Opportunity link form Menu </b> <br />
<b>listing_proposal_status is = Proposal Required</b> <br />
<b>Enter the Opportunity id in Search Text box</b> <br />
<b>click on Proposal icon</b> <br />
<b>Send proposal to customer pop up  will open</b> <br />
<b>Click on Manual fill radio button - Yes</b> <br />
<b>Click on manually submit behalf of customer link</b> <br />
<b>listing_proposal_status is = Proposal Received</b> <br />
<b>Channel_Status =Draft</b> <br />
<b>click on Send_Contract icon</b> <br />
<b>Channel_Status =Draft</b> <br />]]>
  </system-out>
</testsuite> <!-- com.amt.test.LOU.Lead_opportunity_broker_Test2 -->
