<?xml version="1.0" encoding="UTF-8"?>
<!-- Generated by org.testng.reporters.JUnitReportReporter -->
<testsuite hostname="DSK-951" failures="0" tests="3" name="com.amt.test.LoginTest" time="7.486" errors="0" timestamp="2023-02-16T21:46:57 IST" skipped="0">
  <testcase classname="com.amt.test.LoginTest" name="login_Test" time="2.425"/>
  <system-out>
    <![CDATA[<b>Login screen is being displayed</b> <br />
<b>User has entered Username </b> <br />
<b>User has entered Password </b> <br />]]>
  </system-out>
  <testcase classname="com.amt.test.LoginTest" name="pageTitle_Test" time="5.016"/>
  <system-out>
    <![CDATA[<b>Page Title After login is AMT</b> <br />]]>
  </system-out>
  <testcase classname="com.amt.test.LoginTest" name="amt_Logo_display_Test" time="0.045"/>
  <system-out>
    <![CDATA[<b>AMT-Logo is displayed</b> <br />]]>
  </system-out>
</testsuite> <!-- com.amt.test.LoginTest -->
