<?xml version="1.0" encoding="UTF-8"?>
<!-- Generated by org.testng.reporters.JUnitReportReporter -->
<testsuite hostname="DSK-4052" failures="1" tests="7" name="newLCV.HPNR.Acquisition_Quotes_HPNR_CP_LCV_with_maintenance_Test" time="153.114" errors="0" timestamp="2024-04-16T15:06:17 IST" skipped="4">
  <testcase classname="newLCV.HPNR.Acquisition_Quotes_HPNR_CP_LCV_with_maintenance_Test" name="aquisition_quotes_HPNR_CP_OTR_calculation_with_maintenance_test" time="129.314"/>
  <system-out>
    <![CDATA[<b>Clicked on Quote button </b> <br />
<b>Manufacture =FIAT has been selected</b> <br />
<b>Model range =FIORINO has been selected</b> <br />
<b>Vehicle has been selected</b> <br />
<b>Paint option has been selected</b> <br />
<b>Interior option has been selected</b> <br />
<b> Acquisition Contract type option = HPNR has been selected</b> <br />
<b> Customer Contract type option = Contract Purchase (CP) has been selected</b> <br />
<b>Getting Basic Price- Vehicle value is  =17895.00</b> <br />
<b>Getting Basic Price - Paint  value is  =0.00</b> <br />
<b>Getting  Basic Price - Options value is   =0.00</b> <br />
<b>Getting Discount- Vehicle value is  =0.00</b> <br />
<b>Getting   Discount - Paint value is   =0.00</b> <br />
<b>Getting  Discount- Options value is   =0.00</b> <br />
<b>Getting Additional Discount- Vehicle value is  =0.00</b> <br />
<b>Getting  Additional Discount - paint value is  =0.00</b> <br />
<b>Getting  Additional Discount - Options value is  =0.00</b> <br />
<b>Writing OTR table values to excel sheet -Started </b> <br />
<b>Writing OTR table values to excel sheet -Completed </b> <br />
<b>Reading Subtotal After Discount from excel sheet -Started </b> <br />
<b>Reading Subtotal After Discount from excel sheet -Started </b> <br />
<b>Subtotal After Discount from excel sheet is =17895.0</b> <br />
<b>Subtotal after discount actual value from screen =Â£ 17,895.00</b> <br />]]>
  </system-out>
  <testcase classname="newLCV.HPNR.Acquisition_Quotes_HPNR_CP_LCV_with_maintenance_Test" name="aquisition_quotes_HPNR_CP_after_discount_calculations_with_maintenance_test" time="4.219"/>
  <system-out>
    <![CDATA[<b>*********Calculations for On Road Price has been started***********</b> <br />
<b>Started getting On screen values from after discount table </b> <br />
<b>Manufacture_delivery_charges =695.00</b> <br />
<b>Road_tax_first_year =290.00</b> <br />
<b>First_registration_fee =55.00</b> <br />
<b>Rebate =0.00</b> <br />
<b>Writing After discount values to excel has been started</b> <br />
<b>Writing After discount values to excel has been completed</b> <br />
<b>Reading On Road Price for invoice from excel has been Started</b> <br />
<b>Reading On Road Price for invoice from excel has been completed</b> <br />
<b>Expected on the road price from excel is =22653.0</b> <br />
<b>Actual on the road price from screen is =22653.00</b> <br />]]>
  </system-out>
  <testcase classname="newLCV.HPNR.Acquisition_Quotes_HPNR_CP_LCV_with_maintenance_Test" name="aquisition_quotes_HPNR_CP_holding_cost_calculations_with_maintenance_test" time="19.581">
    <failure message="expected [true] but found [false]" type="java.lang.AssertionError">
      <![CDATA[java.lang.AssertionError: expected [true] but found [false]
at org.testng.Assert.fail(Assert.java:99)
at org.testng.Assert.failNotEquals(Assert.java:1037)
at org.testng.Assert.assertTrue(Assert.java:45)
at org.testng.Assert.assertTrue(Assert.java:55)
at newLCV.HPNR.Acquisition_Quotes_HPNR_CP_LCV_with_maintenance_Test.aquisition_quotes_HPNR_CP_holding_cost_calculations_with_maintenance_test(Acquisition_Quotes_HPNR_CP_LCV_with_maintenance_Test.java:92)
at java.base/jdk.internal.reflect.DirectMethodHandleAccessor.invoke(DirectMethodHandleAccessor.java:104)
at java.base/java.lang.reflect.Method.invoke(Method.java:578)
at org.testng.internal.MethodInvocationHelper.invokeMethod(MethodInvocationHelper.java:133)
at org.testng.internal.TestInvoker.invokeMethod(TestInvoker.java:598)
at org.testng.internal.TestInvoker.invokeTestMethod(TestInvoker.java:173)
at org.testng.internal.MethodRunner.runInSequence(MethodRunner.java:46)
at org.testng.internal.TestInvoker$MethodInvocationAgent.invoke(TestInvoker.java:824)
at org.testng.internal.TestInvoker.invokeTestMethods(TestInvoker.java:146)
at org.testng.internal.TestMethodWorker.invokeTestMethods(TestMethodWorker.java:146)
at org.testng.internal.TestMethodWorker.run(TestMethodWorker.java:128)
at java.base/java.util.ArrayList.forEach(ArrayList.java:1511)
at org.testng.TestRunner.privateRun(TestRunner.java:794)
at org.testng.TestRunner.run(TestRunner.java:596)
at org.testng.SuiteRunner.runTest(SuiteRunner.java:377)
at org.testng.SuiteRunner.runSequentially(SuiteRunner.java:371)
at org.testng.SuiteRunner.privateRun(SuiteRunner.java:332)
at org.testng.SuiteRunner.run(SuiteRunner.java:276)
at org.testng.SuiteRunnerWorker.runSuite(SuiteRunnerWorker.java:53)
at org.testng.SuiteRunnerWorker.run(SuiteRunnerWorker.java:96)
at org.testng.TestNG.runSuitesSequentially(TestNG.java:1212)
at org.testng.TestNG.runSuitesLocally(TestNG.java:1134)
at org.testng.TestNG.runSuites(TestNG.java:1063)
at org.testng.TestNG.run(TestNG.java:1031)
at org.testng.remote.AbstractRemoteTestNG.run(AbstractRemoteTestNG.java:115)
at org.testng.remote.RemoteTestNG.initAndRun(RemoteTestNG.java:251)
at org.testng.remote.RemoteTestNG.main(RemoteTestNG.java:77)
]]>
    </failure>
  </testcase> <!-- aquisition_quotes_HPNR_CP_holding_cost_calculations_with_maintenance_test -->
  <system-out>
    <![CDATA[<b>***********Entered in holding cost page ***********</b> <br />
<b>Clicked on holding cost summary</b> <br />
<b>Clicked on holding_cost_maintenance_toggle_button</b> <br />
<b></b> <br />
<b>***Verifying Holding Cost before editing CAP data*** </b> <br />
<b>Getting on screen values from Holding Cost Page</b> <br />
<b>Duration(Terms) =36.0</b> <br />
<b>Annual_mileage =10000.0</b> <br />
<b>Residual_value_from_screen =5825.0</b> <br />
<b>Total_cap_maintenance_value_annual =780.0</b> <br />
<b>Writing Holding Cost Summary values to excel has been started</b> <br />
<b>Writing Holding Cost Summary values to excel has been completed</b> <br />
<b>Reading Monthly Holding Cost value from excel has been started</b> <br />
<b>Reading Monthly Holding Cost value from excel has been completed</b> <br />
<b>Total_monthly_holding_cost_from_screen =504.40</b> <br />
<b>Total_monthly_holding_cost_from_excel =455.819021332884</b> <br />
<b>Total Monthly Holding Cost based on CAP data is Verified and Found Wrong</b> <br />
<br>----------Screenshot---------<br>
<img src="D:\Acquisition\AMT_Automation_Acquisition\target\surefire-reports\html\failure_screenshots\aquisition_quotes_HPNR_CP_holding_cost_calculations_with_maintenance_test_16_04_2024_12_37_15.png" height="800" width="1000">]]>
  </system-out>
  <testcase classname="newLCV.HPNR.Acquisition_Quotes_HPNR_CP_LCV_with_maintenance_Test" name="aquisition_quotes_HPNR_CP_customer_quote_calculations_check_monthly_finance_payment_with_maintenance_test" time="0.000">
    <skipped/>
  </testcase> <!-- aquisition_quotes_HPNR_CP_customer_quote_calculations_check_monthly_finance_payment_with_maintenance_test -->
  <system-out/>
  <testcase classname="newLCV.HPNR.Acquisition_Quotes_HPNR_CP_LCV_with_maintenance_Test" name="aquisition_quotes_HPNR_CP_customer_quote_vehicle_profit_edit_check_with_maintenance_test" time="0.000">
    <skipped/>
  </testcase> <!-- aquisition_quotes_HPNR_CP_customer_quote_vehicle_profit_edit_check_with_maintenance_test -->
  <system-out/>
  <testcase classname="newLCV.HPNR.Acquisition_Quotes_HPNR_CP_LCV_with_maintenance_Test" name="aquisition_quotes_HPNR_CP_customer_quote_part_exchange_value_edit_check_with_maintenance_test" time="0.000">
    <skipped/>
  </testcase> <!-- aquisition_quotes_HPNR_CP_customer_quote_part_exchange_value_edit_check_with_maintenance_test -->
  <system-out/>
  <testcase classname="newLCV.HPNR.Acquisition_Quotes_HPNR_CP_LCV_with_maintenance_Test" name="aquisition_quotes_HPNR_CP_quote_summary_values_verification_with_maintenance_test" time="0.000">
    <skipped/>
  </testcase> <!-- aquisition_quotes_HPNR_CP_quote_summary_values_verification_with_maintenance_test -->
  <system-out/>
</testsuite> <!-- newLCV.HPNR.Acquisition_Quotes_HPNR_CP_LCV_with_maintenance_Test -->
