<?xml version="1.0" encoding="UTF-8"?>
<!-- Generated by org.testng.reporters.JUnitReportReporter -->
<testsuite hostname="DSK-951" failures="0" tests="1" name="com.amt.test.lou.Lead_opportunity_broker_Test" time="46.548" errors="0" timestamp="2022-12-19T19:58:58 IST" skipped="0">
  <testcase classname="com.amt.test.lou.Lead_opportunity_broker_Test" name="Lead_opportunity_broker_Test" time="46.548"/>
  <system-out>
    <![CDATA[<b>Clicked on Leads page</b> <br />
<b>Clicked on add lead</b> <br />
<b>Lead is assigned</b> <br />
<b>Customer type - Indivisual selected</b> <br />
<b>Clicked on Add new vehicle request</b> <br />
<b>Channel type Broker has been selected</b> <br />
<b>Clicked on Map new quote</b> <br />
<b>New Quote has been mapped with lead</b> <br />
<b>Clicked on save and convert button</b> <br />
<b>Lead converted to opportuninty successfully</b> <br />]]>
  </system-out>
</testsuite> <!-- com.amt.test.lou.Lead_opportunity_broker_Test -->
