<?xml version="1.0" encoding="UTF-8"?>
<!-- Generated by org.testng.reporters.JUnitReportReporter -->
<testsuite hostname="DSK-4052" failures="0" tests="2" name="usedCar.OP.Acquisition_Quotes_Outright_HPR_used_car_without_maintenance_Test" time="48.764" errors="0" timestamp="2023-05-29T09:02:11 IST" skipped="0">
  <testcase classname="usedCar.OP.Acquisition_Quotes_Outright_HPR_used_car_without_maintenance_Test" name="aquisition_quotes_OTR_calculation_without_maintenance_test" time="36.842"/>
  <system-out>
    <![CDATA[<b>Clicked on Quote button </b> <br />
<b>Selecting used vehicle with registration no. = GY19XAG and mileage = 15000</b> <br />
<b>Vehicle selected</b> <br />
<b>Paint option has been selected</b> <br />
<b>Interior option has been selected</b> <br />
<b> Acquisition Contract type option = Outright Purchase (OP) has been selected</b> <br />
<b> Customer Contract type option = HPR has been selected</b> <br />
<b>Cost Price ex VAT and RFL from screen is 23125.0</b> <br />
<b>VAT from screen is 4625.0</b> <br />
<b>Cost Price ex VAT and RFL calculated is 23125.0</b> <br />
<b>Cost Price ex VAT and RFL verified and found OK</b> <br />]]>
  </system-out>
  <testcase classname="usedCar.OP.Acquisition_Quotes_Outright_HPR_used_car_without_maintenance_Test" name="aquisition_quotes_holding_cost_calculations_without_maintenance_test" time="11.922"/>
  <system-out>
    <![CDATA[<b>***********Entered in holding cost page ***********</b> <br />
<b>Clicked on holding cost summary</b> <br />
<b></b> <br />
<b>Verifying Holding Cost Based on CAP data</b> <br />
<b>Getting on screen values from Holding Cost Page</b> <br />
<b>Duration(Terms) =36.0</b> <br />
<b>Annual_mileage =10000.0</b> <br />
<b>Cap_residual_value_from_screen =18400.0</b> <br />
<b>Writing Holding Cost Summary values to excel has been started</b> <br />
<b>Writing Holding Cost Summary values to excel has been completed</b> <br />
<b>Reading Monthly Holding Cost value from excel has been started</b> <br />
<b>Reading Monthly Holding Cost value from excel has been completed</b> <br />
<b>Total_monthly_holding_cost_from_screen =380.56</b> <br />
<b>Total_monthly_holding_cost_from_excel =380.55693777167966</b> <br />
<b>Total Monthly Holding Cost based on CAP data is Verified and Found OK</b> <br />]]>
  </system-out>
</testsuite> <!-- usedCar.OP.Acquisition_Quotes_Outright_HPR_used_car_without_maintenance_Test -->
