<?xml version="1.0" encoding="UTF-8"?>
<!-- Generated by org.testng.reporters.JUnitReportReporter -->
<testsuite hostname="DSK-4052" failures="0" tests="5" name="usedLCV.CP.Acquisition_Quotes_CP_PCP_used_LCV_with_funder_quote_addition_with_maintenance_Test" time="69.292" errors="1" timestamp="2023-10-12T18:06:25 IST" skipped="4">
  <testcase classname="usedLCV.CP.Acquisition_Quotes_CP_PCP_used_LCV_with_funder_quote_addition_with_maintenance_Test" name="aquisition_quotes_OTR_calculation_with_maintenance_test" time="69.292">
    <error message="D:\Acquisition\AMT_Automation_Acquisition\src\main\java\com\amt\testData\Calculation Sheet.xlsx (The process cannot access the file because it is being used by another process)" type="java.io.FileNotFoundException">
      <![CDATA[java.io.FileNotFoundException: D:\Acquisition\AMT_Automation_Acquisition\src\main\java\com\amt\testData\Calculation Sheet.xlsx (The process cannot access the file because it is being used by another process)
at java.base/java.io.FileOutputStream.open0(Native Method)
at java.base/java.io.FileOutputStream.open(FileOutputStream.java:295)
at java.base/java.io.FileOutputStream.<init>(FileOutputStream.java:236)
at java.base/java.io.FileOutputStream.<init>(FileOutputStream.java:124)
at com.amt.testUtil.ReadExcelCalculationForPurchaseAgreement.write_vehicle_cost_Price_to_excel_for_used_car(ReadExcelCalculationForPurchaseAgreement.java:127)
at com.amt.pages.ContractTypesAndOTRPages.ContractTypesAndOTR_CP_PCP_Page.contractTypes_selection_and_OTR_calculation(ContractTypesAndOTR_CP_PCP_Page.java:185)
at usedLCV.CP.Acquisition_Quotes_CP_PCP_used_LCV_with_funder_quote_addition_with_maintenance_Test.aquisition_quotes_OTR_calculation_with_maintenance_test(Acquisition_Quotes_CP_PCP_used_LCV_with_funder_quote_addition_with_maintenance_Test.java:54)
at java.base/jdk.internal.reflect.DirectMethodHandleAccessor.invoke(DirectMethodHandleAccessor.java:104)
at java.base/java.lang.reflect.Method.invoke(Method.java:578)
at org.testng.internal.MethodInvocationHelper.invokeMethod(MethodInvocationHelper.java:133)
at org.testng.internal.TestInvoker.invokeMethod(TestInvoker.java:598)
at org.testng.internal.TestInvoker.invokeTestMethod(TestInvoker.java:173)
at org.testng.internal.MethodRunner.runInSequence(MethodRunner.java:46)
at org.testng.internal.TestInvoker$MethodInvocationAgent.invoke(TestInvoker.java:824)
at org.testng.internal.TestInvoker.invokeTestMethods(TestInvoker.java:146)
at org.testng.internal.TestMethodWorker.invokeTestMethods(TestMethodWorker.java:146)
at org.testng.internal.TestMethodWorker.run(TestMethodWorker.java:128)
at java.base/java.util.ArrayList.forEach(ArrayList.java:1511)
at org.testng.TestRunner.privateRun(TestRunner.java:794)
at org.testng.TestRunner.run(TestRunner.java:596)
at org.testng.SuiteRunner.runTest(SuiteRunner.java:377)
at org.testng.SuiteRunner.runSequentially(SuiteRunner.java:371)
at org.testng.SuiteRunner.privateRun(SuiteRunner.java:332)
at org.testng.SuiteRunner.run(SuiteRunner.java:276)
at org.testng.SuiteRunnerWorker.runSuite(SuiteRunnerWorker.java:53)
at org.testng.SuiteRunnerWorker.run(SuiteRunnerWorker.java:96)
at org.testng.TestNG.runSuitesSequentially(TestNG.java:1212)
at org.testng.TestNG.runSuitesLocally(TestNG.java:1134)
at org.testng.TestNG.runSuites(TestNG.java:1063)
at org.testng.TestNG.run(TestNG.java:1031)
at org.testng.remote.AbstractRemoteTestNG.run(AbstractRemoteTestNG.java:115)
at org.testng.remote.RemoteTestNG.initAndRun(RemoteTestNG.java:251)
at org.testng.remote.RemoteTestNG.main(RemoteTestNG.java:77)
]]>
    </error>
  </testcase> <!-- aquisition_quotes_OTR_calculation_with_maintenance_test -->
  <system-out>
    <![CDATA[<b>Clicked on Quote button </b> <br />
<b>Selecting used vehicle with registration no. = HK21YPJ and mileage = 15000</b> <br />
<b>Vehicle selected</b> <br />
<b>Paint option has been selected</b> <br />
<b>Interior option has been selected</b> <br />
<b> Acquisition Contract type option = CP has been selected</b> <br />
<b> Customer Contract type option = PCP has been selected</b> <br />
<b>Cost Price ex VAT and RFL from screen is 18625.0</b> <br />
<b>VAT from screen is 3725.0</b> <br />
<br>----------Screenshot---------<br>
<img src="D:\Acquisition\AMT_Automation_Acquisition\target\surefire-reports\html\failure_screenshots\aquisition_quotes_OTR_calculation_with_maintenance_test_12_10_2023_06_06_25.png" height="800" width="1000">]]>
  </system-out>
  <testcase classname="usedLCV.CP.Acquisition_Quotes_CP_PCP_used_LCV_with_funder_quote_addition_with_maintenance_Test" name="aquisition_quotes_used_LCV_edit_cost_price_and_check_OTR_with_maintenance_test" time="0.000">
    <skipped/>
  </testcase> <!-- aquisition_quotes_used_LCV_edit_cost_price_and_check_OTR_with_maintenance_test -->
  <system-out/>
  <testcase classname="usedLCV.CP.Acquisition_Quotes_CP_PCP_used_LCV_with_funder_quote_addition_with_maintenance_Test" name="aquisition_quotes_holding_cost_calculations_with_maintenance_test" time="0.000">
    <skipped/>
  </testcase> <!-- aquisition_quotes_holding_cost_calculations_with_maintenance_test -->
  <system-out/>
  <testcase classname="usedLCV.CP.Acquisition_Quotes_CP_PCP_used_LCV_with_funder_quote_addition_with_maintenance_Test" name="aquisition_quotes_customer_quote_calculations_check_monthly_finance_payment_with_maintenance_test" time="0.000">
    <skipped/>
  </testcase> <!-- aquisition_quotes_customer_quote_calculations_check_monthly_finance_payment_with_maintenance_test -->
  <system-out/>
  <testcase classname="usedLCV.CP.Acquisition_Quotes_CP_PCP_used_LCV_with_funder_quote_addition_with_maintenance_Test" name="aquisition_quotes_customer_quote_monthly_total_payment_after_balloon_payment_off_with_maintenance_test" time="0.000">
    <skipped/>
  </testcase> <!-- aquisition_quotes_customer_quote_monthly_total_payment_after_balloon_payment_off_with_maintenance_test -->
  <system-out/>
</testsuite> <!-- usedLCV.CP.Acquisition_Quotes_CP_PCP_used_LCV_with_funder_quote_addition_with_maintenance_Test -->
