<?xml version="1.0" encoding="UTF-8"?>
<!-- Generated by org.testng.reporters.JUnitReportReporter -->
<testsuite hostname="DSK-4052" failures="0" tests="3" name="newCar.BROKER.Acquisition_Quotes_Broker_FL_used_car_without_maintenance_Test" time="108.477" errors="0" timestamp="2023-03-20T10:03:50 IST" skipped="0">
  <testcase classname="newCar.BROKER.Acquisition_Quotes_Broker_FL_used_car_without_maintenance_Test" name="aquisition_quotes_user_flow_broker_fl_OTR_calculation_without_maintenance_test" time="59.208"/>
  <system-out>
    <![CDATA[<b>Clicked on Quote button </b> <br />
<b>Selecting used vehicle with registration no. = GY19XAG and mileage = 1000</b> <br />
<b>Vehicle selected</b> <br />
<b>Paint option has been selected</b> <br />
<b>Interior option has been selected</b> <br />
<b>Acquisition Contract type option selected = Broker </b> <br />
<b> Customer Contract type option = Finance Lease (FL) has been selected</b> <br />
<b>Cost Price ex VAT and RFL from screen is 23958.33</b> <br />
<b>VAT from screen is 4791.67</b> <br />
<b>Cost Price ex VAT and RFL calculated is 23958.33</b> <br />
<b>Cost Price ex VAT and RFL verified and found OK</b> <br />]]>
  </system-out>
  <testcase classname="newCar.BROKER.Acquisition_Quotes_Broker_FL_used_car_without_maintenance_Test" name="aquisition_quotes_user_flow_broker_fl__without_maintenance_test" time="34.865"/>
  <system-out>
    <![CDATA[<b>Funder quote added successfully</b> <br />
<b></b> <br />
<b>Started verifying Balance Due Value</b> <br />
<b>Balance Due Value Expected = 339.988</b> <br />
<b>Balance Due Value Actual from screen = 339.99</b> <br />
<b>Balance Due Value verified and found OK</b> <br />]]>
  </system-out>
  <testcase classname="newCar.BROKER.Acquisition_Quotes_Broker_FL_used_car_without_maintenance_Test" name="aquisition_quotes_user_flow_broker_fl_quote_summary_values_verification_without_maintenance_test" time="14.404"/>
  <system-out>
    <![CDATA[<b>*************OTR Calulation on quote summary page has been started************</b> <br />
<b>Reading values from OTR calculation -Quote Summary Page</b> <br />
<b>OTR_calculation_cost_otr_price_from_screen =28750.0</b> <br />
<b>OTR_calculation_cost_price_ex_vat_and_rfl_from_screen =23958.33</b> <br />
<b>OTR_calculation_otr_vat_from_screen =4791.67</b> <br />
<b>OTR_calculation_cost_otr_price_from_excel =28749.996000000003</b> <br />
<b>OTR_calculation_cost_price_ex_vat_and_rfl_from_excel =23958.33</b> <br />
<b>OTR_calculation_otr_vat_from_excel =4791.666</b> <br />
<b>OTR_calculation_otr_rfl_and_frf_from_excel =0.0</b> <br />
<b>OTR price compared</b> <br />
<b>Cost price ex vat and rfl compared</b> <br />
<b>VAT compared</b> <br />]]>
  </system-out>
</testsuite> <!-- newCar.BROKER.Acquisition_Quotes_Broker_FL_used_car_without_maintenance_Test -->
