<?xml version="1.0" encoding="UTF-8"?>
<!-- Generated by org.testng.reporters.JUnitReportReporter -->
<testsuite hostname="DSK-4052" failures="0" tests="3" name="usedLCV.OP.Acquisition_Quotes_Outright_BCH_used_LCV_with_maintenance_Test" time="125.198" errors="0" timestamp="2023-10-30T11:33:49 IST" skipped="0">
  <testcase classname="usedLCV.OP.Acquisition_Quotes_Outright_BCH_used_LCV_with_maintenance_Test" name="aquisition_quotes_Outright_BCH_used_LCV_OTR_calculation_with_maintenance_test" time="73.403"/>
  <system-out>
    <![CDATA[<b>Clicking on New quote</b> <br />
<b>Clicked on Quote button </b> <br />
<b>Selecting used vehicle with registration no. = HK21YPJ and mileage = 10000</b> <br />
<b>Vehicle selected</b> <br />
<b>Paint option has been selected</b> <br />
<b>Interior option has been selected</b> <br />
<b> Acquisition Contract type option = Outright Purchase has been selected</b> <br />
<b> Customer Contract type option = Business Contract Hire(BCH) has been selected</b> <br />
<b>Cost Price ex VAT and RFL from screen is 19083.33</b> <br />
<b>VAT from screen is 3816.67</b> <br />
<b>Cost Price ex VAT and RFL calculated is 19083.33</b> <br />
<b>Cost Price ex VAT and RFL verified and found OK</b> <br />]]>
  </system-out>
  <testcase classname="usedLCV.OP.Acquisition_Quotes_Outright_BCH_used_LCV_with_maintenance_Test" name="aquisition_quotes_Outright_BCH_used_LCV_edit_cost_price_and_check_OTR_with_maintenance_test" time="0.001"/>
  <system-out/>
  <testcase classname="usedLCV.OP.Acquisition_Quotes_Outright_BCH_used_LCV_with_maintenance_Test" name="aquisition_quotes_Outright_BCH_used_LCV_holding_cost_calculations_with_maintenance_test" time="51.794"/>
  <system-out>
    <![CDATA[<b>***********Entered in holding cost page ***********</b> <br />
<b>Clicked on holding cost summary</b> <br />
<b>Clicked on holding_cost_maintenance_toggle_button</b> <br />
<b></b> <br />
<b>***Verifying Holding Cost before editing CAP data*** </b> <br />
<b>Getting on screen values from Holding Cost Page</b> <br />
<b>Duration(Terms) =36.0</b> <br />
<b>Annual_mileage =10000.0</b> <br />
<b>Residual_value_from_screen =10575.0</b> <br />
<b>Writing Holding Cost Summary values to excel has been started</b> <br />
<b>Writing Holding Cost Summary values to excel has been completed</b> <br />
<b>Reading Monthly Holding Cost value from excel has been started</b> <br />
<b>Reading Monthly Holding Cost value from excel has been completed</b> <br />
<b>Total_monthly_holding_cost_from_screen =319.49</b> <br />
<b>Total_monthly_holding_cost_from_excel =319.4906336573331</b> <br />
<b>Total Monthly Holding Cost based on CAP data is Verified and Found OK</b> <br />
<b></b> <br />
<b>Editing % CAP Residual Value and % CAP Maintenance cost used</b> <br />
<b>Changing % CAP Residual Value (from test  data) to 30</b> <br />
<b>Changing % CAP Maintenance cost (from test  data) to 30</b> <br />
<b>Writing Holding Cost Summary values to excel has been started</b> <br />
<b>Writing Holding Cost Summary values to excel has been completed</b> <br />
<b>Reading Monthly Holding Cost value from excel has been started</b> <br />
<b>Reading Monthly Holding Cost value from excel has been completed</b> <br />
<b>Total_monthly_holding_cost_from_screen =505.27</b> <br />
<b>Total_monthly_holding_cost_from_excel =505.2667153415755</b> <br />
<b>Total Monthly Holding Cost After Editing % Residual Value and % Maintenance Cost is Verified and Found OK</b> <br />]]>
  </system-out>
</testsuite> <!-- usedLCV.OP.Acquisition_Quotes_Outright_BCH_used_LCV_with_maintenance_Test -->
