<?xml version="1.0" encoding="UTF-8"?>
<!-- Generated by org.testng.reporters.JUnitReportReporter -->
<testsuite hostname="DSK-4052" failures="0" tests="4" name="usedLCV.HPNR.Acquisition_Quotes_HPNR_FL_used_LCV_with_funder_quote_addition_with_maintenance_Test" time="185.491" errors="0" timestamp="2023-04-26T17:05:58 IST" skipped="0">
  <testcase classname="usedLCV.HPNR.Acquisition_Quotes_HPNR_FL_used_LCV_with_funder_quote_addition_with_maintenance_Test" name="aquisition_quotes_used_LCV_OTR_calculation_with_maintenance_test" time="47.994"/>
  <system-out>
    <![CDATA[<b>Clicked on Quote button </b> <br />
<b>Selecting used vehicle with registration no. = HK21YPJ and mileage = 10000</b> <br />
<b>Vehicle selected</b> <br />
<b>Paint option has been selected</b> <br />
<b>Interior option has been selected</b> <br />
<b> Acquisition Contract type option = HPNR has been selected</b> <br />
<b> Customer Contract type option = Finance Lease (FL) has been selected</b> <br />
<b>Cost Price ex VAT and RFL from screen is 21125.0</b> <br />
<b>VAT from screen is 4225.0</b> <br />
<b>Cost Price ex VAT and RFL calculated is 21125.0</b> <br />
<b>Cost Price ex VAT and RFL verified and found OK</b> <br />]]>
  </system-out>
  <testcase classname="usedLCV.HPNR.Acquisition_Quotes_HPNR_FL_used_LCV_with_funder_quote_addition_with_maintenance_Test" name="aquisition_quotes_used_LCV_edit_cost_price_and_check_OTR_with_maintenance_test" time="0.001"/>
  <system-out/>
  <testcase classname="usedLCV.HPNR.Acquisition_Quotes_HPNR_FL_used_LCV_with_funder_quote_addition_with_maintenance_Test" name="aquisition_quotes_holding_cost_calculations_with_maintenance_test" time="40.673"/>
  <system-out>
    <![CDATA[<b>***********Entered in holding cost page ***********</b> <br />
<b>***********Holding Cost Calculations has been Started*************</b> <br />
<b>Writing Holding Cost Summary values to excel has been completed</b> <br />
<b>Reading Monthly Holding Cost value from excel</b> <br />
<b>Total_monthly_holding_cost_from_screen =509.92</b> <br />
<b>Total_monthly_holding_cost_from_excel =509.92</b> <br />]]>
  </system-out>
  <testcase classname="usedLCV.HPNR.Acquisition_Quotes_HPNR_FL_used_LCV_with_funder_quote_addition_with_maintenance_Test" name="aquisition_quotes_customer_quote_payment_profile_calculations_with_maintenance_test" time="96.823"/>
  <system-out>
    <![CDATA[<b>Writing configuration values from property file to Excel for customer quote calculation -started</b> <br />
<b>Writing configuration values from property file to Excel for customer quote calculation -completed</b> <br />
<b>************Calculations for Customer Quote Page has been started***********</b> <br />
<b>Payment Profile Monthly in Advance option has been selected</b> <br />
<b>Writing values to Excel for customer quote calculation -started</b> <br />
<b>Writing values to Excel for customer quote calculation -completed</b> <br />
<b>Reading  Monthly Finance and Maintenance Rental from  Excel   -started</b> <br />
<b>Reading  Monthly Finance and Maintenance Rental from  Excel   -completed</b> <br />
<b>Monthly Finance Rental from Excel is =709.8376361436058</b> <br />
<b>Monthly Finance Rental from screen is 709.84</b> <br />
<b>Monthly Maintenance Rental from Excel is =10.704</b> <br />
<b>Monthly Maintenance Rental from screen is 10.7</b> <br />
<b>Started verifying monthly payments with upsell values</b> <br />
<b>Monthly Finance Rental from screen (after submitting upsell values) is 747.19</b> <br />
<b>Monthly Mainte. Rental from screen ((after submitting upsell values) is 10.7</b> <br />
<b>Writing upsell values to excel</b> <br />
<b>Monthly Finance Rental from Excel (after submitting upsell values) is 747.1884197630467</b> <br />
<b>Monthly Mainte. Rental from Excel ((after submitting upsell values) is 10.704</b> <br />
<b>Monthly finance and maint. rental (after submitting upsell values) is found OK</b> <br />
<b>***********Entered in Customer Quote page ***********</b> <br />
<b>Clicked on Part Exchange panel</b> <br />
<b>Expected Monthly Finance Rental From Excel is =747.1884197630467</b> <br />
<b>Actuacl Monthly Finance Rental From screen is =747.19</b> <br />
<b>Expected Monthly Maint. Rental From Excel is =10.704</b> <br />
<b>Actuacl Monthly Maint. Rental From screen is =10.7</b> <br />
<b></b> <br />
<b>Balance Due value started verifying</b> <br />
<b>Balance due value Actual from screen is -2760.01</b> <br />
<b></b> <br />
<b>Balance due value Expected from Excel is -2760.0119999999997</b> <br />
<b></b> <br />
<b>Balance due value (with part exchange values) is verified and found ok</b> <br />
<b>Monthly Finance Rental from screen (after updating customer quote summary upsell value) is 765.86</b> <br />
<b>Monthly Mainte. Rental from screen (after updating customer quote summary upsell value) is 10.7</b> <br />
<b>Writing upsell values to excel</b> <br />
<b>Monthly Finance Rental from Excel (after updating customer quote summary upsell value) is 765.8638115727666</b> <br />
<b>Monthly Mainte. Rental from Excel (after updating customer quote summary upsell value) is 10.704</b> <br />
<b>Monthly finance and maint. rental (after updating customer quote summary upsell value) is found OK</b> <br />]]>
  </system-out>
</testsuite> <!-- usedLCV.HPNR.Acquisition_Quotes_HPNR_FL_used_LCV_with_funder_quote_addition_with_maintenance_Test -->
