<?xml version="1.0" encoding="UTF-8"?>
<!-- Generated by org.testng.reporters.JUnitReportReporter -->
<testsuite hostname="DSK-4052" failures="1" tests="6" name="newLCV.HPNR.Acquisition_Quotes_HPNR_FL_LCV_with_maintenance_Test" time="276.191" errors="0" timestamp="2023-10-04T05:33:17 IST" skipped="1">
  <testcase classname="newLCV.HPNR.Acquisition_Quotes_HPNR_FL_LCV_with_maintenance_Test" name="aquisition_quotes_HPNR_FL_OTR_calculation_with_maintenance_test" time="87.167"/>
  <system-out>
    <![CDATA[<b>Clicked on Quote button </b> <br />
<b>Manufacture =FIAT has been selected</b> <br />
<b>Model range =FIORINO has been selected</b> <br />
<b>Vehicle has been selected</b> <br />
<b>Paint option has been selected</b> <br />
<b>Interior option has been selected</b> <br />
<b> Acquisition Contract type option = HPNR has been selected</b> <br />
<b> Customer Contract type option = Finance Lease(FL) has been selected</b> <br />
<b>Getting Basic Price- Vehicle value is  =16745.00</b> <br />
<b>Getting Basic Price - Paint  value is  =0.00</b> <br />
<b>Getting  Basic Price - Options value is   =0.00</b> <br />
<b>Getting Discount- Vehicle value is  =0.00</b> <br />
<b>Getting   Discount - Paint value is   =0.00</b> <br />
<b>Getting  Discount- Options value is   =0.00</b> <br />
<b>Getting Additional Discount- Vehicle value is  =0.00</b> <br />
<b>Getting  Additional Discount - paint value is  =0.00</b> <br />
<b>Getting  Additional Discount - Options value is  =0.00</b> <br />
<b>Writing OTR table values to excel sheet -Started </b> <br />
<b>Writing OTR table values to excel sheet -Completed </b> <br />
<b>Reading Subtotal After Discount from excel sheet -Started </b> <br />
<b>Reading Subtotal After Discount from excel sheet -Started </b> <br />
<b>Subtotal After Discount from excel sheet is =16745.0</b> <br />
<b>Subtotal after discount actual value from screen =Â£ 16,745.00</b> <br />]]>
  </system-out>
  <testcase classname="newLCV.HPNR.Acquisition_Quotes_HPNR_FL_LCV_with_maintenance_Test" name="aquisition_quotes_HPNR_FL_after_discount_calculations_with_maintenance_test" time="4.207"/>
  <system-out>
    <![CDATA[<b>*********Calculations for On Road Price has been started***********</b> <br />
<b>Started getting On screen values from after discount table </b> <br />
<b>Manufacture_delivery_charges =695.0</b> <br />
<b>Road_tax_first_year =275.0</b> <br />
<b>First_registration_fee =65.0</b> <br />
<b>Rebate =0.0</b> <br />
<b>Writing After discount values to excel has been started</b> <br />
<b>Writing After discount values to excel has been completed</b> <br />
<b>Reading On Road Price for invoice from excel has been Started</b> <br />
<b>Reading On Road Price for invoice from excel has been completed</b> <br />
<b>Expected on the road price from excel is =21268.0</b> <br />
<b>Actual on the road price from screen is =21268.00</b> <br />]]>
  </system-out>
  <testcase classname="newLCV.HPNR.Acquisition_Quotes_HPNR_FL_LCV_with_maintenance_Test" name="aquisition_quotes_HPNR_FL_other_support_check_with_maintenance_test" time="16.638"/>
  <system-out>
    <![CDATA[<b>Verification of OTR price for calculation after adding other support value has been started</b> <br />
<b>Writing other support value to Excel has been started</b> <br />
<b>Writing other support value to Excel has been ended</b> <br />
<b>OTR price for calculation after adding other support found OK</b> <br />
<b>Verification of OTR price for calculation after adding other support value has been ended</b> <br />]]>
  </system-out>
  <testcase classname="newLCV.HPNR.Acquisition_Quotes_HPNR_FL_LCV_with_maintenance_Test" name="aquisition_quotes_HPNR_FL_holding_cost_calculations_with_maintenance_test" time="58.742"/>
  <system-out>
    <![CDATA[<b>***********Entered in holding cost page ***********</b> <br />
<b>Clicked on holding cost summary</b> <br />
<b>Clicked on holding_cost_maintenance_toggle_button</b> <br />
<b></b> <br />
<b>***Verifying Holding Cost before editing CAP data*** </b> <br />
<b>Getting on screen values from Holding Cost Page</b> <br />
<b>Duration(Terms) =36.0</b> <br />
<b>Annual_mileage =10000.0</b> <br />
<b>Residual_value_from_screen =6125.0</b> <br />
<b>Writing Holding Cost Summary values to excel has been started</b> <br />
<b>Writing Holding Cost Summary values to excel has been completed</b> <br />
<b>Reading Monthly Holding Cost value from excel has been started</b> <br />
<b>Reading Monthly Holding Cost value from excel has been completed</b> <br />
<b>Total_monthly_holding_cost_from_screen =405.02</b> <br />
<b>Total_monthly_holding_cost_from_excel =405.0153755840677</b> <br />
<b>Total Monthly Holding Cost based on CAP data is Verified and Found OK</b> <br />
<b></b> <br />
<b>Editing % CAP Residual Value and % CAP Maintenance cost used</b> <br />
<b>Changing % CAP Residual Value (from test  data) to 100</b> <br />
<b>Changing % CAP Maintenance cost (from test  data) to 100</b> <br />
<b>Writing Holding Cost Summary values to excel has been started</b> <br />
<b>Writing Holding Cost Summary values to excel has been completed</b> <br />
<b>Reading Monthly Holding Cost value from excel has been started</b> <br />
<b>Reading Monthly Holding Cost value from excel has been completed</b> <br />
<b>Total_monthly_holding_cost_from_screen =405.02</b> <br />
<b>Total_monthly_holding_cost_from_excel =405.0153755840677</b> <br />
<b>Total Monthly Holding Cost After Editing % Residual Value and % Maintenance Cost is Verified and Found OK</b> <br />
<b></b> <br />
<b>Editing Residual value and Maintenance cost used</b> <br />
<b>Changing Residual Value (from test data) to  =20000</b> <br />
<b>Changing Maintenance Cost used (from test data) to =100</b> <br />
<b>Writing Holding Cost Summary values to excel has been started</b> <br />
<b>Writing Holding Cost Summary values to excel has been completed</b> <br />
<b>Reading Monthly Holding Cost value from excel has been started</b> <br />
<b>Reading Monthly Holding Cost value from excel has been completed</b> <br />
<b>Total_monthly_holding_cost_from_screen =138.41</b> <br />
<b>Total_monthly_holding_cost_from_excel =138.41397289999196</b> <br />
<b>Total Monthly Holding Cost After Editing Residual Value and Maintenance Cost is Verified and Found OK</b> <br />
<b></b> <br />
<b>Editing additional terms and mileage</b> <br />
<b>Updated Residual Value from screen  (to be sent to calculation excel) is =7275.00</b> <br />
<b>Updated Maintenance Cost from screen  (to be sent to calculation excel) is =46.55</b> <br />
<b>Writing Holding Cost Summary values to excel has been started</b> <br />
<b>Writing Holding Cost Summary values to excel has been completed</b> <br />
<b>Reading Monthly Holding Cost value from excel has been started</b> <br />
<b>Reading Monthly Holding Cost value from excel has been completed</b> <br />
<b>Total_monthly_holding_cost_from_screen =588.19</b> <br />
<b>Total_monthly_holding_cost_from_excel =588.1941578915043</b> <br />
<b>Total Monthly Holding Cost After Editing Additional terms and mileage is Verified and Found OK</b> <br />]]>
  </system-out>
  <testcase classname="newLCV.HPNR.Acquisition_Quotes_HPNR_FL_LCV_with_maintenance_Test" name="aquisition_quotes_HPNR_FL_customer_quote_payment_profile_calculations_with_maintenance_test" time="109.437">
    <failure message="expected [true] but found [false]" type="java.lang.AssertionError">
      <![CDATA[java.lang.AssertionError: expected [true] but found [false]
at org.testng.Assert.fail(Assert.java:99)
at org.testng.Assert.failNotEquals(Assert.java:1037)
at org.testng.Assert.assertTrue(Assert.java:45)
at org.testng.Assert.assertTrue(Assert.java:55)
at newLCV.HPNR.Acquisition_Quotes_HPNR_FL_LCV_with_maintenance_Test.aquisition_quotes_HPNR_FL_customer_quote_payment_profile_calculations_with_maintenance_test(Acquisition_Quotes_HPNR_FL_LCV_with_maintenance_Test.java:233)
at java.base/jdk.internal.reflect.DirectMethodHandleAccessor.invoke(DirectMethodHandleAccessor.java:104)
at java.base/java.lang.reflect.Method.invoke(Method.java:578)
at org.testng.internal.MethodInvocationHelper.invokeMethod(MethodInvocationHelper.java:133)
at org.testng.internal.TestInvoker.invokeMethod(TestInvoker.java:598)
at org.testng.internal.TestInvoker.invokeTestMethod(TestInvoker.java:173)
at org.testng.internal.MethodRunner.runInSequence(MethodRunner.java:46)
at org.testng.internal.TestInvoker$MethodInvocationAgent.invoke(TestInvoker.java:824)
at org.testng.internal.TestInvoker.invokeTestMethods(TestInvoker.java:146)
at org.testng.internal.TestMethodWorker.invokeTestMethods(TestMethodWorker.java:146)
at org.testng.internal.TestMethodWorker.run(TestMethodWorker.java:128)
at java.base/java.util.ArrayList.forEach(ArrayList.java:1511)
at org.testng.TestRunner.privateRun(TestRunner.java:794)
at org.testng.TestRunner.run(TestRunner.java:596)
at org.testng.SuiteRunner.runTest(SuiteRunner.java:377)
at org.testng.SuiteRunner.runSequentially(SuiteRunner.java:371)
at org.testng.SuiteRunner.privateRun(SuiteRunner.java:332)
at org.testng.SuiteRunner.run(SuiteRunner.java:276)
at org.testng.SuiteRunnerWorker.runSuite(SuiteRunnerWorker.java:53)
at org.testng.SuiteRunnerWorker.run(SuiteRunnerWorker.java:96)
at org.testng.TestNG.runSuitesSequentially(TestNG.java:1212)
at org.testng.TestNG.runSuitesLocally(TestNG.java:1134)
at org.testng.TestNG.runSuites(TestNG.java:1063)
at org.testng.TestNG.run(TestNG.java:1031)
at org.testng.remote.AbstractRemoteTestNG.run(AbstractRemoteTestNG.java:115)
at org.testng.remote.RemoteTestNG.initAndRun(RemoteTestNG.java:251)
at org.testng.remote.RemoteTestNG.main(RemoteTestNG.java:77)
]]>
    </failure>
  </testcase> <!-- aquisition_quotes_HPNR_FL_customer_quote_payment_profile_calculations_with_maintenance_test -->
  <system-out>
    <![CDATA[<b>Writing configuration values from property file to Excel for customer quote calculation -started</b> <br />
<b>Writing configuration values from property file to Excel for customer quote calculation -completed</b> <br />
<b>************Calculations for Customer Quote Page has been started***********</b> <br />
<b>Payment Profile Monthly in Advance option has been selected</b> <br />
<b>Writing values to Excel for customer quote calculation -started</b> <br />
<b>Writing values to Excel for customer quote calculation -completed</b> <br />
<b>Reading  Monthly Finance Rental and monthly maintenance cost from  Excel   -started</b> <br />
<b>Reading  Monthly Finance Rental and monthly maintenance cost from  Excel  -completed</b> <br />
<b>Monthly Finance Rental from Excel is =659.9220485539046</b> <br />
<b>Monthly maintenance Rental from Excel is =55.86</b> <br />
<b>Monthly Finance Rental from screen is =659.92</b> <br />
<b>Monthly maintenance Rental from screen is =55.86</b> <br />
<b>Started verifying monthly payments with upsell values</b> <br />
<b>Monthly Finance Rental from screen (after submitting upsell values) is 680.29</b> <br />
<b>Monthly Mainte. Rental from screen ((after submitting upsell values) is 55.86</b> <br />
<b>Writing upsell values to excel</b> <br />
<b>Monthly Finance Rental from Excel (after submitting upsell values) is 680.2952032554136</b> <br />
<b>Monthly Mainte. Rental from Excel ((after submitting upsell values) is 55.86</b> <br />
<b>Monthly finance and maint. rental (after submitting upsell values) is found OK</b> <br />
<b>Clicked on Part Exchange panel</b> <br />
<b>Monthly Finance Rental from screen (with part exchange values) is 680.29</b> <br />
<b>Monthly Mainte. Rental from screen (with part exchange values) is 55.86</b> <br />
<b>Writing part exchange values to excel</b> <br />
<b>Monthly Finance Rental from Excel (with part exchange values) is 680.2952032554136</b> <br />
<b>Monthly Mainte. Rental from Excel (with part exchange values) is 55.86</b> <br />
<b>Monthly finance and maint. rental (with part exchange values) is found OK</b> <br />
<b></b> <br />
<b>Balance Due value started verifying</b> <br />
<b>Balance due value Actual from screen is -2760.01</b> <br />
<b></b> <br />
<b>Balance due value Expected from Excel is -2760.0119999999997</b> <br />
<b></b> <br />
<b>Balance due value (with part exchange values) is verified and found ok</b> <br />
<b>Monthly Finance Rental from screen (after updating customer quote summary upsell value) is 0.0</b> <br />
<b>Monthly Mainte. Rental from screen (after updating customer quote summary upsell value) is 0.0</b> <br />
<b>Writing upsell values to excel</b> <br />
<b>Monthly Finance Rental from Excel (after updating customer quote summary upsell value) is 690.4817806061727</b> <br />
<b>Monthly Mainte. Rental from Excel (after updating customer quote summary upsell value) is 55.86</b> <br />
<b>Monthly finance and maint. rental (after updating customer quote summary upsell value) is found wrong</b> <br />
<br>----------Screenshot---------<br>
<img src="D:\Acquisition\AMT_Automation_Acquisition\target\surefire-reports\html\failure_screenshots\aquisition_quotes_HPNR_FL_customer_quote_payment_profile_calculations_with_maintenance_test_04_10_2023_04_05_03.png" height="800" width="1000">]]>
  </system-out>
  <testcase classname="newLCV.HPNR.Acquisition_Quotes_HPNR_FL_LCV_with_maintenance_Test" name="aquisition_quotes_HPNR_FL_quote_summary_values_verification_with_maintenance_test" time="0.000">
    <skipped/>
  </testcase> <!-- aquisition_quotes_HPNR_FL_quote_summary_values_verification_with_maintenance_test -->
  <system-out/>
</testsuite> <!-- newLCV.HPNR.Acquisition_Quotes_HPNR_FL_LCV_with_maintenance_Test -->
