<?xml version="1.0" encoding="UTF-8"?>
<!-- Generated by org.testng.reporters.JUnitReportReporter -->
<testsuite hostname="DSK-4052" failures="0" tests="5" name="usedCar.CP.Acquisition_Quotes_CP_PCH_used_car_with_funder_quote_addition_with_maintenance_Test" time="415.208" errors="0" timestamp="2023-12-20T05:01:10 IST" skipped="0">
  <testcase classname="usedCar.CP.Acquisition_Quotes_CP_PCH_used_car_with_funder_quote_addition_with_maintenance_Test" name="aquisition_quotes_used_car_OTR_calculation_with_maintenance_test" time="57.059"/>
  <system-out>
    <![CDATA[<b>Clicked on Quote button </b> <br />
<b>Selecting used vehicle with registration no. = GY19XAG and mileage = 15000</b> <br />
<b>Vehicle selected</b> <br />
<b>Paint option has been selected</b> <br />
<b>Interior option has been selected</b> <br />
<b> Acquisition Contract type option = Contract Purchase has been selected</b> <br />
<b> Customer Contract type option = Personal Contract Hire(BCH) has been selected</b> <br />
<b>Cost Price ex VAT and RFL from screen is 18916.67</b> <br />
<b>VAT from screen is 3783.33</b> <br />
<b>Cost Price ex VAT and RFL calculated is 18916.67</b> <br />
<b>Cost Price ex VAT and RFL verified and found OK</b> <br />]]>
  </system-out>
  <testcase classname="usedCar.CP.Acquisition_Quotes_CP_PCH_used_car_with_funder_quote_addition_with_maintenance_Test" name="aquisition_quotes_used_car_edit_cost_price_and_check_OTR_with_maintenance_test" time="0.000"/>
  <system-out/>
  <testcase classname="usedCar.CP.Acquisition_Quotes_CP_PCH_used_car_with_funder_quote_addition_with_maintenance_Test" name="aquisition_quotes_holding_cost_calculations_with_maintenance_test" time="41.276"/>
  <system-out>
    <![CDATA[<b>***********Entered in holding cost page ***********</b> <br />
<b>***********Holding Cost Calculations has been Started*************</b> <br />
<b>Writing Holding Cost Summary values to excel has been completed</b> <br />
<b>Reading Monthly Holding Cost value from excel</b> <br />
<b>Total_monthly_holding_cost_from_screen =320.73</b> <br />
<b>Total_monthly_holding_cost_from_excel =320.7221666666667</b> <br />]]>
  </system-out>
  <testcase classname="usedCar.CP.Acquisition_Quotes_CP_PCH_used_car_with_funder_quote_addition_with_maintenance_Test" name="aquisition_quotes_customer_quote_payment_profile_calculations_with_maintenance_test" time="89.538"/>
  <system-out>
    <![CDATA[<b>Writing configuration values from property file to Excel for customer quote calculation -started</b> <br />
<b>Writing configuration values from property file to Excel for customer quote calculation -completed</b> <br />
<b>************Calculations for Customer Quote Page has been started***********</b> <br />
<b>Payment Profile Monthly in Advance option has been selected</b> <br />
<b>Writing values to Excel for customer quote calculation -started</b> <br />
<b>Writing values to Excel for customer quote calculation -completed</b> <br />
<b>Reading  Monthly Finance and Maintenance Rental from  Excel   -started</b> <br />
<b>Reading  Monthly Finance and Maintenance Rental from  Excel   -completed</b> <br />
<b>Monthly Finance Rental from Excel is =571.6487794683342</b> <br />
<b>Monthly Finance Rental from screen is 571.66</b> <br />
<b>Monthly Maintenance Rental from Excel is =72.0</b> <br />
<b>Monthly Maintenance Rental from screen is 72.0</b> <br />
<b>Started verifying monthly payments with upsell values</b> <br />
<b>Monthly Finance Rental from screen (after submitting upsell values) is 616.42</b> <br />
<b>Writing upsell values to excel</b> <br />
<b>Monthly Finance Rental from Excel (after submitting upsell values) is 616.4069704951825</b> <br />
<b>Monthly finance (after submitting upsell values) is found OK</b> <br />
<b>***********Entered in Customer Quote page ***********</b> <br />
<b>Clicked on Part Exchange panel</b> <br />
<b>Expected Monthly Finance Rental From Excel is =616.4069704951825</b> <br />
<b>Actuacl Monthly Finance Rental From screen is =616.42</b> <br />
<b></b> <br />
<b>Balance Due value started verifying</b> <br />
<b>Balance due value Actual from screen is -2760.01</b> <br />
<b></b> <br />
<b>Balance due value Expected from Excel is -2760.01</b> <br />
<b></b> <br />
<b>Balance due value (with part exchange values) is verified and found ok</b> <br />
<b>Monthly Finance Rental from screen (after updating customer quote summary upsell value) is 638.8</b> <br />
<b>Writing upsell values to excel</b> <br />
<b>Monthly Finance Rental from Excel (after updating customer quote summary upsell value) is 638.7860660086059</b> <br />
<b>Monthly finance rental (after updating customer quote summary upsell value) is found OK</b> <br />]]>
  </system-out>
  <testcase classname="usedCar.CP.Acquisition_Quotes_CP_PCH_used_car_with_funder_quote_addition_with_maintenance_Test" name="aquisition_quotes_quote_summary_values_verification_with_maintenance_test" time="227.335"/>
  <system-out>
    <![CDATA[<b>*************OTR Calulation on quote summary page has been started************</b> <br />
<b>Reading values from OTR calculation -Quote Summary Page</b> <br />
<b></b> <br />
<b>Cost otr price from screen is 22700.0</b> <br />
<b>Cost price ex vat and rfl from screen is 18916.67</b> <br />
<b>Otr Vat from screen is 3783.33</b> <br />
<b></b> <br />
<b>Cost otr price from excel is 22700.003999999997</b> <br />
<b>Cost price ex vat and rfl from excel is 18916.67</b> <br />
<b>Otr Vat from excel is 3783.334</b> <br />
<b>OTR price compared</b> <br />
<b>Cost price ex vat and rfl compared</b> <br />
<b>VAT compared</b> <br />
<b>*************Holding Cost Calulation on quote summary page has been started************</b> <br />
<b>Reading values from Holding Cost summary -Quote Summary Page</b> <br />
<b>holding_cost_terms_from_screen12.0</b> <br />
<b>holding_cost_miles_per_annum_from_screen5000.0</b> <br />
<b>holding_cost_monthly_finance_cost_from_screen270.73</b> <br />
<b>holding_cost_monthly_maint_cost_used_from_screen50.0</b> <br />
<b>holding_cost_CAP_monthly_maint_cost_from_screen0.0</b> <br />
<b>holding_cost_total_monthly_holding_cost_from_screen =320.73</b> <br />
<b>terms compared</b> <br />
<b>Miles per annum compared</b> <br />
<b>Finance cost compared</b> <br />
<b>Maint cost used  compared</b> <br />
<b>Total Monthly Holding Cost compared</b> <br />
<b>*************Customer Quote Calulation on quote summary page has been started************</b> <br />
<b>Terms found OK</b> <br />
<b>miles found OK</b> <br />
<b>Monthly Finance Rental found OK</b> <br />
<b>Monthly Maintenance Rental found OK</b> <br />
<b>Initial Finance Rental found OK</b> <br />
<b>Initial Maint Rental found OK</b> <br />
<b>Initial Total Rental found OK</b> <br />
<b>Part Exchange Value - found OK</b> <br />
<b>Followed By months - found OK</b> <br />
<b>Pence per excess mile finance - found OK</b> <br />
<b>Pence per excess mile Maintenance - found OK</b> <br />
<b>Pence per excess mile total - found OK</b> <br />
<b>Document Fee - found OK</b> <br />
<b>Upsell - found OK</b> <br />
<b>Default Finance Commission - found OK</b> <br />
<b>Upsell Commission - found OK</b> <br />
<b>Maintenance Commission - found OK</b> <br />
<b>Document Fee Commission - found OK</b> <br />
<b>Total Commission - found OK</b> <br />
<b>Referrer Commission - found OK</b> <br />
<b>*************Configuration Values Verification on quote summary page has been started************</b> <br />
<b>Finance Margin found OK</b> <br />
<b>Deductions found OK</b> <br />
<b>Additional Margin found OK</b> <br />
<b>Total Margin found OK</b> <br />
<b>Default Broker Margin percentage found OK</b> <br />
<b>Broker Upsell Margin percentage found OK</b> <br />
<b>Broker Upsell Margin  found OK</b> <br />
<b>Maintenance Margin  found OK</b> <br />
<b>Document Fee Margin  found OK</b> <br />
<b>Refferer Margin  found OK</b> <br />
<b>*********Customer Quote generated successfully and Quote_ref_no is=CMC20117</b> <br />
<b>*************OTR Calulation on quote summary page has been started************</b> <br />
<b>Reading values from OTR calculation -Quote Summary Page</b> <br />
<b></b> <br />
<b>Cost otr price from screen is 22700.0</b> <br />
<b>Cost price ex vat and rfl from screen is 18916.67</b> <br />
<b>Otr Vat from screen is 3783.33</b> <br />
<b></b> <br />
<b>Cost otr price from excel is 22700.003999999997</b> <br />
<b>Cost price ex vat and rfl from excel is 18916.67</b> <br />
<b>Otr Vat from excel is 3783.334</b> <br />
<b>OTR price compared</b> <br />
<b>Cost price ex vat and rfl compared</b> <br />
<b>VAT compared</b> <br />
<b>*************Holding Cost Calulation on quote summary page has been started************</b> <br />
<b>Reading values from Holding Cost summary -Quote Summary Page</b> <br />
<b>holding_cost_terms_from_screen12.0</b> <br />
<b>holding_cost_miles_per_annum_from_screen5000.0</b> <br />
<b>holding_cost_monthly_finance_cost_from_screen270.73</b> <br />
<b>holding_cost_monthly_maint_cost_used_from_screen50.0</b> <br />
<b>holding_cost_CAP_monthly_maint_cost_from_screen0.0</b> <br />
<b>holding_cost_total_monthly_holding_cost_from_screen =320.73</b> <br />
<b>terms compared</b> <br />
<b>Miles per annum compared</b> <br />
<b>Finance cost compared</b> <br />
<b>Maint cost used  compared</b> <br />
<b>Total Monthly Holding Cost compared</b> <br />
<b>*************Customer Quote Calulation on quote summary page has been started************</b> <br />
<b>Terms found OK</b> <br />
<b>miles found OK</b> <br />
<b>Monthly Finance Rental found OK</b> <br />
<b>Monthly Maintenance Rental found OK</b> <br />
<b>Initial Finance Rental found OK</b> <br />
<b>Initial Maint Rental found OK</b> <br />
<b>Initial Total Rental found OK</b> <br />
<b>Part Exchange Value - found OK</b> <br />
<b>Followed By months - found OK</b> <br />
<b>Pence per excess mile finance - found OK</b> <br />
<b>Pence per excess mile Maintenance - found OK</b> <br />
<b>Pence per excess mile total - found OK</b> <br />
<b>Document Fee - found OK</b> <br />
<b>Upsell - found OK</b> <br />
<b>Default Finance Commission - found OK</b> <br />
<b>Upsell Commission - found OK</b> <br />
<b>Maintenance Commission - found OK</b> <br />
<b>Document Fee Commission - found OK</b> <br />
<b>Total Commission - found OK</b> <br />
<b>Referrer Commission - found OK</b> <br />
<b>*************Configuration Values Verification on quote summary page has been started************</b> <br />
<b>Finance Margin found OK</b> <br />
<b>Deductions found OK</b> <br />
<b>Additional Margin found OK</b> <br />
<b>Total Margin found OK</b> <br />
<b>Default Broker Margin percentage found OK</b> <br />
<b>Broker Upsell Margin percentage found OK</b> <br />
<b>Broker Upsell Margin  found OK</b> <br />
<b>Maintenance Margin  found OK</b> <br />
<b>Document Fee Margin  found OK</b> <br />
<b>Refferer Margin  found OK</b> <br />
<b>*************Editing Finance Margin and Verifying Values on quote summary page has been started************</b> <br />
<b>Finance margin changed to 10000</b> <br />
<b>Monthly Finance Rental after changing finance margin -  found OK</b> <br />
<b>Initial Finance Rental found OK</b> <br />
<b>*************Editing Maintenance Margin and Verifying Values on quote summary page has been started************</b> <br />
<b>Maintenance margin changed to 30 %</b> <br />
<b>Monthly Maint Rental after changing Maintenance margin -  found OK</b> <br />
<b>Initial Maint Rental found OK</b> <br />]]>
  </system-out>
</testsuite> <!-- usedCar.CP.Acquisition_Quotes_CP_PCH_used_car_with_funder_quote_addition_with_maintenance_Test -->
