<?xml version="1.0" encoding="UTF-8"?>
<!-- Generated by org.testng.reporters.JUnitReportReporter -->
<testsuite hostname="DSK-4052" failures="1" tests="7" name="newLCV.CP.Acquisition_Quotes_CP_CP_LCV_without_maintenance_Test" time="246.890" errors="0" timestamp="2023-07-04T11:54:30 IST" skipped="1">
  <testcase classname="newLCV.CP.Acquisition_Quotes_CP_CP_LCV_without_maintenance_Test" name="aquisition_quotes_CP_CP_OTR_calculation_without_maintenance_test" time="52.664"/>
  <system-out>
    <![CDATA[<b>Clicked on Quote button </b> <br />
<b>Manufacture =FIAT has been selected</b> <br />
<b>Model range =FIORINO has been selected</b> <br />
<b>Vehicle has been selected</b> <br />
<b>Paint option has been selected</b> <br />
<b>Interior option has been selected</b> <br />
<b> Acquisition Contract type option = Contract Purchase (CP) has been selected</b> <br />
<b> Customer Contract type option = Contract Purchase (CP) has been selected</b> <br />
<b>Getting Basic Price- Vehicle value is  =16745.00</b> <br />
<b>Getting Basic Price - Paint  value is  =0.00</b> <br />
<b>Getting  Basic Price - Options value is   =0.00</b> <br />
<b>Getting Discount- Vehicle value is  =0.00</b> <br />
<b>Getting   Discount - Paint value is   =0.00</b> <br />
<b>Getting  Discount- Options value is   =0.00</b> <br />
<b>Getting Additional Discount- Vehicle value is  =0.00</b> <br />
<b>Getting  Additional Discount - paint value is  =0.00</b> <br />
<b>Getting  Additional Discount - Options value is  =0.00</b> <br />
<b>Writing OTR table values to excel sheet -Started </b> <br />
<b>Writing OTR table values to excel sheet -Completed </b> <br />
<b>Reading Subtotal After Discount from excel sheet -Started </b> <br />
<b>Reading Subtotal After Discount from excel sheet -Started </b> <br />
<b>Subtotal After Discount from excel sheet is =16745.0</b> <br />
<b>Subtotal after discount actual value from screen =Â£ 16,745.00</b> <br />]]>
  </system-out>
  <testcase classname="newLCV.CP.Acquisition_Quotes_CP_CP_LCV_without_maintenance_Test" name="aquisition_quotes_CP_CP_after_discount_calculations_without_maintenance_test" time="4.709"/>
  <system-out>
    <![CDATA[<b>*********Calculations for On Road Price has been started***********</b> <br />
<b>Started getting On screen values from after discount table </b> <br />
<b>Manufacture_delivery_charges =695.00</b> <br />
<b>Road_tax_first_year =275.00</b> <br />
<b>First_registration_fee =55.00</b> <br />
<b>Rebate =0.00</b> <br />
<b>Writing After discount values to excel has been started</b> <br />
<b>Writing After discount values to excel has been completed</b> <br />
<b>Reading On Road Price for invoice from excel has been Started</b> <br />
<b>Reading On Road Price for invoice from excel has been completed</b> <br />
<b>Expected on the road price from excel is =21258.0</b> <br />
<b>Actual on the road price from screen is =21258.00</b> <br />]]>
  </system-out>
  <testcase classname="newLCV.CP.Acquisition_Quotes_CP_CP_LCV_without_maintenance_Test" name="aquisition_quotes_CP_CP_holding_cost_calculations_without_maintenance_test" time="33.110"/>
  <system-out>
    <![CDATA[<b>***********Entered in holding cost page ***********</b> <br />
<b>Clicked on holding cost summary</b> <br />
<b></b> <br />
<b>Verifying Holding Cost Based on CAP data</b> <br />
<b>Getting on screen values from Holding Cost Page</b> <br />
<b>Duration(Terms) =36.0</b> <br />
<b>Annual_mileage =10000.0</b> <br />
<b>Cap_residual_value_from_screen =6125.0</b> <br />
<b>Writing Holding Cost Summary values to excel has been started</b> <br />
<b>Writing Holding Cost Summary values to excel has been completed</b> <br />
<b>Reading Monthly Holding Cost value from excel has been started</b> <br />
<b>Reading Monthly Holding Cost value from excel has been completed</b> <br />
<b>Total_monthly_holding_cost_from_screen =390.92</b> <br />
<b>Total_monthly_holding_cost_from_excel =390.91734709789023</b> <br />
<b>Total Monthly Holding Cost based on CAP data is Verified and Found OK</b> <br />
<b></b> <br />
<b>Editing % CAP Residual Value used</b> <br />
<b>Changing % CAP Residual Value (from test  data) to 60</b> <br />
<b>Writing Holding Cost Summary values to excel has been started</b> <br />
<b>Writing Holding Cost Summary values to excel has been completed</b> <br />
<b>Reading Monthly Holding Cost value from excel has been started</b> <br />
<b>Reading Monthly Holding Cost value from excel has been completed</b> <br />
<b>Total_monthly_holding_cost_from_screen =452.40</b> <br />
<b>Total_monthly_holding_cost_from_excel =452.40352070496994</b> <br />
<b>Total Monthly Holding Cost After Editing % Residual Value is Verified and Found OK</b> <br />
<b></b> <br />
<b>Editing Residual value used</b> <br />
<b>Changing Residual value used to =20000</b> <br />
<b>Writing Holding Cost Summary values to excel has been started</b> <br />
<b>Writing Holding Cost Summary values to excel has been completed</b> <br />
<b>Reading Monthly Holding Cost value from excel has been started</b> <br />
<b>Reading Monthly Holding Cost value from excel has been completed</b> <br />
<b>Total_monthly_holding_cost_from_screen =42.70</b> <br />
<b>Total_monthly_holding_cost_from_excel =42.70483330270339</b> <br />
<b>Total Monthly Holding Cost After Editing Residual Value is Verified and Found OK</b> <br />
<b></b> <br />
<b>Editing additional terms and mileage</b> <br />
<b>Updated Residual Value from screen  (to be sent to calculation excel) is =2625.00</b> <br />
<b>Writing Holding Cost Summary values to excel has been started</b> <br />
<b>Writing Holding Cost Summary values to excel has been completed</b> <br />
<b>Reading Monthly Holding Cost value from excel has been started</b> <br />
<b>Reading Monthly Holding Cost value from excel has been completed</b> <br />
<b>Total_monthly_holding_cost_from_screen =490.78</b> <br />
<b>Total_monthly_holding_cost_from_excel =490.7814614044621</b> <br />
<b>Total Monthly Holding Cost After Editing Additional terms and mileage is Verified and Found OK</b> <br />]]>
  </system-out>
  <testcase classname="newLCV.CP.Acquisition_Quotes_CP_CP_LCV_without_maintenance_Test" name="aquisition_quotes_CP_CP_customer_quote_calculations_check_monthly_finance_payment_without_maintenance_test" time="79.577"/>
  <system-out>
    <![CDATA[<b>***********Entered in Customer Quote page ***********</b> <br />
<b>Matrix credit type Limited Credit has been selected</b> <br />
<b>Writing configuration values from property file to Excel for customer quote calculation -started</b> <br />
<b>Writing configuration values from property file to Excel for customer quote calculation -completed</b> <br />
<b>Actual Monthly Finance Payment from screen is 682.45</b> <br />
<b>Writing screen values to Excel for customer quote calculation -started</b> <br />
<b>Writing screen values to Excel for customer quote calculation -completed</b> <br />
<b>Expected Monthly Finannce Rental from excel is 682.4463719905735</b> <br />
<b></b> <br />
<b>Started Verifying Sales price discount not to be greater than cost price discount</b> <br />
<b>Sales discount price entered greater than Cost discount prices and verified that sales discount input field doesn't accept greater values than cost discount prices</b> <br />
<b></b> <br />
<b>Started Updating Sales price discount</b> <br />
<b>Actual Sales Total Price from screen (on updating sales discount prices) is 21258.0</b> <br />
<b>Expected Sales Total Price from excel (on updating sales discount prices) is 21258.0</b> <br />
<b>Actual Vehicle Profit from screen (on updating sales discount prices) is 0.0</b> <br />
<b>Expected Vehicle Profit from excel (on updating sales discount prices) is 0.0</b> <br />
<b>Actual Monthly Finance Payment from screen is 682.45</b> <br />
<b>Expected Monthly Finance Payment from excel is 682.4463719905735</b> <br />
<b>1. Sales Total Price , 2.Vehicel Profit , 3.Monthly Finance Rental , Verified on updating sales discount and found OK</b> <br />]]>
  </system-out>
  <testcase classname="newLCV.CP.Acquisition_Quotes_CP_CP_LCV_without_maintenance_Test" name="aquisition_quotes_CP_CP_customer_quote_vehicle_profit_edit_check_without_maintenance_test" time="40.945"/>
  <system-out>
    <![CDATA[<b></b> <br />
<b>Actual Monthly Finance Payment after editing vehicle profit = 725.23</b> <br />
<b>Expected  Monthly Finance Payment after editing vehicle profit = 725.2311351994117</b> <br />
<b></b> <br />
<b>Monthly Finance Payment verified after editing vehicle profit</b> <br />
<b></b> <br />
<b>Verifying Vehicle profit and Total Monthly Payment on editing Vehicle Sales Price</b> <br />
<b>Sending 25509.6 to sales total input field</b> <br />
<b></b> <br />
<b>Vehicle Profit Expected is 3542.999999999999</b> <br />
<b>Vehicle Profit Actual is 3543.0</b> <br />
<b></b> <br />
<b>Monthly Total Payment Expected is 834.0327880394824</b> <br />
<b>Monthly Total Payment Actual is 834.03</b> <br />
<b></b> <br />
<b>Vehicle profit and Total Monthly Payment verified on editing Vehicle Sales Price</b> <br />]]>
  </system-out>
  <testcase classname="newLCV.CP.Acquisition_Quotes_CP_CP_LCV_without_maintenance_Test" name="aquisition_quotes_CP_CP_customer_quote_part_exchange_value_edit_check_without_maintenance_test" time="35.885">
    <failure message="expected [true] but found [false]" type="java.lang.AssertionError">
      <![CDATA[java.lang.AssertionError: expected [true] but found [false]
at org.testng.Assert.fail(Assert.java:99)
at org.testng.Assert.failNotEquals(Assert.java:1037)
at org.testng.Assert.assertTrue(Assert.java:45)
at org.testng.Assert.assertTrue(Assert.java:55)
at newLCV.CP.Acquisition_Quotes_CP_CP_LCV_without_maintenance_Test.aquisition_quotes_CP_CP_customer_quote_part_exchange_value_edit_check_without_maintenance_test(Acquisition_Quotes_CP_CP_LCV_without_maintenance_Test.java:166)
at java.base/jdk.internal.reflect.DirectMethodHandleAccessor.invoke(DirectMethodHandleAccessor.java:104)
at java.base/java.lang.reflect.Method.invoke(Method.java:578)
at org.testng.internal.MethodInvocationHelper.invokeMethod(MethodInvocationHelper.java:133)
at org.testng.internal.TestInvoker.invokeMethod(TestInvoker.java:598)
at org.testng.internal.TestInvoker.invokeTestMethod(TestInvoker.java:173)
at org.testng.internal.MethodRunner.runInSequence(MethodRunner.java:46)
at org.testng.internal.TestInvoker$MethodInvocationAgent.invoke(TestInvoker.java:824)
at org.testng.internal.TestInvoker.invokeTestMethods(TestInvoker.java:146)
at org.testng.internal.TestMethodWorker.invokeTestMethods(TestMethodWorker.java:146)
at org.testng.internal.TestMethodWorker.run(TestMethodWorker.java:128)
at java.base/java.util.ArrayList.forEach(ArrayList.java:1511)
at org.testng.TestRunner.privateRun(TestRunner.java:794)
at org.testng.TestRunner.run(TestRunner.java:596)
at org.testng.SuiteRunner.runTest(SuiteRunner.java:377)
at org.testng.SuiteRunner.runSequentially(SuiteRunner.java:371)
at org.testng.SuiteRunner.privateRun(SuiteRunner.java:332)
at org.testng.SuiteRunner.run(SuiteRunner.java:276)
at org.testng.SuiteRunnerWorker.runSuite(SuiteRunnerWorker.java:53)
at org.testng.SuiteRunnerWorker.run(SuiteRunnerWorker.java:96)
at org.testng.TestNG.runSuitesSequentially(TestNG.java:1212)
at org.testng.TestNG.runSuitesLocally(TestNG.java:1134)
at org.testng.TestNG.runSuites(TestNG.java:1063)
at org.testng.TestNG.run(TestNG.java:1031)
at org.testng.remote.AbstractRemoteTestNG.run(AbstractRemoteTestNG.java:115)
at org.testng.remote.RemoteTestNG.initAndRun(RemoteTestNG.java:251)
at org.testng.remote.RemoteTestNG.main(RemoteTestNG.java:77)
]]>
    </failure>
  </testcase> <!-- aquisition_quotes_CP_CP_customer_quote_part_exchange_value_edit_check_without_maintenance_test -->
  <system-out>
    <![CDATA[<b>Clicked on Part Exchange panel</b> <br />
<b></b> <br />
<b>Balance To Finance Expected is 23009.6</b> <br />
<b>Balance To Finance Actual is 23009.6</b> <br />
<b></b> <br />
<b>Monthly Finance Payment Expected is 744.8978646877382</b> <br />
<b>Monthly Finance Payment Actual is 757.48</b> <br />
<b></b> <br />
<br>----------Screenshot---------<br>
<img src="D:\Acquisition\AMT_Automation_Acquisition\target\surefire-reports\html\failure_screenshots\aquisition_quotes_CP_CP_customer_quote_part_exchange_value_edit_check_without_maintenance_test_04_07_2023_11_54_30.png" height="800" width="1000">]]>
  </system-out>
  <testcase classname="newLCV.CP.Acquisition_Quotes_CP_CP_LCV_without_maintenance_Test" name="aquisition_quotes_CP_CP_quote_summary_values_verification_without_maintenance_test" time="0.000">
    <skipped/>
  </testcase> <!-- aquisition_quotes_CP_CP_quote_summary_values_verification_without_maintenance_test -->
  <system-out/>
</testsuite> <!-- newLCV.CP.Acquisition_Quotes_CP_CP_LCV_without_maintenance_Test -->
