<?xml version="1.0" encoding="UTF-8"?>
<!-- Generated by org.testng.reporters.JUnitReportReporter -->
<testsuite hostname="DSK-4052" failures="1" tests="2" name="newCar.HPNR.Acquisition_Quotes_HPNR_BCH_edit_flow_with_maintenance_Test" time="168.000" errors="0" timestamp="2023-07-21T14:06:52 IST" skipped="0">
  <testcase classname="newCar.HPNR.Acquisition_Quotes_HPNR_BCH_edit_flow_with_maintenance_Test" name="open_saved_quote_and_edit_road_tax_for_first_year" time="87.111"/>
  <system-out>
    <![CDATA[<b></b> <br />
<b>Sending Road tax for first year 1100 from test data to sceen</b> <br />]]>
  </system-out>
  <testcase classname="newCar.HPNR.Acquisition_Quotes_HPNR_BCH_edit_flow_with_maintenance_Test" name="open_quote_summary_and_verify_values_after_editing_road_tax_for_first_year" time="80.889">
    <failure message="expected [true] but found [false]" type="java.lang.AssertionError">
      <![CDATA[java.lang.AssertionError: expected [true] but found [false]
at org.testng.Assert.fail(Assert.java:99)
at org.testng.Assert.failNotEquals(Assert.java:1037)
at org.testng.Assert.assertTrue(Assert.java:45)
at org.testng.Assert.assertTrue(Assert.java:55)
at newCar.HPNR.Acquisition_Quotes_HPNR_BCH_edit_flow_with_maintenance_Test.open_quote_summary_and_verify_values_after_editing_road_tax_for_first_year(Acquisition_Quotes_HPNR_BCH_edit_flow_with_maintenance_Test.java:289)
at java.base/jdk.internal.reflect.DirectMethodHandleAccessor.invoke(DirectMethodHandleAccessor.java:104)
at java.base/java.lang.reflect.Method.invoke(Method.java:578)
at org.testng.internal.MethodInvocationHelper.invokeMethod(MethodInvocationHelper.java:133)
at org.testng.internal.TestInvoker.invokeMethod(TestInvoker.java:598)
at org.testng.internal.TestInvoker.invokeTestMethod(TestInvoker.java:173)
at org.testng.internal.MethodRunner.runInSequence(MethodRunner.java:46)
at org.testng.internal.TestInvoker$MethodInvocationAgent.invoke(TestInvoker.java:824)
at org.testng.internal.TestInvoker.invokeTestMethods(TestInvoker.java:146)
at org.testng.internal.TestMethodWorker.invokeTestMethods(TestMethodWorker.java:146)
at org.testng.internal.TestMethodWorker.run(TestMethodWorker.java:128)
at java.base/java.util.ArrayList.forEach(ArrayList.java:1511)
at org.testng.TestRunner.privateRun(TestRunner.java:794)
at org.testng.TestRunner.run(TestRunner.java:596)
at org.testng.SuiteRunner.runTest(SuiteRunner.java:377)
at org.testng.SuiteRunner.runSequentially(SuiteRunner.java:371)
at org.testng.SuiteRunner.privateRun(SuiteRunner.java:332)
at org.testng.SuiteRunner.run(SuiteRunner.java:276)
at org.testng.SuiteRunnerWorker.runSuite(SuiteRunnerWorker.java:53)
at org.testng.SuiteRunnerWorker.run(SuiteRunnerWorker.java:96)
at org.testng.TestNG.runSuitesSequentially(TestNG.java:1212)
at org.testng.TestNG.runSuitesLocally(TestNG.java:1134)
at org.testng.TestNG.runSuites(TestNG.java:1063)
at org.testng.TestNG.run(TestNG.java:1031)
at org.testng.remote.AbstractRemoteTestNG.run(AbstractRemoteTestNG.java:115)
at org.testng.remote.RemoteTestNG.initAndRun(RemoteTestNG.java:251)
at org.testng.remote.RemoteTestNG.main(RemoteTestNG.java:77)
]]>
    </failure>
  </testcase> <!-- open_quote_summary_and_verify_values_after_editing_road_tax_for_first_year -->
  <system-out>
    <![CDATA[<b>*************OTR Calulation on quote summary page has been started************</b> <br />
<b>Reading values from OTR calculation -Quote Summary Page</b> <br />
<b></b> <br />
<b>Cost otr price from screen is 59040.0</b> <br />
<b>Cost price ex vat and rfl from screen is 48237.5</b> <br />
<b>Otr Vat from screen is 9647.5</b> <br />
<b>Otr rfl and frf from screen is 1155.0</b> <br />
<b></b> <br />
<b>Cost otr price from excel is 59040.0</b> <br />
<b>Cost price ex vat and rfl from excel is 48237.5</b> <br />
<b>Otr Vat from excel is 9647.5</b> <br />
<b>Otr rfl and frf from excel is 1155.0</b> <br />
<b></b> <br />
<b>OTR price compared</b> <br />
<b>Cost price ex vat and rfl compared</b> <br />
<b>VAT compared</b> <br />
<b>RFL & FRF compared</b> <br />
<b>*************Holding Cost Calulation on quote summary page has been started************</b> <br />
<b>Reading values from Holding Cost summary -Quote Summary Page</b> <br />
<b></b> <br />
<b>Holding cost Terms from screen35.0</b> <br />
<b>Holding cost miles per annum from screen is 35000.0</b> <br />
<b>Holding cost monthly finance cost from screen is 1153.28</b> <br />
<b>Holding cost monthly maint cost used from screen is 66.99</b> <br />
<b>Holding cost total monthly holding cost from screen is 1220.27</b> <br />
<b></b> <br />
<b>Holding cost Terms from excel is 35.0</b> <br />
<b>Holding cost miles per annum from excel is 35000.0</b> <br />
<b>Holding cost monthly finance cost from excel is 1153.2792430598543</b> <br />
<b>Holding cost monthly maint cost used from excel is 66.99</b> <br />
<b>Holding cost total monthly holding cost from excel is 1220.2692430598543</b> <br />
<b>terms compared</b> <br />
<b>Miles per annum compared</b> <br />
<b>Finance cost compared</b> <br />
<b>Maint cost used  compared</b> <br />
<b>Total Monthly Holding Cost compared</b> <br />
<b></b> <br />
<b>********Balance Due value started verifying**********</b> <br />
<b>Balance due value Actual from screen is -2760.01</b> <br />
<b></b> <br />
<b>Balance due value Expected from Excel is -2760.0119999999997</b> <br />
<b></b> <br />
<b>Balance due value (with part exchange values) is verified and found ok</b> <br />
<b>*************Customer Quote Calulation on quote summary page has been started************</b> <br />
<b>Terms found OK</b> <br />
<b>miles found OK</b> <br />
<b>Monthly Finance Rental found OK</b> <br />
<b>Monthly Maintenance Rental found OK</b> <br />
<b>Initial Finance Rental found OK</b> <br />
<b>Initial Maint Rental found OK</b> <br />
<b>Initial Total Rental found OK</b> <br />
<b>Part Exchange Value - found OK</b> <br />
<b>Followed By months - found OK</b> <br />
<b>Pence per excess mile finance - found OK</b> <br />
<b>Pence per excess mile Maintenance - found OK</b> <br />
<b>Pence per excess mile total - found OK</b> <br />
<b>Document Fee - found OK</b> <br />
<b>Upsell - found OK</b> <br />
<b>Default Finance Commission - found OK</b> <br />
<b>Upsell Commission - found OK</b> <br />
<b>Maintenance Commission - found OK</b> <br />
<b>Document Fee Commission - found OK</b> <br />
<b>Total Commission - found OK</b> <br />
<b>Referrer Commission - found OK</b> <br />
<b>*************Configuration Values Verification on quote summary page has been started************</b> <br />
<b>Base Interest Rate found wrong</b> <br />
<b>Finance Margin found OK</b> <br />
<b>Deductions found OK</b> <br />
<b>Additional Margin found OK</b> <br />
<b>Total Margin found OK</b> <br />
<b>Default Broker Margin percentage found OK</b> <br />
<b>Broker Upsell Margin percentage found OK</b> <br />
<b>Broker Upsell Margin  found OK</b> <br />
<b>Maintenance Margin  found OK</b> <br />
<b>Document Fee Margin  found OK</b> <br />
<b>Refferer Margin  found OK</b> <br />
<br>----------Screenshot---------<br>
<img src="D:\Acquisition\AMT_Automation_Acquisition\target\surefire-reports\html\failure_screenshots\open_quote_summary_and_verify_values_after_editing_road_tax_for_first_year_21_07_2023_02_06_52.png" height="800" width="1000">]]>
  </system-out>
</testsuite> <!-- newCar.HPNR.Acquisition_Quotes_HPNR_BCH_edit_flow_with_maintenance_Test -->
