<?xml version="1.0" encoding="UTF-8"?>
<!-- Generated by org.testng.reporters.JUnitReportReporter -->
<testsuite hostname="DSK-4052" failures="0" tests="5" name="newLCV.OP.Acquisition_Quotes_OP_OP_LCV_Test" time="101.658" errors="0" timestamp="2023-12-22T03:24:24 IST" skipped="0">
  <testcase classname="newLCV.OP.Acquisition_Quotes_OP_OP_LCV_Test" name="aquisition_quotes_OP_OP_OTR_calculation_test" time="71.237"/>
  <system-out>
    <![CDATA[<b>Clicked on Quote button </b> <br />
<b>Manufacture =FIAT has been selected</b> <br />
<b>Model range =FIORINO has been selected</b> <br />
<b>Vehicle has been selected</b> <br />
<b>Paint option has been selected</b> <br />
<b>Interior option has been selected</b> <br />
<b> Acquisition Contract type option = Outright Purchase has been selected</b> <br />
<b> Customer Contract type option = Outright Purchase has been selected</b> <br />
<b>Getting Basic Price- Vehicle value is  =16745.00</b> <br />
<b>Getting Basic Price - Paint  value is  =0.00</b> <br />
<b>Getting  Basic Price - Options value is   =0.00</b> <br />
<b>Getting Discount- Vehicle value is  =0.00</b> <br />
<b>Getting   Discount - Paint value is   =0.00</b> <br />
<b>Getting  Discount- Options value is   =0.00</b> <br />
<b>Getting Additional Discount- Vehicle value is  =0.00</b> <br />
<b>Getting  Additional Discount - paint value is  =0.00</b> <br />
<b>Getting  Additional Discount - Options value is  =0.00</b> <br />
<b>Writing OTR table values to excel sheet -Started </b> <br />
<b>Writing OTR table values to excel sheet -Completed </b> <br />
<b>Reading Subtotal After Discount from excel sheet -Started </b> <br />
<b>Reading Subtotal After Discount from excel sheet -Started </b> <br />
<b>Subtotal After Discount from excel sheet is =16745.0</b> <br />
<b>Subtotal after discount actual value from screen =Â£ 16,745.00</b> <br />]]>
  </system-out>
  <testcase classname="newLCV.OP.Acquisition_Quotes_OP_OP_LCV_Test" name="aquisition_quotes_OP_OP_after_discount_calculations_test" time="4.585"/>
  <system-out>
    <![CDATA[<b>*********Calculations for On Road Price has been started***********</b> <br />
<b>Started getting On screen values from after discount table </b> <br />
<b>Manufacture_delivery_charges =695.00</b> <br />
<b>Road_tax_first_year =275.00</b> <br />
<b>First_registration_fee =65.00</b> <br />
<b>Rebate =0.00</b> <br />
<b>Writing After discount values to excel has been started</b> <br />
<b>Writing After discount values to excel has been completed</b> <br />
<b>Reading On Road Price for invoice from excel has been Started</b> <br />
<b>Reading On Road Price for invoice from excel has been completed</b> <br />
<b>Expected on the road price from excel is =21268.0</b> <br />
<b>Actual on the road price from screen is =21268.00</b> <br />]]>
  </system-out>
  <testcase classname="newLCV.OP.Acquisition_Quotes_OP_OP_LCV_Test" name="aquisition_quotes_OP_OP_customer_quote_vehicle_profit_edit_test" time="4.132"/>
  <system-out>
    <![CDATA[<b>***********Entered in Customer Quote page ***********</b> <br />
<b>Vehicle profit 1000.0 added to OTR price 21268.0and sales price updated is 22468.0 i.e. true</b> <br />]]>
  </system-out>
  <testcase classname="newLCV.OP.Acquisition_Quotes_OP_OP_LCV_Test" name="aquisition_quotes_OP_OP_customer_quote_part_exchange_value_edit_test" time="14.395"/>
  <system-out>
    <![CDATA[<b>Pending Amount from screen 21207.99 Verified Successfully with applied formula 21207.988 i.e. true</b> <br />]]>
  </system-out>
  <testcase classname="newLCV.OP.Acquisition_Quotes_OP_OP_LCV_Test" name="aquisition_quotes_OP_OP_quote_summary_values_verification_with_maintenance_test" time="7.309"/>
  <system-out>
    <![CDATA[<b>*************OTR Calulation on quote summary page has been started************</b> <br />
<b>Reading values from OTR calculation -Quote Summary Page</b> <br />
<b>Cost otr price from screen =21268.0</b> <br />
<b>Cost price ex vat and rfl from screen =17440.0</b> <br />
<b>OTR vat from screen =3488.0</b> <br />
<b>Cost price compared</b> <br />]]>
  </system-out>
</testsuite> <!-- newLCV.OP.Acquisition_Quotes_OP_OP_LCV_Test -->
