<?xml version="1.0" encoding="UTF-8"?>
<!-- Generated by org.testng.reporters.JUnitReportReporter -->
<testsuite hostname="DSK-951" failures="0" tests="2" name="com.amt.test.HPNR.Acquisition_Quotes_HPNR_BCH_used_car_with_maintenance_Test" time="42.273" errors="0" timestamp="2023-01-20T15:26:57 IST" skipped="0">
  <testcase classname="com.amt.test.HPNR.Acquisition_Quotes_HPNR_BCH_used_car_with_maintenance_Test" name="aquisition_quotes_HPNR_BCH_used_car_OTR_calculation_with_maintenance_test" time="37.085"/>
  <system-out>
    <![CDATA[<b>Clicked on Quote button </b> <br />
<b>Selecting used vehicle with registration no. = GY19XAG and mileage = 1000</b> <br />
<b>Vehicle selected</b> <br />
<b>Paint option has been selected</b> <br />
<b>Interior option has been selected</b> <br />
<b> Acquisition Contract type option = HPNR has been selected</b> <br />
<b> Customer Contract type option = Business Contract Hire(BCH) has been selected</b> <br />
<b>Cost Price ex VAT and RFL from screen is 24458.33</b> <br />
<b>VAT from screen is 4891.67</b> <br />
<b>RFL AND FRF from screen is 165.0</b> <br />
<b>Cost Price ex VAT and RFL calculated is 24458.33</b> <br />
<b>Cost Price ex VAT and RFL verified and found OK</b> <br />]]>
  </system-out>
  <testcase classname="com.amt.test.HPNR.Acquisition_Quotes_HPNR_BCH_used_car_with_maintenance_Test" name="aquisition_quotes_HPNR_BCH_used_car_edit_cost_price_and_check_OTR_with_maintenance_test" time="5.188"/>
  <system-out>
    <![CDATA[<b>Putting vehicle cost price from test data = 60000</b> <br />
<b>Putting RFL from test data = 1000</b> <br />
<b>Reading values from screen after editing Vehicle cost price</b> <br />
<b>Cost Price ex VAT and RFL from screen is 60000.0</b> <br />
<b>VAT from screen is 12000.0</b> <br />
<b>RFL AND FRF from screen is 1000.0</b> <br />
<b>Cost Price ex VAT and RFL calculated is 60000.0</b> <br />
<b>Cost Price ex VAT and RFL verified and found OK</b> <br />]]>
  </system-out>
</testsuite> <!-- com.amt.test.HPNR.Acquisition_Quotes_HPNR_BCH_used_car_with_maintenance_Test -->
