<?xml version="1.0" encoding="UTF-8"?>
<!-- Generated by org.testng.reporters.JUnitReportReporter -->
<testsuite hostname="DSK-951" failures="0" tests="5" name="com.amt.test.HPNR.Acquisition_Quotes_HPNR_BCH_without_maintenance_Test" time="190.440" errors="1" timestamp="2023-03-01T15:34:25 IST" skipped="0">
  <testcase classname="com.amt.test.HPNR.Acquisition_Quotes_HPNR_BCH_without_maintenance_Test" name="aquisition_quotes_HPNR_BCH_OTR_calculation_without_maintenance_test" time="61.538"/>
  <system-out>
    <![CDATA[<b>Clicked on Quote button </b> <br />
<b>Manufacture =AUDI has been selected</b> <br />
<b>Model range =A7 has been selected</b> <br />
<b>Vehicle has been selected</b> <br />
<b>Paint option has been selected</b> <br />
<b>Interior option has been selected</b> <br />
<b> Acquisition Contract type option = HPNR has been selected</b> <br />
<b> Customer Contract type option = Business Contract Hire(BCH) has been selected</b> <br />
<b>Getting Basic Price- Vehicle value is  =46854.17</b> <br />
<b>Getting Basic Price - Paint  value is  =0.00</b> <br />
<b>Getting  Basic Price - Options value is   =833.33</b> <br />
<b>Getting Discount- Vehicle value is  =40.00</b> <br />
<b>Getting   Discount - Paint value is   =0.00</b> <br />
<b>Getting  Discount- Options value is   =40.00</b> <br />
<b>Getting Additional Discount- Vehicle value is  =40.00</b> <br />
<b>Getting  Additional Discount - paint value is  =0.00</b> <br />
<b>Getting  Additional Discount - Options value is  =70.00</b> <br />
<b>Writing OTR table values to excel sheet -Started </b> <br />
<b>Writing OTR table values to excel sheet -Completed </b> <br />
<b>Reading Subtotal After Discount from excel sheet -Started </b> <br />
<b>Reading Subtotal After Discount from excel sheet -Started </b> <br />
<b>Subtotal After Discount from excel sheet is =28502.499999999996</b> <br />
<b>Subtotal after discount actual value from screen =Â£ 28,502.50</b> <br />]]>
  </system-out>
  <testcase classname="com.amt.test.HPNR.Acquisition_Quotes_HPNR_BCH_without_maintenance_Test" name="aquisition_quotes_HPNR_BCH_after_discount_calculations_without_maintenance_test" time="2.848"/>
  <system-out>
    <![CDATA[<b>*********Calculations for On Road Price has been started***********</b> <br />
<b>Started getting On screen values from after discount table </b> <br />
<b>Manufacture_delivery_charges =550.0</b> <br />
<b>Road_tax_first_year =585.0</b> <br />
<b>First_registration_fee =55.0</b> <br />
<b>Rebate =0.0</b> <br />
<b>Writing After discount values to excel has been started</b> <br />
<b>Writing After discount values to excel has been completed</b> <br />
<b>Reading On Road Price for invoice from excel has been Started</b> <br />
<b>Reading On Road Price for invoice from excel has been completed</b> <br />
<b>Expected on the road price from excel is =35503.0</b> <br />
<b>Actual on the road price from screen is =35503.00</b> <br />]]>
  </system-out>
  <testcase classname="com.amt.test.HPNR.Acquisition_Quotes_HPNR_BCH_without_maintenance_Test" name="aquisition_quotes_HPNR_BCH_other_support_check_without_maintenance_test" time="15.799"/>
  <system-out>
    <![CDATA[<b>Verification of OTR price for calculation after adding other support value has been started</b> <br />
<b>Writing other support value to Excel has been started</b> <br />
<b>Writing other support value to Excel has been ended</b> <br />
<b>OTR price for calculation after adding other support found OK</b> <br />
<b>Verification of OTR price for calculation after adding other support value has been ended</b> <br />]]>
  </system-out>
  <testcase classname="com.amt.test.HPNR.Acquisition_Quotes_HPNR_BCH_without_maintenance_Test" name="aquisition_quotes_HPNR_BCH_holding_cost_calculations_without_maintenance_test" time="42.785"/>
  <system-out>
    <![CDATA[<b>***********Entered in holding cost page ***********</b> <br />
<b>Clicked on holding cost summary</b> <br />
<b></b> <br />
<b>Verifying Holding Cost Based on CAP data</b> <br />
<b>Getting on screen values from Holding Cost Page</b> <br />
<b>Duration(Terms) =36.0</b> <br />
<b>Annual_mileage =10000.0</b> <br />
<b>Cap_residual_value_from_screen =27500.0</b> <br />
<b>Writing Holding Cost Summary values to excel has been started</b> <br />
<b>Writing Holding Cost Summary values to excel has been completed</b> <br />
<b>Reading Monthly Holding Cost value from excel has been started</b> <br />
<b>Reading Monthly Holding Cost value from excel has been completed</b> <br />
<b>Total_monthly_holding_cost_from_screen =331.85</b> <br />
<b>Total_monthly_holding_cost_from_excel =331.8548440875322</b> <br />
<b>Total Monthly Holding Cost based on CAP data is Verified and Found OK</b> <br />
<b></b> <br />
<b>Editing % CAP Residual Value used</b> <br />
<b>Changing % CAP Residual Value (from test  data) to 100</b> <br />
<b>Writing Holding Cost Summary values to excel has been started</b> <br />
<b>Writing Holding Cost Summary values to excel has been completed</b> <br />
<b>Reading Monthly Holding Cost value from excel has been started</b> <br />
<b>Reading Monthly Holding Cost value from excel has been completed</b> <br />
<b>Total_monthly_holding_cost_from_screen =331.85</b> <br />
<b>Total_monthly_holding_cost_from_excel =331.8548440875322</b> <br />
<b>Total Monthly Holding Cost After Editing % Residual Value is Verified and Found OK</b> <br />
<b></b> <br />
<b>Editing Residual value used</b> <br />
<b>Changing Residual value used to =20000</b> <br />
<b>Writing Holding Cost Summary values to excel has been started</b> <br />
<b>Writing Holding Cost Summary values to excel has been completed</b> <br />
<b>Reading Monthly Holding Cost value from excel has been started</b> <br />
<b>Reading Monthly Holding Cost value from excel has been completed</b> <br />
<b>Total_monthly_holding_cost_from_screen =488.71</b> <br />
<b>Total_monthly_holding_cost_from_excel =488.70732777905874</b> <br />
<b>Total Monthly Holding Cost After Editing Residual Value is Verified and Found OK</b> <br />
<b></b> <br />
<b>Editing additional terms and mileage</b> <br />
<b>Updated Residual Value from screen  (to be sent to calculation excel) is =18000.00</b> <br />
<b>Writing Holding Cost Summary values to excel has been started</b> <br />
<b>Writing Holding Cost Summary values to excel has been completed</b> <br />
<b>Reading Monthly Holding Cost value from excel has been started</b> <br />
<b>Reading Monthly Holding Cost value from excel has been completed</b> <br />
<b>Total_monthly_holding_cost_from_screen =542.18</b> <br />
<b>Total_monthly_holding_cost_from_excel =542.1759400804729</b> <br />
<b>Total Monthly Holding Cost After Editing Additional terms and mileage is Verified and Found OK</b> <br />]]>
  </system-out>
  <testcase classname="com.amt.test.HPNR.Acquisition_Quotes_HPNR_BCH_without_maintenance_Test" name="aquisition_quotes_HPNR_BCH_customer_quote_payment_profile_calculations_without_maintenance_test" time="67.470">
    <error message="Expected condition failed: waiting for visibility of Proxy element for: DefaultElementLocator &#039;By.xpath: //*[@id=&quot;headingCustomerQuote&quot;]/div[2]/app-hire-customer-quote-summary-header/div/div[5]/div/p/strong&#039; (tried for 30 second(s) with 500 milliseconds interval)" type="org.openqa.selenium.TimeoutException">
      <![CDATA[org.openqa.selenium.TimeoutException: Expected condition failed: waiting for visibility of Proxy element for: DefaultElementLocator 'By.xpath: //*[@id="headingCustomerQuote"]/div[2]/app-hire-customer-quote-summary-header/div/div[5]/div/p/strong' (tried for 30 second(s) with 500 milliseconds interval)
at org.openqa.selenium.support.ui.WebDriverWait.timeoutException(WebDriverWait.java:138)
at org.openqa.selenium.support.ui.FluentWait.until(FluentWait.java:231)
at com.amt.testUtil.ExplicitWait.visibleElement(ExplicitWait.java:23)
at com.amt.CustomerQuotePackage.CustomerQuotePage_HPNR_BCHPage.check_monthly_payments_on_updating_customer_quote_summary_upsell_value_with_maintenance(CustomerQuotePage_HPNR_BCHPage.java:911)
at com.amt.test.HPNR.Acquisition_Quotes_HPNR_BCH_without_maintenance_Test.aquisition_quotes_HPNR_BCH_customer_quote_payment_profile_calculations_without_maintenance_test(Acquisition_Quotes_HPNR_BCH_without_maintenance_Test.java:212)
at java.base/jdk.internal.reflect.NativeMethodAccessorImpl.invoke0(Native Method)
at java.base/jdk.internal.reflect.NativeMethodAccessorImpl.invoke(NativeMethodAccessorImpl.java:77)
at java.base/jdk.internal.reflect.DelegatingMethodAccessorImpl.invoke(DelegatingMethodAccessorImpl.java:43)
at java.base/java.lang.reflect.Method.invoke(Method.java:568)
at org.testng.internal.MethodInvocationHelper.invokeMethod(MethodInvocationHelper.java:133)
at org.testng.internal.TestInvoker.invokeMethod(TestInvoker.java:598)
at org.testng.internal.TestInvoker.invokeTestMethod(TestInvoker.java:173)
at org.testng.internal.MethodRunner.runInSequence(MethodRunner.java:46)
at org.testng.internal.TestInvoker$MethodInvocationAgent.invoke(TestInvoker.java:824)
at org.testng.internal.TestInvoker.invokeTestMethods(TestInvoker.java:146)
at org.testng.internal.TestMethodWorker.invokeTestMethods(TestMethodWorker.java:146)
at org.testng.internal.TestMethodWorker.run(TestMethodWorker.java:128)
at java.base/java.util.ArrayList.forEach(ArrayList.java:1511)
at org.testng.TestRunner.privateRun(TestRunner.java:794)
at org.testng.TestRunner.run(TestRunner.java:596)
at org.testng.SuiteRunner.runTest(SuiteRunner.java:377)
at org.testng.SuiteRunner.runSequentially(SuiteRunner.java:371)
at org.testng.SuiteRunner.privateRun(SuiteRunner.java:332)
at org.testng.SuiteRunner.run(SuiteRunner.java:276)
at org.testng.SuiteRunnerWorker.runSuite(SuiteRunnerWorker.java:53)
at org.testng.SuiteRunnerWorker.run(SuiteRunnerWorker.java:96)
at org.testng.TestNG.runSuitesSequentially(TestNG.java:1212)
at org.testng.TestNG.runSuitesLocally(TestNG.java:1134)
at org.testng.TestNG.runSuites(TestNG.java:1063)
at org.testng.TestNG.run(TestNG.java:1031)
at org.testng.remote.AbstractRemoteTestNG.run(AbstractRemoteTestNG.java:115)
at org.testng.remote.RemoteTestNG.initAndRun(RemoteTestNG.java:251)
at org.testng.remote.RemoteTestNG.main(RemoteTestNG.java:77)
Caused by: org.openqa.selenium.NoSuchElementException: no such element: Unable to locate element: {"method":"xpath","selector":"//*[@id="headingCustomerQuote"]/div[2]/app-hire-customer-quote-summary-header/div/div[5]/div/p/strong"}
  (Session info: chrome=110.0.5481.178)
For documentation on this error, please visit: https://selenium.dev/exceptions/#no_such_element
Build info: version: '4.0.0', revision: '3a21814679'
System info: host: 'DSK-951', ip: '10.0.3.253', os.name: 'Windows 10', os.arch: 'amd64', os.version: '10.0', java.version: '17.0.4.1'
Driver info: org.openqa.selenium.chrome.ChromeDriver
Command: [b98e488fdfc780f91e45e18449a18fdc, findElement {using=xpath, value=//*[@id="headingCustomerQuote"]/div[2]/app-hire-customer-quote-summary-header/div/div[5]/div/p/strong}]
Capabilities {acceptInsecureCerts: false, browserName: chrome, browserVersion: 110.0.5481.178, chrome: {chromedriverVersion: 110.0.5481.77 (65ed616c6e8e..., userDataDir: C:\Users\NITEIN~1.KUR\AppDa...}, goog:chromeOptions: {debuggerAddress: localhost:53791}, javascriptEnabled: true, networkConnectionEnabled: false, pageLoadStrategy: normal, platform: WINDOWS, platformName: WINDOWS, proxy: Proxy(), se:cdp: ws://localhost:53791/devtoo..., se:cdpVersion: 110.0.5481.178, setWindowRect: true, strictFileInteractability: false, timeouts: {implicit: 0, pageLoad: 300000, script: 30000}, unhandledPromptBehavior: dismiss and notify, webauthn:extension:credBlob: true, webauthn:extension:largeBlob: true, webauthn:virtualAuthenticators: true}
Session ID: b98e488fdfc780f91e45e18449a18fdc
at jdk.internal.reflect.GeneratedConstructorAccessor68.newInstance(Unknown Source)
at java.base/jdk.internal.reflect.DelegatingConstructorAccessorImpl.newInstance(DelegatingConstructorAccessorImpl.java:45)
at java.base/java.lang.reflect.Constructor.newInstanceWithCaller(Constructor.java:499)
at java.base/java.lang.reflect.Constructor.newInstance(Constructor.java:480)
at org.openqa.selenium.remote.codec.w3c.W3CHttpResponseCodec.createException(W3CHttpResponseCodec.java:200)
at org.openqa.selenium.remote.codec.w3c.W3CHttpResponseCodec.decode(W3CHttpResponseCodec.java:133)
at org.openqa.selenium.remote.codec.w3c.W3CHttpResponseCodec.decode(W3CHttpResponseCodec.java:53)
at org.openqa.selenium.remote.HttpCommandExecutor.execute(HttpCommandExecutor.java:184)
at org.openqa.selenium.remote.service.DriverCommandExecutor.invokeExecute(DriverCommandExecutor.java:164)
at org.openqa.selenium.remote.service.DriverCommandExecutor.execute(DriverCommandExecutor.java:139)
at org.openqa.selenium.remote.RemoteWebDriver.execute(RemoteWebDriver.java:559)
at org.openqa.selenium.remote.ElementLocation$ElementFinder$2.findElement(ElementLocation.java:162)
at org.openqa.selenium.remote.ElementLocation.findElement(ElementLocation.java:60)
at org.openqa.selenium.remote.RemoteWebDriver.findElement(RemoteWebDriver.java:383)
at org.openqa.selenium.remote.RemoteWebDriver.findElement(RemoteWebDriver.java:375)
at org.openqa.selenium.support.pagefactory.DefaultElementLocator.findElement(DefaultElementLocator.java:70)
at org.openqa.selenium.support.pagefactory.internal.LocatingElementHandler.invoke(LocatingElementHandler.java:39)
at jdk.proxy2/jdk.proxy2.$Proxy17.isDisplayed(Unknown Source)
at org.openqa.selenium.support.ui.ExpectedConditions.elementIfVisible(ExpectedConditions.java:307)
at org.openqa.selenium.support.ui.ExpectedConditions.access$000(ExpectedConditions.java:40)
at org.openqa.selenium.support.ui.ExpectedConditions$10.apply(ExpectedConditions.java:293)
at org.openqa.selenium.support.ui.ExpectedConditions$10.apply(ExpectedConditions.java:290)
at org.openqa.selenium.support.ui.FluentWait.until(FluentWait.java:208)
... 31 more
]]>
    </error>
  </testcase> <!-- aquisition_quotes_HPNR_BCH_customer_quote_payment_profile_calculations_without_maintenance_test -->
  <system-out>
    <![CDATA[<b>Writing configuration values from property file to Excel for customer quote calculation -started</b> <br />
<b>Writing configuration values from property file to Excel for customer quote calculation -completed</b> <br />
<b>************Calculations for Customer Quote Page has been started***********</b> <br />
<b>Payment Profile Monthly in Advance option has been selected</b> <br />
<b>Writing values to Excel for customer quote calculation -started</b> <br />
<b>Writing values to Excel for customer quote calculation -completed</b> <br />
<b>Reading  Monthly Finance Rental from  Excel   -started</b> <br />
<b>Reading  Monthly Finance Rental from  Excel   -completed</b> <br />
<b>Monthly Finance Rental from Excel is =771.75898339816</b> <br />
<b>Monthly Finance Rental from screen is 771.76</b> <br />
<b>Monthly Finance Rental from screen (after submitting upsell values) is 784.57</b> <br />
<b>Writing upsell values to excel</b> <br />
<b>Monthly Finance Rental from Excel (after submitting upsell values) is 784.5649663533972</b> <br />
<b>Monthly finance (after submitting upsell values) is found OK</b> <br />
<b>Clicked on Part Exchange panel and putting part exchange values</b> <br />
<b>Monthly Finance Rental from screen (after making part exchange toggle on) is 670.28</b> <br />
<b>Writing part exchange values to excel</b> <br />
<b>Monthly Finance Rental from Excel (after making part exchange toggle on) is 670.2792520676828</b> <br />
<b>Monthly finance rental (after makking part exchage toggle on) is found OK</b> <br />
<br>----------Screenshot---------<br>
<img src="D:\StagingNew\AMT_Automation\target\surefire-reports\html\failure_screenshots\aquisition_quotes_HPNR_BCH_customer_quote_payment_profile_calculations_without_maintenance_test_01_03_2023_03_34_25.png" height="800" width="1000">]]>
  </system-out>
</testsuite> <!-- com.amt.test.HPNR.Acquisition_Quotes_HPNR_BCH_without_maintenance_Test -->
